[0.000000] (-) TimerEvent: {}
[0.000532] (controller_2023_b_launch) JobQueued: {'identifier': 'controller_2023_b_launch', 'dependencies': OrderedDict()}
[0.000573] (drobo_interfaces) JobQueued: {'identifier': 'drobo_interfaces', 'dependencies': OrderedDict()}
[0.000594] (dmotor_ros) JobQueued: {'identifier': 'dmotor_ros', 'dependencies': OrderedDict([('drobo_interfaces', '/home/kariya/Git/2023_off_team_b_controller/install/drobo_interfaces')])}
[0.000632] (swerve_drive_control) JobQueued: {'identifier': 'swerve_drive_control', 'dependencies': OrderedDict([('drobo_interfaces', '/home/kariya/Git/2023_off_team_b_controller/install/drobo_interfaces')])}
[0.000655] (drobo_interfaces) JobStarted: {'identifier': 'drobo_interfaces'}
[0.032388] (controller_2023_b_launch) JobStarted: {'identifier': 'controller_2023_b_launch'}
[0.063509] (drobo_interfaces) JobProgress: {'identifier': 'drobo_interfaces', 'progress': 'cmake'}
[0.064000] (drobo_interfaces) JobProgress: {'identifier': 'drobo_interfaces', 'progress': 'build'}
[0.064610] (drobo_interfaces) Command: {'cmd': ['/usr/bin/cmake', '--build', '/home/kariya/Git/2023_off_team_b_controller/build/drobo_interfaces', '--', '-j16', '-l16'], 'cwd': '/home/kariya/Git/2023_off_team_b_controller/build/drobo_interfaces', 'env': OrderedDict([('USER', 'kariya'), ('XDG_SESSION_TYPE', 'wayland'), ('SHLVL', '1'), ('LD_LIBRARY_PATH', '/opt/ros/humble/opt/rviz_ogre_vendor/lib:/opt/ros/humble/lib/x86_64-linux-gnu:/opt/ros/humble/lib'), ('OLDPWD', '/home/kariya/Git/2023_off_team_b_controller'), ('HOME', '/home/kariya'), ('DESKTOP_SESSION', 'ubuntu'), ('GTK_MODULES', 'gail:atk-bridge'), ('GNOME_SHELL_SESSION_MODE', 'ubuntu'), ('ROS_PYTHON_VERSION', '3'), ('SYSTEMD_EXEC_PID', '5349'), ('DBUS_SESSION_BUS_ADDRESS', 'unix:path=/run/user/1000/bus'), ('COLORTERM', 'truecolor'), ('ZPFX', '/home/kariya/.local/share/zinit/polaris'), ('WAYLAND_DISPLAY', 'wayland-0'), ('ROS_DISTRO', 'humble'), ('LOGNAME', 'kariya'), ('_', '/usr/bin/colcon'), ('XDG_SESSION_CLASS', 'user'), ('ROS_VERSION', '2'), ('USERNAME', 'kariya'), ('TERM', 'xterm-256color'), ('GNOME_DESKTOP_SESSION_ID', 'this-is-deprecated'), ('ROS_LOCALHOST_ONLY', '0'), ('ZSH_CACHE_DIR', '/home/kariya/.cache/zinit'), ('PMSPEC', '0uUpiPsf'), ('PATH', '/home/kariya/.local/share/zinit/plugins/paulirish---git-open:/opt/ros/humble/bin:/home/kariya/.local/share/zinit/polaris/bin:/home/kariya/.cargo/bin:/usr/local/sbin:/usr/local/bin:/usr/sbin:/usr/bin:/sbin:/bin:/usr/games:/usr/local/games:/snap/bin:/snap/bin'), ('SESSION_MANAGER', 'local/kariya-Inspiron-14-5425:@/tmp/.ICE-unix/1799,unix/kariya-Inspiron-14-5425:/tmp/.ICE-unix/1799'), ('GNOME_TERMINAL_SCREEN', '/org/gnome/Terminal/screen/5d26780d_57b9_40e4_89bc_a57241a76d81'), ('XDG_MENU_PREFIX', 'gnome-'), ('GNOME_SETUP_DISPLAY', ':1'), ('XDG_RUNTIME_DIR', '/run/user/1000'), ('DISPLAY', ':0'), ('LANG', 'ja_JP.UTF-8'), ('XDG_CURRENT_DESKTOP', 'ubuntu:GNOME'), ('XDG_SESSION_DESKTOP', 'ubuntu'), ('GNOME_TERMINAL_SERVICE', ':1.124'), ('XMODIFIERS', '@im=ibus'), ('XAUTHORITY', '/run/user/1000/.mutter-Xwaylandauth.8BJ0F2'), ('SSH_AUTH_SOCK', '/run/user/1000/keyring/ssh'), ('SSH_AGENT_LAUNCHER', 'gnome-keyring'), ('AMENT_PREFIX_PATH', '/opt/ros/humble'), ('SHELL', '/bin/zsh'), ('QT_ACCESSIBILITY', '1'), ('GDMSESSION', 'ubuntu'), ('QT_IM_MODULE', 'ibus'), ('PWD', '/home/kariya/Git/2023_off_team_b_controller/build/drobo_interfaces'), ('XDG_DATA_DIRS', '/usr/local/share/:/usr/share/:/var/lib/snapd/desktop'), ('PYTHONPATH', '/opt/ros/humble/lib/python3.10/site-packages:/opt/ros/humble/local/lib/python3.10/dist-packages'), ('COLCON', '1'), ('VTE_VERSION', '6800'), ('CMAKE_PREFIX_PATH', '/opt/ros/humble')]), 'shell': False}
[0.066911] (controller_2023_b_launch) JobProgress: {'identifier': 'controller_2023_b_launch', 'progress': 'cmake'}
[0.067279] (controller_2023_b_launch) JobProgress: {'identifier': 'controller_2023_b_launch', 'progress': 'build'}
[0.067501] (controller_2023_b_launch) Command: {'cmd': ['/usr/bin/cmake', '--build', '/home/kariya/Git/2023_off_team_b_controller/build/controller_2023_b_launch', '--', '-j16', '-l16'], 'cwd': '/home/kariya/Git/2023_off_team_b_controller/build/controller_2023_b_launch', 'env': OrderedDict([('USER', 'kariya'), ('XDG_SESSION_TYPE', 'wayland'), ('SHLVL', '1'), ('LD_LIBRARY_PATH', '/opt/ros/humble/opt/rviz_ogre_vendor/lib:/opt/ros/humble/lib/x86_64-linux-gnu:/opt/ros/humble/lib'), ('OLDPWD', '/home/kariya/Git/2023_off_team_b_controller'), ('HOME', '/home/kariya'), ('DESKTOP_SESSION', 'ubuntu'), ('GTK_MODULES', 'gail:atk-bridge'), ('GNOME_SHELL_SESSION_MODE', 'ubuntu'), ('ROS_PYTHON_VERSION', '3'), ('SYSTEMD_EXEC_PID', '5349'), ('DBUS_SESSION_BUS_ADDRESS', 'unix:path=/run/user/1000/bus'), ('COLORTERM', 'truecolor'), ('ZPFX', '/home/kariya/.local/share/zinit/polaris'), ('WAYLAND_DISPLAY', 'wayland-0'), ('ROS_DISTRO', 'humble'), ('LOGNAME', 'kariya'), ('_', '/usr/bin/colcon'), ('XDG_SESSION_CLASS', 'user'), ('ROS_VERSION', '2'), ('USERNAME', 'kariya'), ('TERM', 'xterm-256color'), ('GNOME_DESKTOP_SESSION_ID', 'this-is-deprecated'), ('ROS_LOCALHOST_ONLY', '0'), ('ZSH_CACHE_DIR', '/home/kariya/.cache/zinit'), ('PMSPEC', '0uUpiPsf'), ('PATH', '/home/kariya/.local/share/zinit/plugins/paulirish---git-open:/opt/ros/humble/bin:/home/kariya/.local/share/zinit/polaris/bin:/home/kariya/.cargo/bin:/usr/local/sbin:/usr/local/bin:/usr/sbin:/usr/bin:/sbin:/bin:/usr/games:/usr/local/games:/snap/bin:/snap/bin'), ('SESSION_MANAGER', 'local/kariya-Inspiron-14-5425:@/tmp/.ICE-unix/1799,unix/kariya-Inspiron-14-5425:/tmp/.ICE-unix/1799'), ('GNOME_TERMINAL_SCREEN', '/org/gnome/Terminal/screen/5d26780d_57b9_40e4_89bc_a57241a76d81'), ('XDG_MENU_PREFIX', 'gnome-'), ('GNOME_SETUP_DISPLAY', ':1'), ('XDG_RUNTIME_DIR', '/run/user/1000'), ('DISPLAY', ':0'), ('LANG', 'ja_JP.UTF-8'), ('XDG_CURRENT_DESKTOP', 'ubuntu:GNOME'), ('XDG_SESSION_DESKTOP', 'ubuntu'), ('GNOME_TERMINAL_SERVICE', ':1.124'), ('XMODIFIERS', '@im=ibus'), ('XAUTHORITY', '/run/user/1000/.mutter-Xwaylandauth.8BJ0F2'), ('SSH_AUTH_SOCK', '/run/user/1000/keyring/ssh'), ('SSH_AGENT_LAUNCHER', 'gnome-keyring'), ('AMENT_PREFIX_PATH', '/opt/ros/humble'), ('SHELL', '/bin/zsh'), ('QT_ACCESSIBILITY', '1'), ('GDMSESSION', 'ubuntu'), ('QT_IM_MODULE', 'ibus'), ('PWD', '/home/kariya/Git/2023_off_team_b_controller/build/controller_2023_b_launch'), ('XDG_DATA_DIRS', '/usr/local/share/:/usr/share/:/var/lib/snapd/desktop'), ('PYTHONPATH', '/opt/ros/humble/lib/python3.10/site-packages:/opt/ros/humble/local/lib/python3.10/dist-packages'), ('COLCON', '1'), ('VTE_VERSION', '6800'), ('CMAKE_PREFIX_PATH', '/opt/ros/humble')]), 'shell': False}
[0.083214] (controller_2023_b_launch) CommandEnded: {'returncode': 0}
[0.088049] (drobo_interfaces) StdoutLine: {'line': b'[  2%] Built target drobo_interfaces__cpp\n'}
[0.090676] (drobo_interfaces) StdoutLine: {'line': b'[  4%] Built target ament_cmake_python_symlink_drobo_interfaces\n'}
[0.090861] (drobo_interfaces) StdoutLine: {'line': b'[ 12%] Built target drobo_interfaces__rosidl_generator_c\n'}
[0.098107] (controller_2023_b_launch) JobProgress: {'identifier': 'controller_2023_b_launch', 'progress': 'install'}
[0.099770] (-) TimerEvent: {}
[0.103839] (controller_2023_b_launch) Command: {'cmd': ['/usr/bin/cmake', '--install', '/home/kariya/Git/2023_off_team_b_controller/build/controller_2023_b_launch'], 'cwd': '/home/kariya/Git/2023_off_team_b_controller/build/controller_2023_b_launch', 'env': OrderedDict([('USER', 'kariya'), ('XDG_SESSION_TYPE', 'wayland'), ('SHLVL', '1'), ('LD_LIBRARY_PATH', '/opt/ros/humble/opt/rviz_ogre_vendor/lib:/opt/ros/humble/lib/x86_64-linux-gnu:/opt/ros/humble/lib'), ('OLDPWD', '/home/kariya/Git/2023_off_team_b_controller'), ('HOME', '/home/kariya'), ('DESKTOP_SESSION', 'ubuntu'), ('GTK_MODULES', 'gail:atk-bridge'), ('GNOME_SHELL_SESSION_MODE', 'ubuntu'), ('ROS_PYTHON_VERSION', '3'), ('SYSTEMD_EXEC_PID', '5349'), ('DBUS_SESSION_BUS_ADDRESS', 'unix:path=/run/user/1000/bus'), ('COLORTERM', 'truecolor'), ('ZPFX', '/home/kariya/.local/share/zinit/polaris'), ('WAYLAND_DISPLAY', 'wayland-0'), ('ROS_DISTRO', 'humble'), ('LOGNAME', 'kariya'), ('_', '/usr/bin/colcon'), ('XDG_SESSION_CLASS', 'user'), ('ROS_VERSION', '2'), ('USERNAME', 'kariya'), ('TERM', 'xterm-256color'), ('GNOME_DESKTOP_SESSION_ID', 'this-is-deprecated'), ('ROS_LOCALHOST_ONLY', '0'), ('ZSH_CACHE_DIR', '/home/kariya/.cache/zinit'), ('PMSPEC', '0uUpiPsf'), ('PATH', '/home/kariya/.local/share/zinit/plugins/paulirish---git-open:/opt/ros/humble/bin:/home/kariya/.local/share/zinit/polaris/bin:/home/kariya/.cargo/bin:/usr/local/sbin:/usr/local/bin:/usr/sbin:/usr/bin:/sbin:/bin:/usr/games:/usr/local/games:/snap/bin:/snap/bin'), ('SESSION_MANAGER', 'local/kariya-Inspiron-14-5425:@/tmp/.ICE-unix/1799,unix/kariya-Inspiron-14-5425:/tmp/.ICE-unix/1799'), ('GNOME_TERMINAL_SCREEN', '/org/gnome/Terminal/screen/5d26780d_57b9_40e4_89bc_a57241a76d81'), ('XDG_MENU_PREFIX', 'gnome-'), ('GNOME_SETUP_DISPLAY', ':1'), ('XDG_RUNTIME_DIR', '/run/user/1000'), ('DISPLAY', ':0'), ('LANG', 'ja_JP.UTF-8'), ('XDG_CURRENT_DESKTOP', 'ubuntu:GNOME'), ('XDG_SESSION_DESKTOP', 'ubuntu'), ('GNOME_TERMINAL_SERVICE', ':1.124'), ('XMODIFIERS', '@im=ibus'), ('XAUTHORITY', '/run/user/1000/.mutter-Xwaylandauth.8BJ0F2'), ('SSH_AUTH_SOCK', '/run/user/1000/keyring/ssh'), ('SSH_AGENT_LAUNCHER', 'gnome-keyring'), ('AMENT_PREFIX_PATH', '/opt/ros/humble'), ('SHELL', '/bin/zsh'), ('QT_ACCESSIBILITY', '1'), ('GDMSESSION', 'ubuntu'), ('QT_IM_MODULE', 'ibus'), ('PWD', '/home/kariya/Git/2023_off_team_b_controller/build/controller_2023_b_launch'), ('XDG_DATA_DIRS', '/usr/local/share/:/usr/share/:/var/lib/snapd/desktop'), ('PYTHONPATH', '/opt/ros/humble/lib/python3.10/site-packages:/opt/ros/humble/local/lib/python3.10/dist-packages'), ('COLCON', '1'), ('VTE_VERSION', '6800'), ('CMAKE_PREFIX_PATH', '/opt/ros/humble')]), 'shell': False}
[0.104794] (drobo_interfaces) StdoutLine: {'line': b'[ 23%] Built target drobo_interfaces__rosidl_typesupport_c\n'}
[0.105106] (drobo_interfaces) StdoutLine: {'line': b'[ 34%] Built target drobo_interfaces__rosidl_typesupport_cpp\n'}
[0.105208] (drobo_interfaces) StdoutLine: {'line': b'[ 44%] Built target drobo_interfaces__rosidl_typesupport_introspection_c\n'}
[0.105298] (drobo_interfaces) StdoutLine: {'line': b'[ 55%] Built target drobo_interfaces__rosidl_typesupport_introspection_cpp\n'}
[0.105909] (drobo_interfaces) StdoutLine: {'line': b'[ 65%] Built target drobo_interfaces__rosidl_typesupport_fastrtps_cpp\n'}
[0.106231] (controller_2023_b_launch) StdoutLine: {'line': b'-- Install configuration: ""\n'}
[0.106664] (controller_2023_b_launch) StdoutLine: {'line': b'-- Execute custom install script\n'}
[0.106986] (controller_2023_b_launch) StdoutLine: {'line': b'-- Up-to-date symlink: /home/kariya/Git/2023_off_team_b_controller/install/controller_2023_b_launch/share/controller_2023_b_launch//launch/controller_2023_b.launch.xml\n'}
[0.107170] (controller_2023_b_launch) StdoutLine: {'line': b'-- Up-to-date symlink: /home/kariya/Git/2023_off_team_b_controller/install/controller_2023_b_launch/share/ament_index/resource_index/package_run_dependencies/controller_2023_b_launch\n'}
[0.107333] (controller_2023_b_launch) StdoutLine: {'line': b'-- Up-to-date symlink: /home/kariya/Git/2023_off_team_b_controller/install/controller_2023_b_launch/share/ament_index/resource_index/parent_prefix_path/controller_2023_b_launch\n'}
[0.107487] (controller_2023_b_launch) StdoutLine: {'line': b'-- Up-to-date symlink: /home/kariya/Git/2023_off_team_b_controller/install/controller_2023_b_launch/share/controller_2023_b_launch/environment/ament_prefix_path.sh\n'}
[0.107629] (controller_2023_b_launch) StdoutLine: {'line': b'-- Up-to-date symlink: /home/kariya/Git/2023_off_team_b_controller/install/controller_2023_b_launch/share/controller_2023_b_launch/environment/ament_prefix_path.dsv\n'}
[0.107773] (controller_2023_b_launch) StdoutLine: {'line': b'-- Up-to-date symlink: /home/kariya/Git/2023_off_team_b_controller/install/controller_2023_b_launch/share/controller_2023_b_launch/environment/path.sh\n'}
[0.107921] (controller_2023_b_launch) StdoutLine: {'line': b'-- Up-to-date symlink: /home/kariya/Git/2023_off_team_b_controller/install/controller_2023_b_launch/share/controller_2023_b_launch/environment/path.dsv\n'}
[0.108063] (controller_2023_b_launch) StdoutLine: {'line': b'-- Up-to-date symlink: /home/kariya/Git/2023_off_team_b_controller/install/controller_2023_b_launch/share/controller_2023_b_launch/local_setup.bash\n'}
[0.108207] (controller_2023_b_launch) StdoutLine: {'line': b'-- Up-to-date symlink: /home/kariya/Git/2023_off_team_b_controller/install/controller_2023_b_launch/share/controller_2023_b_launch/local_setup.sh\n'}
[0.108342] (controller_2023_b_launch) StdoutLine: {'line': b'-- Up-to-date symlink: /home/kariya/Git/2023_off_team_b_controller/install/controller_2023_b_launch/share/controller_2023_b_launch/local_setup.zsh\n'}
[0.108481] (controller_2023_b_launch) StdoutLine: {'line': b'-- Up-to-date symlink: /home/kariya/Git/2023_off_team_b_controller/install/controller_2023_b_launch/share/controller_2023_b_launch/local_setup.dsv\n'}
[0.108581] (controller_2023_b_launch) StdoutLine: {'line': b'-- Symlinking: /home/kariya/Git/2023_off_team_b_controller/install/controller_2023_b_launch/share/controller_2023_b_launch/package.dsv\n'}
[0.109533] (drobo_interfaces) StdoutLine: {'line': b'[ 76%] Built target drobo_interfaces__rosidl_typesupport_fastrtps_c\n'}
[0.112077] (controller_2023_b_launch) StdoutLine: {'line': b'-- Up-to-date symlink: /home/kariya/Git/2023_off_team_b_controller/install/controller_2023_b_launch/share/ament_index/resource_index/packages/controller_2023_b_launch\n'}
[0.112262] (controller_2023_b_launch) StdoutLine: {'line': b'-- Up-to-date symlink: /home/kariya/Git/2023_off_team_b_controller/install/controller_2023_b_launch/share/controller_2023_b_launch/cmake/controller_2023_b_launchConfig.cmake\n'}
[0.112344] (controller_2023_b_launch) StdoutLine: {'line': b'-- Up-to-date symlink: /home/kariya/Git/2023_off_team_b_controller/install/controller_2023_b_launch/share/controller_2023_b_launch/cmake/controller_2023_b_launchConfig-version.cmake\n'}
[0.112461] (controller_2023_b_launch) StdoutLine: {'line': b'-- Up-to-date symlink: /home/kariya/Git/2023_off_team_b_controller/install/controller_2023_b_launch/share/controller_2023_b_launch/package.xml\n'}
[0.113820] (controller_2023_b_launch) CommandEnded: {'returncode': 0}
[0.119342] (drobo_interfaces) StdoutLine: {'line': b'[ 76%] Built target drobo_interfaces\n'}
[0.130604] (drobo_interfaces) StdoutLine: {'line': b'[ 78%] Built target drobo_interfaces__py\n'}
[0.148537] (drobo_interfaces) StdoutLine: {'line': b'[ 87%] Built target drobo_interfaces__rosidl_generator_py\n'}
[0.163553] (drobo_interfaces) StdoutLine: {'line': b'[100%] Built target drobo_interfaces__rosidl_typesupport_c__pyext\n'}
[0.163741] (drobo_interfaces) StdoutLine: {'line': b'[100%] Built target drobo_interfaces__rosidl_typesupport_fastrtps_c__pyext\n'}
[0.163824] (drobo_interfaces) StdoutLine: {'line': b'[100%] Built target drobo_interfaces__rosidl_typesupport_introspection_c__pyext\n'}
[0.199874] (-) TimerEvent: {}
[0.218195] (controller_2023_b_launch) JobEnded: {'identifier': 'controller_2023_b_launch', 'rc': 0}
[0.273076] (drobo_interfaces) StdoutLine: {'line': b'running egg_info\n'}
[0.273257] (drobo_interfaces) StdoutLine: {'line': b'writing drobo_interfaces.egg-info/PKG-INFO\n'}
[0.273418] (drobo_interfaces) StdoutLine: {'line': b'writing dependency_links to drobo_interfaces.egg-info/dependency_links.txt\n'}
[0.273569] (drobo_interfaces) StdoutLine: {'line': b'writing top-level names to drobo_interfaces.egg-info/top_level.txt\n'}
[0.275171] (drobo_interfaces) StdoutLine: {'line': b"reading manifest file 'drobo_interfaces.egg-info/SOURCES.txt'\n"}
[0.275634] (drobo_interfaces) StdoutLine: {'line': b"writing manifest file 'drobo_interfaces.egg-info/SOURCES.txt'\n"}
[0.293584] (drobo_interfaces) StdoutLine: {'line': b'[100%] Built target ament_cmake_python_build_drobo_interfaces_egg\n'}
[0.299844] (drobo_interfaces) CommandEnded: {'returncode': 0}
[0.300190] (-) TimerEvent: {}
[0.387988] (drobo_interfaces) JobProgress: {'identifier': 'drobo_interfaces', 'progress': 'install'}
[0.388421] (drobo_interfaces) Command: {'cmd': ['/usr/bin/cmake', '--install', '/home/kariya/Git/2023_off_team_b_controller/build/drobo_interfaces'], 'cwd': '/home/kariya/Git/2023_off_team_b_controller/build/drobo_interfaces', 'env': OrderedDict([('USER', 'kariya'), ('XDG_SESSION_TYPE', 'wayland'), ('SHLVL', '1'), ('LD_LIBRARY_PATH', '/opt/ros/humble/opt/rviz_ogre_vendor/lib:/opt/ros/humble/lib/x86_64-linux-gnu:/opt/ros/humble/lib'), ('OLDPWD', '/home/kariya/Git/2023_off_team_b_controller'), ('HOME', '/home/kariya'), ('DESKTOP_SESSION', 'ubuntu'), ('GTK_MODULES', 'gail:atk-bridge'), ('GNOME_SHELL_SESSION_MODE', 'ubuntu'), ('ROS_PYTHON_VERSION', '3'), ('SYSTEMD_EXEC_PID', '5349'), ('DBUS_SESSION_BUS_ADDRESS', 'unix:path=/run/user/1000/bus'), ('COLORTERM', 'truecolor'), ('ZPFX', '/home/kariya/.local/share/zinit/polaris'), ('WAYLAND_DISPLAY', 'wayland-0'), ('ROS_DISTRO', 'humble'), ('LOGNAME', 'kariya'), ('_', '/usr/bin/colcon'), ('XDG_SESSION_CLASS', 'user'), ('ROS_VERSION', '2'), ('USERNAME', 'kariya'), ('TERM', 'xterm-256color'), ('GNOME_DESKTOP_SESSION_ID', 'this-is-deprecated'), ('ROS_LOCALHOST_ONLY', '0'), ('ZSH_CACHE_DIR', '/home/kariya/.cache/zinit'), ('PMSPEC', '0uUpiPsf'), ('PATH', '/home/kariya/.local/share/zinit/plugins/paulirish---git-open:/opt/ros/humble/bin:/home/kariya/.local/share/zinit/polaris/bin:/home/kariya/.cargo/bin:/usr/local/sbin:/usr/local/bin:/usr/sbin:/usr/bin:/sbin:/bin:/usr/games:/usr/local/games:/snap/bin:/snap/bin'), ('SESSION_MANAGER', 'local/kariya-Inspiron-14-5425:@/tmp/.ICE-unix/1799,unix/kariya-Inspiron-14-5425:/tmp/.ICE-unix/1799'), ('GNOME_TERMINAL_SCREEN', '/org/gnome/Terminal/screen/5d26780d_57b9_40e4_89bc_a57241a76d81'), ('XDG_MENU_PREFIX', 'gnome-'), ('GNOME_SETUP_DISPLAY', ':1'), ('XDG_RUNTIME_DIR', '/run/user/1000'), ('DISPLAY', ':0'), ('LANG', 'ja_JP.UTF-8'), ('XDG_CURRENT_DESKTOP', 'ubuntu:GNOME'), ('XDG_SESSION_DESKTOP', 'ubuntu'), ('GNOME_TERMINAL_SERVICE', ':1.124'), ('XMODIFIERS', '@im=ibus'), ('XAUTHORITY', '/run/user/1000/.mutter-Xwaylandauth.8BJ0F2'), ('SSH_AUTH_SOCK', '/run/user/1000/keyring/ssh'), ('SSH_AGENT_LAUNCHER', 'gnome-keyring'), ('AMENT_PREFIX_PATH', '/opt/ros/humble'), ('SHELL', '/bin/zsh'), ('QT_ACCESSIBILITY', '1'), ('GDMSESSION', 'ubuntu'), ('QT_IM_MODULE', 'ibus'), ('PWD', '/home/kariya/Git/2023_off_team_b_controller/build/drobo_interfaces'), ('XDG_DATA_DIRS', '/usr/local/share/:/usr/share/:/var/lib/snapd/desktop'), ('PYTHONPATH', '/opt/ros/humble/lib/python3.10/site-packages:/opt/ros/humble/local/lib/python3.10/dist-packages'), ('COLCON', '1'), ('VTE_VERSION', '6800'), ('CMAKE_PREFIX_PATH', '/opt/ros/humble')]), 'shell': False}
[0.392286] (drobo_interfaces) StdoutLine: {'line': b'-- Install configuration: ""\n'}
[0.392797] (drobo_interfaces) StdoutLine: {'line': b'-- Execute custom install script\n'}
[0.393021] (drobo_interfaces) StdoutLine: {'line': b'-- Up-to-date symlink: /home/kariya/Git/2023_off_team_b_controller/install/drobo_interfaces/share/ament_index/resource_index/rosidl_interfaces/drobo_interfaces\n'}
[0.393483] (drobo_interfaces) StdoutLine: {'line': b'-- Up-to-date symlink: /home/kariya/Git/2023_off_team_b_controller/install/drobo_interfaces/include/drobo_interfaces/drobo_interfaces/msg/detail/md_lib_msg__functions.h\n'}
[0.393601] (drobo_interfaces) StdoutLine: {'line': b'-- Up-to-date symlink: /home/kariya/Git/2023_off_team_b_controller/install/drobo_interfaces/include/drobo_interfaces/drobo_interfaces/msg/detail/md_lib_msg__struct.h\n'}
[0.393713] (drobo_interfaces) StdoutLine: {'line': b'-- Up-to-date symlink: /home/kariya/Git/2023_off_team_b_controller/install/drobo_interfaces/include/drobo_interfaces/drobo_interfaces/msg/detail/md_lib_msg__type_support.h\n'}
[0.393821] (drobo_interfaces) StdoutLine: {'line': b'-- Up-to-date symlink: /home/kariya/Git/2023_off_team_b_controller/install/drobo_interfaces/include/drobo_interfaces/drobo_interfaces/msg/detail/sd_lib_msg__functions.h\n'}
[0.393928] (drobo_interfaces) StdoutLine: {'line': b'-- Up-to-date symlink: /home/kariya/Git/2023_off_team_b_controller/install/drobo_interfaces/include/drobo_interfaces/drobo_interfaces/msg/detail/sd_lib_msg__struct.h\n'}
[0.394035] (drobo_interfaces) StdoutLine: {'line': b'-- Up-to-date symlink: /home/kariya/Git/2023_off_team_b_controller/install/drobo_interfaces/include/drobo_interfaces/drobo_interfaces/msg/detail/sd_lib_msg__type_support.h\n'}
[0.394139] (drobo_interfaces) StdoutLine: {'line': b'-- Up-to-date symlink: /home/kariya/Git/2023_off_team_b_controller/install/drobo_interfaces/include/drobo_interfaces/drobo_interfaces/msg/md_lib_msg.h\n'}
[0.394240] (drobo_interfaces) StdoutLine: {'line': b'-- Up-to-date symlink: /home/kariya/Git/2023_off_team_b_controller/install/drobo_interfaces/include/drobo_interfaces/drobo_interfaces/msg/rosidl_generator_c__visibility_control.h\n'}
[0.394341] (drobo_interfaces) StdoutLine: {'line': b'-- Up-to-date symlink: /home/kariya/Git/2023_off_team_b_controller/install/drobo_interfaces/include/drobo_interfaces/drobo_interfaces/msg/sd_lib_msg.h\n'}
[0.394474] (drobo_interfaces) StdoutLine: {'line': b'-- Up-to-date symlink: /home/kariya/Git/2023_off_team_b_controller/install/drobo_interfaces/include/drobo_interfaces/drobo_interfaces/srv/detail/solenoid_state_srv__functions.h\n'}
[0.394582] (drobo_interfaces) StdoutLine: {'line': b'-- Up-to-date symlink: /home/kariya/Git/2023_off_team_b_controller/install/drobo_interfaces/include/drobo_interfaces/drobo_interfaces/srv/detail/solenoid_state_srv__struct.h\n'}
[0.394692] (drobo_interfaces) StdoutLine: {'line': b'-- Up-to-date symlink: /home/kariya/Git/2023_off_team_b_controller/install/drobo_interfaces/include/drobo_interfaces/drobo_interfaces/srv/detail/solenoid_state_srv__type_support.h\n'}
[0.394814] (drobo_interfaces) StdoutLine: {'line': b'-- Up-to-date symlink: /home/kariya/Git/2023_off_team_b_controller/install/drobo_interfaces/include/drobo_interfaces/drobo_interfaces/srv/solenoid_state_srv.h\n'}
[0.394988] (drobo_interfaces) StdoutLine: {'line': b'-- Up-to-date symlink: /home/kariya/Git/2023_off_team_b_controller/install/drobo_interfaces/share/drobo_interfaces/environment/library_path.sh\n'}
[0.395146] (drobo_interfaces) StdoutLine: {'line': b'-- Up-to-date symlink: /home/kariya/Git/2023_off_team_b_controller/install/drobo_interfaces/share/drobo_interfaces/environment/library_path.dsv\n'}
[0.395676] (drobo_interfaces) StdoutLine: {'line': b'-- Up-to-date symlink: /home/kariya/Git/2023_off_team_b_controller/install/drobo_interfaces/include/drobo_interfaces/drobo_interfaces/msg/detail/md_lib_msg__rosidl_typesupport_fastrtps_c.h\n'}
[0.395801] (drobo_interfaces) StdoutLine: {'line': b'-- Up-to-date symlink: /home/kariya/Git/2023_off_team_b_controller/install/drobo_interfaces/include/drobo_interfaces/drobo_interfaces/msg/detail/sd_lib_msg__rosidl_typesupport_fastrtps_c.h\n'}
[0.395907] (drobo_interfaces) StdoutLine: {'line': b'-- Up-to-date symlink: /home/kariya/Git/2023_off_team_b_controller/install/drobo_interfaces/include/drobo_interfaces/drobo_interfaces/msg/rosidl_typesupport_fastrtps_c__visibility_control.h\n'}
[0.396014] (drobo_interfaces) StdoutLine: {'line': b'-- Up-to-date symlink: /home/kariya/Git/2023_off_team_b_controller/install/drobo_interfaces/include/drobo_interfaces/drobo_interfaces/srv/detail/solenoid_state_srv__rosidl_typesupport_fastrtps_c.h\n'}
[0.396327] (drobo_interfaces) StdoutLine: {'line': b'-- Up-to-date symlink: /home/kariya/Git/2023_off_team_b_controller/install/drobo_interfaces/include/drobo_interfaces/drobo_interfaces/msg/detail/md_lib_msg__rosidl_typesupport_introspection_c.h\n'}
[0.396431] (drobo_interfaces) StdoutLine: {'line': b'-- Up-to-date symlink: /home/kariya/Git/2023_off_team_b_controller/install/drobo_interfaces/include/drobo_interfaces/drobo_interfaces/msg/detail/sd_lib_msg__rosidl_typesupport_introspection_c.h\n'}
[0.396532] (drobo_interfaces) StdoutLine: {'line': b'-- Up-to-date symlink: /home/kariya/Git/2023_off_team_b_controller/install/drobo_interfaces/include/drobo_interfaces/drobo_interfaces/msg/rosidl_typesupport_introspection_c__visibility_control.h\n'}
[0.396638] (drobo_interfaces) StdoutLine: {'line': b'-- Up-to-date symlink: /home/kariya/Git/2023_off_team_b_controller/install/drobo_interfaces/include/drobo_interfaces/drobo_interfaces/srv/detail/solenoid_state_srv__rosidl_typesupport_introspection_c.h\n'}
[0.397087] (drobo_interfaces) StdoutLine: {'line': b'-- Up-to-date symlink: /home/kariya/Git/2023_off_team_b_controller/install/drobo_interfaces/include/drobo_interfaces/drobo_interfaces/msg/detail/md_lib_msg__builder.hpp\n'}
[0.397209] (drobo_interfaces) StdoutLine: {'line': b'-- Up-to-date symlink: /home/kariya/Git/2023_off_team_b_controller/install/drobo_interfaces/include/drobo_interfaces/drobo_interfaces/msg/detail/md_lib_msg__struct.hpp\n'}
[0.397326] (drobo_interfaces) StdoutLine: {'line': b'-- Up-to-date symlink: /home/kariya/Git/2023_off_team_b_controller/install/drobo_interfaces/include/drobo_interfaces/drobo_interfaces/msg/detail/md_lib_msg__traits.hpp\n'}
[0.397450] (drobo_interfaces) StdoutLine: {'line': b'-- Up-to-date symlink: /home/kariya/Git/2023_off_team_b_controller/install/drobo_interfaces/include/drobo_interfaces/drobo_interfaces/msg/detail/sd_lib_msg__builder.hpp\n'}
[0.397566] (drobo_interfaces) StdoutLine: {'line': b'-- Up-to-date symlink: /home/kariya/Git/2023_off_team_b_controller/install/drobo_interfaces/include/drobo_interfaces/drobo_interfaces/msg/detail/sd_lib_msg__struct.hpp\n'}
[0.397677] (drobo_interfaces) StdoutLine: {'line': b'-- Up-to-date symlink: /home/kariya/Git/2023_off_team_b_controller/install/drobo_interfaces/include/drobo_interfaces/drobo_interfaces/msg/detail/sd_lib_msg__traits.hpp\n'}
[0.397787] (drobo_interfaces) StdoutLine: {'line': b'-- Up-to-date symlink: /home/kariya/Git/2023_off_team_b_controller/install/drobo_interfaces/include/drobo_interfaces/drobo_interfaces/msg/md_lib_msg.hpp\n'}
[0.397892] (drobo_interfaces) StdoutLine: {'line': b'-- Up-to-date symlink: /home/kariya/Git/2023_off_team_b_controller/install/drobo_interfaces/include/drobo_interfaces/drobo_interfaces/msg/sd_lib_msg.hpp\n'}
[0.398002] (drobo_interfaces) StdoutLine: {'line': b'-- Up-to-date symlink: /home/kariya/Git/2023_off_team_b_controller/install/drobo_interfaces/include/drobo_interfaces/drobo_interfaces/srv/detail/solenoid_state_srv__builder.hpp\n'}
[0.398112] (drobo_interfaces) StdoutLine: {'line': b'-- Up-to-date symlink: /home/kariya/Git/2023_off_team_b_controller/install/drobo_interfaces/include/drobo_interfaces/drobo_interfaces/srv/detail/solenoid_state_srv__struct.hpp\n'}
[0.398219] (drobo_interfaces) StdoutLine: {'line': b'-- Up-to-date symlink: /home/kariya/Git/2023_off_team_b_controller/install/drobo_interfaces/include/drobo_interfaces/drobo_interfaces/srv/detail/solenoid_state_srv__traits.hpp\n'}
[0.398325] (drobo_interfaces) StdoutLine: {'line': b'-- Up-to-date symlink: /home/kariya/Git/2023_off_team_b_controller/install/drobo_interfaces/include/drobo_interfaces/drobo_interfaces/srv/solenoid_state_srv.hpp\n'}
[0.398832] (drobo_interfaces) StdoutLine: {'line': b'-- Up-to-date symlink: /home/kariya/Git/2023_off_team_b_controller/install/drobo_interfaces/include/drobo_interfaces/drobo_interfaces/msg/detail/md_lib_msg__rosidl_typesupport_fastrtps_cpp.hpp\n'}
[0.398949] (drobo_interfaces) StdoutLine: {'line': b'-- Up-to-date symlink: /home/kariya/Git/2023_off_team_b_controller/install/drobo_interfaces/include/drobo_interfaces/drobo_interfaces/msg/detail/sd_lib_msg__rosidl_typesupport_fastrtps_cpp.hpp\n'}
[0.399056] (drobo_interfaces) StdoutLine: {'line': b'-- Up-to-date symlink: /home/kariya/Git/2023_off_team_b_controller/install/drobo_interfaces/include/drobo_interfaces/drobo_interfaces/msg/rosidl_typesupport_fastrtps_cpp__visibility_control.h\n'}
[0.399169] (drobo_interfaces) StdoutLine: {'line': b'-- Up-to-date symlink: /home/kariya/Git/2023_off_team_b_controller/install/drobo_interfaces/include/drobo_interfaces/drobo_interfaces/srv/detail/solenoid_state_srv__rosidl_typesupport_fastrtps_cpp.hpp\n'}
[0.399497] (drobo_interfaces) StdoutLine: {'line': b'-- Up-to-date symlink: /home/kariya/Git/2023_off_team_b_controller/install/drobo_interfaces/include/drobo_interfaces/drobo_interfaces/msg/detail/md_lib_msg__rosidl_typesupport_introspection_cpp.hpp\n'}
[0.399611] (drobo_interfaces) StdoutLine: {'line': b'-- Up-to-date symlink: /home/kariya/Git/2023_off_team_b_controller/install/drobo_interfaces/include/drobo_interfaces/drobo_interfaces/msg/detail/sd_lib_msg__rosidl_typesupport_introspection_cpp.hpp\n'}
[0.399725] (drobo_interfaces) StdoutLine: {'line': b'-- Up-to-date symlink: /home/kariya/Git/2023_off_team_b_controller/install/drobo_interfaces/include/drobo_interfaces/drobo_interfaces/srv/detail/solenoid_state_srv__rosidl_typesupport_introspection_cpp.hpp\n'}
[0.399864] (drobo_interfaces) StdoutLine: {'line': b'-- Up-to-date symlink: /home/kariya/Git/2023_off_team_b_controller/install/drobo_interfaces/share/drobo_interfaces/environment/pythonpath.sh\n'}
[0.399993] (drobo_interfaces) StdoutLine: {'line': b'-- Up-to-date symlink: /home/kariya/Git/2023_off_team_b_controller/install/drobo_interfaces/share/drobo_interfaces/environment/pythonpath.dsv\n'}
[0.400236] (drobo_interfaces) StdoutLine: {'line': b'-- Up-to-date symlink: /home/kariya/Git/2023_off_team_b_controller/install/drobo_interfaces/local/lib/python3.10/dist-packages/drobo_interfaces-0.0.0-py3.10.egg-info/PKG-INFO\n'}
[0.400288] (-) TimerEvent: {}
[0.400383] (drobo_interfaces) StdoutLine: {'line': b'-- Up-to-date symlink: /home/kariya/Git/2023_off_team_b_controller/install/drobo_interfaces/local/lib/python3.10/dist-packages/drobo_interfaces-0.0.0-py3.10.egg-info/SOURCES.txt\n'}
[0.400464] (drobo_interfaces) StdoutLine: {'line': b'-- Up-to-date symlink: /home/kariya/Git/2023_off_team_b_controller/install/drobo_interfaces/local/lib/python3.10/dist-packages/drobo_interfaces-0.0.0-py3.10.egg-info/dependency_links.txt\n'}
[0.400558] (drobo_interfaces) StdoutLine: {'line': b'-- Up-to-date symlink: /home/kariya/Git/2023_off_team_b_controller/install/drobo_interfaces/local/lib/python3.10/dist-packages/drobo_interfaces-0.0.0-py3.10.egg-info/top_level.txt\n'}
[0.401145] (drobo_interfaces) StdoutLine: {'line': b'-- Up-to-date symlink: /home/kariya/Git/2023_off_team_b_controller/install/drobo_interfaces/local/lib/python3.10/dist-packages/drobo_interfaces/__init__.py\n'}
[0.401244] (drobo_interfaces) StdoutLine: {'line': b'-- Up-to-date symlink: /home/kariya/Git/2023_off_team_b_controller/install/drobo_interfaces/local/lib/python3.10/dist-packages/drobo_interfaces/_drobo_interfaces_s.ep.rosidl_typesupport_c.c\n'}
[0.401342] (drobo_interfaces) StdoutLine: {'line': b'-- Up-to-date symlink: /home/kariya/Git/2023_off_team_b_controller/install/drobo_interfaces/local/lib/python3.10/dist-packages/drobo_interfaces/_drobo_interfaces_s.ep.rosidl_typesupport_fastrtps_c.c\n'}
[0.401444] (drobo_interfaces) StdoutLine: {'line': b'-- Up-to-date symlink: /home/kariya/Git/2023_off_team_b_controller/install/drobo_interfaces/local/lib/python3.10/dist-packages/drobo_interfaces/_drobo_interfaces_s.ep.rosidl_typesupport_introspection_c.c\n'}
[0.401550] (drobo_interfaces) StdoutLine: {'line': b'-- Up-to-date symlink: /home/kariya/Git/2023_off_team_b_controller/install/drobo_interfaces/local/lib/python3.10/dist-packages/drobo_interfaces/drobo_interfaces_s__rosidl_typesupport_c.cpython-310-x86_64-linux-gnu.so\n'}
[0.401650] (drobo_interfaces) StdoutLine: {'line': b'-- Up-to-date symlink: /home/kariya/Git/2023_off_team_b_controller/install/drobo_interfaces/local/lib/python3.10/dist-packages/drobo_interfaces/drobo_interfaces_s__rosidl_typesupport_fastrtps_c.cpython-310-x86_64-linux-gnu.so\n'}
[0.401751] (drobo_interfaces) StdoutLine: {'line': b'-- Up-to-date symlink: /home/kariya/Git/2023_off_team_b_controller/install/drobo_interfaces/local/lib/python3.10/dist-packages/drobo_interfaces/drobo_interfaces_s__rosidl_typesupport_introspection_c.cpython-310-x86_64-linux-gnu.so\n'}
[0.401855] (drobo_interfaces) StdoutLine: {'line': b'-- Up-to-date symlink: /home/kariya/Git/2023_off_team_b_controller/install/drobo_interfaces/local/lib/python3.10/dist-packages/drobo_interfaces/libdrobo_interfaces__rosidl_generator_py.so\n'}
[0.401963] (drobo_interfaces) StdoutLine: {'line': b'-- Up-to-date symlink: /home/kariya/Git/2023_off_team_b_controller/install/drobo_interfaces/local/lib/python3.10/dist-packages/drobo_interfaces/msg/__init__.py\n'}
[0.402071] (drobo_interfaces) StdoutLine: {'line': b'-- Up-to-date symlink: /home/kariya/Git/2023_off_team_b_controller/install/drobo_interfaces/local/lib/python3.10/dist-packages/drobo_interfaces/msg/_md_lib_msg.py\n'}
[0.402179] (drobo_interfaces) StdoutLine: {'line': b'-- Up-to-date symlink: /home/kariya/Git/2023_off_team_b_controller/install/drobo_interfaces/local/lib/python3.10/dist-packages/drobo_interfaces/msg/_md_lib_msg_s.c\n'}
[0.402284] (drobo_interfaces) StdoutLine: {'line': b'-- Up-to-date symlink: /home/kariya/Git/2023_off_team_b_controller/install/drobo_interfaces/local/lib/python3.10/dist-packages/drobo_interfaces/msg/_sd_lib_msg.py\n'}
[0.402391] (drobo_interfaces) StdoutLine: {'line': b'-- Up-to-date symlink: /home/kariya/Git/2023_off_team_b_controller/install/drobo_interfaces/local/lib/python3.10/dist-packages/drobo_interfaces/msg/_sd_lib_msg_s.c\n'}
[0.402497] (drobo_interfaces) StdoutLine: {'line': b'-- Up-to-date symlink: /home/kariya/Git/2023_off_team_b_controller/install/drobo_interfaces/local/lib/python3.10/dist-packages/drobo_interfaces/srv/__init__.py\n'}
[0.402605] (drobo_interfaces) StdoutLine: {'line': b'-- Up-to-date symlink: /home/kariya/Git/2023_off_team_b_controller/install/drobo_interfaces/local/lib/python3.10/dist-packages/drobo_interfaces/srv/_solenoid_state_srv.py\n'}
[0.402713] (drobo_interfaces) StdoutLine: {'line': b'-- Up-to-date symlink: /home/kariya/Git/2023_off_team_b_controller/install/drobo_interfaces/local/lib/python3.10/dist-packages/drobo_interfaces/srv/_solenoid_state_srv_s.c\n'}
[0.402935] (drobo_interfaces) StdoutLine: {'line': b'-- Up-to-date symlink: /home/kariya/Git/2023_off_team_b_controller/install/drobo_interfaces/local/lib/python3.10/dist-packages/drobo_interfaces/drobo_interfaces_s__rosidl_typesupport_fastrtps_c.cpython-310-x86_64-linux-gnu.so\n'}
[0.403129] (drobo_interfaces) StdoutLine: {'line': b'-- Up-to-date symlink: /home/kariya/Git/2023_off_team_b_controller/install/drobo_interfaces/local/lib/python3.10/dist-packages/drobo_interfaces/drobo_interfaces_s__rosidl_typesupport_introspection_c.cpython-310-x86_64-linux-gnu.so\n'}
[0.403327] (drobo_interfaces) StdoutLine: {'line': b'-- Up-to-date symlink: /home/kariya/Git/2023_off_team_b_controller/install/drobo_interfaces/local/lib/python3.10/dist-packages/drobo_interfaces/drobo_interfaces_s__rosidl_typesupport_c.cpython-310-x86_64-linux-gnu.so\n'}
[0.403473] (drobo_interfaces) StdoutLine: {'line': b'-- Up-to-date symlink: /home/kariya/Git/2023_off_team_b_controller/install/drobo_interfaces/share/drobo_interfaces/msg/MdLibMsg.idl\n'}
[0.403605] (drobo_interfaces) StdoutLine: {'line': b'-- Up-to-date symlink: /home/kariya/Git/2023_off_team_b_controller/install/drobo_interfaces/share/drobo_interfaces/msg/SdLibMsg.idl\n'}
[0.403733] (drobo_interfaces) StdoutLine: {'line': b'-- Up-to-date symlink: /home/kariya/Git/2023_off_team_b_controller/install/drobo_interfaces/share/drobo_interfaces/srv/SolenoidStateSrv.idl\n'}
[0.403857] (drobo_interfaces) StdoutLine: {'line': b'-- Up-to-date symlink: /home/kariya/Git/2023_off_team_b_controller/install/drobo_interfaces/share/drobo_interfaces/msg/MdLibMsg.msg\n'}
[0.403978] (drobo_interfaces) StdoutLine: {'line': b'-- Up-to-date symlink: /home/kariya/Git/2023_off_team_b_controller/install/drobo_interfaces/share/drobo_interfaces/msg/SdLibMsg.msg\n'}
[0.404100] (drobo_interfaces) StdoutLine: {'line': b'-- Up-to-date symlink: /home/kariya/Git/2023_off_team_b_controller/install/drobo_interfaces/share/drobo_interfaces/srv/SolenoidStateSrv.srv\n'}
[0.404228] (drobo_interfaces) StdoutLine: {'line': b'-- Up-to-date symlink: /home/kariya/Git/2023_off_team_b_controller/install/drobo_interfaces/share/drobo_interfaces/srv/SolenoidStateSrv_Request.msg\n'}
[0.404372] (drobo_interfaces) StdoutLine: {'line': b'-- Up-to-date symlink: /home/kariya/Git/2023_off_team_b_controller/install/drobo_interfaces/share/drobo_interfaces/srv/SolenoidStateSrv_Response.msg\n'}
[0.404517] (drobo_interfaces) StdoutLine: {'line': b'-- Up-to-date symlink: /home/kariya/Git/2023_off_team_b_controller/install/drobo_interfaces/share/ament_index/resource_index/package_run_dependencies/drobo_interfaces\n'}
[0.404657] (drobo_interfaces) StdoutLine: {'line': b'-- Up-to-date symlink: /home/kariya/Git/2023_off_team_b_controller/install/drobo_interfaces/share/ament_index/resource_index/parent_prefix_path/drobo_interfaces\n'}
[0.404791] (drobo_interfaces) StdoutLine: {'line': b'-- Up-to-date symlink: /home/kariya/Git/2023_off_team_b_controller/install/drobo_interfaces/share/drobo_interfaces/environment/ament_prefix_path.sh\n'}
[0.404941] (drobo_interfaces) StdoutLine: {'line': b'-- Up-to-date symlink: /home/kariya/Git/2023_off_team_b_controller/install/drobo_interfaces/share/drobo_interfaces/environment/ament_prefix_path.dsv\n'}
[0.405076] (drobo_interfaces) StdoutLine: {'line': b'-- Up-to-date symlink: /home/kariya/Git/2023_off_team_b_controller/install/drobo_interfaces/share/drobo_interfaces/environment/path.sh\n'}
[0.405216] (drobo_interfaces) StdoutLine: {'line': b'-- Up-to-date symlink: /home/kariya/Git/2023_off_team_b_controller/install/drobo_interfaces/share/drobo_interfaces/environment/path.dsv\n'}
[0.405344] (drobo_interfaces) StdoutLine: {'line': b'-- Up-to-date symlink: /home/kariya/Git/2023_off_team_b_controller/install/drobo_interfaces/share/drobo_interfaces/local_setup.bash\n'}
[0.405471] (drobo_interfaces) StdoutLine: {'line': b'-- Up-to-date symlink: /home/kariya/Git/2023_off_team_b_controller/install/drobo_interfaces/share/drobo_interfaces/local_setup.sh\n'}
[0.405598] (drobo_interfaces) StdoutLine: {'line': b'-- Up-to-date symlink: /home/kariya/Git/2023_off_team_b_controller/install/drobo_interfaces/share/drobo_interfaces/local_setup.zsh\n'}
[0.405726] (drobo_interfaces) StdoutLine: {'line': b'-- Up-to-date symlink: /home/kariya/Git/2023_off_team_b_controller/install/drobo_interfaces/share/drobo_interfaces/local_setup.dsv\n'}
[0.405816] (drobo_interfaces) StdoutLine: {'line': b'-- Symlinking: /home/kariya/Git/2023_off_team_b_controller/install/drobo_interfaces/share/drobo_interfaces/package.dsv\n'}
[0.409873] (drobo_interfaces) StdoutLine: {'line': b'-- Up-to-date symlink: /home/kariya/Git/2023_off_team_b_controller/install/drobo_interfaces/share/ament_index/resource_index/packages/drobo_interfaces\n'}
[0.410015] (drobo_interfaces) StdoutLine: {'line': b'-- Up-to-date symlink: /home/kariya/Git/2023_off_team_b_controller/install/drobo_interfaces/share/drobo_interfaces/cmake/rosidl_cmake-extras.cmake\n'}
[0.410180] (drobo_interfaces) StdoutLine: {'line': b'-- Up-to-date symlink: /home/kariya/Git/2023_off_team_b_controller/install/drobo_interfaces/share/drobo_interfaces/cmake/ament_cmake_export_include_directories-extras.cmake\n'}
[0.410341] (drobo_interfaces) StdoutLine: {'line': b'-- Up-to-date symlink: /home/kariya/Git/2023_off_team_b_controller/install/drobo_interfaces/share/drobo_interfaces/cmake/ament_cmake_export_libraries-extras.cmake\n'}
[0.410507] (drobo_interfaces) StdoutLine: {'line': b'-- Up-to-date symlink: /home/kariya/Git/2023_off_team_b_controller/install/drobo_interfaces/share/drobo_interfaces/cmake/ament_cmake_export_targets-extras.cmake\n'}
[0.410670] (drobo_interfaces) StdoutLine: {'line': b'-- Up-to-date symlink: /home/kariya/Git/2023_off_team_b_controller/install/drobo_interfaces/share/drobo_interfaces/cmake/rosidl_cmake_export_typesupport_targets-extras.cmake\n'}
[0.410826] (drobo_interfaces) StdoutLine: {'line': b'-- Up-to-date symlink: /home/kariya/Git/2023_off_team_b_controller/install/drobo_interfaces/share/drobo_interfaces/cmake/ament_cmake_export_dependencies-extras.cmake\n'}
[0.410954] (drobo_interfaces) StdoutLine: {'line': b'-- Up-to-date symlink: /home/kariya/Git/2023_off_team_b_controller/install/drobo_interfaces/share/drobo_interfaces/cmake/rosidl_cmake_export_typesupport_libraries-extras.cmake\n'}
[0.411082] (drobo_interfaces) StdoutLine: {'line': b'-- Up-to-date symlink: /home/kariya/Git/2023_off_team_b_controller/install/drobo_interfaces/share/drobo_interfaces/cmake/drobo_interfacesConfig.cmake\n'}
[0.411178] (drobo_interfaces) StdoutLine: {'line': b'-- Up-to-date symlink: /home/kariya/Git/2023_off_team_b_controller/install/drobo_interfaces/share/drobo_interfaces/cmake/drobo_interfacesConfig-version.cmake\n'}
[0.411300] (drobo_interfaces) StdoutLine: {'line': b'-- Up-to-date symlink: /home/kariya/Git/2023_off_team_b_controller/install/drobo_interfaces/share/drobo_interfaces/package.xml\n'}
[0.411540] (drobo_interfaces) StdoutLine: {'line': b'-- Up-to-date: /home/kariya/Git/2023_off_team_b_controller/install/drobo_interfaces/lib/libdrobo_interfaces__rosidl_generator_c.so\n'}
[0.411823] (drobo_interfaces) StdoutLine: {'line': b'-- Up-to-date: /home/kariya/Git/2023_off_team_b_controller/install/drobo_interfaces/lib/libdrobo_interfaces__rosidl_typesupport_fastrtps_c.so\n'}
[0.412092] (drobo_interfaces) StdoutLine: {'line': b'-- Up-to-date: /home/kariya/Git/2023_off_team_b_controller/install/drobo_interfaces/lib/libdrobo_interfaces__rosidl_typesupport_introspection_c.so\n'}
[0.412336] (drobo_interfaces) StdoutLine: {'line': b'-- Up-to-date: /home/kariya/Git/2023_off_team_b_controller/install/drobo_interfaces/lib/libdrobo_interfaces__rosidl_typesupport_c.so\n'}
[0.412599] (drobo_interfaces) StdoutLine: {'line': b'-- Up-to-date: /home/kariya/Git/2023_off_team_b_controller/install/drobo_interfaces/lib/libdrobo_interfaces__rosidl_typesupport_fastrtps_cpp.so\n'}
[0.412856] (drobo_interfaces) StdoutLine: {'line': b'-- Up-to-date: /home/kariya/Git/2023_off_team_b_controller/install/drobo_interfaces/lib/libdrobo_interfaces__rosidl_typesupport_introspection_cpp.so\n'}
[0.413166] (drobo_interfaces) StdoutLine: {'line': b'-- Up-to-date: /home/kariya/Git/2023_off_team_b_controller/install/drobo_interfaces/lib/libdrobo_interfaces__rosidl_typesupport_cpp.so\n'}
[0.436497] (drobo_interfaces) StdoutLine: {'line': b"Listing '/home/kariya/Git/2023_off_team_b_controller/install/drobo_interfaces/local/lib/python3.10/dist-packages/drobo_interfaces'...\n"}
[0.436674] (drobo_interfaces) StdoutLine: {'line': b"Listing '/home/kariya/Git/2023_off_team_b_controller/install/drobo_interfaces/local/lib/python3.10/dist-packages/drobo_interfaces/msg'...\n"}
[0.436750] (drobo_interfaces) StdoutLine: {'line': b"Listing '/home/kariya/Git/2023_off_team_b_controller/install/drobo_interfaces/local/lib/python3.10/dist-packages/drobo_interfaces/srv'...\n"}
[0.439265] (drobo_interfaces) StdoutLine: {'line': b'-- Up-to-date: /home/kariya/Git/2023_off_team_b_controller/install/drobo_interfaces/lib/libdrobo_interfaces__rosidl_generator_py.so\n'}
[0.439597] (drobo_interfaces) StdoutLine: {'line': b'-- Up-to-date: /home/kariya/Git/2023_off_team_b_controller/install/drobo_interfaces/share/drobo_interfaces/cmake/export_drobo_interfaces__rosidl_generator_cExport.cmake\n'}
[0.439749] (drobo_interfaces) StdoutLine: {'line': b'-- Up-to-date: /home/kariya/Git/2023_off_team_b_controller/install/drobo_interfaces/share/drobo_interfaces/cmake/export_drobo_interfaces__rosidl_generator_cExport-noconfig.cmake\n'}
[0.439879] (drobo_interfaces) StdoutLine: {'line': b'-- Up-to-date: /home/kariya/Git/2023_off_team_b_controller/install/drobo_interfaces/share/drobo_interfaces/cmake/export_drobo_interfaces__rosidl_typesupport_fastrtps_cExport.cmake\n'}
[0.439951] (drobo_interfaces) StdoutLine: {'line': b'-- Up-to-date: /home/kariya/Git/2023_off_team_b_controller/install/drobo_interfaces/share/drobo_interfaces/cmake/export_drobo_interfaces__rosidl_typesupport_fastrtps_cExport-noconfig.cmake\n'}
[0.440020] (drobo_interfaces) StdoutLine: {'line': b'-- Up-to-date: /home/kariya/Git/2023_off_team_b_controller/install/drobo_interfaces/share/drobo_interfaces/cmake/drobo_interfaces__rosidl_typesupport_introspection_cExport.cmake\n'}
[0.440082] (drobo_interfaces) StdoutLine: {'line': b'-- Up-to-date: /home/kariya/Git/2023_off_team_b_controller/install/drobo_interfaces/share/drobo_interfaces/cmake/drobo_interfaces__rosidl_typesupport_introspection_cExport-noconfig.cmake\n'}
[0.440160] (drobo_interfaces) StdoutLine: {'line': b'-- Up-to-date: /home/kariya/Git/2023_off_team_b_controller/install/drobo_interfaces/share/drobo_interfaces/cmake/drobo_interfaces__rosidl_typesupport_cExport.cmake\n'}
[0.440242] (drobo_interfaces) StdoutLine: {'line': b'-- Up-to-date: /home/kariya/Git/2023_off_team_b_controller/install/drobo_interfaces/share/drobo_interfaces/cmake/drobo_interfaces__rosidl_typesupport_cExport-noconfig.cmake\n'}
[0.440329] (drobo_interfaces) StdoutLine: {'line': b'-- Up-to-date: /home/kariya/Git/2023_off_team_b_controller/install/drobo_interfaces/share/drobo_interfaces/cmake/export_drobo_interfaces__rosidl_generator_cppExport.cmake\n'}
[0.440408] (drobo_interfaces) StdoutLine: {'line': b'-- Up-to-date: /home/kariya/Git/2023_off_team_b_controller/install/drobo_interfaces/share/drobo_interfaces/cmake/export_drobo_interfaces__rosidl_typesupport_fastrtps_cppExport.cmake\n'}
[0.440484] (drobo_interfaces) StdoutLine: {'line': b'-- Up-to-date: /home/kariya/Git/2023_off_team_b_controller/install/drobo_interfaces/share/drobo_interfaces/cmake/export_drobo_interfaces__rosidl_typesupport_fastrtps_cppExport-noconfig.cmake\n'}
[0.440585] (drobo_interfaces) StdoutLine: {'line': b'-- Up-to-date: /home/kariya/Git/2023_off_team_b_controller/install/drobo_interfaces/share/drobo_interfaces/cmake/drobo_interfaces__rosidl_typesupport_introspection_cppExport.cmake\n'}
[0.440649] (drobo_interfaces) StdoutLine: {'line': b'-- Up-to-date: /home/kariya/Git/2023_off_team_b_controller/install/drobo_interfaces/share/drobo_interfaces/cmake/drobo_interfaces__rosidl_typesupport_introspection_cppExport-noconfig.cmake\n'}
[0.440719] (drobo_interfaces) StdoutLine: {'line': b'-- Up-to-date: /home/kariya/Git/2023_off_team_b_controller/install/drobo_interfaces/share/drobo_interfaces/cmake/drobo_interfaces__rosidl_typesupport_cppExport.cmake\n'}
[0.440770] (drobo_interfaces) StdoutLine: {'line': b'-- Up-to-date: /home/kariya/Git/2023_off_team_b_controller/install/drobo_interfaces/share/drobo_interfaces/cmake/drobo_interfaces__rosidl_typesupport_cppExport-noconfig.cmake\n'}
[0.440841] (drobo_interfaces) StdoutLine: {'line': b'-- Up-to-date: /home/kariya/Git/2023_off_team_b_controller/install/drobo_interfaces/share/drobo_interfaces/cmake/export_drobo_interfaces__rosidl_generator_pyExport.cmake\n'}
[0.440893] (drobo_interfaces) StdoutLine: {'line': b'-- Up-to-date: /home/kariya/Git/2023_off_team_b_controller/install/drobo_interfaces/share/drobo_interfaces/cmake/export_drobo_interfaces__rosidl_generator_pyExport-noconfig.cmake\n'}
[0.442582] (drobo_interfaces) CommandEnded: {'returncode': 0}
[0.500491] (-) TimerEvent: {}
[0.601083] (-) TimerEvent: {}
[0.646590] (drobo_interfaces) JobEnded: {'identifier': 'drobo_interfaces', 'rc': 0}
[0.647796] (dmotor_ros) JobStarted: {'identifier': 'dmotor_ros'}
[0.679497] (swerve_drive_control) JobStarted: {'identifier': 'swerve_drive_control'}
[0.701386] (-) TimerEvent: {}
[0.720202] (dmotor_ros) JobProgress: {'identifier': 'dmotor_ros', 'progress': 'cmake'}
[0.720856] (dmotor_ros) JobProgress: {'identifier': 'dmotor_ros', 'progress': 'build'}
[0.721121] (dmotor_ros) Command: {'cmd': ['/usr/bin/cmake', '--build', '/home/kariya/Git/2023_off_team_b_controller/build/dmotor_ros', '--', '-j16', '-l16'], 'cwd': '/home/kariya/Git/2023_off_team_b_controller/build/dmotor_ros', 'env': OrderedDict([('USER', 'kariya'), ('XDG_SESSION_TYPE', 'wayland'), ('SHLVL', '1'), ('LD_LIBRARY_PATH', '/home/kariya/Git/2023_off_team_b_controller/install/drobo_interfaces/lib:/opt/ros/humble/opt/rviz_ogre_vendor/lib:/opt/ros/humble/lib/x86_64-linux-gnu:/opt/ros/humble/lib'), ('OLDPWD', '/home/kariya/Git/2023_off_team_b_controller'), ('HOME', '/home/kariya'), ('DESKTOP_SESSION', 'ubuntu'), ('GTK_MODULES', 'gail:atk-bridge'), ('GNOME_SHELL_SESSION_MODE', 'ubuntu'), ('ROS_PYTHON_VERSION', '3'), ('SYSTEMD_EXEC_PID', '5349'), ('DBUS_SESSION_BUS_ADDRESS', 'unix:path=/run/user/1000/bus'), ('COLORTERM', 'truecolor'), ('ZPFX', '/home/kariya/.local/share/zinit/polaris'), ('WAYLAND_DISPLAY', 'wayland-0'), ('ROS_DISTRO', 'humble'), ('LOGNAME', 'kariya'), ('_', '/usr/bin/colcon'), ('XDG_SESSION_CLASS', 'user'), ('ROS_VERSION', '2'), ('USERNAME', 'kariya'), ('TERM', 'xterm-256color'), ('GNOME_DESKTOP_SESSION_ID', 'this-is-deprecated'), ('ROS_LOCALHOST_ONLY', '0'), ('ZSH_CACHE_DIR', '/home/kariya/.cache/zinit'), ('PMSPEC', '0uUpiPsf'), ('PATH', '/home/kariya/.local/share/zinit/plugins/paulirish---git-open:/opt/ros/humble/bin:/home/kariya/.local/share/zinit/polaris/bin:/home/kariya/.cargo/bin:/usr/local/sbin:/usr/local/bin:/usr/sbin:/usr/bin:/sbin:/bin:/usr/games:/usr/local/games:/snap/bin:/snap/bin'), ('SESSION_MANAGER', 'local/kariya-Inspiron-14-5425:@/tmp/.ICE-unix/1799,unix/kariya-Inspiron-14-5425:/tmp/.ICE-unix/1799'), ('GNOME_TERMINAL_SCREEN', '/org/gnome/Terminal/screen/5d26780d_57b9_40e4_89bc_a57241a76d81'), ('XDG_MENU_PREFIX', 'gnome-'), ('GNOME_SETUP_DISPLAY', ':1'), ('XDG_RUNTIME_DIR', '/run/user/1000'), ('DISPLAY', ':0'), ('LANG', 'ja_JP.UTF-8'), ('XDG_CURRENT_DESKTOP', 'ubuntu:GNOME'), ('XDG_SESSION_DESKTOP', 'ubuntu'), ('GNOME_TERMINAL_SERVICE', ':1.124'), ('XMODIFIERS', '@im=ibus'), ('XAUTHORITY', '/run/user/1000/.mutter-Xwaylandauth.8BJ0F2'), ('SSH_AUTH_SOCK', '/run/user/1000/keyring/ssh'), ('SSH_AGENT_LAUNCHER', 'gnome-keyring'), ('AMENT_PREFIX_PATH', '/home/kariya/Git/2023_off_team_b_controller/install/drobo_interfaces:/opt/ros/humble'), ('SHELL', '/bin/zsh'), ('QT_ACCESSIBILITY', '1'), ('GDMSESSION', 'ubuntu'), ('QT_IM_MODULE', 'ibus'), ('PWD', '/home/kariya/Git/2023_off_team_b_controller/build/dmotor_ros'), ('XDG_DATA_DIRS', '/usr/local/share/:/usr/share/:/var/lib/snapd/desktop'), ('PYTHONPATH', '/home/kariya/Git/2023_off_team_b_controller/install/drobo_interfaces/local/lib/python3.10/dist-packages:/opt/ros/humble/lib/python3.10/site-packages:/opt/ros/humble/local/lib/python3.10/dist-packages'), ('COLCON', '1'), ('VTE_VERSION', '6800'), ('CMAKE_PREFIX_PATH', '/home/kariya/Git/2023_off_team_b_controller/install/drobo_interfaces:/opt/ros/humble')]), 'shell': False}
[0.723917] (swerve_drive_control) JobProgress: {'identifier': 'swerve_drive_control', 'progress': 'prepare'}
[0.736582] (swerve_drive_control) JobProgress: {'identifier': 'swerve_drive_control', 'progress': 'build'}
[0.736672] (swerve_drive_control) Command: {'cmd': ['/home/kariya/.cargo/bin/cargo', 'ament-build', '--install-base', '/home/kariya/Git/2023_off_team_b_controller/install/swerve_drive_control', '--', '--manifest-path', '/home/kariya/Git/2023_off_team_b_controller/src/swerve_drive_control/Cargo.toml', '--target-dir', '/home/kariya/Git/2023_off_team_b_controller/build/swerve_drive_control', '--quiet', '--release'], 'cwd': PosixPath('src/swerve_drive_control'), 'env': OrderedDict([('USER', 'kariya'), ('XDG_SESSION_TYPE', 'wayland'), ('SHLVL', '1'), ('LD_LIBRARY_PATH', '/home/kariya/Git/2023_off_team_b_controller/install/drobo_interfaces/lib:/opt/ros/humble/opt/rviz_ogre_vendor/lib:/opt/ros/humble/lib/x86_64-linux-gnu:/opt/ros/humble/lib'), ('OLDPWD', '/home/kariya/Git/2023_off_team_b_controller'), ('HOME', '/home/kariya'), ('DESKTOP_SESSION', 'ubuntu'), ('GTK_MODULES', 'gail:atk-bridge'), ('GNOME_SHELL_SESSION_MODE', 'ubuntu'), ('ROS_PYTHON_VERSION', '3'), ('SYSTEMD_EXEC_PID', '5349'), ('DBUS_SESSION_BUS_ADDRESS', 'unix:path=/run/user/1000/bus'), ('COLORTERM', 'truecolor'), ('ZPFX', '/home/kariya/.local/share/zinit/polaris'), ('WAYLAND_DISPLAY', 'wayland-0'), ('ROS_DISTRO', 'humble'), ('LOGNAME', 'kariya'), ('_', '/usr/bin/colcon'), ('XDG_SESSION_CLASS', 'user'), ('ROS_VERSION', '2'), ('USERNAME', 'kariya'), ('TERM', 'xterm-256color'), ('GNOME_DESKTOP_SESSION_ID', 'this-is-deprecated'), ('ROS_LOCALHOST_ONLY', '0'), ('ZSH_CACHE_DIR', '/home/kariya/.cache/zinit'), ('PMSPEC', '0uUpiPsf'), ('PATH', '/home/kariya/.local/share/zinit/plugins/paulirish---git-open:/opt/ros/humble/bin:/home/kariya/.local/share/zinit/polaris/bin:/home/kariya/.cargo/bin:/usr/local/sbin:/usr/local/bin:/usr/sbin:/usr/bin:/sbin:/bin:/usr/games:/usr/local/games:/snap/bin:/snap/bin'), ('SESSION_MANAGER', 'local/kariya-Inspiron-14-5425:@/tmp/.ICE-unix/1799,unix/kariya-Inspiron-14-5425:/tmp/.ICE-unix/1799'), ('GNOME_TERMINAL_SCREEN', '/org/gnome/Terminal/screen/5d26780d_57b9_40e4_89bc_a57241a76d81'), ('XDG_MENU_PREFIX', 'gnome-'), ('GNOME_SETUP_DISPLAY', ':1'), ('XDG_RUNTIME_DIR', '/run/user/1000'), ('DISPLAY', ':0'), ('LANG', 'ja_JP.UTF-8'), ('XDG_CURRENT_DESKTOP', 'ubuntu:GNOME'), ('XDG_SESSION_DESKTOP', 'ubuntu'), ('GNOME_TERMINAL_SERVICE', ':1.124'), ('XMODIFIERS', '@im=ibus'), ('XAUTHORITY', '/run/user/1000/.mutter-Xwaylandauth.8BJ0F2'), ('SSH_AUTH_SOCK', '/run/user/1000/keyring/ssh'), ('SSH_AGENT_LAUNCHER', 'gnome-keyring'), ('AMENT_PREFIX_PATH', '/home/kariya/Git/2023_off_team_b_controller/install/drobo_interfaces:/opt/ros/humble'), ('SHELL', '/bin/zsh'), ('QT_ACCESSIBILITY', '1'), ('GDMSESSION', 'ubuntu'), ('QT_IM_MODULE', 'ibus'), ('PWD', '/home/kariya/Git/2023_off_team_b_controller/build/swerve_drive_control'), ('XDG_DATA_DIRS', '/usr/local/share/:/usr/share/:/var/lib/snapd/desktop'), ('PYTHONPATH', '/home/kariya/Git/2023_off_team_b_controller/install/drobo_interfaces/local/lib/python3.10/dist-packages:/opt/ros/humble/lib/python3.10/site-packages:/opt/ros/humble/local/lib/python3.10/dist-packages'), ('COLCON', '1'), ('VTE_VERSION', '6800'), ('CMAKE_PREFIX_PATH', '/home/kariya/Git/2023_off_team_b_controller/install/drobo_interfaces')]), 'shell': False}
[0.746911] (dmotor_ros) StdoutLine: {'line': b'[ 50%] \x1b[32mBuilding CXX object CMakeFiles/dmotor_ros.dir/src/main.cpp.o\x1b[0m\n'}
[0.801523] (-) TimerEvent: {}
[0.819984] (swerve_drive_control) StderrLine: {'line': b'\x1b[0m\x1b[1m\x1b[33mwarning\x1b[0m\x1b[0m\x1b[1m: unused import: `pr_info`\x1b[0m\n'}
[0.820180] (swerve_drive_control) StderrLine: {'line': b'\x1b[0m \x1b[0m\x1b[0m\x1b[1m\x1b[38;5;12m--> \x1b[0m\x1b[0msrc/main.rs:2:56\x1b[0m\n'}
[0.820253] (swerve_drive_control) StderrLine: {'line': b'\x1b[0m  \x1b[0m\x1b[0m\x1b[1m\x1b[38;5;12m|\x1b[0m\n'}
[0.820313] (swerve_drive_control) StderrLine: {'line': b'\x1b[0m\x1b[1m\x1b[38;5;12m2\x1b[0m\x1b[0m \x1b[0m\x1b[0m\x1b[1m\x1b[38;5;12m|\x1b[0m\x1b[0m \x1b[0m\x1b[0m    context::Context, error::DynError, logger::Logger, pr_info\x1b[0m\n'}
[0.820371] (swerve_drive_control) StderrLine: {'line': b'\x1b[0m  \x1b[0m\x1b[0m\x1b[1m\x1b[38;5;12m| \x1b[0m\x1b[0m                                                       \x1b[0m\x1b[0m\x1b[1m\x1b[33m^^^^^^^\x1b[0m\n'}
[0.820428] (swerve_drive_control) StderrLine: {'line': b'\x1b[0m  \x1b[0m\x1b[0m\x1b[1m\x1b[38;5;12m|\x1b[0m\n'}
[0.820482] (swerve_drive_control) StderrLine: {'line': b'\x1b[0m  \x1b[0m\x1b[0m\x1b[1m\x1b[38;5;12m= \x1b[0m\x1b[0m\x1b[1mnote\x1b[0m\x1b[0m: `#[warn(unused_imports)]` on by default\x1b[0m\n'}
[0.820537] (swerve_drive_control) StderrLine: {'line': b'\n'}
[0.820592] (swerve_drive_control) StderrLine: {'line': b'\x1b[0m\x1b[1m\x1b[33mwarning\x1b[0m\x1b[0m\x1b[1m: unused import: `num_traits::pow::Pow`\x1b[0m\n'}
[0.820648] (swerve_drive_control) StderrLine: {'line': b'\x1b[0m \x1b[0m\x1b[0m\x1b[1m\x1b[38;5;12m--> \x1b[0m\x1b[0msrc/main.rs:5:5\x1b[0m\n'}
[0.820703] (swerve_drive_control) StderrLine: {'line': b'\x1b[0m  \x1b[0m\x1b[0m\x1b[1m\x1b[38;5;12m|\x1b[0m\n'}
[0.820756] (swerve_drive_control) StderrLine: {'line': b'\x1b[0m\x1b[1m\x1b[38;5;12m5\x1b[0m\x1b[0m \x1b[0m\x1b[0m\x1b[1m\x1b[38;5;12m|\x1b[0m\x1b[0m \x1b[0m\x1b[0muse num_traits::pow::Pow;\x1b[0m\n'}
[0.820811] (swerve_drive_control) StderrLine: {'line': b'\x1b[0m  \x1b[0m\x1b[0m\x1b[1m\x1b[38;5;12m| \x1b[0m\x1b[0m    \x1b[0m\x1b[0m\x1b[1m\x1b[33m^^^^^^^^^^^^^^^^^^^^\x1b[0m\n'}
[0.820865] (swerve_drive_control) StderrLine: {'line': b'\n'}
[0.820959] (swerve_drive_control) StderrLine: {'line': b'\x1b[0m\x1b[1m\x1b[33mwarning\x1b[0m\x1b[0m\x1b[1m: unused variable: `publisher`\x1b[0m\n'}
[0.821025] (swerve_drive_control) StderrLine: {'line': b'\x1b[0m  \x1b[0m\x1b[0m\x1b[1m\x1b[38;5;12m--> \x1b[0m\x1b[0msrc/main.rs:25:9\x1b[0m\n'}
[0.821081] (swerve_drive_control) StderrLine: {'line': b'\x1b[0m   \x1b[0m\x1b[0m\x1b[1m\x1b[38;5;12m|\x1b[0m\n'}
[0.821137] (swerve_drive_control) StderrLine: {'line': b'\x1b[0m\x1b[1m\x1b[38;5;12m25\x1b[0m\x1b[0m \x1b[0m\x1b[0m\x1b[1m\x1b[38;5;12m|\x1b[0m\x1b[0m \x1b[0m\x1b[0m    let publisher = node.create_publisher::<drobo_interfaces::msg::MdLibMsg>("md_driver_topic", None)?;\x1b[0m\n'}
[0.821194] (swerve_drive_control) StderrLine: {'line': b'\x1b[0m   \x1b[0m\x1b[0m\x1b[1m\x1b[38;5;12m| \x1b[0m\x1b[0m        \x1b[0m\x1b[0m\x1b[1m\x1b[33m^^^^^^^^^\x1b[0m\x1b[0m \x1b[0m\x1b[0m\x1b[1m\x1b[33mhelp: if this is intentional, prefix it with an underscore: `_publisher`\x1b[0m\n'}
[0.821267] (swerve_drive_control) StderrLine: {'line': b'\x1b[0m   \x1b[0m\x1b[0m\x1b[1m\x1b[38;5;12m|\x1b[0m\n'}
[0.821324] (swerve_drive_control) StderrLine: {'line': b'\x1b[0m   \x1b[0m\x1b[0m\x1b[1m\x1b[38;5;12m= \x1b[0m\x1b[0m\x1b[1mnote\x1b[0m\x1b[0m: `#[warn(unused_variables)]` on by default\x1b[0m\n'}
[0.821381] (swerve_drive_control) StderrLine: {'line': b'\n'}
[0.821436] (swerve_drive_control) StderrLine: {'line': b'\x1b[0m\x1b[1m\x1b[33mwarning\x1b[0m\x1b[0m\x1b[1m: unused variable: `logger`\x1b[0m\n'}
[0.821493] (swerve_drive_control) StderrLine: {'line': b'\x1b[0m  \x1b[0m\x1b[0m\x1b[1m\x1b[38;5;12m--> \x1b[0m\x1b[0msrc/main.rs:28:9\x1b[0m\n'}
[0.821553] (swerve_drive_control) StderrLine: {'line': b'\x1b[0m   \x1b[0m\x1b[0m\x1b[1m\x1b[38;5;12m|\x1b[0m\n'}
[0.821610] (swerve_drive_control) StderrLine: {'line': b'\x1b[0m\x1b[1m\x1b[38;5;12m28\x1b[0m\x1b[0m \x1b[0m\x1b[0m\x1b[1m\x1b[38;5;12m|\x1b[0m\x1b[0m \x1b[0m\x1b[0m    let logger = Logger::new("swere_drive_control");\x1b[0m\n'}
[0.821666] (swerve_drive_control) StderrLine: {'line': b'\x1b[0m   \x1b[0m\x1b[0m\x1b[1m\x1b[38;5;12m| \x1b[0m\x1b[0m        \x1b[0m\x1b[0m\x1b[1m\x1b[33m^^^^^^\x1b[0m\x1b[0m \x1b[0m\x1b[0m\x1b[1m\x1b[33mhelp: if this is intentional, prefix it with an underscore: `_logger`\x1b[0m\n'}
[0.821721] (swerve_drive_control) StderrLine: {'line': b'\n'}
[0.821783] (swerve_drive_control) StderrLine: {'line': b'\x1b[0m\x1b[1m\x1b[33mwarning\x1b[0m\x1b[0m\x1b[1m: unused variable: `msg`\x1b[0m\n'}
[0.821837] (swerve_drive_control) StderrLine: {'line': b'\x1b[0m  \x1b[0m\x1b[0m\x1b[1m\x1b[38;5;12m--> \x1b[0m\x1b[0msrc/main.rs:30:13\x1b[0m\n'}
[0.821890] (swerve_drive_control) StderrLine: {'line': b'\x1b[0m   \x1b[0m\x1b[0m\x1b[1m\x1b[38;5;12m|\x1b[0m\n'}
[0.821943] (swerve_drive_control) StderrLine: {'line': b'\x1b[0m\x1b[1m\x1b[38;5;12m30\x1b[0m\x1b[0m \x1b[0m\x1b[0m\x1b[1m\x1b[38;5;12m|\x1b[0m\x1b[0m \x1b[0m\x1b[0m    let mut msg = drobo_interfaces::msg::MdLibMsg::new().unwrap();\x1b[0m\n'}
[0.821996] (swerve_drive_control) StderrLine: {'line': b'\x1b[0m   \x1b[0m\x1b[0m\x1b[1m\x1b[38;5;12m| \x1b[0m\x1b[0m            \x1b[0m\x1b[0m\x1b[1m\x1b[33m^^^\x1b[0m\x1b[0m \x1b[0m\x1b[0m\x1b[1m\x1b[33mhelp: if this is intentional, prefix it with an underscore: `_msg`\x1b[0m\n'}
[0.822049] (swerve_drive_control) StderrLine: {'line': b'\n'}
[0.822101] (swerve_drive_control) StderrLine: {'line': b'\x1b[0m\x1b[1m\x1b[33mwarning\x1b[0m\x1b[0m\x1b[1m: variable does not need to be mutable\x1b[0m\n'}
[0.822160] (swerve_drive_control) StderrLine: {'line': b'\x1b[0m  \x1b[0m\x1b[0m\x1b[1m\x1b[38;5;12m--> \x1b[0m\x1b[0msrc/main.rs:30:9\x1b[0m\n'}
[0.822214] (swerve_drive_control) StderrLine: {'line': b'\x1b[0m   \x1b[0m\x1b[0m\x1b[1m\x1b[38;5;12m|\x1b[0m\n'}
[0.822268] (swerve_drive_control) StderrLine: {'line': b'\x1b[0m\x1b[1m\x1b[38;5;12m30\x1b[0m\x1b[0m \x1b[0m\x1b[0m\x1b[1m\x1b[38;5;12m|\x1b[0m\x1b[0m \x1b[0m\x1b[0m    let mut msg = drobo_interfaces::msg::MdLibMsg::new().unwrap();\x1b[0m\n'}
[0.822321] (swerve_drive_control) StderrLine: {'line': b'\x1b[0m   \x1b[0m\x1b[0m\x1b[1m\x1b[38;5;12m| \x1b[0m\x1b[0m        \x1b[0m\x1b[0m\x1b[1m\x1b[38;5;12m----\x1b[0m\x1b[0m\x1b[1m\x1b[33m^^^\x1b[0m\n'}
[0.822375] (swerve_drive_control) StderrLine: {'line': b'\x1b[0m   \x1b[0m\x1b[0m\x1b[1m\x1b[38;5;12m| \x1b[0m\x1b[0m        \x1b[0m\x1b[0m\x1b[1m\x1b[38;5;12m|\x1b[0m\n'}
[0.822440] (swerve_drive_control) StderrLine: {'line': b'\x1b[0m   \x1b[0m\x1b[0m\x1b[1m\x1b[38;5;12m| \x1b[0m\x1b[0m        \x1b[0m\x1b[0m\x1b[1m\x1b[38;5;12mhelp: remove this `mut`\x1b[0m\n'}
[0.822502] (swerve_drive_control) StderrLine: {'line': b'\x1b[0m   \x1b[0m\x1b[0m\x1b[1m\x1b[38;5;12m|\x1b[0m\n'}
[0.822558] (swerve_drive_control) StderrLine: {'line': b'\x1b[0m   \x1b[0m\x1b[0m\x1b[1m\x1b[38;5;12m= \x1b[0m\x1b[0m\x1b[1mnote\x1b[0m\x1b[0m: `#[warn(unused_mut)]` on by default\x1b[0m\n'}
[0.822611] (swerve_drive_control) StderrLine: {'line': b'\n'}
[0.822674] (swerve_drive_control) StderrLine: {'line': b'\x1b[0m\x1b[1m\x1b[33mwarning\x1b[0m\x1b[0m\x1b[1m: unused variable: `speed_abs`\x1b[0m\n'}
[0.822727] (swerve_drive_control) StderrLine: {'line': b'\x1b[0m  \x1b[0m\x1b[0m\x1b[1m\x1b[38;5;12m--> \x1b[0m\x1b[0msrc/main.rs:40:9\x1b[0m\n'}
[0.822778] (swerve_drive_control) StderrLine: {'line': b'\x1b[0m   \x1b[0m\x1b[0m\x1b[1m\x1b[38;5;12m|\x1b[0m\n'}
[0.822829] (swerve_drive_control) StderrLine: {'line': b'\x1b[0m\x1b[1m\x1b[38;5;12m40\x1b[0m\x1b[0m \x1b[0m\x1b[0m\x1b[1m\x1b[38;5;12m|\x1b[0m\x1b[0m \x1b[0m\x1b[0m    let speed_abs: f64 = (_xrpm*_xrpm +_yrpm*_yrpm).sqrt();\x1b[0m\n'}
[0.822882] (swerve_drive_control) StderrLine: {'line': b'\x1b[0m   \x1b[0m\x1b[0m\x1b[1m\x1b[38;5;12m| \x1b[0m\x1b[0m        \x1b[0m\x1b[0m\x1b[1m\x1b[33m^^^^^^^^^\x1b[0m\x1b[0m \x1b[0m\x1b[0m\x1b[1m\x1b[33mhelp: if this is intentional, prefix it with an underscore: `_speed_abs`\x1b[0m\n'}
[0.822934] (swerve_drive_control) StderrLine: {'line': b'\n'}
[0.822984] (swerve_drive_control) StderrLine: {'line': b'\x1b[0m\x1b[1m\x1b[33mwarning\x1b[0m\x1b[0m\x1b[1m: unused variable: `rad`\x1b[0m\n'}
[0.823034] (swerve_drive_control) StderrLine: {'line': b'\x1b[0m  \x1b[0m\x1b[0m\x1b[1m\x1b[38;5;12m--> \x1b[0m\x1b[0msrc/main.rs:41:9\x1b[0m\n'}
[0.823085] (swerve_drive_control) StderrLine: {'line': b'\x1b[0m   \x1b[0m\x1b[0m\x1b[1m\x1b[38;5;12m|\x1b[0m\n'}
[0.823136] (swerve_drive_control) StderrLine: {'line': b'\x1b[0m\x1b[1m\x1b[38;5;12m41\x1b[0m\x1b[0m \x1b[0m\x1b[0m\x1b[1m\x1b[38;5;12m|\x1b[0m\x1b[0m \x1b[0m\x1b[0m    let rad: f64 = _yrpm.atan2(_xrpm);\x1b[0m\n'}
[0.823187] (swerve_drive_control) StderrLine: {'line': b'\x1b[0m   \x1b[0m\x1b[0m\x1b[1m\x1b[38;5;12m| \x1b[0m\x1b[0m        \x1b[0m\x1b[0m\x1b[1m\x1b[33m^^^\x1b[0m\x1b[0m \x1b[0m\x1b[0m\x1b[1m\x1b[33mhelp: if this is intentional, prefix it with an underscore: `_rad`\x1b[0m\n'}
[0.823254] (swerve_drive_control) StderrLine: {'line': b'\n'}
[0.823309] (swerve_drive_control) StderrLine: {'line': b'\x1b[0m\x1b[1m\x1b[33mwarning\x1b[0m\x1b[0m\x1b[1m: constant `WHEEL_DIA` is never used\x1b[0m\n'}
[0.823361] (swerve_drive_control) StderrLine: {'line': b'\x1b[0m \x1b[0m\x1b[0m\x1b[1m\x1b[38;5;12m--> \x1b[0m\x1b[0msrc/main.rs:9:8\x1b[0m\n'}
[0.823413] (swerve_drive_control) StderrLine: {'line': b'\x1b[0m  \x1b[0m\x1b[0m\x1b[1m\x1b[38;5;12m|\x1b[0m\n'}
[0.823463] (swerve_drive_control) StderrLine: {'line': b'\x1b[0m\x1b[1m\x1b[38;5;12m9\x1b[0m\x1b[0m \x1b[0m\x1b[0m\x1b[1m\x1b[38;5;12m|\x1b[0m\x1b[0m \x1b[0m\x1b[0mconst  WHEEL_DIA: f64 = 0.100;      //\xe3\x83\x9b\xe3\x82\xa4\xe3\x83\xbc\xe3\x83\xab\xe3\x81\xae\xe7\x9b\xb4\xe5\xbe\x84\xef\xbc\xbbm\xef\xbc\xbd\x1b[0m\n'}
[0.823517] (swerve_drive_control) StderrLine: {'line': b'\x1b[0m  \x1b[0m\x1b[0m\x1b[1m\x1b[38;5;12m| \x1b[0m\x1b[0m       \x1b[0m\x1b[0m\x1b[1m\x1b[33m^^^^^^^^^\x1b[0m\n'}
[0.823571] (swerve_drive_control) StderrLine: {'line': b'\x1b[0m  \x1b[0m\x1b[0m\x1b[1m\x1b[38;5;12m|\x1b[0m\n'}
[0.823624] (swerve_drive_control) StderrLine: {'line': b'\x1b[0m  \x1b[0m\x1b[0m\x1b[1m\x1b[38;5;12m= \x1b[0m\x1b[0m\x1b[1mnote\x1b[0m\x1b[0m: `#[warn(dead_code)]` on by default\x1b[0m\n'}
[0.823678] (swerve_drive_control) StderrLine: {'line': b'\n'}
[0.823734] (swerve_drive_control) StderrLine: {'line': b'\x1b[0m\x1b[1m\x1b[33mwarning\x1b[0m\x1b[0m\x1b[1m: constant `ROBOT_CENTER_TO_WHEEL_DISTANCE` is never used\x1b[0m\n'}
[0.823789] (swerve_drive_control) StderrLine: {'line': b'\x1b[0m  \x1b[0m\x1b[0m\x1b[1m\x1b[38;5;12m--> \x1b[0m\x1b[0msrc/main.rs:10:8\x1b[0m\n'}
[0.823843] (swerve_drive_control) StderrLine: {'line': b'\x1b[0m   \x1b[0m\x1b[0m\x1b[1m\x1b[38;5;12m|\x1b[0m\n'}
[0.823896] (swerve_drive_control) StderrLine: {'line': b'\x1b[0m\x1b[1m\x1b[38;5;12m10\x1b[0m\x1b[0m \x1b[0m\x1b[0m\x1b[1m\x1b[38;5;12m|\x1b[0m\x1b[0m \x1b[0m\x1b[0mconst  ROBOT_CENTER_TO_WHEEL_DISTANCE: f64 = 0.37;  //\xe3\x83\xad\xe3\x83\x9c\xe3\x83\x83\xe3\x83\x88\xe3\x81\xae\xe4\xb8\xad\xe5\xbf\x83\xe3\x81\x8b\xe3\x82\x89\xe3\x83\x9b\xe3\x82\xa4\xe3\x83\xbc\xe3\x83\xab\xe3\x81\xbe\xe3\x81\xa7\xe3\x81\xae\xe8\xb7\x9d\xe9\x9b\xa2[m]\x1b[0m\n'}
[0.823965] (swerve_drive_control) StderrLine: {'line': b'\x1b[0m   \x1b[0m\x1b[0m\x1b[1m\x1b[38;5;12m| \x1b[0m\x1b[0m       \x1b[0m\x1b[0m\x1b[1m\x1b[33m^^^^^^^^^^^^^^^^^^^^^^^^^^^^^^\x1b[0m\n'}
[0.824020] (swerve_drive_control) StderrLine: {'line': b'\n'}
[0.824074] (swerve_drive_control) StderrLine: {'line': b'\x1b[0m\x1b[1m\x1b[33mwarning\x1b[0m\x1b[0m\x1b[1m: struct `Component` is never constructed\x1b[0m\n'}
[0.824128] (swerve_drive_control) StderrLine: {'line': b'\x1b[0m  \x1b[0m\x1b[0m\x1b[1m\x1b[38;5;12m--> \x1b[0m\x1b[0msrc/main.rs:12:8\x1b[0m\n'}
[0.824181] (swerve_drive_control) StderrLine: {'line': b'\x1b[0m   \x1b[0m\x1b[0m\x1b[1m\x1b[38;5;12m|\x1b[0m\n'}
[0.824250] (swerve_drive_control) StderrLine: {'line': b'\x1b[0m\x1b[1m\x1b[38;5;12m12\x1b[0m\x1b[0m \x1b[0m\x1b[0m\x1b[1m\x1b[38;5;12m|\x1b[0m\x1b[0m \x1b[0m\x1b[0mstruct Component {\x1b[0m\n'}
[0.824303] (swerve_drive_control) StderrLine: {'line': b'\x1b[0m   \x1b[0m\x1b[0m\x1b[1m\x1b[38;5;12m| \x1b[0m\x1b[0m       \x1b[0m\x1b[0m\x1b[1m\x1b[33m^^^^^^^^^\x1b[0m\n'}
[0.824356] (swerve_drive_control) StderrLine: {'line': b'\n'}
[0.824408] (swerve_drive_control) StderrLine: {'line': b'\x1b[0m\x1b[1m\x1b[33mwarning\x1b[0m\x1b[0m\x1b[1m: function `move_chassis` is never used\x1b[0m\n'}
[0.824461] (swerve_drive_control) StderrLine: {'line': b'\x1b[0m  \x1b[0m\x1b[0m\x1b[1m\x1b[38;5;12m--> \x1b[0m\x1b[0msrc/main.rs:39:4\x1b[0m\n'}
[0.824514] (swerve_drive_control) StderrLine: {'line': b'\x1b[0m   \x1b[0m\x1b[0m\x1b[1m\x1b[38;5;12m|\x1b[0m\n'}
[0.824566] (swerve_drive_control) StderrLine: {'line': b'\x1b[0m\x1b[1m\x1b[38;5;12m39\x1b[0m\x1b[0m \x1b[0m\x1b[0m\x1b[1m\x1b[38;5;12m|\x1b[0m\x1b[0m \x1b[0m\x1b[0mfn move_chassis(_xrpm: f64, _yrpm: f64, _yaw: f64) {\x1b[0m\n'}
[0.824618] (swerve_drive_control) StderrLine: {'line': b'\x1b[0m   \x1b[0m\x1b[0m\x1b[1m\x1b[38;5;12m| \x1b[0m\x1b[0m   \x1b[0m\x1b[0m\x1b[1m\x1b[33m^^^^^^^^^^^^\x1b[0m\n'}
[0.824670] (swerve_drive_control) StderrLine: {'line': b'\n'}
[0.824722] (swerve_drive_control) StderrLine: {'line': b'\x1b[0m\x1b[1m\x1b[33mwarning\x1b[0m\x1b[0m\x1b[1m: function `move_wheel` is never used\x1b[0m\n'}
[0.824774] (swerve_drive_control) StderrLine: {'line': b'\x1b[0m  \x1b[0m\x1b[0m\x1b[1m\x1b[38;5;12m--> \x1b[0m\x1b[0msrc/main.rs:82:4\x1b[0m\n'}
[0.824826] (swerve_drive_control) StderrLine: {'line': b'\x1b[0m   \x1b[0m\x1b[0m\x1b[1m\x1b[38;5;12m|\x1b[0m\n'}
[0.824877] (swerve_drive_control) StderrLine: {'line': b'\x1b[0m\x1b[1m\x1b[38;5;12m82\x1b[0m\x1b[0m \x1b[0m\x1b[0m\x1b[1m\x1b[38;5;12m|\x1b[0m\x1b[0m \x1b[0m\x1b[0mfn move_wheel(_wheel_yaw: f64, _power: i64){\x1b[0m\n'}
[0.824946] (swerve_drive_control) StderrLine: {'line': b'\x1b[0m   \x1b[0m\x1b[0m\x1b[1m\x1b[38;5;12m| \x1b[0m\x1b[0m   \x1b[0m\x1b[0m\x1b[1m\x1b[33m^^^^^^^^^^\x1b[0m\n'}
[0.825008] (swerve_drive_control) StderrLine: {'line': b'\n'}
[0.825058] (swerve_drive_control) StderrLine: {'line': b'\x1b[0m\x1b[1m\x1b[33mwarning\x1b[0m\x1b[0m\x1b[1m: function `send_pwm` is never used\x1b[0m\n'}
[0.825110] (swerve_drive_control) StderrLine: {'line': b'\x1b[0m  \x1b[0m\x1b[0m\x1b[1m\x1b[38;5;12m--> \x1b[0m\x1b[0msrc/main.rs:87:4\x1b[0m\n'}
[0.825159] (swerve_drive_control) StderrLine: {'line': b'\x1b[0m   \x1b[0m\x1b[0m\x1b[1m\x1b[38;5;12m|\x1b[0m\n'}
[0.825212] (swerve_drive_control) StderrLine: {'line': b'\x1b[0m\x1b[1m\x1b[38;5;12m87\x1b[0m\x1b[0m \x1b[0m\x1b[0m\x1b[1m\x1b[38;5;12m|\x1b[0m\x1b[0m \x1b[0m\x1b[0mfn send_pwm(_adress: u8, _semi_id: u8, _phase: bool, _power: u16){\x1b[0m\n'}
[0.825262] (swerve_drive_control) StderrLine: {'line': b'\x1b[0m   \x1b[0m\x1b[0m\x1b[1m\x1b[38;5;12m| \x1b[0m\x1b[0m   \x1b[0m\x1b[0m\x1b[1m\x1b[33m^^^^^^^^\x1b[0m\n'}
[0.825323] (swerve_drive_control) StderrLine: {'line': b'\n'}
[0.829912] (swerve_drive_control) CommandEnded: {'returncode': 0}
[0.854297] (swerve_drive_control) JobEnded: {'identifier': 'swerve_drive_control', 'rc': 0}
[0.901632] (-) TimerEvent: {}
[1.001947] (-) TimerEvent: {}
[1.102242] (-) TimerEvent: {}
[1.202547] (-) TimerEvent: {}
[1.302840] (-) TimerEvent: {}
[1.403146] (-) TimerEvent: {}
[1.503434] (-) TimerEvent: {}
[1.603727] (-) TimerEvent: {}
[1.704019] (-) TimerEvent: {}
[1.804318] (-) TimerEvent: {}
[1.904614] (-) TimerEvent: {}
[2.004929] (-) TimerEvent: {}
[2.105228] (-) TimerEvent: {}
[2.205520] (-) TimerEvent: {}
[2.305811] (-) TimerEvent: {}
[2.406115] (-) TimerEvent: {}
[2.506422] (-) TimerEvent: {}
[2.606725] (-) TimerEvent: {}
[2.707413] (-) TimerEvent: {}
[2.807703] (-) TimerEvent: {}
[2.907993] (-) TimerEvent: {}
[3.008291] (-) TimerEvent: {}
[3.108587] (-) TimerEvent: {}
[3.208880] (-) TimerEvent: {}
[3.309185] (-) TimerEvent: {}
[3.409475] (-) TimerEvent: {}
[3.509773] (-) TimerEvent: {}
[3.610055] (-) TimerEvent: {}
[3.710329] (-) TimerEvent: {}
[3.810611] (-) TimerEvent: {}
[3.910897] (-) TimerEvent: {}
[4.011195] (-) TimerEvent: {}
[4.111498] (-) TimerEvent: {}
[4.211803] (-) TimerEvent: {}
[4.312095] (-) TimerEvent: {}
[4.412382] (-) TimerEvent: {}
[4.512681] (-) TimerEvent: {}
[4.612974] (-) TimerEvent: {}
[4.713259] (-) TimerEvent: {}
[4.813555] (-) TimerEvent: {}
[4.913854] (-) TimerEvent: {}
[5.014175] (-) TimerEvent: {}
[5.114489] (-) TimerEvent: {}
[5.214772] (-) TimerEvent: {}
[5.315059] (-) TimerEvent: {}
[5.415342] (-) TimerEvent: {}
[5.515640] (-) TimerEvent: {}
[5.615927] (-) TimerEvent: {}
[5.716232] (-) TimerEvent: {}
[5.816531] (-) TimerEvent: {}
[5.916828] (-) TimerEvent: {}
[6.017120] (-) TimerEvent: {}
[6.117404] (-) TimerEvent: {}
[6.217685] (-) TimerEvent: {}
[6.317973] (-) TimerEvent: {}
[6.418258] (-) TimerEvent: {}
[6.518548] (-) TimerEvent: {}
[6.618832] (-) TimerEvent: {}
[6.719115] (-) TimerEvent: {}
[6.819403] (-) TimerEvent: {}
[6.919684] (-) TimerEvent: {}
[7.019966] (-) TimerEvent: {}
[7.120249] (-) TimerEvent: {}
[7.220537] (-) TimerEvent: {}
[7.320824] (-) TimerEvent: {}
[7.421117] (-) TimerEvent: {}
[7.521408] (-) TimerEvent: {}
[7.621704] (-) TimerEvent: {}
[7.722011] (-) TimerEvent: {}
[7.822317] (-) TimerEvent: {}
[7.922635] (-) TimerEvent: {}
[8.023311] (-) TimerEvent: {}
[8.079346] (dmotor_ros) StdoutLine: {'line': b'[100%] \x1b[32m\x1b[1mLinking CXX executable dmotor_ros\x1b[0m\n'}
[8.123437] (-) TimerEvent: {}
[8.223741] (-) TimerEvent: {}
[8.324049] (-) TimerEvent: {}
[8.408133] (dmotor_ros) StdoutLine: {'line': b'[100%] Built target dmotor_ros\n'}
[8.413064] (dmotor_ros) CommandEnded: {'returncode': 0}
[8.424633] (-) TimerEvent: {}
[8.431241] (dmotor_ros) JobProgress: {'identifier': 'dmotor_ros', 'progress': 'install'}
[8.431972] (dmotor_ros) Command: {'cmd': ['/usr/bin/cmake', '--install', '/home/kariya/Git/2023_off_team_b_controller/build/dmotor_ros'], 'cwd': '/home/kariya/Git/2023_off_team_b_controller/build/dmotor_ros', 'env': OrderedDict([('USER', 'kariya'), ('XDG_SESSION_TYPE', 'wayland'), ('SHLVL', '1'), ('LD_LIBRARY_PATH', '/home/kariya/Git/2023_off_team_b_controller/install/drobo_interfaces/lib:/opt/ros/humble/opt/rviz_ogre_vendor/lib:/opt/ros/humble/lib/x86_64-linux-gnu:/opt/ros/humble/lib'), ('OLDPWD', '/home/kariya/Git/2023_off_team_b_controller'), ('HOME', '/home/kariya'), ('DESKTOP_SESSION', 'ubuntu'), ('GTK_MODULES', 'gail:atk-bridge'), ('GNOME_SHELL_SESSION_MODE', 'ubuntu'), ('ROS_PYTHON_VERSION', '3'), ('SYSTEMD_EXEC_PID', '5349'), ('DBUS_SESSION_BUS_ADDRESS', 'unix:path=/run/user/1000/bus'), ('COLORTERM', 'truecolor'), ('ZPFX', '/home/kariya/.local/share/zinit/polaris'), ('WAYLAND_DISPLAY', 'wayland-0'), ('ROS_DISTRO', 'humble'), ('LOGNAME', 'kariya'), ('_', '/usr/bin/colcon'), ('XDG_SESSION_CLASS', 'user'), ('ROS_VERSION', '2'), ('USERNAME', 'kariya'), ('TERM', 'xterm-256color'), ('GNOME_DESKTOP_SESSION_ID', 'this-is-deprecated'), ('ROS_LOCALHOST_ONLY', '0'), ('ZSH_CACHE_DIR', '/home/kariya/.cache/zinit'), ('PMSPEC', '0uUpiPsf'), ('PATH', '/home/kariya/.local/share/zinit/plugins/paulirish---git-open:/opt/ros/humble/bin:/home/kariya/.local/share/zinit/polaris/bin:/home/kariya/.cargo/bin:/usr/local/sbin:/usr/local/bin:/usr/sbin:/usr/bin:/sbin:/bin:/usr/games:/usr/local/games:/snap/bin:/snap/bin'), ('SESSION_MANAGER', 'local/kariya-Inspiron-14-5425:@/tmp/.ICE-unix/1799,unix/kariya-Inspiron-14-5425:/tmp/.ICE-unix/1799'), ('GNOME_TERMINAL_SCREEN', '/org/gnome/Terminal/screen/5d26780d_57b9_40e4_89bc_a57241a76d81'), ('XDG_MENU_PREFIX', 'gnome-'), ('GNOME_SETUP_DISPLAY', ':1'), ('XDG_RUNTIME_DIR', '/run/user/1000'), ('DISPLAY', ':0'), ('LANG', 'ja_JP.UTF-8'), ('XDG_CURRENT_DESKTOP', 'ubuntu:GNOME'), ('XDG_SESSION_DESKTOP', 'ubuntu'), ('GNOME_TERMINAL_SERVICE', ':1.124'), ('XMODIFIERS', '@im=ibus'), ('XAUTHORITY', '/run/user/1000/.mutter-Xwaylandauth.8BJ0F2'), ('SSH_AUTH_SOCK', '/run/user/1000/keyring/ssh'), ('SSH_AGENT_LAUNCHER', 'gnome-keyring'), ('AMENT_PREFIX_PATH', '/home/kariya/Git/2023_off_team_b_controller/install/drobo_interfaces:/opt/ros/humble'), ('SHELL', '/bin/zsh'), ('QT_ACCESSIBILITY', '1'), ('GDMSESSION', 'ubuntu'), ('QT_IM_MODULE', 'ibus'), ('PWD', '/home/kariya/Git/2023_off_team_b_controller/build/dmotor_ros'), ('XDG_DATA_DIRS', '/usr/local/share/:/usr/share/:/var/lib/snapd/desktop'), ('PYTHONPATH', '/home/kariya/Git/2023_off_team_b_controller/install/drobo_interfaces/local/lib/python3.10/dist-packages:/opt/ros/humble/lib/python3.10/site-packages:/opt/ros/humble/local/lib/python3.10/dist-packages'), ('COLCON', '1'), ('VTE_VERSION', '6800'), ('CMAKE_PREFIX_PATH', '/home/kariya/Git/2023_off_team_b_controller/install/drobo_interfaces:/opt/ros/humble')]), 'shell': False}
[8.434319] (dmotor_ros) StdoutLine: {'line': b'-- Install configuration: ""\n'}
[8.434692] (dmotor_ros) StdoutLine: {'line': b'-- Execute custom install script\n'}
[8.434988] (dmotor_ros) StdoutLine: {'line': b'-- Symlinking: /home/kariya/Git/2023_off_team_b_controller/install/dmotor_ros/lib/dmotor_ros/dmotor_ros\n'}
[8.438164] (dmotor_ros) StdoutLine: {'line': b'-- Symlinking: /home/kariya/Git/2023_off_team_b_controller/install/dmotor_ros/share/ament_index/resource_index/package_run_dependencies/dmotor_ros\n'}
[8.441160] (dmotor_ros) StdoutLine: {'line': b'-- Symlinking: /home/kariya/Git/2023_off_team_b_controller/install/dmotor_ros/share/ament_index/resource_index/parent_prefix_path/dmotor_ros\n'}
[8.444156] (dmotor_ros) StdoutLine: {'line': b'-- Symlinking: /home/kariya/Git/2023_off_team_b_controller/install/dmotor_ros/share/dmotor_ros/environment/ament_prefix_path.sh\n'}
[8.447084] (dmotor_ros) StdoutLine: {'line': b'-- Symlinking: /home/kariya/Git/2023_off_team_b_controller/install/dmotor_ros/share/dmotor_ros/environment/ament_prefix_path.dsv\n'}
[8.450076] (dmotor_ros) StdoutLine: {'line': b'-- Symlinking: /home/kariya/Git/2023_off_team_b_controller/install/dmotor_ros/share/dmotor_ros/environment/path.sh\n'}
[8.453360] (dmotor_ros) StdoutLine: {'line': b'-- Symlinking: /home/kariya/Git/2023_off_team_b_controller/install/dmotor_ros/share/dmotor_ros/environment/path.dsv\n'}
[8.456373] (dmotor_ros) StdoutLine: {'line': b'-- Symlinking: /home/kariya/Git/2023_off_team_b_controller/install/dmotor_ros/share/dmotor_ros/local_setup.bash\n'}
[8.459127] (dmotor_ros) StdoutLine: {'line': b'-- Symlinking: /home/kariya/Git/2023_off_team_b_controller/install/dmotor_ros/share/dmotor_ros/local_setup.sh\n'}
[8.462147] (dmotor_ros) StdoutLine: {'line': b'-- Symlinking: /home/kariya/Git/2023_off_team_b_controller/install/dmotor_ros/share/dmotor_ros/local_setup.zsh\n'}
[8.465720] (dmotor_ros) StdoutLine: {'line': b'-- Symlinking: /home/kariya/Git/2023_off_team_b_controller/install/dmotor_ros/share/dmotor_ros/local_setup.dsv\n'}
[8.468982] (dmotor_ros) StdoutLine: {'line': b'-- Symlinking: /home/kariya/Git/2023_off_team_b_controller/install/dmotor_ros/share/dmotor_ros/package.dsv\n'}
[8.472350] (dmotor_ros) StdoutLine: {'line': b'-- Symlinking: /home/kariya/Git/2023_off_team_b_controller/install/dmotor_ros/share/ament_index/resource_index/packages/dmotor_ros\n'}
[8.475189] (dmotor_ros) StdoutLine: {'line': b'-- Symlinking: /home/kariya/Git/2023_off_team_b_controller/install/dmotor_ros/share/dmotor_ros/cmake/dmotor_rosConfig.cmake\n'}
[8.478076] (dmotor_ros) StdoutLine: {'line': b'-- Symlinking: /home/kariya/Git/2023_off_team_b_controller/install/dmotor_ros/share/dmotor_ros/cmake/dmotor_rosConfig-version.cmake\n'}
[8.480998] (dmotor_ros) StdoutLine: {'line': b'-- Symlinking: /home/kariya/Git/2023_off_team_b_controller/install/dmotor_ros/share/dmotor_ros/package.xml\n'}
[8.485144] (dmotor_ros) CommandEnded: {'returncode': 0}
[8.524714] (-) TimerEvent: {}
[8.577105] (dmotor_ros) JobEnded: {'identifier': 'dmotor_ros', 'rc': 0}
[8.577893] (-) EventReactorShutdown: {}
