[0.684s] DEBUG:colcon:Command line arguments: ['/usr/bin/colcon', 'build', '--symlink-install', '--cargo-args', '--release']
[0.684s] DEBUG:colcon:Parsed command line arguments: Namespace(log_base=None, log_level=None, verb_name='build', build_base='build', install_base='install', merge_install=False, symlink_install=True, test_result_base=None, continue_on_error=False, executor='parallel', parallel_workers=16, event_handlers=None, ignore_user_meta=False, metas=['./colcon.meta'], base_paths=['.'], packages_ignore=None, packages_ignore_regex=None, paths=None, packages_up_to=None, packages_up_to_regex=None, packages_above=None, packages_above_and_dependencies=None, packages_above_depth=None, packages_select_by_dep=None, packages_skip_by_dep=None, packages_skip_up_to=None, packages_select_build_failed=False, packages_skip_build_finished=False, packages_select_test_failures=False, packages_skip_test_passed=False, packages_select=None, packages_skip=None, packages_select_regex=None, packages_skip_regex=None, packages_start=None, packages_end=None, allow_overriding=[], lookup_in_workspace=False, cargo_args=['--release'], clean_build=False, cmake_args=None, cmake_target=None, cmake_target_skip_unavailable=False, cmake_clean_cache=False, cmake_clean_first=False, cmake_force_configure=False, ament_cmake_args=None, catkin_cmake_args=None, catkin_skip_building_tests=False, verb_parser=<colcon_defaults.argument_parser.defaults.DefaultArgumentsDecorator object at 0x7f5618e561a0>, verb_extension=<colcon_core.verb.build.BuildVerb object at 0x7f5618e55990>, main=<bound method BuildVerb.main of <colcon_core.verb.build.BuildVerb object at 0x7f5618e55990>>)
[0.715s] Level 1:colcon.colcon_core.package_discovery:discover_packages(colcon_meta) check parameters
[0.715s] Level 1:colcon.colcon_core.package_discovery:discover_packages(recursive) check parameters
[0.715s] Level 1:colcon.colcon_core.package_discovery:discover_packages(ignore) check parameters
[0.715s] Level 1:colcon.colcon_core.package_discovery:discover_packages(path) check parameters
[0.715s] Level 1:colcon.colcon_core.package_discovery:discover_packages(colcon_meta) discover
[0.715s] Level 1:colcon.colcon_core.package_discovery:discover_packages(recursive) discover
[0.715s] INFO:colcon.colcon_core.package_discovery:Crawling recursively for packages in '/home/kariya/Git/2023_off_team_b_controller'
[0.715s] Level 1:colcon.colcon_core.package_identification:_identify(.) by extensions ['ignore', 'ignore_ament_install']
[0.716s] Level 1:colcon.colcon_core.package_identification:_identify(.) by extension 'ignore'
[0.716s] Level 1:colcon.colcon_core.package_identification:_identify(.) by extension 'ignore_ament_install'
[0.716s] Level 1:colcon.colcon_core.package_identification:_identify(.) by extensions ['colcon_pkg']
[0.716s] Level 1:colcon.colcon_core.package_identification:_identify(.) by extension 'colcon_pkg'
[0.716s] Level 1:colcon.colcon_core.package_identification:_identify(.) by extensions ['colcon_meta']
[0.716s] Level 1:colcon.colcon_core.package_identification:_identify(.) by extension 'colcon_meta'
[0.716s] Level 1:colcon.colcon_core.package_identification:_identify(.) by extensions ['ament_cargo']
[0.716s] Level 1:colcon.colcon_core.package_identification:_identify(.) by extension 'ament_cargo'
[0.716s] Level 1:colcon.colcon_core.package_identification:_identify(.) by extensions ['ros']
[0.716s] Level 1:colcon.colcon_core.package_identification:_identify(.) by extension 'ros'
[0.723s] Level 1:colcon.colcon_core.package_identification:_identify(.) by extensions ['cargo', 'cmake', 'python']
[0.723s] Level 1:colcon.colcon_core.package_identification:_identify(.) by extension 'cargo'
[0.723s] Level 1:colcon.colcon_core.package_identification:_identify(.) by extension 'cmake'
[0.724s] Level 1:colcon.colcon_core.package_identification:_identify(.) by extension 'python'
[0.724s] Level 1:colcon.colcon_core.package_identification:_identify(.) by extensions ['python_setup_py']
[0.724s] Level 1:colcon.colcon_core.package_identification:_identify(.) by extension 'python_setup_py'
[0.724s] Level 1:colcon.colcon_core.package_identification:_identify(build) by extensions ['ignore', 'ignore_ament_install']
[0.724s] Level 1:colcon.colcon_core.package_identification:_identify(build) by extension 'ignore'
[0.724s] Level 1:colcon.colcon_core.package_identification:_identify(build) ignored
[0.724s] Level 1:colcon.colcon_core.package_identification:_identify(install) by extensions ['ignore', 'ignore_ament_install']
[0.724s] Level 1:colcon.colcon_core.package_identification:_identify(install) by extension 'ignore'
[0.724s] Level 1:colcon.colcon_core.package_identification:_identify(install) ignored
[0.724s] Level 1:colcon.colcon_core.package_identification:_identify(log) by extensions ['ignore', 'ignore_ament_install']
[0.724s] Level 1:colcon.colcon_core.package_identification:_identify(log) by extension 'ignore'
[0.724s] Level 1:colcon.colcon_core.package_identification:_identify(log) ignored
[0.724s] Level 1:colcon.colcon_core.package_identification:_identify(src) by extensions ['ignore', 'ignore_ament_install']
[0.724s] Level 1:colcon.colcon_core.package_identification:_identify(src) by extension 'ignore'
[0.724s] Level 1:colcon.colcon_core.package_identification:_identify(src) by extension 'ignore_ament_install'
[0.724s] Level 1:colcon.colcon_core.package_identification:_identify(src) by extensions ['colcon_pkg']
[0.724s] Level 1:colcon.colcon_core.package_identification:_identify(src) by extension 'colcon_pkg'
[0.724s] Level 1:colcon.colcon_core.package_identification:_identify(src) by extensions ['colcon_meta']
[0.724s] Level 1:colcon.colcon_core.package_identification:_identify(src) by extension 'colcon_meta'
[0.724s] Level 1:colcon.colcon_core.package_identification:_identify(src) by extensions ['ament_cargo']
[0.724s] Level 1:colcon.colcon_core.package_identification:_identify(src) by extension 'ament_cargo'
[0.725s] Level 1:colcon.colcon_core.package_identification:_identify(src) by extensions ['ros']
[0.725s] Level 1:colcon.colcon_core.package_identification:_identify(src) by extension 'ros'
[0.725s] Level 1:colcon.colcon_core.package_identification:_identify(src) by extensions ['cargo', 'cmake', 'python']
[0.725s] Level 1:colcon.colcon_core.package_identification:_identify(src) by extension 'cargo'
[0.725s] Level 1:colcon.colcon_core.package_identification:_identify(src) by extension 'cmake'
[0.725s] Level 1:colcon.colcon_core.package_identification:_identify(src) by extension 'python'
[0.725s] Level 1:colcon.colcon_core.package_identification:_identify(src) by extensions ['python_setup_py']
[0.725s] Level 1:colcon.colcon_core.package_identification:_identify(src) by extension 'python_setup_py'
[0.725s] Level 1:colcon.colcon_core.package_identification:_identify(src/controller_2023_b_launch) by extensions ['ignore', 'ignore_ament_install']
[0.725s] Level 1:colcon.colcon_core.package_identification:_identify(src/controller_2023_b_launch) by extension 'ignore'
[0.725s] Level 1:colcon.colcon_core.package_identification:_identify(src/controller_2023_b_launch) by extension 'ignore_ament_install'
[0.725s] Level 1:colcon.colcon_core.package_identification:_identify(src/controller_2023_b_launch) by extensions ['colcon_pkg']
[0.725s] Level 1:colcon.colcon_core.package_identification:_identify(src/controller_2023_b_launch) by extension 'colcon_pkg'
[0.725s] Level 1:colcon.colcon_core.package_identification:_identify(src/controller_2023_b_launch) by extensions ['colcon_meta']
[0.725s] Level 1:colcon.colcon_core.package_identification:_identify(src/controller_2023_b_launch) by extension 'colcon_meta'
[0.725s] Level 1:colcon.colcon_core.package_identification:_identify(src/controller_2023_b_launch) by extensions ['ament_cargo']
[0.725s] Level 1:colcon.colcon_core.package_identification:_identify(src/controller_2023_b_launch) by extension 'ament_cargo'
[0.725s] Level 1:colcon.colcon_core.package_identification:_identify(src/controller_2023_b_launch) by extensions ['ros']
[0.725s] Level 1:colcon.colcon_core.package_identification:_identify(src/controller_2023_b_launch) by extension 'ros'
[0.727s] DEBUG:colcon.colcon_core.package_identification:Package 'src/controller_2023_b_launch' with type 'ros.ament_cmake' and name 'controller_2023_b_launch'
[0.727s] Level 1:colcon.colcon_core.package_identification:_identify(src/dmotor_ros) by extensions ['ignore', 'ignore_ament_install']
[0.727s] Level 1:colcon.colcon_core.package_identification:_identify(src/dmotor_ros) by extension 'ignore'
[0.727s] Level 1:colcon.colcon_core.package_identification:_identify(src/dmotor_ros) by extension 'ignore_ament_install'
[0.727s] Level 1:colcon.colcon_core.package_identification:_identify(src/dmotor_ros) by extensions ['colcon_pkg']
[0.727s] Level 1:colcon.colcon_core.package_identification:_identify(src/dmotor_ros) by extension 'colcon_pkg'
[0.727s] Level 1:colcon.colcon_core.package_identification:_identify(src/dmotor_ros) by extensions ['colcon_meta']
[0.727s] Level 1:colcon.colcon_core.package_identification:_identify(src/dmotor_ros) by extension 'colcon_meta'
[0.727s] Level 1:colcon.colcon_core.package_identification:_identify(src/dmotor_ros) by extensions ['ament_cargo']
[0.727s] Level 1:colcon.colcon_core.package_identification:_identify(src/dmotor_ros) by extension 'ament_cargo'
[0.727s] Level 1:colcon.colcon_core.package_identification:_identify(src/dmotor_ros) by extensions ['ros']
[0.727s] Level 1:colcon.colcon_core.package_identification:_identify(src/dmotor_ros) by extension 'ros'
[0.728s] DEBUG:colcon.colcon_core.package_identification:Package 'src/dmotor_ros' with type 'ros.ament_cmake' and name 'dmotor_ros'
[0.728s] Level 1:colcon.colcon_core.package_identification:_identify(src/drobo_interfaces) by extensions ['ignore', 'ignore_ament_install']
[0.728s] Level 1:colcon.colcon_core.package_identification:_identify(src/drobo_interfaces) by extension 'ignore'
[0.728s] Level 1:colcon.colcon_core.package_identification:_identify(src/drobo_interfaces) by extension 'ignore_ament_install'
[0.728s] Level 1:colcon.colcon_core.package_identification:_identify(src/drobo_interfaces) by extensions ['colcon_pkg']
[0.728s] Level 1:colcon.colcon_core.package_identification:_identify(src/drobo_interfaces) by extension 'colcon_pkg'
[0.728s] Level 1:colcon.colcon_core.package_identification:_identify(src/drobo_interfaces) by extensions ['colcon_meta']
[0.728s] Level 1:colcon.colcon_core.package_identification:_identify(src/drobo_interfaces) by extension 'colcon_meta'
[0.728s] Level 1:colcon.colcon_core.package_identification:_identify(src/drobo_interfaces) by extensions ['ament_cargo']
[0.728s] Level 1:colcon.colcon_core.package_identification:_identify(src/drobo_interfaces) by extension 'ament_cargo'
[0.728s] Level 1:colcon.colcon_core.package_identification:_identify(src/drobo_interfaces) by extensions ['ros']
[0.728s] Level 1:colcon.colcon_core.package_identification:_identify(src/drobo_interfaces) by extension 'ros'
[0.728s] DEBUG:colcon.colcon_core.package_identification:Package 'src/drobo_interfaces' with type 'ros.ament_cmake' and name 'drobo_interfaces'
[0.728s] Level 1:colcon.colcon_core.package_identification:_identify(src/swerve_drive_control) by extensions ['ignore', 'ignore_ament_install']
[0.728s] Level 1:colcon.colcon_core.package_identification:_identify(src/swerve_drive_control) by extension 'ignore'
[0.728s] Level 1:colcon.colcon_core.package_identification:_identify(src/swerve_drive_control) by extension 'ignore_ament_install'
[0.728s] Level 1:colcon.colcon_core.package_identification:_identify(src/swerve_drive_control) by extensions ['colcon_pkg']
[0.728s] Level 1:colcon.colcon_core.package_identification:_identify(src/swerve_drive_control) by extension 'colcon_pkg'
[0.729s] Level 1:colcon.colcon_core.package_identification:_identify(src/swerve_drive_control) by extensions ['colcon_meta']
[0.729s] Level 1:colcon.colcon_core.package_identification:_identify(src/swerve_drive_control) by extension 'colcon_meta'
[0.729s] Level 1:colcon.colcon_core.package_identification:_identify(src/swerve_drive_control) by extensions ['ament_cargo']
[0.729s] Level 1:colcon.colcon_core.package_identification:_identify(src/swerve_drive_control) by extension 'ament_cargo'
[0.729s] DEBUG:colcon.colcon_core.package_identification:Package 'src/swerve_drive_control' with type 'ament_cargo' and name 'swerve_drive_control'
[0.729s] Level 1:colcon.colcon_core.package_discovery:discover_packages(recursive) using defaults
[0.729s] Level 1:colcon.colcon_core.package_discovery:discover_packages(ignore) discover
[0.729s] Level 1:colcon.colcon_core.package_discovery:discover_packages(ignore) using defaults
[0.729s] Level 1:colcon.colcon_core.package_discovery:discover_packages(path) discover
[0.729s] Level 1:colcon.colcon_core.package_discovery:discover_packages(path) using defaults
[0.787s] Level 1:colcon.colcon_core.package_discovery:discover_packages(prefix_path) check parameters
[0.787s] Level 1:colcon.colcon_core.package_discovery:discover_packages(prefix_path) discover
[0.807s] DEBUG:colcon.colcon_installed_package_information.package_discovery:Found 270 installed packages in /opt/ros/humble
[0.808s] Level 1:colcon.colcon_core.package_discovery:discover_packages(prefix_path) using defaults
[0.867s] Level 5:colcon.colcon_core.verb:set package 'controller_2023_b_launch' build argument 'lookup_in_workspace' from command line to 'False'
[0.867s] Level 5:colcon.colcon_core.verb:set package 'controller_2023_b_launch' build argument 'cargo_args' from command line to '['--release']'
[0.867s] Level 5:colcon.colcon_core.verb:set package 'controller_2023_b_launch' build argument 'clean_build' from command line to 'False'
[0.867s] Level 5:colcon.colcon_core.verb:set package 'controller_2023_b_launch' build argument 'cmake_args' from command line to 'None'
[0.867s] Level 5:colcon.colcon_core.verb:set package 'controller_2023_b_launch' build argument 'cmake_target' from command line to 'None'
[0.867s] Level 5:colcon.colcon_core.verb:set package 'controller_2023_b_launch' build argument 'cmake_target_skip_unavailable' from command line to 'False'
[0.867s] Level 5:colcon.colcon_core.verb:set package 'controller_2023_b_launch' build argument 'cmake_clean_cache' from command line to 'False'
[0.867s] Level 5:colcon.colcon_core.verb:set package 'controller_2023_b_launch' build argument 'cmake_clean_first' from command line to 'False'
[0.867s] Level 5:colcon.colcon_core.verb:set package 'controller_2023_b_launch' build argument 'cmake_force_configure' from command line to 'False'
[0.867s] Level 5:colcon.colcon_core.verb:set package 'controller_2023_b_launch' build argument 'ament_cmake_args' from command line to 'None'
[0.867s] Level 5:colcon.colcon_core.verb:set package 'controller_2023_b_launch' build argument 'catkin_cmake_args' from command line to 'None'
[0.867s] Level 5:colcon.colcon_core.verb:set package 'controller_2023_b_launch' build argument 'catkin_skip_building_tests' from command line to 'False'
[0.867s] DEBUG:colcon.colcon_core.verb:Building package 'controller_2023_b_launch' with the following arguments: {'ament_cmake_args': None, 'build_base': '/home/kariya/Git/2023_off_team_b_controller/build/controller_2023_b_launch', 'cargo_args': ['--release'], 'catkin_cmake_args': None, 'catkin_skip_building_tests': False, 'clean_build': False, 'cmake_args': None, 'cmake_clean_cache': False, 'cmake_clean_first': False, 'cmake_force_configure': False, 'cmake_target': None, 'cmake_target_skip_unavailable': False, 'install_base': '/home/kariya/Git/2023_off_team_b_controller/install/controller_2023_b_launch', 'lookup_in_workspace': False, 'merge_install': False, 'path': '/home/kariya/Git/2023_off_team_b_controller/src/controller_2023_b_launch', 'symlink_install': True, 'test_result_base': None}
[0.876s] Level 5:colcon.colcon_core.verb:set package 'drobo_interfaces' build argument 'lookup_in_workspace' from command line to 'False'
[0.876s] Level 5:colcon.colcon_core.verb:set package 'drobo_interfaces' build argument 'cargo_args' from command line to '['--release']'
[0.876s] Level 5:colcon.colcon_core.verb:set package 'drobo_interfaces' build argument 'clean_build' from command line to 'False'
[0.876s] Level 5:colcon.colcon_core.verb:set package 'drobo_interfaces' build argument 'cmake_args' from command line to 'None'
[0.876s] Level 5:colcon.colcon_core.verb:set package 'drobo_interfaces' build argument 'cmake_target' from command line to 'None'
[0.876s] Level 5:colcon.colcon_core.verb:set package 'drobo_interfaces' build argument 'cmake_target_skip_unavailable' from command line to 'False'
[0.876s] Level 5:colcon.colcon_core.verb:set package 'drobo_interfaces' build argument 'cmake_clean_cache' from command line to 'False'
[0.876s] Level 5:colcon.colcon_core.verb:set package 'drobo_interfaces' build argument 'cmake_clean_first' from command line to 'False'
[0.877s] Level 5:colcon.colcon_core.verb:set package 'drobo_interfaces' build argument 'cmake_force_configure' from command line to 'False'
[0.877s] Level 5:colcon.colcon_core.verb:set package 'drobo_interfaces' build argument 'ament_cmake_args' from command line to 'None'
[0.877s] Level 5:colcon.colcon_core.verb:set package 'drobo_interfaces' build argument 'catkin_cmake_args' from command line to 'None'
[0.877s] Level 5:colcon.colcon_core.verb:set package 'drobo_interfaces' build argument 'catkin_skip_building_tests' from command line to 'False'
[0.877s] DEBUG:colcon.colcon_core.verb:Building package 'drobo_interfaces' with the following arguments: {'ament_cmake_args': None, 'build_base': '/home/kariya/Git/2023_off_team_b_controller/build/drobo_interfaces', 'cargo_args': ['--release'], 'catkin_cmake_args': None, 'catkin_skip_building_tests': False, 'clean_build': False, 'cmake_args': None, 'cmake_clean_cache': False, 'cmake_clean_first': False, 'cmake_force_configure': False, 'cmake_target': None, 'cmake_target_skip_unavailable': False, 'install_base': '/home/kariya/Git/2023_off_team_b_controller/install/drobo_interfaces', 'lookup_in_workspace': False, 'merge_install': False, 'path': '/home/kariya/Git/2023_off_team_b_controller/src/drobo_interfaces', 'symlink_install': True, 'test_result_base': None}
[0.886s] Level 5:colcon.colcon_core.verb:set package 'dmotor_ros' build argument 'lookup_in_workspace' from command line to 'False'
[0.886s] Level 5:colcon.colcon_core.verb:set package 'dmotor_ros' build argument 'cargo_args' from command line to '['--release']'
[0.886s] Level 5:colcon.colcon_core.verb:set package 'dmotor_ros' build argument 'clean_build' from command line to 'False'
[0.886s] Level 5:colcon.colcon_core.verb:set package 'dmotor_ros' build argument 'cmake_args' from command line to 'None'
[0.886s] Level 5:colcon.colcon_core.verb:set package 'dmotor_ros' build argument 'cmake_target' from command line to 'None'
[0.886s] Level 5:colcon.colcon_core.verb:set package 'dmotor_ros' build argument 'cmake_target_skip_unavailable' from command line to 'False'
[0.886s] Level 5:colcon.colcon_core.verb:set package 'dmotor_ros' build argument 'cmake_clean_cache' from command line to 'False'
[0.886s] Level 5:colcon.colcon_core.verb:set package 'dmotor_ros' build argument 'cmake_clean_first' from command line to 'False'
[0.886s] Level 5:colcon.colcon_core.verb:set package 'dmotor_ros' build argument 'cmake_force_configure' from command line to 'False'
[0.886s] Level 5:colcon.colcon_core.verb:set package 'dmotor_ros' build argument 'ament_cmake_args' from command line to 'None'
[0.886s] Level 5:colcon.colcon_core.verb:set package 'dmotor_ros' build argument 'catkin_cmake_args' from command line to 'None'
[0.886s] Level 5:colcon.colcon_core.verb:set package 'dmotor_ros' build argument 'catkin_skip_building_tests' from command line to 'False'
[0.886s] DEBUG:colcon.colcon_core.verb:Building package 'dmotor_ros' with the following arguments: {'ament_cmake_args': None, 'build_base': '/home/kariya/Git/2023_off_team_b_controller/build/dmotor_ros', 'cargo_args': ['--release'], 'catkin_cmake_args': None, 'catkin_skip_building_tests': False, 'clean_build': False, 'cmake_args': None, 'cmake_clean_cache': False, 'cmake_clean_first': False, 'cmake_force_configure': False, 'cmake_target': None, 'cmake_target_skip_unavailable': False, 'install_base': '/home/kariya/Git/2023_off_team_b_controller/install/dmotor_ros', 'lookup_in_workspace': False, 'merge_install': False, 'path': '/home/kariya/Git/2023_off_team_b_controller/src/dmotor_ros', 'symlink_install': True, 'test_result_base': None}
[0.895s] Level 5:colcon.colcon_core.verb:set package 'swerve_drive_control' build argument 'lookup_in_workspace' from command line to 'False'
[0.895s] Level 5:colcon.colcon_core.verb:set package 'swerve_drive_control' build argument 'cargo_args' from command line to '['--release']'
[0.895s] Level 5:colcon.colcon_core.verb:set package 'swerve_drive_control' build argument 'clean_build' from command line to 'False'
[0.895s] Level 5:colcon.colcon_core.verb:set package 'swerve_drive_control' build argument 'cmake_args' from command line to 'None'
[0.895s] Level 5:colcon.colcon_core.verb:set package 'swerve_drive_control' build argument 'cmake_target' from command line to 'None'
[0.895s] Level 5:colcon.colcon_core.verb:set package 'swerve_drive_control' build argument 'cmake_target_skip_unavailable' from command line to 'False'
[0.895s] Level 5:colcon.colcon_core.verb:set package 'swerve_drive_control' build argument 'cmake_clean_cache' from command line to 'False'
[0.895s] Level 5:colcon.colcon_core.verb:set package 'swerve_drive_control' build argument 'cmake_clean_first' from command line to 'False'
[0.895s] Level 5:colcon.colcon_core.verb:set package 'swerve_drive_control' build argument 'cmake_force_configure' from command line to 'False'
[0.895s] Level 5:colcon.colcon_core.verb:set package 'swerve_drive_control' build argument 'ament_cmake_args' from command line to 'None'
[0.895s] Level 5:colcon.colcon_core.verb:set package 'swerve_drive_control' build argument 'catkin_cmake_args' from command line to 'None'
[0.895s] Level 5:colcon.colcon_core.verb:set package 'swerve_drive_control' build argument 'catkin_skip_building_tests' from command line to 'False'
[0.895s] DEBUG:colcon.colcon_core.verb:Building package 'swerve_drive_control' with the following arguments: {'ament_cmake_args': None, 'build_base': '/home/kariya/Git/2023_off_team_b_controller/build/swerve_drive_control', 'cargo_args': ['--release'], 'catkin_cmake_args': None, 'catkin_skip_building_tests': False, 'clean_build': False, 'cmake_args': None, 'cmake_clean_cache': False, 'cmake_clean_first': False, 'cmake_force_configure': False, 'cmake_target': None, 'cmake_target_skip_unavailable': False, 'install_base': '/home/kariya/Git/2023_off_team_b_controller/install/swerve_drive_control', 'lookup_in_workspace': False, 'merge_install': False, 'path': '/home/kariya/Git/2023_off_team_b_controller/src/swerve_drive_control', 'symlink_install': True, 'test_result_base': None}
[0.905s] INFO:colcon.colcon_core.executor:Executing jobs using 'parallel' executor
[0.914s] DEBUG:colcon.colcon_parallel_executor.executor.parallel:run_until_complete
[0.914s] INFO:colcon.colcon_ros.task.ament_cmake.build:Building ROS package in '/home/kariya/Git/2023_off_team_b_controller/src/drobo_interfaces' with build type 'ament_cmake'
[0.914s] INFO:colcon.colcon_cmake.task.cmake.build:Building CMake package in '/home/kariya/Git/2023_off_team_b_controller/src/drobo_interfaces'
[0.925s] INFO:colcon.colcon_core.plugin_system:Skipping extension 'colcon_core.shell.bat': Not used on non-Windows systems
[0.925s] INFO:colcon.colcon_core.shell:Skip shell extension 'powershell' for command environment: Not usable outside of PowerShell
[0.925s] DEBUG:colcon.colcon_core.shell:Skip shell extension 'dsv' for command environment
[0.946s] INFO:colcon.colcon_ros.task.ament_cmake.build:Building ROS package in '/home/kariya/Git/2023_off_team_b_controller/src/controller_2023_b_launch' with build type 'ament_cmake'
[0.946s] INFO:colcon.colcon_cmake.task.cmake.build:Building CMake package in '/home/kariya/Git/2023_off_team_b_controller/src/controller_2023_b_launch'
[0.956s] INFO:colcon.colcon_core.shell:Skip shell extension 'powershell' for command environment: Not usable outside of PowerShell
[0.956s] DEBUG:colcon.colcon_core.shell:Skip shell extension 'dsv' for command environment
[0.981s] DEBUG:colcon.colcon_core.event_handler.log_command:Invoking command in '/home/kariya/Git/2023_off_team_b_controller/build/drobo_interfaces': CMAKE_PREFIX_PATH=/opt/ros/humble /usr/bin/cmake --build /home/kariya/Git/2023_off_team_b_controller/build/drobo_interfaces -- -j16 -l16
[0.983s] DEBUG:colcon.colcon_core.event_handler.log_command:Invoking command in '/home/kariya/Git/2023_off_team_b_controller/build/controller_2023_b_launch': CMAKE_PREFIX_PATH=/opt/ros/humble /usr/bin/cmake --build /home/kariya/Git/2023_off_team_b_controller/build/controller_2023_b_launch -- -j16 -l16
[0.998s] DEBUG:colcon.colcon_core.event_handler.log_command:Invoked command in '/home/kariya/Git/2023_off_team_b_controller/build/controller_2023_b_launch' returned '0': CMAKE_PREFIX_PATH=/opt/ros/humble /usr/bin/cmake --build /home/kariya/Git/2023_off_team_b_controller/build/controller_2023_b_launch -- -j16 -l16
[1.019s] DEBUG:colcon.colcon_core.event_handler.log_command:Invoking command in '/home/kariya/Git/2023_off_team_b_controller/build/controller_2023_b_launch': CMAKE_PREFIX_PATH=/opt/ros/humble /usr/bin/cmake --install /home/kariya/Git/2023_off_team_b_controller/build/controller_2023_b_launch
[1.028s] Level 1:colcon.colcon_core.environment:create_environment_scripts_only(controller_2023_b_launch)
[1.029s] DEBUG:colcon.colcon_core.event_handler.log_command:Invoked command in '/home/kariya/Git/2023_off_team_b_controller/build/controller_2023_b_launch' returned '0': CMAKE_PREFIX_PATH=/opt/ros/humble /usr/bin/cmake --install /home/kariya/Git/2023_off_team_b_controller/build/controller_2023_b_launch
[1.042s] Level 1:colcon.colcon_core.environment:checking '/home/kariya/Git/2023_off_team_b_controller/install/controller_2023_b_launch' for CMake module files
[1.042s] Level 1:colcon.colcon_core.environment:checking '/home/kariya/Git/2023_off_team_b_controller/install/controller_2023_b_launch' for CMake config files
[1.042s] Level 1:colcon.colcon_core.shell:create_environment_hook('controller_2023_b_launch', 'cmake_prefix_path')
[1.054s] INFO:colcon.colcon_core.shell:Creating environment hook '/home/kariya/Git/2023_off_team_b_controller/install/controller_2023_b_launch/share/controller_2023_b_launch/hook/cmake_prefix_path.ps1'
[1.055s] INFO:colcon.colcon_core.shell:Creating environment descriptor '/home/kariya/Git/2023_off_team_b_controller/install/controller_2023_b_launch/share/controller_2023_b_launch/hook/cmake_prefix_path.dsv'
[1.055s] INFO:colcon.colcon_core.shell:Creating environment hook '/home/kariya/Git/2023_off_team_b_controller/install/controller_2023_b_launch/share/controller_2023_b_launch/hook/cmake_prefix_path.sh'
[1.056s] Level 1:colcon.colcon_core.environment:checking '/home/kariya/Git/2023_off_team_b_controller/install/controller_2023_b_launch/bin'
[1.056s] Level 1:colcon.colcon_core.environment:checking '/home/kariya/Git/2023_off_team_b_controller/install/controller_2023_b_launch/lib/pkgconfig/controller_2023_b_launch.pc'
[1.056s] Level 1:colcon.colcon_core.environment:checking '/home/kariya/Git/2023_off_team_b_controller/install/controller_2023_b_launch/lib/python3.10/site-packages'
[1.056s] Level 1:colcon.colcon_core.environment:checking '/home/kariya/Git/2023_off_team_b_controller/install/controller_2023_b_launch/bin'
[1.068s] INFO:colcon.colcon_core.shell:Creating package script '/home/kariya/Git/2023_off_team_b_controller/install/controller_2023_b_launch/share/controller_2023_b_launch/package.ps1'
[1.069s] INFO:colcon.colcon_core.shell:Creating package descriptor '/home/kariya/Git/2023_off_team_b_controller/install/controller_2023_b_launch/share/controller_2023_b_launch/package.dsv'
[1.069s] INFO:colcon.colcon_core.shell:Creating package script '/home/kariya/Git/2023_off_team_b_controller/install/controller_2023_b_launch/share/controller_2023_b_launch/package.sh'
[1.070s] INFO:colcon.colcon_core.shell:Creating package script '/home/kariya/Git/2023_off_team_b_controller/install/controller_2023_b_launch/share/controller_2023_b_launch/package.bash'
[1.070s] INFO:colcon.colcon_core.shell:Creating package script '/home/kariya/Git/2023_off_team_b_controller/install/controller_2023_b_launch/share/controller_2023_b_launch/package.zsh'
[1.071s] Level 1:colcon.colcon_core.environment:create_file_with_runtime_dependencies(/home/kariya/Git/2023_off_team_b_controller/install/controller_2023_b_launch/share/colcon-core/packages/controller_2023_b_launch)
[1.098s] Level 1:colcon.colcon_core.environment:create_environment_scripts_only(controller_2023_b_launch)
[1.108s] Level 1:colcon.colcon_core.environment:checking '/home/kariya/Git/2023_off_team_b_controller/install/controller_2023_b_launch' for CMake module files
[1.108s] Level 1:colcon.colcon_core.environment:checking '/home/kariya/Git/2023_off_team_b_controller/install/controller_2023_b_launch' for CMake config files
[1.109s] Level 1:colcon.colcon_core.shell:create_environment_hook('controller_2023_b_launch', 'cmake_prefix_path')
[1.119s] INFO:colcon.colcon_core.shell:Creating environment hook '/home/kariya/Git/2023_off_team_b_controller/install/controller_2023_b_launch/share/controller_2023_b_launch/hook/cmake_prefix_path.ps1'
[1.119s] INFO:colcon.colcon_core.shell:Creating environment descriptor '/home/kariya/Git/2023_off_team_b_controller/install/controller_2023_b_launch/share/controller_2023_b_launch/hook/cmake_prefix_path.dsv'
[1.120s] INFO:colcon.colcon_core.shell:Creating environment hook '/home/kariya/Git/2023_off_team_b_controller/install/controller_2023_b_launch/share/controller_2023_b_launch/hook/cmake_prefix_path.sh'
[1.120s] Level 1:colcon.colcon_core.environment:checking '/home/kariya/Git/2023_off_team_b_controller/install/controller_2023_b_launch/bin'
[1.120s] Level 1:colcon.colcon_core.environment:checking '/home/kariya/Git/2023_off_team_b_controller/install/controller_2023_b_launch/lib/pkgconfig/controller_2023_b_launch.pc'
[1.120s] Level 1:colcon.colcon_core.environment:checking '/home/kariya/Git/2023_off_team_b_controller/install/controller_2023_b_launch/lib/python3.10/site-packages'
[1.120s] Level 1:colcon.colcon_core.environment:checking '/home/kariya/Git/2023_off_team_b_controller/install/controller_2023_b_launch/bin'
[1.130s] INFO:colcon.colcon_core.shell:Creating package script '/home/kariya/Git/2023_off_team_b_controller/install/controller_2023_b_launch/share/controller_2023_b_launch/package.ps1'
[1.131s] INFO:colcon.colcon_core.shell:Creating package descriptor '/home/kariya/Git/2023_off_team_b_controller/install/controller_2023_b_launch/share/controller_2023_b_launch/package.dsv'
[1.131s] INFO:colcon.colcon_core.shell:Creating package script '/home/kariya/Git/2023_off_team_b_controller/install/controller_2023_b_launch/share/controller_2023_b_launch/package.sh'
[1.132s] INFO:colcon.colcon_core.shell:Creating package script '/home/kariya/Git/2023_off_team_b_controller/install/controller_2023_b_launch/share/controller_2023_b_launch/package.bash'
[1.132s] INFO:colcon.colcon_core.shell:Creating package script '/home/kariya/Git/2023_off_team_b_controller/install/controller_2023_b_launch/share/controller_2023_b_launch/package.zsh'
[1.132s] Level 1:colcon.colcon_core.environment:create_file_with_runtime_dependencies(/home/kariya/Git/2023_off_team_b_controller/install/controller_2023_b_launch/share/colcon-core/packages/controller_2023_b_launch)
[1.214s] DEBUG:colcon.colcon_core.event_handler.log_command:Invoked command in '/home/kariya/Git/2023_off_team_b_controller/build/drobo_interfaces' returned '0': CMAKE_PREFIX_PATH=/opt/ros/humble /usr/bin/cmake --build /home/kariya/Git/2023_off_team_b_controller/build/drobo_interfaces -- -j16 -l16
[1.303s] DEBUG:colcon.colcon_core.event_handler.log_command:Invoking command in '/home/kariya/Git/2023_off_team_b_controller/build/drobo_interfaces': CMAKE_PREFIX_PATH=/opt/ros/humble /usr/bin/cmake --install /home/kariya/Git/2023_off_team_b_controller/build/drobo_interfaces
[1.357s] Level 1:colcon.colcon_core.environment:create_environment_scripts_only(drobo_interfaces)
[1.357s] DEBUG:colcon.colcon_core.event_handler.log_command:Invoked command in '/home/kariya/Git/2023_off_team_b_controller/build/drobo_interfaces' returned '0': CMAKE_PREFIX_PATH=/opt/ros/humble /usr/bin/cmake --install /home/kariya/Git/2023_off_team_b_controller/build/drobo_interfaces
[1.367s] Level 1:colcon.colcon_core.environment:checking '/home/kariya/Git/2023_off_team_b_controller/install/drobo_interfaces' for CMake module files
[1.368s] Level 1:colcon.colcon_core.environment:checking '/home/kariya/Git/2023_off_team_b_controller/install/drobo_interfaces' for CMake config files
[1.369s] Level 1:colcon.colcon_core.shell:create_environment_hook('drobo_interfaces', 'cmake_prefix_path')
[1.379s] INFO:colcon.colcon_core.shell:Creating environment hook '/home/kariya/Git/2023_off_team_b_controller/install/drobo_interfaces/share/drobo_interfaces/hook/cmake_prefix_path.ps1'
[1.379s] INFO:colcon.colcon_core.shell:Creating environment descriptor '/home/kariya/Git/2023_off_team_b_controller/install/drobo_interfaces/share/drobo_interfaces/hook/cmake_prefix_path.dsv'
[1.379s] INFO:colcon.colcon_core.shell:Creating environment hook '/home/kariya/Git/2023_off_team_b_controller/install/drobo_interfaces/share/drobo_interfaces/hook/cmake_prefix_path.sh'
[1.380s] Level 1:colcon.colcon_core.environment:checking '/home/kariya/Git/2023_off_team_b_controller/install/drobo_interfaces/lib'
[1.380s] Level 1:colcon.colcon_core.shell:create_environment_hook('drobo_interfaces', 'ld_library_path_lib')
[1.400s] INFO:colcon.colcon_core.shell:Creating environment hook '/home/kariya/Git/2023_off_team_b_controller/install/drobo_interfaces/share/drobo_interfaces/hook/ld_library_path_lib.ps1'
[1.400s] INFO:colcon.colcon_core.shell:Creating environment descriptor '/home/kariya/Git/2023_off_team_b_controller/install/drobo_interfaces/share/drobo_interfaces/hook/ld_library_path_lib.dsv'
[1.401s] INFO:colcon.colcon_core.shell:Creating environment hook '/home/kariya/Git/2023_off_team_b_controller/install/drobo_interfaces/share/drobo_interfaces/hook/ld_library_path_lib.sh'
[1.401s] Level 1:colcon.colcon_core.environment:checking '/home/kariya/Git/2023_off_team_b_controller/install/drobo_interfaces/bin'
[1.401s] Level 1:colcon.colcon_core.environment:checking '/home/kariya/Git/2023_off_team_b_controller/install/drobo_interfaces/lib/pkgconfig/drobo_interfaces.pc'
[1.401s] Level 1:colcon.colcon_core.environment:checking '/home/kariya/Git/2023_off_team_b_controller/install/drobo_interfaces/lib/python3.10/site-packages'
[1.401s] Level 1:colcon.colcon_core.environment:checking '/home/kariya/Git/2023_off_team_b_controller/install/drobo_interfaces/bin'
[1.412s] INFO:colcon.colcon_core.shell:Creating package script '/home/kariya/Git/2023_off_team_b_controller/install/drobo_interfaces/share/drobo_interfaces/package.ps1'
[1.412s] INFO:colcon.colcon_core.shell:Creating package descriptor '/home/kariya/Git/2023_off_team_b_controller/install/drobo_interfaces/share/drobo_interfaces/package.dsv'
[1.413s] INFO:colcon.colcon_core.shell:Creating package script '/home/kariya/Git/2023_off_team_b_controller/install/drobo_interfaces/share/drobo_interfaces/package.sh'
[1.413s] INFO:colcon.colcon_core.shell:Creating package script '/home/kariya/Git/2023_off_team_b_controller/install/drobo_interfaces/share/drobo_interfaces/package.bash'
[1.413s] INFO:colcon.colcon_core.shell:Creating package script '/home/kariya/Git/2023_off_team_b_controller/install/drobo_interfaces/share/drobo_interfaces/package.zsh'
[1.414s] Level 1:colcon.colcon_core.environment:create_file_with_runtime_dependencies(/home/kariya/Git/2023_off_team_b_controller/install/drobo_interfaces/share/colcon-core/packages/drobo_interfaces)
[1.517s] Level 1:colcon.colcon_core.environment:create_environment_scripts_only(drobo_interfaces)
[1.526s] Level 1:colcon.colcon_core.environment:checking '/home/kariya/Git/2023_off_team_b_controller/install/drobo_interfaces' for CMake module files
[1.527s] Level 1:colcon.colcon_core.environment:checking '/home/kariya/Git/2023_off_team_b_controller/install/drobo_interfaces' for CMake config files
[1.528s] Level 1:colcon.colcon_core.shell:create_environment_hook('drobo_interfaces', 'cmake_prefix_path')
[1.537s] INFO:colcon.colcon_core.shell:Creating environment hook '/home/kariya/Git/2023_off_team_b_controller/install/drobo_interfaces/share/drobo_interfaces/hook/cmake_prefix_path.ps1'
[1.538s] INFO:colcon.colcon_core.shell:Creating environment descriptor '/home/kariya/Git/2023_off_team_b_controller/install/drobo_interfaces/share/drobo_interfaces/hook/cmake_prefix_path.dsv'
[1.538s] INFO:colcon.colcon_core.shell:Creating environment hook '/home/kariya/Git/2023_off_team_b_controller/install/drobo_interfaces/share/drobo_interfaces/hook/cmake_prefix_path.sh'
[1.538s] Level 1:colcon.colcon_core.environment:checking '/home/kariya/Git/2023_off_team_b_controller/install/drobo_interfaces/lib'
[1.538s] Level 1:colcon.colcon_core.shell:create_environment_hook('drobo_interfaces', 'ld_library_path_lib')
[1.548s] INFO:colcon.colcon_core.shell:Creating environment hook '/home/kariya/Git/2023_off_team_b_controller/install/drobo_interfaces/share/drobo_interfaces/hook/ld_library_path_lib.ps1'
[1.548s] INFO:colcon.colcon_core.shell:Creating environment descriptor '/home/kariya/Git/2023_off_team_b_controller/install/drobo_interfaces/share/drobo_interfaces/hook/ld_library_path_lib.dsv'
[1.549s] INFO:colcon.colcon_core.shell:Creating environment hook '/home/kariya/Git/2023_off_team_b_controller/install/drobo_interfaces/share/drobo_interfaces/hook/ld_library_path_lib.sh'
[1.549s] Level 1:colcon.colcon_core.environment:checking '/home/kariya/Git/2023_off_team_b_controller/install/drobo_interfaces/bin'
[1.549s] Level 1:colcon.colcon_core.environment:checking '/home/kariya/Git/2023_off_team_b_controller/install/drobo_interfaces/lib/pkgconfig/drobo_interfaces.pc'
[1.549s] Level 1:colcon.colcon_core.environment:checking '/home/kariya/Git/2023_off_team_b_controller/install/drobo_interfaces/lib/python3.10/site-packages'
[1.549s] Level 1:colcon.colcon_core.environment:checking '/home/kariya/Git/2023_off_team_b_controller/install/drobo_interfaces/bin'
[1.559s] INFO:colcon.colcon_core.shell:Creating package script '/home/kariya/Git/2023_off_team_b_controller/install/drobo_interfaces/share/drobo_interfaces/package.ps1'
[1.559s] INFO:colcon.colcon_core.shell:Creating package descriptor '/home/kariya/Git/2023_off_team_b_controller/install/drobo_interfaces/share/drobo_interfaces/package.dsv'
[1.560s] INFO:colcon.colcon_core.shell:Creating package script '/home/kariya/Git/2023_off_team_b_controller/install/drobo_interfaces/share/drobo_interfaces/package.sh'
[1.560s] INFO:colcon.colcon_core.shell:Creating package script '/home/kariya/Git/2023_off_team_b_controller/install/drobo_interfaces/share/drobo_interfaces/package.bash'
[1.560s] INFO:colcon.colcon_core.shell:Creating package script '/home/kariya/Git/2023_off_team_b_controller/install/drobo_interfaces/share/drobo_interfaces/package.zsh'
[1.561s] Level 1:colcon.colcon_core.environment:create_file_with_runtime_dependencies(/home/kariya/Git/2023_off_team_b_controller/install/drobo_interfaces/share/colcon-core/packages/drobo_interfaces)
[1.561s] INFO:colcon.colcon_ros.task.ament_cmake.build:Building ROS package in '/home/kariya/Git/2023_off_team_b_controller/src/dmotor_ros' with build type 'ament_cmake'
[1.561s] INFO:colcon.colcon_cmake.task.cmake.build:Building CMake package in '/home/kariya/Git/2023_off_team_b_controller/src/dmotor_ros'
[1.571s] INFO:colcon.colcon_core.shell:Skip shell extension 'powershell' for command environment: Not usable outside of PowerShell
[1.571s] DEBUG:colcon.colcon_core.shell:Skip shell extension 'dsv' for command environment
[1.593s] INFO:colcon.colcon_cargo.task.cargo.build:Building Cargo package in '/home/kariya/Git/2023_off_team_b_controller/src/swerve_drive_control'
[1.603s] INFO:colcon.colcon_core.shell:Skip shell extension 'powershell' for command environment: Not usable outside of PowerShell
[1.604s] DEBUG:colcon.colcon_core.shell:Skip shell extension 'dsv' for command environment
[1.637s] DEBUG:colcon.colcon_core.event_handler.log_command:Invoking command in '/home/kariya/Git/2023_off_team_b_controller/build/dmotor_ros': AMENT_PREFIX_PATH=/home/kariya/Git/2023_off_team_b_controller/install/drobo_interfaces:${AMENT_PREFIX_PATH} CMAKE_PREFIX_PATH=/home/kariya/Git/2023_off_team_b_controller/install/drobo_interfaces:/opt/ros/humble LD_LIBRARY_PATH=/home/kariya/Git/2023_off_team_b_controller/install/drobo_interfaces/lib:${LD_LIBRARY_PATH} PYTHONPATH=/home/kariya/Git/2023_off_team_b_controller/install/drobo_interfaces/local/lib/python3.10/dist-packages:${PYTHONPATH} /usr/bin/cmake --build /home/kariya/Git/2023_off_team_b_controller/build/dmotor_ros -- -j16 -l16
[1.638s] Level 1:colcon.colcon_core.shell:create_environment_hook('swerve_drive_control', 'ament_prefix_path')
[1.649s] INFO:colcon.colcon_core.shell:Creating environment hook '/home/kariya/Git/2023_off_team_b_controller/install/swerve_drive_control/share/swerve_drive_control/hook/ament_prefix_path.ps1'
[1.649s] INFO:colcon.colcon_core.shell:Creating environment descriptor '/home/kariya/Git/2023_off_team_b_controller/install/swerve_drive_control/share/swerve_drive_control/hook/ament_prefix_path.dsv'
[1.650s] INFO:colcon.colcon_core.shell:Creating environment hook '/home/kariya/Git/2023_off_team_b_controller/install/swerve_drive_control/share/swerve_drive_control/hook/ament_prefix_path.sh'
[1.651s] DEBUG:colcon.colcon_core.event_handler.log_command:Invoking command in 'src/swerve_drive_control': AMENT_PREFIX_PATH=/home/kariya/Git/2023_off_team_b_controller/install/drobo_interfaces:${AMENT_PREFIX_PATH} CMAKE_PREFIX_PATH=/home/kariya/Git/2023_off_team_b_controller/install/drobo_interfaces LD_LIBRARY_PATH=/home/kariya/Git/2023_off_team_b_controller/install/drobo_interfaces/lib:${LD_LIBRARY_PATH} PYTHONPATH=/home/kariya/Git/2023_off_team_b_controller/install/drobo_interfaces/local/lib/python3.10/dist-packages:${PYTHONPATH} /home/kariya/.cargo/bin/cargo ament-build --install-base /home/kariya/Git/2023_off_team_b_controller/install/swerve_drive_control -- --manifest-path /home/kariya/Git/2023_off_team_b_controller/src/swerve_drive_control/Cargo.toml --target-dir /home/kariya/Git/2023_off_team_b_controller/build/swerve_drive_control --quiet --release
[1.744s] Level 1:colcon.colcon_core.environment:create_environment_scripts_only(swerve_drive_control)
[1.745s] DEBUG:colcon.colcon_core.event_handler.log_command:Invoked command in 'src/swerve_drive_control' returned '0': AMENT_PREFIX_PATH=/home/kariya/Git/2023_off_team_b_controller/install/drobo_interfaces:${AMENT_PREFIX_PATH} CMAKE_PREFIX_PATH=/home/kariya/Git/2023_off_team_b_controller/install/drobo_interfaces LD_LIBRARY_PATH=/home/kariya/Git/2023_off_team_b_controller/install/drobo_interfaces/lib:${LD_LIBRARY_PATH} PYTHONPATH=/home/kariya/Git/2023_off_team_b_controller/install/drobo_interfaces/local/lib/python3.10/dist-packages:${PYTHONPATH} /home/kariya/.cargo/bin/cargo ament-build --install-base /home/kariya/Git/2023_off_team_b_controller/install/swerve_drive_control -- --manifest-path /home/kariya/Git/2023_off_team_b_controller/src/swerve_drive_control/Cargo.toml --target-dir /home/kariya/Git/2023_off_team_b_controller/build/swerve_drive_control --quiet --release
[1.755s] Level 1:colcon.colcon_core.environment:checking '/home/kariya/Git/2023_off_team_b_controller/install/swerve_drive_control' for CMake module files
[1.755s] Level 1:colcon.colcon_core.environment:checking '/home/kariya/Git/2023_off_team_b_controller/install/swerve_drive_control' for CMake config files
[1.756s] Level 1:colcon.colcon_core.environment:checking '/home/kariya/Git/2023_off_team_b_controller/install/swerve_drive_control/lib'
[1.756s] Level 1:colcon.colcon_core.environment:checking '/home/kariya/Git/2023_off_team_b_controller/install/swerve_drive_control/bin'
[1.756s] Level 1:colcon.colcon_core.environment:checking '/home/kariya/Git/2023_off_team_b_controller/install/swerve_drive_control/lib/pkgconfig/swerve_drive_control.pc'
[1.756s] Level 1:colcon.colcon_core.environment:checking '/home/kariya/Git/2023_off_team_b_controller/install/swerve_drive_control/lib/python3.10/site-packages'
[1.756s] Level 1:colcon.colcon_core.environment:checking '/home/kariya/Git/2023_off_team_b_controller/install/swerve_drive_control/bin'
[1.767s] INFO:colcon.colcon_core.shell:Creating package script '/home/kariya/Git/2023_off_team_b_controller/install/swerve_drive_control/share/swerve_drive_control/package.ps1'
[1.767s] INFO:colcon.colcon_core.shell:Creating package descriptor '/home/kariya/Git/2023_off_team_b_controller/install/swerve_drive_control/share/swerve_drive_control/package.dsv'
[1.767s] INFO:colcon.colcon_core.shell:Creating package script '/home/kariya/Git/2023_off_team_b_controller/install/swerve_drive_control/share/swerve_drive_control/package.sh'
[1.768s] INFO:colcon.colcon_core.shell:Creating package script '/home/kariya/Git/2023_off_team_b_controller/install/swerve_drive_control/share/swerve_drive_control/package.bash'
[1.768s] INFO:colcon.colcon_core.shell:Creating package script '/home/kariya/Git/2023_off_team_b_controller/install/swerve_drive_control/share/swerve_drive_control/package.zsh'
[1.768s] Level 1:colcon.colcon_core.environment:create_file_with_runtime_dependencies(/home/kariya/Git/2023_off_team_b_controller/install/swerve_drive_control/share/colcon-core/packages/swerve_drive_control)
[9.327s] DEBUG:colcon.colcon_core.event_handler.log_command:Invoked command in '/home/kariya/Git/2023_off_team_b_controller/build/dmotor_ros' returned '0': AMENT_PREFIX_PATH=/home/kariya/Git/2023_off_team_b_controller/install/drobo_interfaces:${AMENT_PREFIX_PATH} CMAKE_PREFIX_PATH=/home/kariya/Git/2023_off_team_b_controller/install/drobo_interfaces:/opt/ros/humble LD_LIBRARY_PATH=/home/kariya/Git/2023_off_team_b_controller/install/drobo_interfaces/lib:${LD_LIBRARY_PATH} PYTHONPATH=/home/kariya/Git/2023_off_team_b_controller/install/drobo_interfaces/local/lib/python3.10/dist-packages:${PYTHONPATH} /usr/bin/cmake --build /home/kariya/Git/2023_off_team_b_controller/build/dmotor_ros -- -j16 -l16
[9.347s] DEBUG:colcon.colcon_core.event_handler.log_command:Invoking command in '/home/kariya/Git/2023_off_team_b_controller/build/dmotor_ros': AMENT_PREFIX_PATH=/home/kariya/Git/2023_off_team_b_controller/install/drobo_interfaces:${AMENT_PREFIX_PATH} CMAKE_PREFIX_PATH=/home/kariya/Git/2023_off_team_b_controller/install/drobo_interfaces:/opt/ros/humble LD_LIBRARY_PATH=/home/kariya/Git/2023_off_team_b_controller/install/drobo_interfaces/lib:${LD_LIBRARY_PATH} PYTHONPATH=/home/kariya/Git/2023_off_team_b_controller/install/drobo_interfaces/local/lib/python3.10/dist-packages:${PYTHONPATH} /usr/bin/cmake --install /home/kariya/Git/2023_off_team_b_controller/build/dmotor_ros
[9.399s] Level 1:colcon.colcon_core.environment:create_environment_scripts_only(dmotor_ros)
[9.400s] DEBUG:colcon.colcon_core.event_handler.log_command:Invoked command in '/home/kariya/Git/2023_off_team_b_controller/build/dmotor_ros' returned '0': AMENT_PREFIX_PATH=/home/kariya/Git/2023_off_team_b_controller/install/drobo_interfaces:${AMENT_PREFIX_PATH} CMAKE_PREFIX_PATH=/home/kariya/Git/2023_off_team_b_controller/install/drobo_interfaces:/opt/ros/humble LD_LIBRARY_PATH=/home/kariya/Git/2023_off_team_b_controller/install/drobo_interfaces/lib:${LD_LIBRARY_PATH} PYTHONPATH=/home/kariya/Git/2023_off_team_b_controller/install/drobo_interfaces/local/lib/python3.10/dist-packages:${PYTHONPATH} /usr/bin/cmake --install /home/kariya/Git/2023_off_team_b_controller/build/dmotor_ros
[9.409s] Level 1:colcon.colcon_core.environment:checking '/home/kariya/Git/2023_off_team_b_controller/install/dmotor_ros' for CMake module files
[9.410s] Level 1:colcon.colcon_core.environment:checking '/home/kariya/Git/2023_off_team_b_controller/install/dmotor_ros' for CMake config files
[9.410s] Level 1:colcon.colcon_core.shell:create_environment_hook('dmotor_ros', 'cmake_prefix_path')
[9.419s] INFO:colcon.colcon_core.shell:Creating environment hook '/home/kariya/Git/2023_off_team_b_controller/install/dmotor_ros/share/dmotor_ros/hook/cmake_prefix_path.ps1'
[9.419s] INFO:colcon.colcon_core.shell:Creating environment descriptor '/home/kariya/Git/2023_off_team_b_controller/install/dmotor_ros/share/dmotor_ros/hook/cmake_prefix_path.dsv'
[9.420s] INFO:colcon.colcon_core.shell:Creating environment hook '/home/kariya/Git/2023_off_team_b_controller/install/dmotor_ros/share/dmotor_ros/hook/cmake_prefix_path.sh'
[9.420s] Level 1:colcon.colcon_core.environment:checking '/home/kariya/Git/2023_off_team_b_controller/install/dmotor_ros/lib'
[9.420s] Level 1:colcon.colcon_core.environment:checking '/home/kariya/Git/2023_off_team_b_controller/install/dmotor_ros/bin'
[9.420s] Level 1:colcon.colcon_core.environment:checking '/home/kariya/Git/2023_off_team_b_controller/install/dmotor_ros/lib/pkgconfig/dmotor_ros.pc'
[9.420s] Level 1:colcon.colcon_core.environment:checking '/home/kariya/Git/2023_off_team_b_controller/install/dmotor_ros/lib/python3.10/site-packages'
[9.420s] Level 1:colcon.colcon_core.environment:checking '/home/kariya/Git/2023_off_team_b_controller/install/dmotor_ros/bin'
[9.430s] INFO:colcon.colcon_core.shell:Creating package script '/home/kariya/Git/2023_off_team_b_controller/install/dmotor_ros/share/dmotor_ros/package.ps1'
[9.430s] INFO:colcon.colcon_core.shell:Creating package descriptor '/home/kariya/Git/2023_off_team_b_controller/install/dmotor_ros/share/dmotor_ros/package.dsv'
[9.430s] INFO:colcon.colcon_core.shell:Creating package script '/home/kariya/Git/2023_off_team_b_controller/install/dmotor_ros/share/dmotor_ros/package.sh'
[9.430s] INFO:colcon.colcon_core.shell:Creating package script '/home/kariya/Git/2023_off_team_b_controller/install/dmotor_ros/share/dmotor_ros/package.bash'
[9.431s] INFO:colcon.colcon_core.shell:Creating package script '/home/kariya/Git/2023_off_team_b_controller/install/dmotor_ros/share/dmotor_ros/package.zsh'
[9.431s] Level 1:colcon.colcon_core.environment:create_file_with_runtime_dependencies(/home/kariya/Git/2023_off_team_b_controller/install/dmotor_ros/share/colcon-core/packages/dmotor_ros)
[9.459s] Level 1:colcon.colcon_core.environment:create_environment_scripts_only(dmotor_ros)
[9.469s] Level 1:colcon.colcon_core.environment:checking '/home/kariya/Git/2023_off_team_b_controller/install/dmotor_ros' for CMake module files
[9.469s] Level 1:colcon.colcon_core.environment:checking '/home/kariya/Git/2023_off_team_b_controller/install/dmotor_ros' for CMake config files
[9.469s] Level 1:colcon.colcon_core.shell:create_environment_hook('dmotor_ros', 'cmake_prefix_path')
[9.479s] INFO:colcon.colcon_core.shell:Creating environment hook '/home/kariya/Git/2023_off_team_b_controller/install/dmotor_ros/share/dmotor_ros/hook/cmake_prefix_path.ps1'
[9.479s] INFO:colcon.colcon_core.shell:Creating environment descriptor '/home/kariya/Git/2023_off_team_b_controller/install/dmotor_ros/share/dmotor_ros/hook/cmake_prefix_path.dsv'
[9.479s] INFO:colcon.colcon_core.shell:Creating environment hook '/home/kariya/Git/2023_off_team_b_controller/install/dmotor_ros/share/dmotor_ros/hook/cmake_prefix_path.sh'
[9.480s] Level 1:colcon.colcon_core.environment:checking '/home/kariya/Git/2023_off_team_b_controller/install/dmotor_ros/lib'
[9.480s] Level 1:colcon.colcon_core.environment:checking '/home/kariya/Git/2023_off_team_b_controller/install/dmotor_ros/bin'
[9.480s] Level 1:colcon.colcon_core.environment:checking '/home/kariya/Git/2023_off_team_b_controller/install/dmotor_ros/lib/pkgconfig/dmotor_ros.pc'
[9.480s] Level 1:colcon.colcon_core.environment:checking '/home/kariya/Git/2023_off_team_b_controller/install/dmotor_ros/lib/python3.10/site-packages'
[9.480s] Level 1:colcon.colcon_core.environment:checking '/home/kariya/Git/2023_off_team_b_controller/install/dmotor_ros/bin'
[9.490s] INFO:colcon.colcon_core.shell:Creating package script '/home/kariya/Git/2023_off_team_b_controller/install/dmotor_ros/share/dmotor_ros/package.ps1'
[9.490s] INFO:colcon.colcon_core.shell:Creating package descriptor '/home/kariya/Git/2023_off_team_b_controller/install/dmotor_ros/share/dmotor_ros/package.dsv'
[9.490s] INFO:colcon.colcon_core.shell:Creating package script '/home/kariya/Git/2023_off_team_b_controller/install/dmotor_ros/share/dmotor_ros/package.sh'
[9.490s] INFO:colcon.colcon_core.shell:Creating package script '/home/kariya/Git/2023_off_team_b_controller/install/dmotor_ros/share/dmotor_ros/package.bash'
[9.491s] INFO:colcon.colcon_core.shell:Creating package script '/home/kariya/Git/2023_off_team_b_controller/install/dmotor_ros/share/dmotor_ros/package.zsh'
[9.491s] Level 1:colcon.colcon_core.environment:create_file_with_runtime_dependencies(/home/kariya/Git/2023_off_team_b_controller/install/dmotor_ros/share/colcon-core/packages/dmotor_ros)
[9.491s] DEBUG:colcon.colcon_parallel_executor.executor.parallel:closing loop
[9.492s] DEBUG:colcon.colcon_parallel_executor.executor.parallel:loop closed
[9.492s] DEBUG:colcon.colcon_parallel_executor.executor.parallel:run_until_complete finished with '0'
[9.492s] DEBUG:colcon.colcon_core.event_reactor:joining thread
[9.505s] INFO:colcon.colcon_core.plugin_system:Skipping extension 'colcon_notification.desktop_notification.terminal_notifier': Not used on non-Darwin systems
[9.505s] INFO:colcon.colcon_core.plugin_system:Skipping extension 'colcon_notification.desktop_notification.win32': Not used on non-Windows systems
[9.505s] INFO:colcon.colcon_notification.desktop_notification:Sending desktop notification using 'notify2'
[9.515s] DEBUG:colcon.colcon_core.event_reactor:joined thread
[9.525s] INFO:colcon.colcon_core.shell:Creating prefix script '/home/kariya/Git/2023_off_team_b_controller/install/local_setup.ps1'
[9.526s] INFO:colcon.colcon_core.shell:Creating prefix util module '/home/kariya/Git/2023_off_team_b_controller/install/_local_setup_util_ps1.py'
[9.526s] INFO:colcon.colcon_core.shell:Creating prefix chain script '/home/kariya/Git/2023_off_team_b_controller/install/setup.ps1'
[9.536s] INFO:colcon.colcon_core.shell:Creating prefix script '/home/kariya/Git/2023_off_team_b_controller/install/local_setup.sh'
[9.537s] INFO:colcon.colcon_core.shell:Creating prefix util module '/home/kariya/Git/2023_off_team_b_controller/install/_local_setup_util_sh.py'
[9.537s] INFO:colcon.colcon_core.shell:Creating prefix chain script '/home/kariya/Git/2023_off_team_b_controller/install/setup.sh'
[9.547s] INFO:colcon.colcon_core.shell:Creating prefix script '/home/kariya/Git/2023_off_team_b_controller/install/local_setup.bash'
[9.547s] INFO:colcon.colcon_core.shell:Creating prefix chain script '/home/kariya/Git/2023_off_team_b_controller/install/setup.bash'
[9.557s] INFO:colcon.colcon_core.shell:Creating prefix script '/home/kariya/Git/2023_off_team_b_controller/install/local_setup.zsh'
[9.557s] INFO:colcon.colcon_core.shell:Creating prefix chain script '/home/kariya/Git/2023_off_team_b_controller/install/setup.zsh'
