[0.086s] Invoking command in '/home/kariya/Git/2023_off_team_b_controller/build/drobo_interfaces': CMAKE_PREFIX_PATH=${CMAKE_PREFIX_PATH}:/home/kariya/Git/2023_off_team_b_controller/install/swerve_drive_control:/opt/ros/humble /usr/bin/cmake /home/kariya/Git/2023_off_team_b_controller/src/drobo_interfaces -DAMENT_CMAKE_SYMLINK_INSTALL=1 -DCMAKE_INSTALL_PREFIX=/home/kariya/Git/2023_off_team_b_controller/install/drobo_interfaces
[0.126s] -- The C compiler identification is GNU 11.4.0
[0.170s] -- The CXX compiler identification is GNU 11.4.0
[0.178s] -- Detecting C compiler ABI info
[0.224s] -- Detecting C compiler ABI info - done
[0.229s] -- Check for working C compiler: /usr/bin/cc - skipped
[0.229s] -- Detecting C compile features
[0.230s] -- Detecting C compile features - done
[0.232s] -- Detecting CXX compiler ABI info
[0.287s] -- Detecting CXX compiler ABI info - done
[0.293s] -- Check for working CXX compiler: /usr/bin/c++ - skipped
[0.293s] -- Detecting CXX compile features
[0.293s] -- Detecting CXX compile features - done
[0.295s] -- Found ament_cmake: 1.3.6 (/opt/ros/humble/share/ament_cmake/cmake)
[0.556s] -- Found Python3: /usr/bin/python3.10 (found version "3.10.12") found components: Interpreter 
[0.599s] -- Override CMake install command with custom implementation using symlinks instead of copying resources
[0.618s] -- Found rosidl_default_generators: 1.2.0 (/opt/ros/humble/share/rosidl_default_generators/cmake)
[0.620s] -- Using all available rosidl_typesupport_c: rosidl_typesupport_fastrtps_c;rosidl_typesupport_introspection_c
[0.626s] -- Found rosidl_adapter: 3.1.5 (/opt/ros/humble/share/rosidl_adapter/cmake)
[0.656s] -- Using all available rosidl_typesupport_cpp: rosidl_typesupport_fastrtps_cpp;rosidl_typesupport_introspection_cpp
[0.826s] -- Found ament_cmake_ros: 0.10.0 (/opt/ros/humble/share/ament_cmake_ros/cmake)
[0.898s] -- Using all available rosidl_typesupport_c: rosidl_typesupport_fastrtps_c;rosidl_typesupport_introspection_c
[0.984s] -- Using all available rosidl_typesupport_cpp: rosidl_typesupport_fastrtps_cpp;rosidl_typesupport_introspection_cpp
[1.001s] -- Found PythonInterp: /usr/bin/python3 (found suitable version "3.10.12", minimum required is "3.6") 
[1.002s] -- Found python_cmake_module: 0.10.0 (/opt/ros/humble/share/python_cmake_module/cmake)
[1.023s] -- Found PythonLibs: /usr/lib/x86_64-linux-gnu/libpython3.10.so (found suitable version "3.10.12", minimum required is "3.5") 
[1.023s] -- Using PYTHON_EXECUTABLE: /usr/bin/python3
[1.023s] -- Using PYTHON_INCLUDE_DIRS: /usr/include/python3.10
[1.023s] -- Using PYTHON_LIBRARIES: /usr/lib/x86_64-linux-gnu/libpython3.10.so
[1.038s] -- Found PythonExtra: .so  
[1.066s] -- Found ament_lint_auto: 0.12.9 (/opt/ros/humble/share/ament_lint_auto/cmake)
[1.084s] -- Added test 'copyright' to check source files copyright and LICENSE
[1.091s] -- Added test 'lint_cmake' to check CMake code style
[1.095s] -- Added test 'xmllint' to check XML markup files
[1.098s] -- Configuring done
[1.128s] -- Generating done
[1.131s] -- Build files have been written to: /home/kariya/Git/2023_off_team_b_controller/build/drobo_interfaces
[1.137s] Invoked command in '/home/kariya/Git/2023_off_team_b_controller/build/drobo_interfaces' returned '0': CMAKE_PREFIX_PATH=${CMAKE_PREFIX_PATH}:/home/kariya/Git/2023_off_team_b_controller/install/swerve_drive_control:/opt/ros/humble /usr/bin/cmake /home/kariya/Git/2023_off_team_b_controller/src/drobo_interfaces -DAMENT_CMAKE_SYMLINK_INSTALL=1 -DCMAKE_INSTALL_PREFIX=/home/kariya/Git/2023_off_team_b_controller/install/drobo_interfaces
[1.138s] Invoking command in '/home/kariya/Git/2023_off_team_b_controller/build/drobo_interfaces': CMAKE_PREFIX_PATH=${CMAKE_PREFIX_PATH}:/home/kariya/Git/2023_off_team_b_controller/install/swerve_drive_control:/opt/ros/humble /usr/bin/cmake --build /home/kariya/Git/2023_off_team_b_controller/build/drobo_interfaces -- -j16 -l16
[1.157s] [  2%] [34m[1mGenerating C code for ROS interfaces[0m
[1.161s] [  4%] [34m[1mGenerating C++ code for ROS interfaces[0m
[1.165s] [  4%] Built target ament_cmake_python_symlink_drobo_interfaces
[1.344s] running egg_info
[1.345s] creating drobo_interfaces.egg-info
[1.345s] writing drobo_interfaces.egg-info/PKG-INFO
[1.345s] writing dependency_links to drobo_interfaces.egg-info/dependency_links.txt
[1.345s] writing top-level names to drobo_interfaces.egg-info/top_level.txt
[1.345s] writing manifest file 'drobo_interfaces.egg-info/SOURCES.txt'
[1.346s] reading manifest file 'drobo_interfaces.egg-info/SOURCES.txt'
[1.347s] writing manifest file 'drobo_interfaces.egg-info/SOURCES.txt'
[1.366s] [  4%] Built target ament_cmake_python_build_drobo_interfaces_egg
[1.480s] [  4%] Built target drobo_interfaces__cpp
[1.485s] [  8%] [32mBuilding C object CMakeFiles/drobo_interfaces__rosidl_generator_c.dir/rosidl_generator_c/drobo_interfaces/msg/detail/md_lib_msg__functions.c.o[0m
[1.485s] [  8%] [34m[1mGenerating C++ type support dispatch for ROS interfaces[0m
[1.485s] [ 10%] [32mBuilding C object CMakeFiles/drobo_interfaces__rosidl_generator_c.dir/rosidl_generator_c/drobo_interfaces/msg/detail/sd_lib_msg__functions.c.o[0m
[1.486s] [ 12%] [32mBuilding C object CMakeFiles/drobo_interfaces__rosidl_generator_c.dir/rosidl_generator_c/drobo_interfaces/srv/detail/solenoid_state_srv__functions.c.o[0m
[1.486s] [ 14%] [34m[1mGenerating C++ type support for eProsima Fast-RTPS[0m
[1.486s] [ 17%] [34m[1mGenerating C++ introspection for ROS interfaces[0m
[1.531s] [ 19%] [32m[1mLinking C shared library libdrobo_interfaces__rosidl_generator_c.so[0m
[1.556s] [ 19%] Built target drobo_interfaces__rosidl_generator_c
[1.562s] [ 23%] [34m[1mGenerating C introspection for ROS interfaces[0m
[1.562s] [ 23%] [34m[1mGenerating C type support for eProsima Fast-RTPS[0m
[1.562s] [ 25%] [34m[1mGenerating C type support dispatch for ROS interfaces[0m
[1.790s] [ 31%] [32mBuilding CXX object CMakeFiles/drobo_interfaces__rosidl_typesupport_cpp.dir/rosidl_typesupport_cpp/drobo_interfaces/msg/md_lib_msg__type_support.cpp.o[0m
[1.790s] [ 31%] [32mBuilding CXX object CMakeFiles/drobo_interfaces__rosidl_typesupport_cpp.dir/rosidl_typesupport_cpp/drobo_interfaces/msg/sd_lib_msg__type_support.cpp.o[0m
[1.790s] [ 31%] [32mBuilding CXX object CMakeFiles/drobo_interfaces__rosidl_typesupport_cpp.dir/rosidl_typesupport_cpp/drobo_interfaces/srv/solenoid_state_srv__type_support.cpp.o[0m
[1.822s] [ 34%] [32mBuilding CXX object CMakeFiles/drobo_interfaces__rosidl_typesupport_introspection_cpp.dir/rosidl_typesupport_introspection_cpp/drobo_interfaces/msg/detail/md_lib_msg__type_support.cpp.o[0m
[1.822s] [ 36%] [32mBuilding CXX object CMakeFiles/drobo_interfaces__rosidl_typesupport_introspection_cpp.dir/rosidl_typesupport_introspection_cpp/drobo_interfaces/msg/detail/sd_lib_msg__type_support.cpp.o[0m
[1.823s] [ 38%] [32mBuilding CXX object CMakeFiles/drobo_interfaces__rosidl_typesupport_introspection_cpp.dir/rosidl_typesupport_introspection_cpp/drobo_interfaces/srv/detail/solenoid_state_srv__type_support.cpp.o[0m
[1.853s] [ 40%] [32mBuilding CXX object CMakeFiles/drobo_interfaces__rosidl_typesupport_fastrtps_cpp.dir/rosidl_typesupport_fastrtps_cpp/drobo_interfaces/msg/detail/dds_fastrtps/md_lib_msg__type_support.cpp.o[0m
[1.854s] [ 42%] [32mBuilding CXX object CMakeFiles/drobo_interfaces__rosidl_typesupport_fastrtps_cpp.dir/rosidl_typesupport_fastrtps_cpp/drobo_interfaces/msg/detail/dds_fastrtps/sd_lib_msg__type_support.cpp.o[0m
[1.854s] [ 44%] [32mBuilding CXX object CMakeFiles/drobo_interfaces__rosidl_typesupport_fastrtps_cpp.dir/rosidl_typesupport_fastrtps_cpp/drobo_interfaces/srv/detail/dds_fastrtps/solenoid_state_srv__type_support.cpp.o[0m
[1.907s] [ 51%] [32mBuilding CXX object CMakeFiles/drobo_interfaces__rosidl_typesupport_c.dir/rosidl_typesupport_c/drobo_interfaces/msg/sd_lib_msg__type_support.cpp.o[0m
[1.908s] [ 51%] [32mBuilding CXX object CMakeFiles/drobo_interfaces__rosidl_typesupport_c.dir/rosidl_typesupport_c/drobo_interfaces/msg/md_lib_msg__type_support.cpp.o[0m
[1.908s] [ 51%] [32mBuilding CXX object CMakeFiles/drobo_interfaces__rosidl_typesupport_c.dir/rosidl_typesupport_c/drobo_interfaces/srv/solenoid_state_srv__type_support.cpp.o[0m
[1.937s] [ 55%] [32mBuilding C object CMakeFiles/drobo_interfaces__rosidl_typesupport_introspection_c.dir/rosidl_typesupport_introspection_c/drobo_interfaces/msg/detail/sd_lib_msg__type_support.c.o[0m
[1.938s] [ 55%] [32mBuilding C object CMakeFiles/drobo_interfaces__rosidl_typesupport_introspection_c.dir/rosidl_typesupport_introspection_c/drobo_interfaces/msg/detail/md_lib_msg__type_support.c.o[0m
[1.940s] [ 57%] [32mBuilding C object CMakeFiles/drobo_interfaces__rosidl_typesupport_introspection_c.dir/rosidl_typesupport_introspection_c/drobo_interfaces/srv/detail/solenoid_state_srv__type_support.c.o[0m
[1.954s] [ 59%] [32m[1mLinking CXX shared library libdrobo_interfaces__rosidl_typesupport_c.so[0m
[1.998s] [ 61%] [32m[1mLinking C shared library libdrobo_interfaces__rosidl_typesupport_introspection_c.so[0m
[2.016s] [ 63%] [32mBuilding CXX object CMakeFiles/drobo_interfaces__rosidl_typesupport_fastrtps_c.dir/rosidl_typesupport_fastrtps_c/drobo_interfaces/msg/detail/md_lib_msg__type_support_c.cpp.o[0m
[2.022s] [ 68%] [32mBuilding CXX object CMakeFiles/drobo_interfaces__rosidl_typesupport_fastrtps_c.dir/rosidl_typesupport_fastrtps_c/drobo_interfaces/srv/detail/solenoid_state_srv__type_support_c.cpp.o[0m
[2.025s] [ 65%] [32mBuilding CXX object CMakeFiles/drobo_interfaces__rosidl_typesupport_fastrtps_c.dir/rosidl_typesupport_fastrtps_c/drobo_interfaces/msg/detail/sd_lib_msg__type_support_c.cpp.o[0m
[2.037s] [ 68%] Built target drobo_interfaces__rosidl_typesupport_c
[2.041s] [ 68%] Built target drobo_interfaces__rosidl_typesupport_introspection_c
[2.139s] [ 70%] [32m[1mLinking CXX shared library libdrobo_interfaces__rosidl_typesupport_cpp.so[0m
[2.173s] [ 70%] Built target drobo_interfaces__rosidl_typesupport_cpp
[2.334s] [ 72%] [32m[1mLinking CXX shared library libdrobo_interfaces__rosidl_typesupport_introspection_cpp.so[0m
[2.399s] [ 72%] Built target drobo_interfaces__rosidl_typesupport_introspection_cpp
[2.400s] [ 74%] [32m[1mLinking CXX shared library libdrobo_interfaces__rosidl_typesupport_fastrtps_c.so[0m
[2.408s] [ 76%] [32m[1mLinking CXX shared library libdrobo_interfaces__rosidl_typesupport_fastrtps_cpp.so[0m
[2.459s] [ 76%] Built target drobo_interfaces__rosidl_typesupport_fastrtps_c
[2.467s] [ 76%] Built target drobo_interfaces__rosidl_typesupport_fastrtps_cpp
[2.477s] [ 76%] Built target drobo_interfaces
[2.486s] [ 78%] [34m[1mGenerating Python code for ROS interfaces[0m
[2.954s] [ 78%] Built target drobo_interfaces__py
[2.964s] [ 80%] [32mBuilding C object CMakeFiles/drobo_interfaces__rosidl_generator_py.dir/rosidl_generator_py/drobo_interfaces/msg/_md_lib_msg_s.c.o[0m
[2.964s] [ 82%] [32mBuilding C object CMakeFiles/drobo_interfaces__rosidl_generator_py.dir/rosidl_generator_py/drobo_interfaces/msg/_sd_lib_msg_s.c.o[0m
[2.964s] [ 85%] [32mBuilding C object CMakeFiles/drobo_interfaces__rosidl_generator_py.dir/rosidl_generator_py/drobo_interfaces/srv/_solenoid_state_srv_s.c.o[0m
[3.045s] [ 87%] [32m[1mLinking C shared library rosidl_generator_py/drobo_interfaces/libdrobo_interfaces__rosidl_generator_py.so[0m
[3.068s] [ 87%] Built target drobo_interfaces__rosidl_generator_py
[3.078s] [ 89%] [32mBuilding C object CMakeFiles/drobo_interfaces__rosidl_typesupport_fastrtps_c__pyext.dir/rosidl_generator_py/drobo_interfaces/_drobo_interfaces_s.ep.rosidl_typesupport_fastrtps_c.c.o[0m
[3.078s] [ 93%] [32mBuilding C object CMakeFiles/drobo_interfaces__rosidl_typesupport_introspection_c__pyext.dir/rosidl_generator_py/drobo_interfaces/_drobo_interfaces_s.ep.rosidl_typesupport_introspection_c.c.o[0m
[3.078s] [ 93%] [32mBuilding C object CMakeFiles/drobo_interfaces__rosidl_typesupport_c__pyext.dir/rosidl_generator_py/drobo_interfaces/_drobo_interfaces_s.ep.rosidl_typesupport_c.c.o[0m
[3.153s] [ 95%] [32m[1mLinking C shared library rosidl_generator_py/drobo_interfaces/drobo_interfaces_s__rosidl_typesupport_c.cpython-310-x86_64-linux-gnu.so[0m
[3.153s] [ 97%] [32m[1mLinking C shared library rosidl_generator_py/drobo_interfaces/drobo_interfaces_s__rosidl_typesupport_introspection_c.cpython-310-x86_64-linux-gnu.so[0m
[3.157s] [100%] [32m[1mLinking C shared library rosidl_generator_py/drobo_interfaces/drobo_interfaces_s__rosidl_typesupport_fastrtps_c.cpython-310-x86_64-linux-gnu.so[0m
[3.173s] [100%] Built target drobo_interfaces__rosidl_typesupport_introspection_c__pyext
[3.173s] [100%] Built target drobo_interfaces__rosidl_typesupport_c__pyext
[3.177s] [100%] Built target drobo_interfaces__rosidl_typesupport_fastrtps_c__pyext
[3.183s] Invoked command in '/home/kariya/Git/2023_off_team_b_controller/build/drobo_interfaces' returned '0': CMAKE_PREFIX_PATH=${CMAKE_PREFIX_PATH}:/home/kariya/Git/2023_off_team_b_controller/install/swerve_drive_control:/opt/ros/humble /usr/bin/cmake --build /home/kariya/Git/2023_off_team_b_controller/build/drobo_interfaces -- -j16 -l16
[3.271s] Invoking command in '/home/kariya/Git/2023_off_team_b_controller/build/drobo_interfaces': CMAKE_PREFIX_PATH=${CMAKE_PREFIX_PATH}:/home/kariya/Git/2023_off_team_b_controller/install/swerve_drive_control:/opt/ros/humble /usr/bin/cmake --install /home/kariya/Git/2023_off_team_b_controller/build/drobo_interfaces
[3.274s] -- Install configuration: ""
[3.274s] -- Execute custom install script
[3.275s] -- Symlinking: /home/kariya/Git/2023_off_team_b_controller/install/drobo_interfaces/share/ament_index/resource_index/rosidl_interfaces/drobo_interfaces
[3.278s] -- Symlinking: /home/kariya/Git/2023_off_team_b_controller/install/drobo_interfaces/include/drobo_interfaces/drobo_interfaces/msg/detail/md_lib_msg__functions.h
[3.281s] -- Symlinking: /home/kariya/Git/2023_off_team_b_controller/install/drobo_interfaces/include/drobo_interfaces/drobo_interfaces/msg/detail/md_lib_msg__struct.h
[3.284s] -- Symlinking: /home/kariya/Git/2023_off_team_b_controller/install/drobo_interfaces/include/drobo_interfaces/drobo_interfaces/msg/detail/md_lib_msg__type_support.h
[3.287s] -- Symlinking: /home/kariya/Git/2023_off_team_b_controller/install/drobo_interfaces/include/drobo_interfaces/drobo_interfaces/msg/detail/sd_lib_msg__functions.h
[3.290s] -- Symlinking: /home/kariya/Git/2023_off_team_b_controller/install/drobo_interfaces/include/drobo_interfaces/drobo_interfaces/msg/detail/sd_lib_msg__struct.h
[3.292s] -- Symlinking: /home/kariya/Git/2023_off_team_b_controller/install/drobo_interfaces/include/drobo_interfaces/drobo_interfaces/msg/detail/sd_lib_msg__type_support.h
[3.295s] -- Symlinking: /home/kariya/Git/2023_off_team_b_controller/install/drobo_interfaces/include/drobo_interfaces/drobo_interfaces/msg/md_lib_msg.h
[3.299s] -- Symlinking: /home/kariya/Git/2023_off_team_b_controller/install/drobo_interfaces/include/drobo_interfaces/drobo_interfaces/msg/rosidl_generator_c__visibility_control.h
[3.301s] -- Symlinking: /home/kariya/Git/2023_off_team_b_controller/install/drobo_interfaces/include/drobo_interfaces/drobo_interfaces/msg/sd_lib_msg.h
[3.304s] -- Symlinking: /home/kariya/Git/2023_off_team_b_controller/install/drobo_interfaces/include/drobo_interfaces/drobo_interfaces/srv/detail/solenoid_state_srv__functions.h
[3.308s] -- Symlinking: /home/kariya/Git/2023_off_team_b_controller/install/drobo_interfaces/include/drobo_interfaces/drobo_interfaces/srv/detail/solenoid_state_srv__struct.h
[3.311s] -- Symlinking: /home/kariya/Git/2023_off_team_b_controller/install/drobo_interfaces/include/drobo_interfaces/drobo_interfaces/srv/detail/solenoid_state_srv__type_support.h
[3.314s] -- Symlinking: /home/kariya/Git/2023_off_team_b_controller/install/drobo_interfaces/include/drobo_interfaces/drobo_interfaces/srv/solenoid_state_srv.h
[3.317s] -- Symlinking: /home/kariya/Git/2023_off_team_b_controller/install/drobo_interfaces/share/drobo_interfaces/environment/library_path.sh
[3.320s] -- Symlinking: /home/kariya/Git/2023_off_team_b_controller/install/drobo_interfaces/share/drobo_interfaces/environment/library_path.dsv
[3.324s] -- Symlinking: /home/kariya/Git/2023_off_team_b_controller/install/drobo_interfaces/include/drobo_interfaces/drobo_interfaces/msg/detail/md_lib_msg__rosidl_typesupport_fastrtps_c.h
[3.327s] -- Symlinking: /home/kariya/Git/2023_off_team_b_controller/install/drobo_interfaces/include/drobo_interfaces/drobo_interfaces/msg/detail/sd_lib_msg__rosidl_typesupport_fastrtps_c.h
[3.330s] -- Symlinking: /home/kariya/Git/2023_off_team_b_controller/install/drobo_interfaces/include/drobo_interfaces/drobo_interfaces/msg/rosidl_typesupport_fastrtps_c__visibility_control.h
[3.333s] -- Symlinking: /home/kariya/Git/2023_off_team_b_controller/install/drobo_interfaces/include/drobo_interfaces/drobo_interfaces/srv/detail/solenoid_state_srv__rosidl_typesupport_fastrtps_c.h
[3.336s] -- Symlinking: /home/kariya/Git/2023_off_team_b_controller/install/drobo_interfaces/include/drobo_interfaces/drobo_interfaces/msg/detail/md_lib_msg__rosidl_typesupport_introspection_c.h
[3.339s] -- Symlinking: /home/kariya/Git/2023_off_team_b_controller/install/drobo_interfaces/include/drobo_interfaces/drobo_interfaces/msg/detail/sd_lib_msg__rosidl_typesupport_introspection_c.h
[3.342s] -- Symlinking: /home/kariya/Git/2023_off_team_b_controller/install/drobo_interfaces/include/drobo_interfaces/drobo_interfaces/msg/rosidl_typesupport_introspection_c__visibility_control.h
[3.345s] -- Symlinking: /home/kariya/Git/2023_off_team_b_controller/install/drobo_interfaces/include/drobo_interfaces/drobo_interfaces/srv/detail/solenoid_state_srv__rosidl_typesupport_introspection_c.h
[3.349s] -- Symlinking: /home/kariya/Git/2023_off_team_b_controller/install/drobo_interfaces/include/drobo_interfaces/drobo_interfaces/msg/detail/md_lib_msg__builder.hpp
[3.352s] -- Symlinking: /home/kariya/Git/2023_off_team_b_controller/install/drobo_interfaces/include/drobo_interfaces/drobo_interfaces/msg/detail/md_lib_msg__struct.hpp
[3.355s] -- Symlinking: /home/kariya/Git/2023_off_team_b_controller/install/drobo_interfaces/include/drobo_interfaces/drobo_interfaces/msg/detail/md_lib_msg__traits.hpp
[3.358s] -- Symlinking: /home/kariya/Git/2023_off_team_b_controller/install/drobo_interfaces/include/drobo_interfaces/drobo_interfaces/msg/detail/sd_lib_msg__builder.hpp
[3.361s] -- Symlinking: /home/kariya/Git/2023_off_team_b_controller/install/drobo_interfaces/include/drobo_interfaces/drobo_interfaces/msg/detail/sd_lib_msg__struct.hpp
[3.364s] -- Symlinking: /home/kariya/Git/2023_off_team_b_controller/install/drobo_interfaces/include/drobo_interfaces/drobo_interfaces/msg/detail/sd_lib_msg__traits.hpp
[3.367s] -- Symlinking: /home/kariya/Git/2023_off_team_b_controller/install/drobo_interfaces/include/drobo_interfaces/drobo_interfaces/msg/md_lib_msg.hpp
[3.370s] -- Symlinking: /home/kariya/Git/2023_off_team_b_controller/install/drobo_interfaces/include/drobo_interfaces/drobo_interfaces/msg/sd_lib_msg.hpp
[3.373s] -- Symlinking: /home/kariya/Git/2023_off_team_b_controller/install/drobo_interfaces/include/drobo_interfaces/drobo_interfaces/srv/detail/solenoid_state_srv__builder.hpp
[3.376s] -- Symlinking: /home/kariya/Git/2023_off_team_b_controller/install/drobo_interfaces/include/drobo_interfaces/drobo_interfaces/srv/detail/solenoid_state_srv__struct.hpp
[3.379s] -- Symlinking: /home/kariya/Git/2023_off_team_b_controller/install/drobo_interfaces/include/drobo_interfaces/drobo_interfaces/srv/detail/solenoid_state_srv__traits.hpp
[3.382s] -- Symlinking: /home/kariya/Git/2023_off_team_b_controller/install/drobo_interfaces/include/drobo_interfaces/drobo_interfaces/srv/solenoid_state_srv.hpp
[3.386s] -- Symlinking: /home/kariya/Git/2023_off_team_b_controller/install/drobo_interfaces/include/drobo_interfaces/drobo_interfaces/msg/detail/md_lib_msg__rosidl_typesupport_fastrtps_cpp.hpp
[3.389s] -- Symlinking: /home/kariya/Git/2023_off_team_b_controller/install/drobo_interfaces/include/drobo_interfaces/drobo_interfaces/msg/detail/sd_lib_msg__rosidl_typesupport_fastrtps_cpp.hpp
[3.392s] -- Symlinking: /home/kariya/Git/2023_off_team_b_controller/install/drobo_interfaces/include/drobo_interfaces/drobo_interfaces/msg/rosidl_typesupport_fastrtps_cpp__visibility_control.h
[3.395s] -- Symlinking: /home/kariya/Git/2023_off_team_b_controller/install/drobo_interfaces/include/drobo_interfaces/drobo_interfaces/srv/detail/solenoid_state_srv__rosidl_typesupport_fastrtps_cpp.hpp
[3.398s] -- Symlinking: /home/kariya/Git/2023_off_team_b_controller/install/drobo_interfaces/include/drobo_interfaces/drobo_interfaces/msg/detail/md_lib_msg__rosidl_typesupport_introspection_cpp.hpp
[3.401s] -- Symlinking: /home/kariya/Git/2023_off_team_b_controller/install/drobo_interfaces/include/drobo_interfaces/drobo_interfaces/msg/detail/sd_lib_msg__rosidl_typesupport_introspection_cpp.hpp
[3.404s] -- Symlinking: /home/kariya/Git/2023_off_team_b_controller/install/drobo_interfaces/include/drobo_interfaces/drobo_interfaces/srv/detail/solenoid_state_srv__rosidl_typesupport_introspection_cpp.hpp
[3.407s] -- Symlinking: /home/kariya/Git/2023_off_team_b_controller/install/drobo_interfaces/share/drobo_interfaces/environment/pythonpath.sh
[3.411s] -- Symlinking: /home/kariya/Git/2023_off_team_b_controller/install/drobo_interfaces/share/drobo_interfaces/environment/pythonpath.dsv
[3.414s] -- Symlinking: /home/kariya/Git/2023_off_team_b_controller/install/drobo_interfaces/local/lib/python3.10/dist-packages/drobo_interfaces-0.0.0-py3.10.egg-info/PKG-INFO
[3.416s] -- Symlinking: /home/kariya/Git/2023_off_team_b_controller/install/drobo_interfaces/local/lib/python3.10/dist-packages/drobo_interfaces-0.0.0-py3.10.egg-info/SOURCES.txt
[3.420s] -- Symlinking: /home/kariya/Git/2023_off_team_b_controller/install/drobo_interfaces/local/lib/python3.10/dist-packages/drobo_interfaces-0.0.0-py3.10.egg-info/dependency_links.txt
[3.423s] -- Symlinking: /home/kariya/Git/2023_off_team_b_controller/install/drobo_interfaces/local/lib/python3.10/dist-packages/drobo_interfaces-0.0.0-py3.10.egg-info/top_level.txt
[3.426s] -- Symlinking: /home/kariya/Git/2023_off_team_b_controller/install/drobo_interfaces/local/lib/python3.10/dist-packages/drobo_interfaces/__init__.py
[3.429s] -- Symlinking: /home/kariya/Git/2023_off_team_b_controller/install/drobo_interfaces/local/lib/python3.10/dist-packages/drobo_interfaces/_drobo_interfaces_s.ep.rosidl_typesupport_c.c
[3.432s] -- Symlinking: /home/kariya/Git/2023_off_team_b_controller/install/drobo_interfaces/local/lib/python3.10/dist-packages/drobo_interfaces/_drobo_interfaces_s.ep.rosidl_typesupport_fastrtps_c.c
[3.435s] -- Symlinking: /home/kariya/Git/2023_off_team_b_controller/install/drobo_interfaces/local/lib/python3.10/dist-packages/drobo_interfaces/_drobo_interfaces_s.ep.rosidl_typesupport_introspection_c.c
[3.438s] -- Symlinking: /home/kariya/Git/2023_off_team_b_controller/install/drobo_interfaces/local/lib/python3.10/dist-packages/drobo_interfaces/drobo_interfaces_s__rosidl_typesupport_c.cpython-310-x86_64-linux-gnu.so
[3.441s] -- Symlinking: /home/kariya/Git/2023_off_team_b_controller/install/drobo_interfaces/local/lib/python3.10/dist-packages/drobo_interfaces/drobo_interfaces_s__rosidl_typesupport_fastrtps_c.cpython-310-x86_64-linux-gnu.so
[3.444s] -- Symlinking: /home/kariya/Git/2023_off_team_b_controller/install/drobo_interfaces/local/lib/python3.10/dist-packages/drobo_interfaces/drobo_interfaces_s__rosidl_typesupport_introspection_c.cpython-310-x86_64-linux-gnu.so
[3.447s] -- Symlinking: /home/kariya/Git/2023_off_team_b_controller/install/drobo_interfaces/local/lib/python3.10/dist-packages/drobo_interfaces/libdrobo_interfaces__rosidl_generator_py.so
[3.450s] -- Symlinking: /home/kariya/Git/2023_off_team_b_controller/install/drobo_interfaces/local/lib/python3.10/dist-packages/drobo_interfaces/msg/__init__.py
[3.453s] -- Symlinking: /home/kariya/Git/2023_off_team_b_controller/install/drobo_interfaces/local/lib/python3.10/dist-packages/drobo_interfaces/msg/_md_lib_msg.py
[3.456s] -- Symlinking: /home/kariya/Git/2023_off_team_b_controller/install/drobo_interfaces/local/lib/python3.10/dist-packages/drobo_interfaces/msg/_md_lib_msg_s.c
[3.459s] -- Symlinking: /home/kariya/Git/2023_off_team_b_controller/install/drobo_interfaces/local/lib/python3.10/dist-packages/drobo_interfaces/msg/_sd_lib_msg.py
[3.462s] -- Symlinking: /home/kariya/Git/2023_off_team_b_controller/install/drobo_interfaces/local/lib/python3.10/dist-packages/drobo_interfaces/msg/_sd_lib_msg_s.c
[3.465s] -- Symlinking: /home/kariya/Git/2023_off_team_b_controller/install/drobo_interfaces/local/lib/python3.10/dist-packages/drobo_interfaces/srv/__init__.py
[3.468s] -- Symlinking: /home/kariya/Git/2023_off_team_b_controller/install/drobo_interfaces/local/lib/python3.10/dist-packages/drobo_interfaces/srv/_solenoid_state_srv.py
[3.471s] -- Symlinking: /home/kariya/Git/2023_off_team_b_controller/install/drobo_interfaces/local/lib/python3.10/dist-packages/drobo_interfaces/srv/_solenoid_state_srv_s.c
[3.476s] -- Up-to-date symlink: /home/kariya/Git/2023_off_team_b_controller/install/drobo_interfaces/local/lib/python3.10/dist-packages/drobo_interfaces/drobo_interfaces_s__rosidl_typesupport_fastrtps_c.cpython-310-x86_64-linux-gnu.so
[3.476s] -- Up-to-date symlink: /home/kariya/Git/2023_off_team_b_controller/install/drobo_interfaces/local/lib/python3.10/dist-packages/drobo_interfaces/drobo_interfaces_s__rosidl_typesupport_introspection_c.cpython-310-x86_64-linux-gnu.so
[3.476s] -- Up-to-date symlink: /home/kariya/Git/2023_off_team_b_controller/install/drobo_interfaces/local/lib/python3.10/dist-packages/drobo_interfaces/drobo_interfaces_s__rosidl_typesupport_c.cpython-310-x86_64-linux-gnu.so
[3.477s] -- Symlinking: /home/kariya/Git/2023_off_team_b_controller/install/drobo_interfaces/share/drobo_interfaces/msg/MdLibMsg.idl
[3.480s] -- Symlinking: /home/kariya/Git/2023_off_team_b_controller/install/drobo_interfaces/share/drobo_interfaces/msg/SdLibMsg.idl
[3.483s] -- Symlinking: /home/kariya/Git/2023_off_team_b_controller/install/drobo_interfaces/share/drobo_interfaces/srv/SolenoidStateSrv.idl
[3.486s] -- Symlinking: /home/kariya/Git/2023_off_team_b_controller/install/drobo_interfaces/share/drobo_interfaces/msg/MdLibMsg.msg
[3.489s] -- Symlinking: /home/kariya/Git/2023_off_team_b_controller/install/drobo_interfaces/share/drobo_interfaces/msg/SdLibMsg.msg
[3.492s] -- Symlinking: /home/kariya/Git/2023_off_team_b_controller/install/drobo_interfaces/share/drobo_interfaces/srv/SolenoidStateSrv.srv
[3.496s] -- Symlinking: /home/kariya/Git/2023_off_team_b_controller/install/drobo_interfaces/share/drobo_interfaces/srv/SolenoidStateSrv_Request.msg
[3.499s] -- Symlinking: /home/kariya/Git/2023_off_team_b_controller/install/drobo_interfaces/share/drobo_interfaces/srv/SolenoidStateSrv_Response.msg
[3.502s] -- Symlinking: /home/kariya/Git/2023_off_team_b_controller/install/drobo_interfaces/share/ament_index/resource_index/package_run_dependencies/drobo_interfaces
[3.505s] -- Symlinking: /home/kariya/Git/2023_off_team_b_controller/install/drobo_interfaces/share/ament_index/resource_index/parent_prefix_path/drobo_interfaces
[3.508s] -- Symlinking: /home/kariya/Git/2023_off_team_b_controller/install/drobo_interfaces/share/drobo_interfaces/environment/ament_prefix_path.sh
[3.511s] -- Symlinking: /home/kariya/Git/2023_off_team_b_controller/install/drobo_interfaces/share/drobo_interfaces/environment/ament_prefix_path.dsv
[3.515s] -- Symlinking: /home/kariya/Git/2023_off_team_b_controller/install/drobo_interfaces/share/drobo_interfaces/environment/path.sh
[3.517s] -- Symlinking: /home/kariya/Git/2023_off_team_b_controller/install/drobo_interfaces/share/drobo_interfaces/environment/path.dsv
[3.520s] -- Symlinking: /home/kariya/Git/2023_off_team_b_controller/install/drobo_interfaces/share/drobo_interfaces/local_setup.bash
[3.523s] -- Symlinking: /home/kariya/Git/2023_off_team_b_controller/install/drobo_interfaces/share/drobo_interfaces/local_setup.sh
[3.526s] -- Symlinking: /home/kariya/Git/2023_off_team_b_controller/install/drobo_interfaces/share/drobo_interfaces/local_setup.zsh
[3.529s] -- Symlinking: /home/kariya/Git/2023_off_team_b_controller/install/drobo_interfaces/share/drobo_interfaces/local_setup.dsv
[3.532s] -- Symlinking: /home/kariya/Git/2023_off_team_b_controller/install/drobo_interfaces/share/drobo_interfaces/package.dsv
[3.536s] -- Symlinking: /home/kariya/Git/2023_off_team_b_controller/install/drobo_interfaces/share/ament_index/resource_index/packages/drobo_interfaces
[3.539s] -- Symlinking: /home/kariya/Git/2023_off_team_b_controller/install/drobo_interfaces/share/drobo_interfaces/cmake/rosidl_cmake-extras.cmake
[3.542s] -- Symlinking: /home/kariya/Git/2023_off_team_b_controller/install/drobo_interfaces/share/drobo_interfaces/cmake/ament_cmake_export_include_directories-extras.cmake
[3.546s] -- Symlinking: /home/kariya/Git/2023_off_team_b_controller/install/drobo_interfaces/share/drobo_interfaces/cmake/ament_cmake_export_libraries-extras.cmake
[3.549s] -- Symlinking: /home/kariya/Git/2023_off_team_b_controller/install/drobo_interfaces/share/drobo_interfaces/cmake/ament_cmake_export_targets-extras.cmake
[3.552s] -- Symlinking: /home/kariya/Git/2023_off_team_b_controller/install/drobo_interfaces/share/drobo_interfaces/cmake/rosidl_cmake_export_typesupport_targets-extras.cmake
[3.555s] -- Symlinking: /home/kariya/Git/2023_off_team_b_controller/install/drobo_interfaces/share/drobo_interfaces/cmake/ament_cmake_export_dependencies-extras.cmake
[3.558s] -- Symlinking: /home/kariya/Git/2023_off_team_b_controller/install/drobo_interfaces/share/drobo_interfaces/cmake/rosidl_cmake_export_typesupport_libraries-extras.cmake
[3.561s] -- Symlinking: /home/kariya/Git/2023_off_team_b_controller/install/drobo_interfaces/share/drobo_interfaces/cmake/drobo_interfacesConfig.cmake
[3.564s] -- Symlinking: /home/kariya/Git/2023_off_team_b_controller/install/drobo_interfaces/share/drobo_interfaces/cmake/drobo_interfacesConfig-version.cmake
[3.567s] -- Symlinking: /home/kariya/Git/2023_off_team_b_controller/install/drobo_interfaces/share/drobo_interfaces/package.xml
[3.570s] -- Installing: /home/kariya/Git/2023_off_team_b_controller/install/drobo_interfaces/lib/libdrobo_interfaces__rosidl_generator_c.so
[3.570s] -- Set runtime path of "/home/kariya/Git/2023_off_team_b_controller/install/drobo_interfaces/lib/libdrobo_interfaces__rosidl_generator_c.so" to ""
[3.570s] -- Installing: /home/kariya/Git/2023_off_team_b_controller/install/drobo_interfaces/lib/libdrobo_interfaces__rosidl_typesupport_fastrtps_c.so
[3.571s] -- Set runtime path of "/home/kariya/Git/2023_off_team_b_controller/install/drobo_interfaces/lib/libdrobo_interfaces__rosidl_typesupport_fastrtps_c.so" to ""
[3.571s] -- Installing: /home/kariya/Git/2023_off_team_b_controller/install/drobo_interfaces/lib/libdrobo_interfaces__rosidl_typesupport_introspection_c.so
[3.571s] -- Set runtime path of "/home/kariya/Git/2023_off_team_b_controller/install/drobo_interfaces/lib/libdrobo_interfaces__rosidl_typesupport_introspection_c.so" to ""
[3.571s] -- Installing: /home/kariya/Git/2023_off_team_b_controller/install/drobo_interfaces/lib/libdrobo_interfaces__rosidl_typesupport_c.so
[3.572s] -- Set runtime path of "/home/kariya/Git/2023_off_team_b_controller/install/drobo_interfaces/lib/libdrobo_interfaces__rosidl_typesupport_c.so" to ""
[3.572s] -- Installing: /home/kariya/Git/2023_off_team_b_controller/install/drobo_interfaces/lib/libdrobo_interfaces__rosidl_typesupport_fastrtps_cpp.so
[3.572s] -- Set runtime path of "/home/kariya/Git/2023_off_team_b_controller/install/drobo_interfaces/lib/libdrobo_interfaces__rosidl_typesupport_fastrtps_cpp.so" to ""
[3.572s] -- Installing: /home/kariya/Git/2023_off_team_b_controller/install/drobo_interfaces/lib/libdrobo_interfaces__rosidl_typesupport_introspection_cpp.so
[3.573s] -- Set runtime path of "/home/kariya/Git/2023_off_team_b_controller/install/drobo_interfaces/lib/libdrobo_interfaces__rosidl_typesupport_introspection_cpp.so" to ""
[3.573s] -- Installing: /home/kariya/Git/2023_off_team_b_controller/install/drobo_interfaces/lib/libdrobo_interfaces__rosidl_typesupport_cpp.so
[3.573s] -- Set runtime path of "/home/kariya/Git/2023_off_team_b_controller/install/drobo_interfaces/lib/libdrobo_interfaces__rosidl_typesupport_cpp.so" to ""
[3.599s] Listing '/home/kariya/Git/2023_off_team_b_controller/install/drobo_interfaces/local/lib/python3.10/dist-packages/drobo_interfaces'...
[3.599s] Compiling '/home/kariya/Git/2023_off_team_b_controller/install/drobo_interfaces/local/lib/python3.10/dist-packages/drobo_interfaces/__init__.py'...
[3.599s] Listing '/home/kariya/Git/2023_off_team_b_controller/install/drobo_interfaces/local/lib/python3.10/dist-packages/drobo_interfaces/msg'...
[3.599s] Compiling '/home/kariya/Git/2023_off_team_b_controller/install/drobo_interfaces/local/lib/python3.10/dist-packages/drobo_interfaces/msg/__init__.py'...
[3.600s] Compiling '/home/kariya/Git/2023_off_team_b_controller/install/drobo_interfaces/local/lib/python3.10/dist-packages/drobo_interfaces/msg/_md_lib_msg.py'...
[3.600s] Compiling '/home/kariya/Git/2023_off_team_b_controller/install/drobo_interfaces/local/lib/python3.10/dist-packages/drobo_interfaces/msg/_sd_lib_msg.py'...
[3.600s] Listing '/home/kariya/Git/2023_off_team_b_controller/install/drobo_interfaces/local/lib/python3.10/dist-packages/drobo_interfaces/srv'...
[3.600s] Compiling '/home/kariya/Git/2023_off_team_b_controller/install/drobo_interfaces/local/lib/python3.10/dist-packages/drobo_interfaces/srv/__init__.py'...
[3.600s] Compiling '/home/kariya/Git/2023_off_team_b_controller/install/drobo_interfaces/local/lib/python3.10/dist-packages/drobo_interfaces/srv/_solenoid_state_srv.py'...
[3.603s] -- Installing: /home/kariya/Git/2023_off_team_b_controller/install/drobo_interfaces/lib/libdrobo_interfaces__rosidl_generator_py.so
[3.603s] -- Set runtime path of "/home/kariya/Git/2023_off_team_b_controller/install/drobo_interfaces/lib/libdrobo_interfaces__rosidl_generator_py.so" to ""
[3.603s] -- Installing: /home/kariya/Git/2023_off_team_b_controller/install/drobo_interfaces/share/drobo_interfaces/cmake/export_drobo_interfaces__rosidl_generator_cExport.cmake
[3.604s] -- Installing: /home/kariya/Git/2023_off_team_b_controller/install/drobo_interfaces/share/drobo_interfaces/cmake/export_drobo_interfaces__rosidl_generator_cExport-noconfig.cmake
[3.604s] -- Installing: /home/kariya/Git/2023_off_team_b_controller/install/drobo_interfaces/share/drobo_interfaces/cmake/export_drobo_interfaces__rosidl_typesupport_fastrtps_cExport.cmake
[3.604s] -- Installing: /home/kariya/Git/2023_off_team_b_controller/install/drobo_interfaces/share/drobo_interfaces/cmake/export_drobo_interfaces__rosidl_typesupport_fastrtps_cExport-noconfig.cmake
[3.604s] -- Installing: /home/kariya/Git/2023_off_team_b_controller/install/drobo_interfaces/share/drobo_interfaces/cmake/drobo_interfaces__rosidl_typesupport_introspection_cExport.cmake
[3.604s] -- Installing: /home/kariya/Git/2023_off_team_b_controller/install/drobo_interfaces/share/drobo_interfaces/cmake/drobo_interfaces__rosidl_typesupport_introspection_cExport-noconfig.cmake
[3.605s] -- Installing: /home/kariya/Git/2023_off_team_b_controller/install/drobo_interfaces/share/drobo_interfaces/cmake/drobo_interfaces__rosidl_typesupport_cExport.cmake
[3.605s] -- Installing: /home/kariya/Git/2023_off_team_b_controller/install/drobo_interfaces/share/drobo_interfaces/cmake/drobo_interfaces__rosidl_typesupport_cExport-noconfig.cmake
[3.605s] -- Installing: /home/kariya/Git/2023_off_team_b_controller/install/drobo_interfaces/share/drobo_interfaces/cmake/export_drobo_interfaces__rosidl_generator_cppExport.cmake
[3.605s] -- Installing: /home/kariya/Git/2023_off_team_b_controller/install/drobo_interfaces/share/drobo_interfaces/cmake/export_drobo_interfaces__rosidl_typesupport_fastrtps_cppExport.cmake
[3.605s] -- Installing: /home/kariya/Git/2023_off_team_b_controller/install/drobo_interfaces/share/drobo_interfaces/cmake/export_drobo_interfaces__rosidl_typesupport_fastrtps_cppExport-noconfig.cmake
[3.605s] -- Installing: /home/kariya/Git/2023_off_team_b_controller/install/drobo_interfaces/share/drobo_interfaces/cmake/drobo_interfaces__rosidl_typesupport_introspection_cppExport.cmake
[3.606s] -- Installing: /home/kariya/Git/2023_off_team_b_controller/install/drobo_interfaces/share/drobo_interfaces/cmake/drobo_interfaces__rosidl_typesupport_introspection_cppExport-noconfig.cmake
[3.606s] -- Installing: /home/kariya/Git/2023_off_team_b_controller/install/drobo_interfaces/share/drobo_interfaces/cmake/drobo_interfaces__rosidl_typesupport_cppExport.cmake
[3.606s] -- Installing: /home/kariya/Git/2023_off_team_b_controller/install/drobo_interfaces/share/drobo_interfaces/cmake/drobo_interfaces__rosidl_typesupport_cppExport-noconfig.cmake
[3.607s] -- Installing: /home/kariya/Git/2023_off_team_b_controller/install/drobo_interfaces/share/drobo_interfaces/cmake/export_drobo_interfaces__rosidl_generator_pyExport.cmake
[3.607s] -- Installing: /home/kariya/Git/2023_off_team_b_controller/install/drobo_interfaces/share/drobo_interfaces/cmake/export_drobo_interfaces__rosidl_generator_pyExport-noconfig.cmake
[3.610s] Invoked command in '/home/kariya/Git/2023_off_team_b_controller/build/drobo_interfaces' returned '0': CMAKE_PREFIX_PATH=${CMAKE_PREFIX_PATH}:/home/kariya/Git/2023_off_team_b_controller/install/swerve_drive_control:/opt/ros/humble /usr/bin/cmake --install /home/kariya/Git/2023_off_team_b_controller/build/drobo_interfaces
