[0.044s] Invoking command in '/home/kariya/Git/2023_off_team_b_controller/build/controller_2023_b_launch': CMAKE_PREFIX_PATH=/opt/ros/humble /usr/bin/cmake --build /home/kariya/Git/2023_off_team_b_controller/build/controller_2023_b_launch -- -j16 -l16
[0.061s] Invoked command in '/home/kariya/Git/2023_off_team_b_controller/build/controller_2023_b_launch' returned '0': CMAKE_PREFIX_PATH=/opt/ros/humble /usr/bin/cmake --build /home/kariya/Git/2023_off_team_b_controller/build/controller_2023_b_launch -- -j16 -l16
[0.085s] Invoking command in '/home/kariya/Git/2023_off_team_b_controller/build/controller_2023_b_launch': CMAKE_PREFIX_PATH=/opt/ros/humble /usr/bin/cmake --install /home/kariya/Git/2023_off_team_b_controller/build/controller_2023_b_launch
[0.091s] -- Install configuration: ""
[0.091s] -- Execute custom install script
[0.091s] -- Up-to-date symlink: /home/kariya/Git/2023_off_team_b_controller/install/controller_2023_b_launch/share/controller_2023_b_launch//launch/controller_2023_b.launch.xml
[0.091s] -- Up-to-date symlink: /home/kariya/Git/2023_off_team_b_controller/install/controller_2023_b_launch/share/ament_index/resource_index/package_run_dependencies/controller_2023_b_launch
[0.091s] -- Up-to-date symlink: /home/kariya/Git/2023_off_team_b_controller/install/controller_2023_b_launch/share/ament_index/resource_index/parent_prefix_path/controller_2023_b_launch
[0.091s] -- Up-to-date symlink: /home/kariya/Git/2023_off_team_b_controller/install/controller_2023_b_launch/share/controller_2023_b_launch/environment/ament_prefix_path.sh
[0.091s] -- Up-to-date symlink: /home/kariya/Git/2023_off_team_b_controller/install/controller_2023_b_launch/share/controller_2023_b_launch/environment/ament_prefix_path.dsv
[0.091s] -- Up-to-date symlink: /home/kariya/Git/2023_off_team_b_controller/install/controller_2023_b_launch/share/controller_2023_b_launch/environment/path.sh
[0.092s] -- Up-to-date symlink: /home/kariya/Git/2023_off_team_b_controller/install/controller_2023_b_launch/share/controller_2023_b_launch/environment/path.dsv
[0.092s] -- Up-to-date symlink: /home/kariya/Git/2023_off_team_b_controller/install/controller_2023_b_launch/share/controller_2023_b_launch/local_setup.bash
[0.092s] -- Up-to-date symlink: /home/kariya/Git/2023_off_team_b_controller/install/controller_2023_b_launch/share/controller_2023_b_launch/local_setup.sh
[0.092s] -- Up-to-date symlink: /home/kariya/Git/2023_off_team_b_controller/install/controller_2023_b_launch/share/controller_2023_b_launch/local_setup.zsh
[0.092s] -- Up-to-date symlink: /home/kariya/Git/2023_off_team_b_controller/install/controller_2023_b_launch/share/controller_2023_b_launch/local_setup.dsv
[0.093s] -- Symlinking: /home/kariya/Git/2023_off_team_b_controller/install/controller_2023_b_launch/share/controller_2023_b_launch/package.dsv
[0.097s] -- Up-to-date symlink: /home/kariya/Git/2023_off_team_b_controller/install/controller_2023_b_launch/share/ament_index/resource_index/packages/controller_2023_b_launch
[0.097s] -- Up-to-date symlink: /home/kariya/Git/2023_off_team_b_controller/install/controller_2023_b_launch/share/controller_2023_b_launch/cmake/controller_2023_b_launchConfig.cmake
[0.097s] -- Up-to-date symlink: /home/kariya/Git/2023_off_team_b_controller/install/controller_2023_b_launch/share/controller_2023_b_launch/cmake/controller_2023_b_launchConfig-version.cmake
[0.097s] -- Up-to-date symlink: /home/kariya/Git/2023_off_team_b_controller/install/controller_2023_b_launch/share/controller_2023_b_launch/package.xml
[0.099s] Invoked command in '/home/kariya/Git/2023_off_team_b_controller/build/controller_2023_b_launch' returned '0': CMAKE_PREFIX_PATH=/opt/ros/humble /usr/bin/cmake --install /home/kariya/Git/2023_off_team_b_controller/build/controller_2023_b_launch
