[0.056s] Invoking command in '/home/kariya/Git/2023_off_team_b_controller/build/controller_2023_b_launch': CMAKE_PREFIX_PATH=/opt/ros/humble /usr/bin/cmake /home/kariya/Git/2023_off_team_b_controller/src/controller_2023_b_launch -DAMENT_CMAKE_SYMLINK_INSTALL=1 -DCMAKE_INSTALL_PREFIX=/home/kariya/Git/2023_off_team_b_controller/install/controller_2023_b_launch
[0.161s] -- The C compiler identification is GNU 11.4.0
[0.262s] -- The CXX compiler identification is GNU 11.4.0
[0.276s] -- Detecting C compiler ABI info
[0.350s] -- Detecting C compiler ABI info - done
[0.358s] -- Check for working C compiler: /usr/bin/cc - skipped
[0.359s] -- Detecting C compile features
[0.359s] -- Detecting C compile features - done
[0.363s] -- Detecting CXX compiler ABI info
[0.446s] -- Detecting CXX compiler ABI info - done
[0.453s] -- Check for working CXX compiler: /usr/bin/c++ - skipped
[0.454s] -- Detecting CXX compile features
[0.454s] -- Detecting CXX compile features - done
[0.463s] -- Found ament_cmake: 1.3.6 (/opt/ros/humble/share/ament_cmake/cmake)
[0.828s] -- Found Python3: /usr/bin/python3.10 (found version "3.10.12") found components: Interpreter 
[0.901s] -- Override CMake install command with custom implementation using symlinks instead of copying resources
[0.960s] -- Found ament_lint_auto: 0.12.9 (/opt/ros/humble/share/ament_lint_auto/cmake)
[1.061s] -- Added test 'lint_cmake' to check CMake code style
[1.063s] -- Added test 'xmllint' to check XML markup files
[1.066s] -- Configuring done
[1.070s] -- Generating done
[1.071s] -- Build files have been written to: /home/kariya/Git/2023_off_team_b_controller/build/controller_2023_b_launch
[1.078s] Invoked command in '/home/kariya/Git/2023_off_team_b_controller/build/controller_2023_b_launch' returned '0': CMAKE_PREFIX_PATH=/opt/ros/humble /usr/bin/cmake /home/kariya/Git/2023_off_team_b_controller/src/controller_2023_b_launch -DAMENT_CMAKE_SYMLINK_INSTALL=1 -DCMAKE_INSTALL_PREFIX=/home/kariya/Git/2023_off_team_b_controller/install/controller_2023_b_launch
[1.081s] Invoking command in '/home/kariya/Git/2023_off_team_b_controller/build/controller_2023_b_launch': CMAKE_PREFIX_PATH=/opt/ros/humble /usr/bin/cmake --build /home/kariya/Git/2023_off_team_b_controller/build/controller_2023_b_launch -- -j16 -l16
[1.104s] Invoked command in '/home/kariya/Git/2023_off_team_b_controller/build/controller_2023_b_launch' returned '0': CMAKE_PREFIX_PATH=/opt/ros/humble /usr/bin/cmake --build /home/kariya/Git/2023_off_team_b_controller/build/controller_2023_b_launch -- -j16 -l16
[1.133s] Invoking command in '/home/kariya/Git/2023_off_team_b_controller/build/controller_2023_b_launch': CMAKE_PREFIX_PATH=/opt/ros/humble /usr/bin/cmake --install /home/kariya/Git/2023_off_team_b_controller/build/controller_2023_b_launch
[1.136s] -- Install configuration: ""
[1.137s] -- Execute custom install script
[1.137s] -- Symlinking: /home/kariya/Git/2023_off_team_b_controller/install/controller_2023_b_launch/share/controller_2023_b_launch//launch/controller_2023_b.launch.xml
[1.143s] -- Symlinking: /home/kariya/Git/2023_off_team_b_controller/install/controller_2023_b_launch/share/ament_index/resource_index/package_run_dependencies/controller_2023_b_launch
[1.147s] -- Symlinking: /home/kariya/Git/2023_off_team_b_controller/install/controller_2023_b_launch/share/ament_index/resource_index/parent_prefix_path/controller_2023_b_launch
[1.152s] -- Symlinking: /home/kariya/Git/2023_off_team_b_controller/install/controller_2023_b_launch/share/controller_2023_b_launch/environment/ament_prefix_path.sh
[1.156s] -- Symlinking: /home/kariya/Git/2023_off_team_b_controller/install/controller_2023_b_launch/share/controller_2023_b_launch/environment/ament_prefix_path.dsv
[1.160s] -- Symlinking: /home/kariya/Git/2023_off_team_b_controller/install/controller_2023_b_launch/share/controller_2023_b_launch/environment/path.sh
[1.165s] -- Symlinking: /home/kariya/Git/2023_off_team_b_controller/install/controller_2023_b_launch/share/controller_2023_b_launch/environment/path.dsv
[1.169s] -- Symlinking: /home/kariya/Git/2023_off_team_b_controller/install/controller_2023_b_launch/share/controller_2023_b_launch/local_setup.bash
[1.174s] -- Symlinking: /home/kariya/Git/2023_off_team_b_controller/install/controller_2023_b_launch/share/controller_2023_b_launch/local_setup.sh
[1.178s] -- Symlinking: /home/kariya/Git/2023_off_team_b_controller/install/controller_2023_b_launch/share/controller_2023_b_launch/local_setup.zsh
[1.182s] -- Symlinking: /home/kariya/Git/2023_off_team_b_controller/install/controller_2023_b_launch/share/controller_2023_b_launch/local_setup.dsv
[1.186s] -- Symlinking: /home/kariya/Git/2023_off_team_b_controller/install/controller_2023_b_launch/share/controller_2023_b_launch/package.dsv
[1.191s] -- Symlinking: /home/kariya/Git/2023_off_team_b_controller/install/controller_2023_b_launch/share/ament_index/resource_index/packages/controller_2023_b_launch
[1.196s] -- Symlinking: /home/kariya/Git/2023_off_team_b_controller/install/controller_2023_b_launch/share/controller_2023_b_launch/cmake/controller_2023_b_launchConfig.cmake
[1.200s] -- Symlinking: /home/kariya/Git/2023_off_team_b_controller/install/controller_2023_b_launch/share/controller_2023_b_launch/cmake/controller_2023_b_launchConfig-version.cmake
[1.205s] -- Symlinking: /home/kariya/Git/2023_off_team_b_controller/install/controller_2023_b_launch/share/controller_2023_b_launch/package.xml
[1.212s] Invoked command in '/home/kariya/Git/2023_off_team_b_controller/build/controller_2023_b_launch' returned '0': CMAKE_PREFIX_PATH=/opt/ros/humble /usr/bin/cmake --install /home/kariya/Git/2023_off_team_b_controller/build/controller_2023_b_launch
