[0.724s] DEBUG:colcon:Command line arguments: ['/usr/bin/colcon', 'build', '--symlink-install', '--cargo-args', '--release']
[0.724s] DEBUG:colcon:Parsed command line arguments: Namespace(log_base=None, log_level=None, verb_name='build', build_base='build', install_base='install', merge_install=False, symlink_install=True, test_result_base=None, continue_on_error=False, executor='parallel', parallel_workers=16, event_handlers=None, ignore_user_meta=False, metas=['./colcon.meta'], base_paths=['.'], packages_ignore=None, packages_ignore_regex=None, paths=None, packages_up_to=None, packages_up_to_regex=None, packages_above=None, packages_above_and_dependencies=None, packages_above_depth=None, packages_select_by_dep=None, packages_skip_by_dep=None, packages_skip_up_to=None, packages_select_build_failed=False, packages_skip_build_finished=False, packages_select_test_failures=False, packages_skip_test_passed=False, packages_select=None, packages_skip=None, packages_select_regex=None, packages_skip_regex=None, packages_start=None, packages_end=None, allow_overriding=[], lookup_in_workspace=False, cargo_args=['--release'], clean_build=False, cmake_args=None, cmake_target=None, cmake_target_skip_unavailable=False, cmake_clean_cache=False, cmake_clean_first=False, cmake_force_configure=False, ament_cmake_args=None, catkin_cmake_args=None, catkin_skip_building_tests=False, verb_parser=<colcon_defaults.argument_parser.defaults.DefaultArgumentsDecorator object at 0x7faa0794ff70>, verb_extension=<colcon_core.verb.build.BuildVerb object at 0x7faa0794c4c0>, main=<bound method BuildVerb.main of <colcon_core.verb.build.BuildVerb object at 0x7faa0794c4c0>>)
[0.765s] Level 1:colcon.colcon_core.package_discovery:discover_packages(colcon_meta) check parameters
[0.765s] Level 1:colcon.colcon_core.package_discovery:discover_packages(recursive) check parameters
[0.765s] Level 1:colcon.colcon_core.package_discovery:discover_packages(ignore) check parameters
[0.765s] Level 1:colcon.colcon_core.package_discovery:discover_packages(path) check parameters
[0.765s] Level 1:colcon.colcon_core.package_discovery:discover_packages(colcon_meta) discover
[0.765s] Level 1:colcon.colcon_core.package_discovery:discover_packages(recursive) discover
[0.765s] INFO:colcon.colcon_core.package_discovery:Crawling recursively for packages in '/home/kariya/Git/2023_off_team_b_controller'
[0.765s] Level 1:colcon.colcon_core.package_identification:_identify(.) by extensions ['ignore', 'ignore_ament_install']
[0.765s] Level 1:colcon.colcon_core.package_identification:_identify(.) by extension 'ignore'
[0.765s] Level 1:colcon.colcon_core.package_identification:_identify(.) by extension 'ignore_ament_install'
[0.765s] Level 1:colcon.colcon_core.package_identification:_identify(.) by extensions ['colcon_pkg']
[0.765s] Level 1:colcon.colcon_core.package_identification:_identify(.) by extension 'colcon_pkg'
[0.765s] Level 1:colcon.colcon_core.package_identification:_identify(.) by extensions ['colcon_meta']
[0.765s] Level 1:colcon.colcon_core.package_identification:_identify(.) by extension 'colcon_meta'
[0.765s] Level 1:colcon.colcon_core.package_identification:_identify(.) by extensions ['ament_cargo']
[0.765s] Level 1:colcon.colcon_core.package_identification:_identify(.) by extension 'ament_cargo'
[0.765s] Level 1:colcon.colcon_core.package_identification:_identify(.) by extensions ['ros']
[0.765s] Level 1:colcon.colcon_core.package_identification:_identify(.) by extension 'ros'
[0.774s] Level 1:colcon.colcon_core.package_identification:_identify(.) by extensions ['cargo', 'cmake', 'python']
[0.774s] Level 1:colcon.colcon_core.package_identification:_identify(.) by extension 'cargo'
[0.774s] Level 1:colcon.colcon_core.package_identification:_identify(.) by extension 'cmake'
[0.774s] Level 1:colcon.colcon_core.package_identification:_identify(.) by extension 'python'
[0.774s] Level 1:colcon.colcon_core.package_identification:_identify(.) by extensions ['python_setup_py']
[0.774s] Level 1:colcon.colcon_core.package_identification:_identify(.) by extension 'python_setup_py'
[0.774s] Level 1:colcon.colcon_core.package_identification:_identify(build) by extensions ['ignore', 'ignore_ament_install']
[0.774s] Level 1:colcon.colcon_core.package_identification:_identify(build) by extension 'ignore'
[0.774s] Level 1:colcon.colcon_core.package_identification:_identify(build) ignored
[0.774s] Level 1:colcon.colcon_core.package_identification:_identify(install) by extensions ['ignore', 'ignore_ament_install']
[0.774s] Level 1:colcon.colcon_core.package_identification:_identify(install) by extension 'ignore'
[0.774s] Level 1:colcon.colcon_core.package_identification:_identify(install) ignored
[0.774s] Level 1:colcon.colcon_core.package_identification:_identify(log) by extensions ['ignore', 'ignore_ament_install']
[0.774s] Level 1:colcon.colcon_core.package_identification:_identify(log) by extension 'ignore'
[0.774s] Level 1:colcon.colcon_core.package_identification:_identify(log) ignored
[0.774s] Level 1:colcon.colcon_core.package_identification:_identify(src) by extensions ['ignore', 'ignore_ament_install']
[0.775s] Level 1:colcon.colcon_core.package_identification:_identify(src) by extension 'ignore'
[0.775s] Level 1:colcon.colcon_core.package_identification:_identify(src) by extension 'ignore_ament_install'
[0.775s] Level 1:colcon.colcon_core.package_identification:_identify(src) by extensions ['colcon_pkg']
[0.775s] Level 1:colcon.colcon_core.package_identification:_identify(src) by extension 'colcon_pkg'
[0.775s] Level 1:colcon.colcon_core.package_identification:_identify(src) by extensions ['colcon_meta']
[0.775s] Level 1:colcon.colcon_core.package_identification:_identify(src) by extension 'colcon_meta'
[0.775s] Level 1:colcon.colcon_core.package_identification:_identify(src) by extensions ['ament_cargo']
[0.775s] Level 1:colcon.colcon_core.package_identification:_identify(src) by extension 'ament_cargo'
[0.775s] Level 1:colcon.colcon_core.package_identification:_identify(src) by extensions ['ros']
[0.775s] Level 1:colcon.colcon_core.package_identification:_identify(src) by extension 'ros'
[0.775s] Level 1:colcon.colcon_core.package_identification:_identify(src) by extensions ['cargo', 'cmake', 'python']
[0.775s] Level 1:colcon.colcon_core.package_identification:_identify(src) by extension 'cargo'
[0.775s] Level 1:colcon.colcon_core.package_identification:_identify(src) by extension 'cmake'
[0.775s] Level 1:colcon.colcon_core.package_identification:_identify(src) by extension 'python'
[0.775s] Level 1:colcon.colcon_core.package_identification:_identify(src) by extensions ['python_setup_py']
[0.775s] Level 1:colcon.colcon_core.package_identification:_identify(src) by extension 'python_setup_py'
[0.775s] Level 1:colcon.colcon_core.package_identification:_identify(src/controller_2023_b_launch) by extensions ['ignore', 'ignore_ament_install']
[0.775s] Level 1:colcon.colcon_core.package_identification:_identify(src/controller_2023_b_launch) by extension 'ignore'
[0.775s] Level 1:colcon.colcon_core.package_identification:_identify(src/controller_2023_b_launch) by extension 'ignore_ament_install'
[0.775s] Level 1:colcon.colcon_core.package_identification:_identify(src/controller_2023_b_launch) by extensions ['colcon_pkg']
[0.775s] Level 1:colcon.colcon_core.package_identification:_identify(src/controller_2023_b_launch) by extension 'colcon_pkg'
[0.775s] Level 1:colcon.colcon_core.package_identification:_identify(src/controller_2023_b_launch) by extensions ['colcon_meta']
[0.775s] Level 1:colcon.colcon_core.package_identification:_identify(src/controller_2023_b_launch) by extension 'colcon_meta'
[0.775s] Level 1:colcon.colcon_core.package_identification:_identify(src/controller_2023_b_launch) by extensions ['ament_cargo']
[0.775s] Level 1:colcon.colcon_core.package_identification:_identify(src/controller_2023_b_launch) by extension 'ament_cargo'
[0.775s] Level 1:colcon.colcon_core.package_identification:_identify(src/controller_2023_b_launch) by extensions ['ros']
[0.775s] Level 1:colcon.colcon_core.package_identification:_identify(src/controller_2023_b_launch) by extension 'ros'
[0.777s] DEBUG:colcon.colcon_core.package_identification:Package 'src/controller_2023_b_launch' with type 'ros.ament_cmake' and name 'controller_2023_b_launch'
[0.777s] Level 1:colcon.colcon_core.package_identification:_identify(src/drobo_interfaces) by extensions ['ignore', 'ignore_ament_install']
[0.777s] Level 1:colcon.colcon_core.package_identification:_identify(src/drobo_interfaces) by extension 'ignore'
[0.777s] Level 1:colcon.colcon_core.package_identification:_identify(src/drobo_interfaces) by extension 'ignore_ament_install'
[0.777s] Level 1:colcon.colcon_core.package_identification:_identify(src/drobo_interfaces) by extensions ['colcon_pkg']
[0.777s] Level 1:colcon.colcon_core.package_identification:_identify(src/drobo_interfaces) by extension 'colcon_pkg'
[0.777s] Level 1:colcon.colcon_core.package_identification:_identify(src/drobo_interfaces) by extensions ['colcon_meta']
[0.778s] Level 1:colcon.colcon_core.package_identification:_identify(src/drobo_interfaces) by extension 'colcon_meta'
[0.778s] Level 1:colcon.colcon_core.package_identification:_identify(src/drobo_interfaces) by extensions ['ament_cargo']
[0.778s] Level 1:colcon.colcon_core.package_identification:_identify(src/drobo_interfaces) by extension 'ament_cargo'
[0.778s] Level 1:colcon.colcon_core.package_identification:_identify(src/drobo_interfaces) by extensions ['ros']
[0.778s] Level 1:colcon.colcon_core.package_identification:_identify(src/drobo_interfaces) by extension 'ros'
[0.778s] DEBUG:colcon.colcon_core.package_identification:Package 'src/drobo_interfaces' with type 'ros.ament_cmake' and name 'drobo_interfaces'
[0.778s] Level 1:colcon.colcon_core.package_identification:_identify(src/swerve_drive_control) by extensions ['ignore', 'ignore_ament_install']
[0.778s] Level 1:colcon.colcon_core.package_identification:_identify(src/swerve_drive_control) by extension 'ignore'
[0.778s] Level 1:colcon.colcon_core.package_identification:_identify(src/swerve_drive_control) by extension 'ignore_ament_install'
[0.778s] Level 1:colcon.colcon_core.package_identification:_identify(src/swerve_drive_control) by extensions ['colcon_pkg']
[0.778s] Level 1:colcon.colcon_core.package_identification:_identify(src/swerve_drive_control) by extension 'colcon_pkg'
[0.778s] Level 1:colcon.colcon_core.package_identification:_identify(src/swerve_drive_control) by extensions ['colcon_meta']
[0.778s] Level 1:colcon.colcon_core.package_identification:_identify(src/swerve_drive_control) by extension 'colcon_meta'
[0.779s] Level 1:colcon.colcon_core.package_identification:_identify(src/swerve_drive_control) by extensions ['ament_cargo']
[0.779s] Level 1:colcon.colcon_core.package_identification:_identify(src/swerve_drive_control) by extension 'ament_cargo'
[0.779s] DEBUG:colcon.colcon_core.package_identification:Package 'src/swerve_drive_control' with type 'ament_cargo' and name 'swerve_drive_control'
[0.779s] Level 1:colcon.colcon_core.package_discovery:discover_packages(recursive) using defaults
[0.779s] Level 1:colcon.colcon_core.package_discovery:discover_packages(ignore) discover
[0.779s] Level 1:colcon.colcon_core.package_discovery:discover_packages(ignore) using defaults
[0.779s] Level 1:colcon.colcon_core.package_discovery:discover_packages(path) discover
[0.779s] Level 1:colcon.colcon_core.package_discovery:discover_packages(path) using defaults
[0.844s] Level 1:colcon.colcon_core.package_discovery:discover_packages(prefix_path) check parameters
[0.844s] Level 1:colcon.colcon_core.package_discovery:discover_packages(prefix_path) discover
[0.865s] DEBUG:colcon.colcon_installed_package_information.package_discovery:Found 270 installed packages in /opt/ros/humble
[0.866s] Level 1:colcon.colcon_core.package_discovery:discover_packages(prefix_path) using defaults
[0.930s] Level 5:colcon.colcon_core.verb:set package 'controller_2023_b_launch' build argument 'lookup_in_workspace' from command line to 'False'
[0.930s] Level 5:colcon.colcon_core.verb:set package 'controller_2023_b_launch' build argument 'cargo_args' from command line to '['--release']'
[0.931s] Level 5:colcon.colcon_core.verb:set package 'controller_2023_b_launch' build argument 'clean_build' from command line to 'False'
[0.931s] Level 5:colcon.colcon_core.verb:set package 'controller_2023_b_launch' build argument 'cmake_args' from command line to 'None'
[0.931s] Level 5:colcon.colcon_core.verb:set package 'controller_2023_b_launch' build argument 'cmake_target' from command line to 'None'
[0.931s] Level 5:colcon.colcon_core.verb:set package 'controller_2023_b_launch' build argument 'cmake_target_skip_unavailable' from command line to 'False'
[0.931s] Level 5:colcon.colcon_core.verb:set package 'controller_2023_b_launch' build argument 'cmake_clean_cache' from command line to 'False'
[0.931s] Level 5:colcon.colcon_core.verb:set package 'controller_2023_b_launch' build argument 'cmake_clean_first' from command line to 'False'
[0.931s] Level 5:colcon.colcon_core.verb:set package 'controller_2023_b_launch' build argument 'cmake_force_configure' from command line to 'False'
[0.931s] Level 5:colcon.colcon_core.verb:set package 'controller_2023_b_launch' build argument 'ament_cmake_args' from command line to 'None'
[0.931s] Level 5:colcon.colcon_core.verb:set package 'controller_2023_b_launch' build argument 'catkin_cmake_args' from command line to 'None'
[0.931s] Level 5:colcon.colcon_core.verb:set package 'controller_2023_b_launch' build argument 'catkin_skip_building_tests' from command line to 'False'
[0.931s] DEBUG:colcon.colcon_core.verb:Building package 'controller_2023_b_launch' with the following arguments: {'ament_cmake_args': None, 'build_base': '/home/kariya/Git/2023_off_team_b_controller/build/controller_2023_b_launch', 'cargo_args': ['--release'], 'catkin_cmake_args': None, 'catkin_skip_building_tests': False, 'clean_build': False, 'cmake_args': None, 'cmake_clean_cache': False, 'cmake_clean_first': False, 'cmake_force_configure': False, 'cmake_target': None, 'cmake_target_skip_unavailable': False, 'install_base': '/home/kariya/Git/2023_off_team_b_controller/install/controller_2023_b_launch', 'lookup_in_workspace': False, 'merge_install': False, 'path': '/home/kariya/Git/2023_off_team_b_controller/src/controller_2023_b_launch', 'symlink_install': True, 'test_result_base': None}
[0.941s] Level 5:colcon.colcon_core.verb:set package 'drobo_interfaces' build argument 'lookup_in_workspace' from command line to 'False'
[0.941s] Level 5:colcon.colcon_core.verb:set package 'drobo_interfaces' build argument 'cargo_args' from command line to '['--release']'
[0.941s] Level 5:colcon.colcon_core.verb:set package 'drobo_interfaces' build argument 'clean_build' from command line to 'False'
[0.941s] Level 5:colcon.colcon_core.verb:set package 'drobo_interfaces' build argument 'cmake_args' from command line to 'None'
[0.941s] Level 5:colcon.colcon_core.verb:set package 'drobo_interfaces' build argument 'cmake_target' from command line to 'None'
[0.941s] Level 5:colcon.colcon_core.verb:set package 'drobo_interfaces' build argument 'cmake_target_skip_unavailable' from command line to 'False'
[0.941s] Level 5:colcon.colcon_core.verb:set package 'drobo_interfaces' build argument 'cmake_clean_cache' from command line to 'False'
[0.941s] Level 5:colcon.colcon_core.verb:set package 'drobo_interfaces' build argument 'cmake_clean_first' from command line to 'False'
[0.941s] Level 5:colcon.colcon_core.verb:set package 'drobo_interfaces' build argument 'cmake_force_configure' from command line to 'False'
[0.941s] Level 5:colcon.colcon_core.verb:set package 'drobo_interfaces' build argument 'ament_cmake_args' from command line to 'None'
[0.941s] Level 5:colcon.colcon_core.verb:set package 'drobo_interfaces' build argument 'catkin_cmake_args' from command line to 'None'
[0.941s] Level 5:colcon.colcon_core.verb:set package 'drobo_interfaces' build argument 'catkin_skip_building_tests' from command line to 'False'
[0.941s] DEBUG:colcon.colcon_core.verb:Building package 'drobo_interfaces' with the following arguments: {'ament_cmake_args': None, 'build_base': '/home/kariya/Git/2023_off_team_b_controller/build/drobo_interfaces', 'cargo_args': ['--release'], 'catkin_cmake_args': None, 'catkin_skip_building_tests': False, 'clean_build': False, 'cmake_args': None, 'cmake_clean_cache': False, 'cmake_clean_first': False, 'cmake_force_configure': False, 'cmake_target': None, 'cmake_target_skip_unavailable': False, 'install_base': '/home/kariya/Git/2023_off_team_b_controller/install/drobo_interfaces', 'lookup_in_workspace': False, 'merge_install': False, 'path': '/home/kariya/Git/2023_off_team_b_controller/src/drobo_interfaces', 'symlink_install': True, 'test_result_base': None}
[0.952s] Level 5:colcon.colcon_core.verb:set package 'swerve_drive_control' build argument 'lookup_in_workspace' from command line to 'False'
[0.952s] Level 5:colcon.colcon_core.verb:set package 'swerve_drive_control' build argument 'cargo_args' from command line to '['--release']'
[0.952s] Level 5:colcon.colcon_core.verb:set package 'swerve_drive_control' build argument 'clean_build' from command line to 'False'
[0.952s] Level 5:colcon.colcon_core.verb:set package 'swerve_drive_control' build argument 'cmake_args' from command line to 'None'
[0.952s] Level 5:colcon.colcon_core.verb:set package 'swerve_drive_control' build argument 'cmake_target' from command line to 'None'
[0.952s] Level 5:colcon.colcon_core.verb:set package 'swerve_drive_control' build argument 'cmake_target_skip_unavailable' from command line to 'False'
[0.952s] Level 5:colcon.colcon_core.verb:set package 'swerve_drive_control' build argument 'cmake_clean_cache' from command line to 'False'
[0.952s] Level 5:colcon.colcon_core.verb:set package 'swerve_drive_control' build argument 'cmake_clean_first' from command line to 'False'
[0.952s] Level 5:colcon.colcon_core.verb:set package 'swerve_drive_control' build argument 'cmake_force_configure' from command line to 'False'
[0.952s] Level 5:colcon.colcon_core.verb:set package 'swerve_drive_control' build argument 'ament_cmake_args' from command line to 'None'
[0.952s] Level 5:colcon.colcon_core.verb:set package 'swerve_drive_control' build argument 'catkin_cmake_args' from command line to 'None'
[0.952s] Level 5:colcon.colcon_core.verb:set package 'swerve_drive_control' build argument 'catkin_skip_building_tests' from command line to 'False'
[0.952s] DEBUG:colcon.colcon_core.verb:Building package 'swerve_drive_control' with the following arguments: {'ament_cmake_args': None, 'build_base': '/home/kariya/Git/2023_off_team_b_controller/build/swerve_drive_control', 'cargo_args': ['--release'], 'catkin_cmake_args': None, 'catkin_skip_building_tests': False, 'clean_build': False, 'cmake_args': None, 'cmake_clean_cache': False, 'cmake_clean_first': False, 'cmake_force_configure': False, 'cmake_target': None, 'cmake_target_skip_unavailable': False, 'install_base': '/home/kariya/Git/2023_off_team_b_controller/install/swerve_drive_control', 'lookup_in_workspace': False, 'merge_install': False, 'path': '/home/kariya/Git/2023_off_team_b_controller/src/swerve_drive_control', 'symlink_install': True, 'test_result_base': None}
[0.962s] INFO:colcon.colcon_core.executor:Executing jobs using 'parallel' executor
[0.974s] DEBUG:colcon.colcon_parallel_executor.executor.parallel:run_until_complete
[0.974s] INFO:colcon.colcon_ros.task.ament_cmake.build:Building ROS package in '/home/kariya/Git/2023_off_team_b_controller/src/drobo_interfaces' with build type 'ament_cmake'
[0.974s] INFO:colcon.colcon_cmake.task.cmake.build:Building CMake package in '/home/kariya/Git/2023_off_team_b_controller/src/drobo_interfaces'
[0.987s] INFO:colcon.colcon_core.plugin_system:Skipping extension 'colcon_core.shell.bat': Not used on non-Windows systems
[0.987s] INFO:colcon.colcon_core.shell:Skip shell extension 'powershell' for command environment: Not usable outside of PowerShell
[0.987s] DEBUG:colcon.colcon_core.shell:Skip shell extension 'dsv' for command environment
[1.013s] INFO:colcon.colcon_ros.task.ament_cmake.build:Building ROS package in '/home/kariya/Git/2023_off_team_b_controller/src/controller_2023_b_launch' with build type 'ament_cmake'
[1.013s] INFO:colcon.colcon_cmake.task.cmake.build:Building CMake package in '/home/kariya/Git/2023_off_team_b_controller/src/controller_2023_b_launch'
[1.024s] INFO:colcon.colcon_core.shell:Skip shell extension 'powershell' for command environment: Not usable outside of PowerShell
[1.025s] DEBUG:colcon.colcon_core.shell:Skip shell extension 'dsv' for command environment
[1.054s] DEBUG:colcon.colcon_core.event_handler.log_command:Invoking command in '/home/kariya/Git/2023_off_team_b_controller/build/drobo_interfaces': CMAKE_PREFIX_PATH=/opt/ros/humble /usr/bin/cmake --build /home/kariya/Git/2023_off_team_b_controller/build/drobo_interfaces -- -j16 -l16
[1.058s] DEBUG:colcon.colcon_core.event_handler.log_command:Invoking command in '/home/kariya/Git/2023_off_team_b_controller/build/controller_2023_b_launch': CMAKE_PREFIX_PATH=/opt/ros/humble /usr/bin/cmake --build /home/kariya/Git/2023_off_team_b_controller/build/controller_2023_b_launch -- -j16 -l16
[1.074s] DEBUG:colcon.colcon_core.event_handler.log_command:Invoked command in '/home/kariya/Git/2023_off_team_b_controller/build/controller_2023_b_launch' returned '0': CMAKE_PREFIX_PATH=/opt/ros/humble /usr/bin/cmake --build /home/kariya/Git/2023_off_team_b_controller/build/controller_2023_b_launch -- -j16 -l16
[1.098s] DEBUG:colcon.colcon_core.event_handler.log_command:Invoking command in '/home/kariya/Git/2023_off_team_b_controller/build/controller_2023_b_launch': CMAKE_PREFIX_PATH=/opt/ros/humble /usr/bin/cmake --install /home/kariya/Git/2023_off_team_b_controller/build/controller_2023_b_launch
[1.111s] Level 1:colcon.colcon_core.environment:create_environment_scripts_only(controller_2023_b_launch)
[1.112s] DEBUG:colcon.colcon_core.event_handler.log_command:Invoked command in '/home/kariya/Git/2023_off_team_b_controller/build/controller_2023_b_launch' returned '0': CMAKE_PREFIX_PATH=/opt/ros/humble /usr/bin/cmake --install /home/kariya/Git/2023_off_team_b_controller/build/controller_2023_b_launch
[1.126s] Level 1:colcon.colcon_core.environment:checking '/home/kariya/Git/2023_off_team_b_controller/install/controller_2023_b_launch' for CMake module files
[1.126s] Level 1:colcon.colcon_core.environment:checking '/home/kariya/Git/2023_off_team_b_controller/install/controller_2023_b_launch' for CMake config files
[1.126s] Level 1:colcon.colcon_core.shell:create_environment_hook('controller_2023_b_launch', 'cmake_prefix_path')
[1.138s] INFO:colcon.colcon_core.shell:Creating environment hook '/home/kariya/Git/2023_off_team_b_controller/install/controller_2023_b_launch/share/controller_2023_b_launch/hook/cmake_prefix_path.ps1'
[1.139s] INFO:colcon.colcon_core.shell:Creating environment descriptor '/home/kariya/Git/2023_off_team_b_controller/install/controller_2023_b_launch/share/controller_2023_b_launch/hook/cmake_prefix_path.dsv'
[1.139s] INFO:colcon.colcon_core.shell:Creating environment hook '/home/kariya/Git/2023_off_team_b_controller/install/controller_2023_b_launch/share/controller_2023_b_launch/hook/cmake_prefix_path.sh'
[1.140s] Level 1:colcon.colcon_core.environment:checking '/home/kariya/Git/2023_off_team_b_controller/install/controller_2023_b_launch/bin'
[1.140s] Level 1:colcon.colcon_core.environment:checking '/home/kariya/Git/2023_off_team_b_controller/install/controller_2023_b_launch/lib/pkgconfig/controller_2023_b_launch.pc'
[1.140s] Level 1:colcon.colcon_core.environment:checking '/home/kariya/Git/2023_off_team_b_controller/install/controller_2023_b_launch/lib/python3.10/site-packages'
[1.141s] Level 1:colcon.colcon_core.environment:checking '/home/kariya/Git/2023_off_team_b_controller/install/controller_2023_b_launch/bin'
[1.153s] INFO:colcon.colcon_core.shell:Creating package script '/home/kariya/Git/2023_off_team_b_controller/install/controller_2023_b_launch/share/controller_2023_b_launch/package.ps1'
[1.154s] INFO:colcon.colcon_core.shell:Creating package descriptor '/home/kariya/Git/2023_off_team_b_controller/install/controller_2023_b_launch/share/controller_2023_b_launch/package.dsv'
[1.154s] INFO:colcon.colcon_core.shell:Creating package script '/home/kariya/Git/2023_off_team_b_controller/install/controller_2023_b_launch/share/controller_2023_b_launch/package.sh'
[1.155s] INFO:colcon.colcon_core.shell:Creating package script '/home/kariya/Git/2023_off_team_b_controller/install/controller_2023_b_launch/share/controller_2023_b_launch/package.bash'
[1.155s] INFO:colcon.colcon_core.shell:Creating package script '/home/kariya/Git/2023_off_team_b_controller/install/controller_2023_b_launch/share/controller_2023_b_launch/package.zsh'
[1.156s] Level 1:colcon.colcon_core.environment:create_file_with_runtime_dependencies(/home/kariya/Git/2023_off_team_b_controller/install/controller_2023_b_launch/share/colcon-core/packages/controller_2023_b_launch)
[1.188s] Level 1:colcon.colcon_core.environment:create_environment_scripts_only(controller_2023_b_launch)
[1.200s] Level 1:colcon.colcon_core.environment:checking '/home/kariya/Git/2023_off_team_b_controller/install/controller_2023_b_launch' for CMake module files
[1.200s] Level 1:colcon.colcon_core.environment:checking '/home/kariya/Git/2023_off_team_b_controller/install/controller_2023_b_launch' for CMake config files
[1.201s] Level 1:colcon.colcon_core.shell:create_environment_hook('controller_2023_b_launch', 'cmake_prefix_path')
[1.213s] INFO:colcon.colcon_core.shell:Creating environment hook '/home/kariya/Git/2023_off_team_b_controller/install/controller_2023_b_launch/share/controller_2023_b_launch/hook/cmake_prefix_path.ps1'
[1.213s] INFO:colcon.colcon_core.shell:Creating environment descriptor '/home/kariya/Git/2023_off_team_b_controller/install/controller_2023_b_launch/share/controller_2023_b_launch/hook/cmake_prefix_path.dsv'
[1.213s] INFO:colcon.colcon_core.shell:Creating environment hook '/home/kariya/Git/2023_off_team_b_controller/install/controller_2023_b_launch/share/controller_2023_b_launch/hook/cmake_prefix_path.sh'
[1.214s] Level 1:colcon.colcon_core.environment:checking '/home/kariya/Git/2023_off_team_b_controller/install/controller_2023_b_launch/bin'
[1.214s] Level 1:colcon.colcon_core.environment:checking '/home/kariya/Git/2023_off_team_b_controller/install/controller_2023_b_launch/lib/pkgconfig/controller_2023_b_launch.pc'
[1.214s] Level 1:colcon.colcon_core.environment:checking '/home/kariya/Git/2023_off_team_b_controller/install/controller_2023_b_launch/lib/python3.10/site-packages'
[1.214s] Level 1:colcon.colcon_core.environment:checking '/home/kariya/Git/2023_off_team_b_controller/install/controller_2023_b_launch/bin'
[1.225s] INFO:colcon.colcon_core.shell:Creating package script '/home/kariya/Git/2023_off_team_b_controller/install/controller_2023_b_launch/share/controller_2023_b_launch/package.ps1'
[1.226s] INFO:colcon.colcon_core.shell:Creating package descriptor '/home/kariya/Git/2023_off_team_b_controller/install/controller_2023_b_launch/share/controller_2023_b_launch/package.dsv'
[1.226s] INFO:colcon.colcon_core.shell:Creating package script '/home/kariya/Git/2023_off_team_b_controller/install/controller_2023_b_launch/share/controller_2023_b_launch/package.sh'
[1.226s] INFO:colcon.colcon_core.shell:Creating package script '/home/kariya/Git/2023_off_team_b_controller/install/controller_2023_b_launch/share/controller_2023_b_launch/package.bash'
[1.227s] INFO:colcon.colcon_core.shell:Creating package script '/home/kariya/Git/2023_off_team_b_controller/install/controller_2023_b_launch/share/controller_2023_b_launch/package.zsh'
[1.227s] Level 1:colcon.colcon_core.environment:create_file_with_runtime_dependencies(/home/kariya/Git/2023_off_team_b_controller/install/controller_2023_b_launch/share/colcon-core/packages/controller_2023_b_launch)
[1.337s] DEBUG:colcon.colcon_core.event_handler.log_command:Invoked command in '/home/kariya/Git/2023_off_team_b_controller/build/drobo_interfaces' returned '0': CMAKE_PREFIX_PATH=/opt/ros/humble /usr/bin/cmake --build /home/kariya/Git/2023_off_team_b_controller/build/drobo_interfaces -- -j16 -l16
[1.450s] DEBUG:colcon.colcon_core.event_handler.log_command:Invoking command in '/home/kariya/Git/2023_off_team_b_controller/build/drobo_interfaces': CMAKE_PREFIX_PATH=/opt/ros/humble /usr/bin/cmake --install /home/kariya/Git/2023_off_team_b_controller/build/drobo_interfaces
[1.521s] Level 1:colcon.colcon_core.environment:create_environment_scripts_only(drobo_interfaces)
[1.522s] DEBUG:colcon.colcon_core.event_handler.log_command:Invoked command in '/home/kariya/Git/2023_off_team_b_controller/build/drobo_interfaces' returned '0': CMAKE_PREFIX_PATH=/opt/ros/humble /usr/bin/cmake --install /home/kariya/Git/2023_off_team_b_controller/build/drobo_interfaces
[1.533s] Level 1:colcon.colcon_core.environment:checking '/home/kariya/Git/2023_off_team_b_controller/install/drobo_interfaces' for CMake module files
[1.533s] Level 1:colcon.colcon_core.environment:checking '/home/kariya/Git/2023_off_team_b_controller/install/drobo_interfaces' for CMake config files
[1.535s] Level 1:colcon.colcon_core.shell:create_environment_hook('drobo_interfaces', 'cmake_prefix_path')
[1.545s] INFO:colcon.colcon_core.shell:Creating environment hook '/home/kariya/Git/2023_off_team_b_controller/install/drobo_interfaces/share/drobo_interfaces/hook/cmake_prefix_path.ps1'
[1.545s] INFO:colcon.colcon_core.shell:Creating environment descriptor '/home/kariya/Git/2023_off_team_b_controller/install/drobo_interfaces/share/drobo_interfaces/hook/cmake_prefix_path.dsv'
[1.545s] INFO:colcon.colcon_core.shell:Creating environment hook '/home/kariya/Git/2023_off_team_b_controller/install/drobo_interfaces/share/drobo_interfaces/hook/cmake_prefix_path.sh'
[1.546s] Level 1:colcon.colcon_core.environment:checking '/home/kariya/Git/2023_off_team_b_controller/install/drobo_interfaces/lib'
[1.546s] Level 1:colcon.colcon_core.shell:create_environment_hook('drobo_interfaces', 'ld_library_path_lib')
[1.556s] INFO:colcon.colcon_core.shell:Creating environment hook '/home/kariya/Git/2023_off_team_b_controller/install/drobo_interfaces/share/drobo_interfaces/hook/ld_library_path_lib.ps1'
[1.556s] INFO:colcon.colcon_core.shell:Creating environment descriptor '/home/kariya/Git/2023_off_team_b_controller/install/drobo_interfaces/share/drobo_interfaces/hook/ld_library_path_lib.dsv'
[1.557s] INFO:colcon.colcon_core.shell:Creating environment hook '/home/kariya/Git/2023_off_team_b_controller/install/drobo_interfaces/share/drobo_interfaces/hook/ld_library_path_lib.sh'
[1.557s] Level 1:colcon.colcon_core.environment:checking '/home/kariya/Git/2023_off_team_b_controller/install/drobo_interfaces/bin'
[1.557s] Level 1:colcon.colcon_core.environment:checking '/home/kariya/Git/2023_off_team_b_controller/install/drobo_interfaces/lib/pkgconfig/drobo_interfaces.pc'
[1.557s] Level 1:colcon.colcon_core.environment:checking '/home/kariya/Git/2023_off_team_b_controller/install/drobo_interfaces/lib/python3.10/site-packages'
[1.557s] Level 1:colcon.colcon_core.environment:checking '/home/kariya/Git/2023_off_team_b_controller/install/drobo_interfaces/bin'
[1.584s] INFO:colcon.colcon_core.shell:Creating package script '/home/kariya/Git/2023_off_team_b_controller/install/drobo_interfaces/share/drobo_interfaces/package.ps1'
[1.585s] INFO:colcon.colcon_core.shell:Creating package descriptor '/home/kariya/Git/2023_off_team_b_controller/install/drobo_interfaces/share/drobo_interfaces/package.dsv'
[1.585s] INFO:colcon.colcon_core.shell:Creating package script '/home/kariya/Git/2023_off_team_b_controller/install/drobo_interfaces/share/drobo_interfaces/package.sh'
[1.586s] INFO:colcon.colcon_core.shell:Creating package script '/home/kariya/Git/2023_off_team_b_controller/install/drobo_interfaces/share/drobo_interfaces/package.bash'
[1.586s] INFO:colcon.colcon_core.shell:Creating package script '/home/kariya/Git/2023_off_team_b_controller/install/drobo_interfaces/share/drobo_interfaces/package.zsh'
[1.586s] Level 1:colcon.colcon_core.environment:create_file_with_runtime_dependencies(/home/kariya/Git/2023_off_team_b_controller/install/drobo_interfaces/share/colcon-core/packages/drobo_interfaces)
[1.709s] Level 1:colcon.colcon_core.environment:create_environment_scripts_only(drobo_interfaces)
[1.721s] Level 1:colcon.colcon_core.environment:checking '/home/kariya/Git/2023_off_team_b_controller/install/drobo_interfaces' for CMake module files
[1.722s] Level 1:colcon.colcon_core.environment:checking '/home/kariya/Git/2023_off_team_b_controller/install/drobo_interfaces' for CMake config files
[1.723s] Level 1:colcon.colcon_core.shell:create_environment_hook('drobo_interfaces', 'cmake_prefix_path')
[1.734s] INFO:colcon.colcon_core.shell:Creating environment hook '/home/kariya/Git/2023_off_team_b_controller/install/drobo_interfaces/share/drobo_interfaces/hook/cmake_prefix_path.ps1'
[1.734s] INFO:colcon.colcon_core.shell:Creating environment descriptor '/home/kariya/Git/2023_off_team_b_controller/install/drobo_interfaces/share/drobo_interfaces/hook/cmake_prefix_path.dsv'
[1.734s] INFO:colcon.colcon_core.shell:Creating environment hook '/home/kariya/Git/2023_off_team_b_controller/install/drobo_interfaces/share/drobo_interfaces/hook/cmake_prefix_path.sh'
[1.735s] Level 1:colcon.colcon_core.environment:checking '/home/kariya/Git/2023_off_team_b_controller/install/drobo_interfaces/lib'
[1.735s] Level 1:colcon.colcon_core.shell:create_environment_hook('drobo_interfaces', 'ld_library_path_lib')
[1.745s] INFO:colcon.colcon_core.shell:Creating environment hook '/home/kariya/Git/2023_off_team_b_controller/install/drobo_interfaces/share/drobo_interfaces/hook/ld_library_path_lib.ps1'
[1.745s] INFO:colcon.colcon_core.shell:Creating environment descriptor '/home/kariya/Git/2023_off_team_b_controller/install/drobo_interfaces/share/drobo_interfaces/hook/ld_library_path_lib.dsv'
[1.746s] INFO:colcon.colcon_core.shell:Creating environment hook '/home/kariya/Git/2023_off_team_b_controller/install/drobo_interfaces/share/drobo_interfaces/hook/ld_library_path_lib.sh'
[1.746s] Level 1:colcon.colcon_core.environment:checking '/home/kariya/Git/2023_off_team_b_controller/install/drobo_interfaces/bin'
[1.746s] Level 1:colcon.colcon_core.environment:checking '/home/kariya/Git/2023_off_team_b_controller/install/drobo_interfaces/lib/pkgconfig/drobo_interfaces.pc'
[1.746s] Level 1:colcon.colcon_core.environment:checking '/home/kariya/Git/2023_off_team_b_controller/install/drobo_interfaces/lib/python3.10/site-packages'
[1.747s] Level 1:colcon.colcon_core.environment:checking '/home/kariya/Git/2023_off_team_b_controller/install/drobo_interfaces/bin'
[1.756s] INFO:colcon.colcon_core.shell:Creating package script '/home/kariya/Git/2023_off_team_b_controller/install/drobo_interfaces/share/drobo_interfaces/package.ps1'
[1.757s] INFO:colcon.colcon_core.shell:Creating package descriptor '/home/kariya/Git/2023_off_team_b_controller/install/drobo_interfaces/share/drobo_interfaces/package.dsv'
[1.757s] INFO:colcon.colcon_core.shell:Creating package script '/home/kariya/Git/2023_off_team_b_controller/install/drobo_interfaces/share/drobo_interfaces/package.sh'
[1.757s] INFO:colcon.colcon_core.shell:Creating package script '/home/kariya/Git/2023_off_team_b_controller/install/drobo_interfaces/share/drobo_interfaces/package.bash'
[1.758s] INFO:colcon.colcon_core.shell:Creating package script '/home/kariya/Git/2023_off_team_b_controller/install/drobo_interfaces/share/drobo_interfaces/package.zsh'
[1.758s] Level 1:colcon.colcon_core.environment:create_file_with_runtime_dependencies(/home/kariya/Git/2023_off_team_b_controller/install/drobo_interfaces/share/colcon-core/packages/drobo_interfaces)
[1.758s] INFO:colcon.colcon_cargo.task.cargo.build:Building Cargo package in '/home/kariya/Git/2023_off_team_b_controller/src/swerve_drive_control'
[1.770s] INFO:colcon.colcon_core.shell:Skip shell extension 'powershell' for command environment: Not usable outside of PowerShell
[1.770s] DEBUG:colcon.colcon_core.shell:Skip shell extension 'dsv' for command environment
[1.802s] Level 1:colcon.colcon_core.shell:create_environment_hook('swerve_drive_control', 'ament_prefix_path')
[1.814s] INFO:colcon.colcon_core.shell:Creating environment hook '/home/kariya/Git/2023_off_team_b_controller/install/swerve_drive_control/share/swerve_drive_control/hook/ament_prefix_path.ps1'
[1.814s] INFO:colcon.colcon_core.shell:Creating environment descriptor '/home/kariya/Git/2023_off_team_b_controller/install/swerve_drive_control/share/swerve_drive_control/hook/ament_prefix_path.dsv'
[1.815s] INFO:colcon.colcon_core.shell:Creating environment hook '/home/kariya/Git/2023_off_team_b_controller/install/swerve_drive_control/share/swerve_drive_control/hook/ament_prefix_path.sh'
[1.817s] DEBUG:colcon.colcon_core.event_handler.log_command:Invoking command in 'src/swerve_drive_control': AMENT_PREFIX_PATH=/home/kariya/Git/2023_off_team_b_controller/install/drobo_interfaces:${AMENT_PREFIX_PATH} CMAKE_PREFIX_PATH=/home/kariya/Git/2023_off_team_b_controller/install/drobo_interfaces LD_LIBRARY_PATH=/home/kariya/Git/2023_off_team_b_controller/install/drobo_interfaces/lib:${LD_LIBRARY_PATH} PYTHONPATH=/home/kariya/Git/2023_off_team_b_controller/install/drobo_interfaces/local/lib/python3.10/dist-packages:${PYTHONPATH} /home/kariya/.cargo/bin/cargo ament-build --install-base /home/kariya/Git/2023_off_team_b_controller/install/swerve_drive_control -- --manifest-path /home/kariya/Git/2023_off_team_b_controller/src/swerve_drive_control/Cargo.toml --target-dir /home/kariya/Git/2023_off_team_b_controller/build/swerve_drive_control --quiet --release
[2.882s] Level 1:colcon.colcon_core.environment:create_environment_scripts_only(swerve_drive_control)
[2.883s] DEBUG:colcon.colcon_core.event_handler.log_command:Invoked command in 'src/swerve_drive_control' returned '0': AMENT_PREFIX_PATH=/home/kariya/Git/2023_off_team_b_controller/install/drobo_interfaces:${AMENT_PREFIX_PATH} CMAKE_PREFIX_PATH=/home/kariya/Git/2023_off_team_b_controller/install/drobo_interfaces LD_LIBRARY_PATH=/home/kariya/Git/2023_off_team_b_controller/install/drobo_interfaces/lib:${LD_LIBRARY_PATH} PYTHONPATH=/home/kariya/Git/2023_off_team_b_controller/install/drobo_interfaces/local/lib/python3.10/dist-packages:${PYTHONPATH} /home/kariya/.cargo/bin/cargo ament-build --install-base /home/kariya/Git/2023_off_team_b_controller/install/swerve_drive_control -- --manifest-path /home/kariya/Git/2023_off_team_b_controller/src/swerve_drive_control/Cargo.toml --target-dir /home/kariya/Git/2023_off_team_b_controller/build/swerve_drive_control --quiet --release
[2.894s] Level 1:colcon.colcon_core.environment:checking '/home/kariya/Git/2023_off_team_b_controller/install/swerve_drive_control' for CMake module files
[2.894s] Level 1:colcon.colcon_core.environment:checking '/home/kariya/Git/2023_off_team_b_controller/install/swerve_drive_control' for CMake config files
[2.894s] Level 1:colcon.colcon_core.environment:checking '/home/kariya/Git/2023_off_team_b_controller/install/swerve_drive_control/lib'
[2.894s] Level 1:colcon.colcon_core.environment:checking '/home/kariya/Git/2023_off_team_b_controller/install/swerve_drive_control/bin'
[2.894s] Level 1:colcon.colcon_core.environment:checking '/home/kariya/Git/2023_off_team_b_controller/install/swerve_drive_control/lib/pkgconfig/swerve_drive_control.pc'
[2.895s] Level 1:colcon.colcon_core.environment:checking '/home/kariya/Git/2023_off_team_b_controller/install/swerve_drive_control/lib/python3.10/site-packages'
[2.895s] Level 1:colcon.colcon_core.environment:checking '/home/kariya/Git/2023_off_team_b_controller/install/swerve_drive_control/bin'
[2.906s] INFO:colcon.colcon_core.shell:Creating package script '/home/kariya/Git/2023_off_team_b_controller/install/swerve_drive_control/share/swerve_drive_control/package.ps1'
[2.906s] INFO:colcon.colcon_core.shell:Creating package descriptor '/home/kariya/Git/2023_off_team_b_controller/install/swerve_drive_control/share/swerve_drive_control/package.dsv'
[2.907s] INFO:colcon.colcon_core.shell:Creating package script '/home/kariya/Git/2023_off_team_b_controller/install/swerve_drive_control/share/swerve_drive_control/package.sh'
[2.907s] INFO:colcon.colcon_core.shell:Creating package script '/home/kariya/Git/2023_off_team_b_controller/install/swerve_drive_control/share/swerve_drive_control/package.bash'
[2.908s] INFO:colcon.colcon_core.shell:Creating package script '/home/kariya/Git/2023_off_team_b_controller/install/swerve_drive_control/share/swerve_drive_control/package.zsh'
[2.908s] Level 1:colcon.colcon_core.environment:create_file_with_runtime_dependencies(/home/kariya/Git/2023_off_team_b_controller/install/swerve_drive_control/share/colcon-core/packages/swerve_drive_control)
[2.908s] DEBUG:colcon.colcon_parallel_executor.executor.parallel:closing loop
[2.908s] DEBUG:colcon.colcon_parallel_executor.executor.parallel:loop closed
[2.909s] DEBUG:colcon.colcon_parallel_executor.executor.parallel:run_until_complete finished with '0'
[2.909s] DEBUG:colcon.colcon_core.event_reactor:joining thread
[2.935s] INFO:colcon.colcon_core.plugin_system:Skipping extension 'colcon_notification.desktop_notification.terminal_notifier': Not used on non-Darwin systems
[2.935s] INFO:colcon.colcon_core.plugin_system:Skipping extension 'colcon_notification.desktop_notification.win32': Not used on non-Windows systems
[2.935s] INFO:colcon.colcon_notification.desktop_notification:Sending desktop notification using 'notify2'
[2.945s] DEBUG:colcon.colcon_core.event_reactor:joined thread
[2.957s] INFO:colcon.colcon_core.shell:Creating prefix script '/home/kariya/Git/2023_off_team_b_controller/install/local_setup.ps1'
[2.958s] INFO:colcon.colcon_core.shell:Creating prefix util module '/home/kariya/Git/2023_off_team_b_controller/install/_local_setup_util_ps1.py'
[2.959s] INFO:colcon.colcon_core.shell:Creating prefix chain script '/home/kariya/Git/2023_off_team_b_controller/install/setup.ps1'
[2.972s] INFO:colcon.colcon_core.shell:Creating prefix script '/home/kariya/Git/2023_off_team_b_controller/install/local_setup.sh'
[2.973s] INFO:colcon.colcon_core.shell:Creating prefix util module '/home/kariya/Git/2023_off_team_b_controller/install/_local_setup_util_sh.py'
[2.973s] INFO:colcon.colcon_core.shell:Creating prefix chain script '/home/kariya/Git/2023_off_team_b_controller/install/setup.sh'
[2.985s] INFO:colcon.colcon_core.shell:Creating prefix script '/home/kariya/Git/2023_off_team_b_controller/install/local_setup.bash'
[2.986s] INFO:colcon.colcon_core.shell:Creating prefix chain script '/home/kariya/Git/2023_off_team_b_controller/install/setup.bash'
[2.997s] INFO:colcon.colcon_core.shell:Creating prefix script '/home/kariya/Git/2023_off_team_b_controller/install/local_setup.zsh'
[2.997s] INFO:colcon.colcon_core.shell:Creating prefix chain script '/home/kariya/Git/2023_off_team_b_controller/install/setup.zsh'
