[0.000000] (-) TimerEvent: {}
[0.000798] (controller_2023_b_launch) JobQueued: {'identifier': 'controller_2023_b_launch', 'dependencies': OrderedDict()}
[0.000846] (drobo_interfaces) JobQueued: {'identifier': 'drobo_interfaces', 'dependencies': OrderedDict()}
[0.000876] (swerve_drive_control) JobQueued: {'identifier': 'swerve_drive_control', 'dependencies': OrderedDict([('drobo_interfaces', '/home/kariya/Git/2023_off_team_b_controller/install/drobo_interfaces')])}
[0.000905] (drobo_interfaces) JobStarted: {'identifier': 'drobo_interfaces'}
[0.050371] (controller_2023_b_launch) JobStarted: {'identifier': 'controller_2023_b_launch'}
[0.099136] (drobo_interfaces) JobProgress: {'identifier': 'drobo_interfaces', 'progress': 'cmake'}
[0.099704] (-) TimerEvent: {}
[0.100093] (drobo_interfaces) JobProgress: {'identifier': 'drobo_interfaces', 'progress': 'build'}
[0.100964] (drobo_interfaces) Command: {'cmd': ['/usr/bin/cmake', '--build', '/home/kariya/Git/2023_off_team_b_controller/build/drobo_interfaces', '--', '-j16', '-l16'], 'cwd': '/home/kariya/Git/2023_off_team_b_controller/build/drobo_interfaces', 'env': OrderedDict([('USER', 'kariya'), ('XDG_SESSION_TYPE', 'wayland'), ('SHLVL', '1'), ('LD_LIBRARY_PATH', '/opt/ros/humble/opt/rviz_ogre_vendor/lib:/opt/ros/humble/lib/x86_64-linux-gnu:/opt/ros/humble/lib'), ('OLDPWD', '/home/kariya/Git/2023_off_team_b_controller/src'), ('HOME', '/home/kariya'), ('DESKTOP_SESSION', 'ubuntu'), ('GTK_MODULES', 'gail:atk-bridge'), ('GNOME_SHELL_SESSION_MODE', 'ubuntu'), ('ROS_PYTHON_VERSION', '3'), ('SYSTEMD_EXEC_PID', '1673'), ('DBUS_SESSION_BUS_ADDRESS', 'unix:path=/run/user/1000/bus'), ('USER_3DMOD', '/home/kariya/Git/d_robo_lib/3D_object'), ('COLORTERM', 'truecolor'), ('ZPFX', '/home/kariya/.local/share/zinit/polaris'), ('WAYLAND_DISPLAY', 'wayland-0'), ('ROS_DISTRO', 'humble'), ('LOGNAME', 'kariya'), ('_', '/usr/bin/colcon'), ('XDG_SESSION_CLASS', 'user'), ('ROS_VERSION', '2'), ('USERNAME', 'kariya'), ('TERM', 'xterm-256color'), ('GNOME_DESKTOP_SESSION_ID', 'this-is-deprecated'), ('ROS_LOCALHOST_ONLY', '0'), ('ZSH_CACHE_DIR', '/home/kariya/.cache/zinit'), ('PMSPEC', '0uUpiPsf'), ('PATH', '/home/kariya/.local/share/zinit/plugins/paulirish---git-open:/opt/ros/humble/bin:/home/kariya/.local/share/zinit/polaris/bin:/home/kariya/.cargo/bin:/usr/local/sbin:/usr/local/bin:/usr/sbin:/usr/bin:/sbin:/bin:/usr/games:/usr/local/games:/snap/bin:/snap/bin'), ('SESSION_MANAGER', 'local/kariya-Inspiron-14-5425:@/tmp/.ICE-unix/1643,unix/kariya-Inspiron-14-5425:/tmp/.ICE-unix/1643'), ('GNOME_TERMINAL_SCREEN', '/org/gnome/Terminal/screen/a74d911f_b61b_4810_906d_07496ab927b6'), ('XDG_MENU_PREFIX', 'gnome-'), ('GNOME_SETUP_DISPLAY', ':1'), ('XDG_RUNTIME_DIR', '/run/user/1000'), ('DISPLAY', ':0'), ('LANG', 'ja_JP.UTF-8'), ('XDG_CURRENT_DESKTOP', 'ubuntu:GNOME'), ('XDG_SESSION_DESKTOP', 'ubuntu'), ('GNOME_TERMINAL_SERVICE', ':1.105'), ('XMODIFIERS', '@im=ibus'), ('XAUTHORITY', '/run/user/1000/.mutter-Xwaylandauth.0BI8I2'), ('SSH_AUTH_SOCK', '/run/user/1000/keyring/ssh'), ('SSH_AGENT_LAUNCHER', 'gnome-keyring'), ('AMENT_PREFIX_PATH', '/opt/ros/humble'), ('SHELL', '/bin/zsh'), ('QT_ACCESSIBILITY', '1'), ('GDMSESSION', 'ubuntu'), ('QT_IM_MODULE', 'ibus'), ('PWD', '/home/kariya/Git/2023_off_team_b_controller/build/drobo_interfaces'), ('XDG_DATA_DIRS', '/usr/local/share/:/usr/share/:/var/lib/snapd/desktop'), ('PYTHONPATH', '/opt/ros/humble/lib/python3.10/site-packages:/opt/ros/humble/local/lib/python3.10/dist-packages'), ('COLCON', '1'), ('VTE_VERSION', '6800'), ('CMAKE_PREFIX_PATH', '/opt/ros/humble')]), 'shell': False}
[0.104981] (controller_2023_b_launch) JobProgress: {'identifier': 'controller_2023_b_launch', 'progress': 'cmake'}
[0.105549] (controller_2023_b_launch) JobProgress: {'identifier': 'controller_2023_b_launch', 'progress': 'build'}
[0.106436] (controller_2023_b_launch) Command: {'cmd': ['/usr/bin/cmake', '--build', '/home/kariya/Git/2023_off_team_b_controller/build/controller_2023_b_launch', '--', '-j16', '-l16'], 'cwd': '/home/kariya/Git/2023_off_team_b_controller/build/controller_2023_b_launch', 'env': OrderedDict([('USER', 'kariya'), ('XDG_SESSION_TYPE', 'wayland'), ('SHLVL', '1'), ('LD_LIBRARY_PATH', '/opt/ros/humble/opt/rviz_ogre_vendor/lib:/opt/ros/humble/lib/x86_64-linux-gnu:/opt/ros/humble/lib'), ('OLDPWD', '/home/kariya/Git/2023_off_team_b_controller/src'), ('HOME', '/home/kariya'), ('DESKTOP_SESSION', 'ubuntu'), ('GTK_MODULES', 'gail:atk-bridge'), ('GNOME_SHELL_SESSION_MODE', 'ubuntu'), ('ROS_PYTHON_VERSION', '3'), ('SYSTEMD_EXEC_PID', '1673'), ('DBUS_SESSION_BUS_ADDRESS', 'unix:path=/run/user/1000/bus'), ('USER_3DMOD', '/home/kariya/Git/d_robo_lib/3D_object'), ('COLORTERM', 'truecolor'), ('ZPFX', '/home/kariya/.local/share/zinit/polaris'), ('WAYLAND_DISPLAY', 'wayland-0'), ('ROS_DISTRO', 'humble'), ('LOGNAME', 'kariya'), ('_', '/usr/bin/colcon'), ('XDG_SESSION_CLASS', 'user'), ('ROS_VERSION', '2'), ('USERNAME', 'kariya'), ('TERM', 'xterm-256color'), ('GNOME_DESKTOP_SESSION_ID', 'this-is-deprecated'), ('ROS_LOCALHOST_ONLY', '0'), ('ZSH_CACHE_DIR', '/home/kariya/.cache/zinit'), ('PMSPEC', '0uUpiPsf'), ('PATH', '/home/kariya/.local/share/zinit/plugins/paulirish---git-open:/opt/ros/humble/bin:/home/kariya/.local/share/zinit/polaris/bin:/home/kariya/.cargo/bin:/usr/local/sbin:/usr/local/bin:/usr/sbin:/usr/bin:/sbin:/bin:/usr/games:/usr/local/games:/snap/bin:/snap/bin'), ('SESSION_MANAGER', 'local/kariya-Inspiron-14-5425:@/tmp/.ICE-unix/1643,unix/kariya-Inspiron-14-5425:/tmp/.ICE-unix/1643'), ('GNOME_TERMINAL_SCREEN', '/org/gnome/Terminal/screen/a74d911f_b61b_4810_906d_07496ab927b6'), ('XDG_MENU_PREFIX', 'gnome-'), ('GNOME_SETUP_DISPLAY', ':1'), ('XDG_RUNTIME_DIR', '/run/user/1000'), ('DISPLAY', ':0'), ('LANG', 'ja_JP.UTF-8'), ('XDG_CURRENT_DESKTOP', 'ubuntu:GNOME'), ('XDG_SESSION_DESKTOP', 'ubuntu'), ('GNOME_TERMINAL_SERVICE', ':1.105'), ('XMODIFIERS', '@im=ibus'), ('XAUTHORITY', '/run/user/1000/.mutter-Xwaylandauth.0BI8I2'), ('SSH_AUTH_SOCK', '/run/user/1000/keyring/ssh'), ('SSH_AGENT_LAUNCHER', 'gnome-keyring'), ('AMENT_PREFIX_PATH', '/opt/ros/humble'), ('SHELL', '/bin/zsh'), ('QT_ACCESSIBILITY', '1'), ('GDMSESSION', 'ubuntu'), ('QT_IM_MODULE', 'ibus'), ('PWD', '/home/kariya/Git/2023_off_team_b_controller/build/controller_2023_b_launch'), ('XDG_DATA_DIRS', '/usr/local/share/:/usr/share/:/var/lib/snapd/desktop'), ('PYTHONPATH', '/opt/ros/humble/lib/python3.10/site-packages:/opt/ros/humble/local/lib/python3.10/dist-packages'), ('COLCON', '1'), ('VTE_VERSION', '6800'), ('CMAKE_PREFIX_PATH', '/opt/ros/humble')]), 'shell': False}
[0.129554] (controller_2023_b_launch) CommandEnded: {'returncode': 0}
[0.137259] (drobo_interfaces) StdoutLine: {'line': b'[  2%] Built target drobo_interfaces__cpp\n'}
[0.140474] (drobo_interfaces) StdoutLine: {'line': b'[ 12%] Built target drobo_interfaces__rosidl_generator_c\n'}
[0.140815] (drobo_interfaces) StdoutLine: {'line': b'[ 12%] Built target ament_cmake_python_symlink_drobo_interfaces\n'}
[0.150634] (controller_2023_b_launch) JobProgress: {'identifier': 'controller_2023_b_launch', 'progress': 'install'}
[0.156026] (controller_2023_b_launch) Command: {'cmd': ['/usr/bin/cmake', '--install', '/home/kariya/Git/2023_off_team_b_controller/build/controller_2023_b_launch'], 'cwd': '/home/kariya/Git/2023_off_team_b_controller/build/controller_2023_b_launch', 'env': OrderedDict([('USER', 'kariya'), ('XDG_SESSION_TYPE', 'wayland'), ('SHLVL', '1'), ('LD_LIBRARY_PATH', '/opt/ros/humble/opt/rviz_ogre_vendor/lib:/opt/ros/humble/lib/x86_64-linux-gnu:/opt/ros/humble/lib'), ('OLDPWD', '/home/kariya/Git/2023_off_team_b_controller/src'), ('HOME', '/home/kariya'), ('DESKTOP_SESSION', 'ubuntu'), ('GTK_MODULES', 'gail:atk-bridge'), ('GNOME_SHELL_SESSION_MODE', 'ubuntu'), ('ROS_PYTHON_VERSION', '3'), ('SYSTEMD_EXEC_PID', '1673'), ('DBUS_SESSION_BUS_ADDRESS', 'unix:path=/run/user/1000/bus'), ('USER_3DMOD', '/home/kariya/Git/d_robo_lib/3D_object'), ('COLORTERM', 'truecolor'), ('ZPFX', '/home/kariya/.local/share/zinit/polaris'), ('WAYLAND_DISPLAY', 'wayland-0'), ('ROS_DISTRO', 'humble'), ('LOGNAME', 'kariya'), ('_', '/usr/bin/colcon'), ('XDG_SESSION_CLASS', 'user'), ('ROS_VERSION', '2'), ('USERNAME', 'kariya'), ('TERM', 'xterm-256color'), ('GNOME_DESKTOP_SESSION_ID', 'this-is-deprecated'), ('ROS_LOCALHOST_ONLY', '0'), ('ZSH_CACHE_DIR', '/home/kariya/.cache/zinit'), ('PMSPEC', '0uUpiPsf'), ('PATH', '/home/kariya/.local/share/zinit/plugins/paulirish---git-open:/opt/ros/humble/bin:/home/kariya/.local/share/zinit/polaris/bin:/home/kariya/.cargo/bin:/usr/local/sbin:/usr/local/bin:/usr/sbin:/usr/bin:/sbin:/bin:/usr/games:/usr/local/games:/snap/bin:/snap/bin'), ('SESSION_MANAGER', 'local/kariya-Inspiron-14-5425:@/tmp/.ICE-unix/1643,unix/kariya-Inspiron-14-5425:/tmp/.ICE-unix/1643'), ('GNOME_TERMINAL_SCREEN', '/org/gnome/Terminal/screen/a74d911f_b61b_4810_906d_07496ab927b6'), ('XDG_MENU_PREFIX', 'gnome-'), ('GNOME_SETUP_DISPLAY', ':1'), ('XDG_RUNTIME_DIR', '/run/user/1000'), ('DISPLAY', ':0'), ('LANG', 'ja_JP.UTF-8'), ('XDG_CURRENT_DESKTOP', 'ubuntu:GNOME'), ('XDG_SESSION_DESKTOP', 'ubuntu'), ('GNOME_TERMINAL_SERVICE', ':1.105'), ('XMODIFIERS', '@im=ibus'), ('XAUTHORITY', '/run/user/1000/.mutter-Xwaylandauth.0BI8I2'), ('SSH_AUTH_SOCK', '/run/user/1000/keyring/ssh'), ('SSH_AGENT_LAUNCHER', 'gnome-keyring'), ('AMENT_PREFIX_PATH', '/opt/ros/humble'), ('SHELL', '/bin/zsh'), ('QT_ACCESSIBILITY', '1'), ('GDMSESSION', 'ubuntu'), ('QT_IM_MODULE', 'ibus'), ('PWD', '/home/kariya/Git/2023_off_team_b_controller/build/controller_2023_b_launch'), ('XDG_DATA_DIRS', '/usr/local/share/:/usr/share/:/var/lib/snapd/desktop'), ('PYTHONPATH', '/opt/ros/humble/lib/python3.10/site-packages:/opt/ros/humble/local/lib/python3.10/dist-packages'), ('COLCON', '1'), ('VTE_VERSION', '6800'), ('CMAKE_PREFIX_PATH', '/opt/ros/humble')]), 'shell': False}
[0.157863] (drobo_interfaces) StdoutLine: {'line': b'[ 34%] Built target drobo_interfaces__rosidl_typesupport_c\n'}
[0.158396] (drobo_interfaces) StdoutLine: {'line': b'[ 34%] Built target drobo_interfaces__rosidl_typesupport_introspection_c\n'}
[0.158681] (drobo_interfaces) StdoutLine: {'line': b'[ 44%] Built target drobo_interfaces__rosidl_typesupport_cpp\n'}
[0.158864] (drobo_interfaces) StdoutLine: {'line': b'[ 55%] Built target drobo_interfaces__rosidl_typesupport_introspection_cpp\n'}
[0.159024] (drobo_interfaces) StdoutLine: {'line': b'[ 65%] Built target drobo_interfaces__rosidl_typesupport_fastrtps_cpp\n'}
[0.160093] (controller_2023_b_launch) StdoutLine: {'line': b'-- Install configuration: ""\n'}
[0.160383] (drobo_interfaces) StdoutLine: {'line': b'[ 76%] Built target drobo_interfaces__rosidl_typesupport_fastrtps_c\n'}
[0.160775] (controller_2023_b_launch) StdoutLine: {'line': b'-- Execute custom install script\n'}
[0.161262] (controller_2023_b_launch) StdoutLine: {'line': b'-- Up-to-date symlink: /home/kariya/Git/2023_off_team_b_controller/install/controller_2023_b_launch/share/controller_2023_b_launch//launch/controller_2023_b.launch.xml\n'}
[0.161566] (controller_2023_b_launch) StdoutLine: {'line': b'-- Up-to-date symlink: /home/kariya/Git/2023_off_team_b_controller/install/controller_2023_b_launch/share/ament_index/resource_index/package_run_dependencies/controller_2023_b_launch\n'}
[0.161765] (controller_2023_b_launch) StdoutLine: {'line': b'-- Up-to-date symlink: /home/kariya/Git/2023_off_team_b_controller/install/controller_2023_b_launch/share/ament_index/resource_index/parent_prefix_path/controller_2023_b_launch\n'}
[0.162019] (controller_2023_b_launch) StdoutLine: {'line': b'-- Up-to-date symlink: /home/kariya/Git/2023_off_team_b_controller/install/controller_2023_b_launch/share/controller_2023_b_launch/environment/ament_prefix_path.sh\n'}
[0.162203] (controller_2023_b_launch) StdoutLine: {'line': b'-- Up-to-date symlink: /home/kariya/Git/2023_off_team_b_controller/install/controller_2023_b_launch/share/controller_2023_b_launch/environment/ament_prefix_path.dsv\n'}
[0.162445] (controller_2023_b_launch) StdoutLine: {'line': b'-- Up-to-date symlink: /home/kariya/Git/2023_off_team_b_controller/install/controller_2023_b_launch/share/controller_2023_b_launch/environment/path.sh\n'}
[0.162639] (controller_2023_b_launch) StdoutLine: {'line': b'-- Up-to-date symlink: /home/kariya/Git/2023_off_team_b_controller/install/controller_2023_b_launch/share/controller_2023_b_launch/environment/path.dsv\n'}
[0.162879] (controller_2023_b_launch) StdoutLine: {'line': b'-- Up-to-date symlink: /home/kariya/Git/2023_off_team_b_controller/install/controller_2023_b_launch/share/controller_2023_b_launch/local_setup.bash\n'}
[0.163080] (controller_2023_b_launch) StdoutLine: {'line': b'-- Up-to-date symlink: /home/kariya/Git/2023_off_team_b_controller/install/controller_2023_b_launch/share/controller_2023_b_launch/local_setup.sh\n'}
[0.163295] (controller_2023_b_launch) StdoutLine: {'line': b'-- Up-to-date symlink: /home/kariya/Git/2023_off_team_b_controller/install/controller_2023_b_launch/share/controller_2023_b_launch/local_setup.zsh\n'}
[0.163473] (controller_2023_b_launch) StdoutLine: {'line': b'-- Up-to-date symlink: /home/kariya/Git/2023_off_team_b_controller/install/controller_2023_b_launch/share/controller_2023_b_launch/local_setup.dsv\n'}
[0.163628] (controller_2023_b_launch) StdoutLine: {'line': b'-- Symlinking: /home/kariya/Git/2023_off_team_b_controller/install/controller_2023_b_launch/share/controller_2023_b_launch/package.dsv\n'}
[0.168307] (controller_2023_b_launch) StdoutLine: {'line': b'-- Up-to-date symlink: /home/kariya/Git/2023_off_team_b_controller/install/controller_2023_b_launch/share/ament_index/resource_index/packages/controller_2023_b_launch\n'}
[0.168532] (controller_2023_b_launch) StdoutLine: {'line': b'-- Up-to-date symlink: /home/kariya/Git/2023_off_team_b_controller/install/controller_2023_b_launch/share/controller_2023_b_launch/cmake/controller_2023_b_launchConfig.cmake\n'}
[0.168778] (controller_2023_b_launch) StdoutLine: {'line': b'-- Up-to-date symlink: /home/kariya/Git/2023_off_team_b_controller/install/controller_2023_b_launch/share/controller_2023_b_launch/cmake/controller_2023_b_launchConfig-version.cmake\n'}
[0.169056] (controller_2023_b_launch) StdoutLine: {'line': b'-- Up-to-date symlink: /home/kariya/Git/2023_off_team_b_controller/install/controller_2023_b_launch/share/controller_2023_b_launch/package.xml\n'}
[0.171397] (controller_2023_b_launch) CommandEnded: {'returncode': 0}
[0.173560] (drobo_interfaces) StdoutLine: {'line': b'[ 76%] Built target drobo_interfaces\n'}
[0.188126] (drobo_interfaces) StdoutLine: {'line': b'[ 78%] Built target drobo_interfaces__py\n'}
[0.199814] (-) TimerEvent: {}
[0.209009] (drobo_interfaces) StdoutLine: {'line': b'[ 87%] Built target drobo_interfaces__rosidl_generator_py\n'}
[0.228469] (drobo_interfaces) StdoutLine: {'line': b'[ 97%] Built target drobo_interfaces__rosidl_typesupport_c__pyext\n'}
[0.229185] (drobo_interfaces) StdoutLine: {'line': b'[ 97%] Built target drobo_interfaces__rosidl_typesupport_fastrtps_c__pyext\n'}
[0.229705] (drobo_interfaces) StdoutLine: {'line': b'[100%] Built target drobo_interfaces__rosidl_typesupport_introspection_c__pyext\n'}
[0.300218] (-) TimerEvent: {}
[0.338081] (controller_2023_b_launch) JobEnded: {'identifier': 'controller_2023_b_launch', 'rc': 0}
[0.400333] (-) TimerEvent: {}
[0.401921] (drobo_interfaces) StdoutLine: {'line': b'running egg_info\n'}
[0.402771] (drobo_interfaces) StdoutLine: {'line': b'writing drobo_interfaces.egg-info/PKG-INFO\n'}
[0.403077] (drobo_interfaces) StdoutLine: {'line': b'writing dependency_links to drobo_interfaces.egg-info/dependency_links.txt\n'}
[0.403362] (drobo_interfaces) StdoutLine: {'line': b'writing top-level names to drobo_interfaces.egg-info/top_level.txt\n'}
[0.405630] (drobo_interfaces) StdoutLine: {'line': b"reading manifest file 'drobo_interfaces.egg-info/SOURCES.txt'\n"}
[0.406292] (drobo_interfaces) StdoutLine: {'line': b"writing manifest file 'drobo_interfaces.egg-info/SOURCES.txt'\n"}
[0.442525] (drobo_interfaces) StdoutLine: {'line': b'[100%] Built target ament_cmake_python_build_drobo_interfaces_egg\n'}
[0.451222] (drobo_interfaces) CommandEnded: {'returncode': 0}
[0.500432] (-) TimerEvent: {}
[0.596657] (drobo_interfaces) JobProgress: {'identifier': 'drobo_interfaces', 'progress': 'install'}
[0.597078] (drobo_interfaces) Command: {'cmd': ['/usr/bin/cmake', '--install', '/home/kariya/Git/2023_off_team_b_controller/build/drobo_interfaces'], 'cwd': '/home/kariya/Git/2023_off_team_b_controller/build/drobo_interfaces', 'env': OrderedDict([('USER', 'kariya'), ('XDG_SESSION_TYPE', 'wayland'), ('SHLVL', '1'), ('LD_LIBRARY_PATH', '/opt/ros/humble/opt/rviz_ogre_vendor/lib:/opt/ros/humble/lib/x86_64-linux-gnu:/opt/ros/humble/lib'), ('OLDPWD', '/home/kariya/Git/2023_off_team_b_controller/src'), ('HOME', '/home/kariya'), ('DESKTOP_SESSION', 'ubuntu'), ('GTK_MODULES', 'gail:atk-bridge'), ('GNOME_SHELL_SESSION_MODE', 'ubuntu'), ('ROS_PYTHON_VERSION', '3'), ('SYSTEMD_EXEC_PID', '1673'), ('DBUS_SESSION_BUS_ADDRESS', 'unix:path=/run/user/1000/bus'), ('USER_3DMOD', '/home/kariya/Git/d_robo_lib/3D_object'), ('COLORTERM', 'truecolor'), ('ZPFX', '/home/kariya/.local/share/zinit/polaris'), ('WAYLAND_DISPLAY', 'wayland-0'), ('ROS_DISTRO', 'humble'), ('LOGNAME', 'kariya'), ('_', '/usr/bin/colcon'), ('XDG_SESSION_CLASS', 'user'), ('ROS_VERSION', '2'), ('USERNAME', 'kariya'), ('TERM', 'xterm-256color'), ('GNOME_DESKTOP_SESSION_ID', 'this-is-deprecated'), ('ROS_LOCALHOST_ONLY', '0'), ('ZSH_CACHE_DIR', '/home/kariya/.cache/zinit'), ('PMSPEC', '0uUpiPsf'), ('PATH', '/home/kariya/.local/share/zinit/plugins/paulirish---git-open:/opt/ros/humble/bin:/home/kariya/.local/share/zinit/polaris/bin:/home/kariya/.cargo/bin:/usr/local/sbin:/usr/local/bin:/usr/sbin:/usr/bin:/sbin:/bin:/usr/games:/usr/local/games:/snap/bin:/snap/bin'), ('SESSION_MANAGER', 'local/kariya-Inspiron-14-5425:@/tmp/.ICE-unix/1643,unix/kariya-Inspiron-14-5425:/tmp/.ICE-unix/1643'), ('GNOME_TERMINAL_SCREEN', '/org/gnome/Terminal/screen/a74d911f_b61b_4810_906d_07496ab927b6'), ('XDG_MENU_PREFIX', 'gnome-'), ('GNOME_SETUP_DISPLAY', ':1'), ('XDG_RUNTIME_DIR', '/run/user/1000'), ('DISPLAY', ':0'), ('LANG', 'ja_JP.UTF-8'), ('XDG_CURRENT_DESKTOP', 'ubuntu:GNOME'), ('XDG_SESSION_DESKTOP', 'ubuntu'), ('GNOME_TERMINAL_SERVICE', ':1.105'), ('XMODIFIERS', '@im=ibus'), ('XAUTHORITY', '/run/user/1000/.mutter-Xwaylandauth.0BI8I2'), ('SSH_AUTH_SOCK', '/run/user/1000/keyring/ssh'), ('SSH_AGENT_LAUNCHER', 'gnome-keyring'), ('AMENT_PREFIX_PATH', '/opt/ros/humble'), ('SHELL', '/bin/zsh'), ('QT_ACCESSIBILITY', '1'), ('GDMSESSION', 'ubuntu'), ('QT_IM_MODULE', 'ibus'), ('PWD', '/home/kariya/Git/2023_off_team_b_controller/build/drobo_interfaces'), ('XDG_DATA_DIRS', '/usr/local/share/:/usr/share/:/var/lib/snapd/desktop'), ('PYTHONPATH', '/opt/ros/humble/lib/python3.10/site-packages:/opt/ros/humble/local/lib/python3.10/dist-packages'), ('COLCON', '1'), ('VTE_VERSION', '6800'), ('CMAKE_PREFIX_PATH', '/opt/ros/humble')]), 'shell': False}
[0.600501] (-) TimerEvent: {}
[0.601072] (drobo_interfaces) StdoutLine: {'line': b'-- Install configuration: ""\n'}
[0.601516] (drobo_interfaces) StdoutLine: {'line': b'-- Execute custom install script\n'}
[0.601823] (drobo_interfaces) StdoutLine: {'line': b'-- Up-to-date symlink: /home/kariya/Git/2023_off_team_b_controller/install/drobo_interfaces/share/ament_index/resource_index/rosidl_interfaces/drobo_interfaces\n'}
[0.602473] (drobo_interfaces) StdoutLine: {'line': b'-- Up-to-date symlink: /home/kariya/Git/2023_off_team_b_controller/install/drobo_interfaces/include/drobo_interfaces/drobo_interfaces/msg/detail/md_lib_msg__functions.h\n'}
[0.602655] (drobo_interfaces) StdoutLine: {'line': b'-- Up-to-date symlink: /home/kariya/Git/2023_off_team_b_controller/install/drobo_interfaces/include/drobo_interfaces/drobo_interfaces/msg/detail/md_lib_msg__struct.h\n'}
[0.602803] (drobo_interfaces) StdoutLine: {'line': b'-- Up-to-date symlink: /home/kariya/Git/2023_off_team_b_controller/install/drobo_interfaces/include/drobo_interfaces/drobo_interfaces/msg/detail/md_lib_msg__type_support.h\n'}
[0.602974] (drobo_interfaces) StdoutLine: {'line': b'-- Up-to-date symlink: /home/kariya/Git/2023_off_team_b_controller/install/drobo_interfaces/include/drobo_interfaces/drobo_interfaces/msg/detail/sd_lib_msg__functions.h\n'}
[0.603138] (drobo_interfaces) StdoutLine: {'line': b'-- Up-to-date symlink: /home/kariya/Git/2023_off_team_b_controller/install/drobo_interfaces/include/drobo_interfaces/drobo_interfaces/msg/detail/sd_lib_msg__struct.h\n'}
[0.603294] (drobo_interfaces) StdoutLine: {'line': b'-- Up-to-date symlink: /home/kariya/Git/2023_off_team_b_controller/install/drobo_interfaces/include/drobo_interfaces/drobo_interfaces/msg/detail/sd_lib_msg__type_support.h\n'}
[0.603457] (drobo_interfaces) StdoutLine: {'line': b'-- Up-to-date symlink: /home/kariya/Git/2023_off_team_b_controller/install/drobo_interfaces/include/drobo_interfaces/drobo_interfaces/msg/md_lib_msg.h\n'}
[0.603609] (drobo_interfaces) StdoutLine: {'line': b'-- Up-to-date symlink: /home/kariya/Git/2023_off_team_b_controller/install/drobo_interfaces/include/drobo_interfaces/drobo_interfaces/msg/rosidl_generator_c__visibility_control.h\n'}
[0.603759] (drobo_interfaces) StdoutLine: {'line': b'-- Up-to-date symlink: /home/kariya/Git/2023_off_team_b_controller/install/drobo_interfaces/include/drobo_interfaces/drobo_interfaces/msg/sd_lib_msg.h\n'}
[0.603916] (drobo_interfaces) StdoutLine: {'line': b'-- Up-to-date symlink: /home/kariya/Git/2023_off_team_b_controller/install/drobo_interfaces/include/drobo_interfaces/drobo_interfaces/srv/detail/solenoid_state_srv__functions.h\n'}
[0.604069] (drobo_interfaces) StdoutLine: {'line': b'-- Up-to-date symlink: /home/kariya/Git/2023_off_team_b_controller/install/drobo_interfaces/include/drobo_interfaces/drobo_interfaces/srv/detail/solenoid_state_srv__struct.h\n'}
[0.604263] (drobo_interfaces) StdoutLine: {'line': b'-- Up-to-date symlink: /home/kariya/Git/2023_off_team_b_controller/install/drobo_interfaces/include/drobo_interfaces/drobo_interfaces/srv/detail/solenoid_state_srv__type_support.h\n'}
[0.604454] (drobo_interfaces) StdoutLine: {'line': b'-- Up-to-date symlink: /home/kariya/Git/2023_off_team_b_controller/install/drobo_interfaces/include/drobo_interfaces/drobo_interfaces/srv/solenoid_state_srv.h\n'}
[0.604648] (drobo_interfaces) StdoutLine: {'line': b'-- Up-to-date symlink: /home/kariya/Git/2023_off_team_b_controller/install/drobo_interfaces/share/drobo_interfaces/environment/library_path.sh\n'}
[0.604922] (drobo_interfaces) StdoutLine: {'line': b'-- Up-to-date symlink: /home/kariya/Git/2023_off_team_b_controller/install/drobo_interfaces/share/drobo_interfaces/environment/library_path.dsv\n'}
[0.605598] (drobo_interfaces) StdoutLine: {'line': b'-- Up-to-date symlink: /home/kariya/Git/2023_off_team_b_controller/install/drobo_interfaces/include/drobo_interfaces/drobo_interfaces/msg/detail/md_lib_msg__rosidl_typesupport_fastrtps_c.h\n'}
[0.605792] (drobo_interfaces) StdoutLine: {'line': b'-- Up-to-date symlink: /home/kariya/Git/2023_off_team_b_controller/install/drobo_interfaces/include/drobo_interfaces/drobo_interfaces/msg/detail/sd_lib_msg__rosidl_typesupport_fastrtps_c.h\n'}
[0.605933] (drobo_interfaces) StdoutLine: {'line': b'-- Up-to-date symlink: /home/kariya/Git/2023_off_team_b_controller/install/drobo_interfaces/include/drobo_interfaces/drobo_interfaces/msg/rosidl_typesupport_fastrtps_c__visibility_control.h\n'}
[0.606063] (drobo_interfaces) StdoutLine: {'line': b'-- Up-to-date symlink: /home/kariya/Git/2023_off_team_b_controller/install/drobo_interfaces/include/drobo_interfaces/drobo_interfaces/srv/detail/solenoid_state_srv__rosidl_typesupport_fastrtps_c.h\n'}
[0.606549] (drobo_interfaces) StdoutLine: {'line': b'-- Up-to-date symlink: /home/kariya/Git/2023_off_team_b_controller/install/drobo_interfaces/include/drobo_interfaces/drobo_interfaces/msg/detail/md_lib_msg__rosidl_typesupport_introspection_c.h\n'}
[0.606719] (drobo_interfaces) StdoutLine: {'line': b'-- Up-to-date symlink: /home/kariya/Git/2023_off_team_b_controller/install/drobo_interfaces/include/drobo_interfaces/drobo_interfaces/msg/detail/sd_lib_msg__rosidl_typesupport_introspection_c.h\n'}
[0.606859] (drobo_interfaces) StdoutLine: {'line': b'-- Up-to-date symlink: /home/kariya/Git/2023_off_team_b_controller/install/drobo_interfaces/include/drobo_interfaces/drobo_interfaces/msg/rosidl_typesupport_introspection_c__visibility_control.h\n'}
[0.607016] (drobo_interfaces) StdoutLine: {'line': b'-- Up-to-date symlink: /home/kariya/Git/2023_off_team_b_controller/install/drobo_interfaces/include/drobo_interfaces/drobo_interfaces/srv/detail/solenoid_state_srv__rosidl_typesupport_introspection_c.h\n'}
[0.607535] (drobo_interfaces) StdoutLine: {'line': b'-- Up-to-date symlink: /home/kariya/Git/2023_off_team_b_controller/install/drobo_interfaces/include/drobo_interfaces/drobo_interfaces/msg/detail/md_lib_msg__builder.hpp\n'}
[0.607695] (drobo_interfaces) StdoutLine: {'line': b'-- Up-to-date symlink: /home/kariya/Git/2023_off_team_b_controller/install/drobo_interfaces/include/drobo_interfaces/drobo_interfaces/msg/detail/md_lib_msg__struct.hpp\n'}
[0.607852] (drobo_interfaces) StdoutLine: {'line': b'-- Up-to-date symlink: /home/kariya/Git/2023_off_team_b_controller/install/drobo_interfaces/include/drobo_interfaces/drobo_interfaces/msg/detail/md_lib_msg__traits.hpp\n'}
[0.608017] (drobo_interfaces) StdoutLine: {'line': b'-- Up-to-date symlink: /home/kariya/Git/2023_off_team_b_controller/install/drobo_interfaces/include/drobo_interfaces/drobo_interfaces/msg/detail/sd_lib_msg__builder.hpp\n'}
[0.608211] (drobo_interfaces) StdoutLine: {'line': b'-- Up-to-date symlink: /home/kariya/Git/2023_off_team_b_controller/install/drobo_interfaces/include/drobo_interfaces/drobo_interfaces/msg/detail/sd_lib_msg__struct.hpp\n'}
[0.608368] (drobo_interfaces) StdoutLine: {'line': b'-- Up-to-date symlink: /home/kariya/Git/2023_off_team_b_controller/install/drobo_interfaces/include/drobo_interfaces/drobo_interfaces/msg/detail/sd_lib_msg__traits.hpp\n'}
[0.608512] (drobo_interfaces) StdoutLine: {'line': b'-- Up-to-date symlink: /home/kariya/Git/2023_off_team_b_controller/install/drobo_interfaces/include/drobo_interfaces/drobo_interfaces/msg/md_lib_msg.hpp\n'}
[0.608646] (drobo_interfaces) StdoutLine: {'line': b'-- Up-to-date symlink: /home/kariya/Git/2023_off_team_b_controller/install/drobo_interfaces/include/drobo_interfaces/drobo_interfaces/msg/sd_lib_msg.hpp\n'}
[0.608808] (drobo_interfaces) StdoutLine: {'line': b'-- Up-to-date symlink: /home/kariya/Git/2023_off_team_b_controller/install/drobo_interfaces/include/drobo_interfaces/drobo_interfaces/srv/detail/solenoid_state_srv__builder.hpp\n'}
[0.609009] (drobo_interfaces) StdoutLine: {'line': b'-- Up-to-date symlink: /home/kariya/Git/2023_off_team_b_controller/install/drobo_interfaces/include/drobo_interfaces/drobo_interfaces/srv/detail/solenoid_state_srv__struct.hpp\n'}
[0.609206] (drobo_interfaces) StdoutLine: {'line': b'-- Up-to-date symlink: /home/kariya/Git/2023_off_team_b_controller/install/drobo_interfaces/include/drobo_interfaces/drobo_interfaces/srv/detail/solenoid_state_srv__traits.hpp\n'}
[0.609379] (drobo_interfaces) StdoutLine: {'line': b'-- Up-to-date symlink: /home/kariya/Git/2023_off_team_b_controller/install/drobo_interfaces/include/drobo_interfaces/drobo_interfaces/srv/solenoid_state_srv.hpp\n'}
[0.610039] (drobo_interfaces) StdoutLine: {'line': b'-- Up-to-date symlink: /home/kariya/Git/2023_off_team_b_controller/install/drobo_interfaces/include/drobo_interfaces/drobo_interfaces/msg/detail/md_lib_msg__rosidl_typesupport_fastrtps_cpp.hpp\n'}
[0.610209] (drobo_interfaces) StdoutLine: {'line': b'-- Up-to-date symlink: /home/kariya/Git/2023_off_team_b_controller/install/drobo_interfaces/include/drobo_interfaces/drobo_interfaces/msg/detail/sd_lib_msg__rosidl_typesupport_fastrtps_cpp.hpp\n'}
[0.610348] (drobo_interfaces) StdoutLine: {'line': b'-- Up-to-date symlink: /home/kariya/Git/2023_off_team_b_controller/install/drobo_interfaces/include/drobo_interfaces/drobo_interfaces/msg/rosidl_typesupport_fastrtps_cpp__visibility_control.h\n'}
[0.610492] (drobo_interfaces) StdoutLine: {'line': b'-- Up-to-date symlink: /home/kariya/Git/2023_off_team_b_controller/install/drobo_interfaces/include/drobo_interfaces/drobo_interfaces/srv/detail/solenoid_state_srv__rosidl_typesupport_fastrtps_cpp.hpp\n'}
[0.610945] (drobo_interfaces) StdoutLine: {'line': b'-- Up-to-date symlink: /home/kariya/Git/2023_off_team_b_controller/install/drobo_interfaces/include/drobo_interfaces/drobo_interfaces/msg/detail/md_lib_msg__rosidl_typesupport_introspection_cpp.hpp\n'}
[0.611138] (drobo_interfaces) StdoutLine: {'line': b'-- Up-to-date symlink: /home/kariya/Git/2023_off_team_b_controller/install/drobo_interfaces/include/drobo_interfaces/drobo_interfaces/msg/detail/sd_lib_msg__rosidl_typesupport_introspection_cpp.hpp\n'}
[0.611296] (drobo_interfaces) StdoutLine: {'line': b'-- Up-to-date symlink: /home/kariya/Git/2023_off_team_b_controller/install/drobo_interfaces/include/drobo_interfaces/drobo_interfaces/srv/detail/solenoid_state_srv__rosidl_typesupport_introspection_cpp.hpp\n'}
[0.611468] (drobo_interfaces) StdoutLine: {'line': b'-- Up-to-date symlink: /home/kariya/Git/2023_off_team_b_controller/install/drobo_interfaces/share/drobo_interfaces/environment/pythonpath.sh\n'}
[0.611674] (drobo_interfaces) StdoutLine: {'line': b'-- Up-to-date symlink: /home/kariya/Git/2023_off_team_b_controller/install/drobo_interfaces/share/drobo_interfaces/environment/pythonpath.dsv\n'}
[0.612011] (drobo_interfaces) StdoutLine: {'line': b'-- Up-to-date symlink: /home/kariya/Git/2023_off_team_b_controller/install/drobo_interfaces/local/lib/python3.10/dist-packages/drobo_interfaces-0.0.0-py3.10.egg-info/PKG-INFO\n'}
[0.612204] (drobo_interfaces) StdoutLine: {'line': b'-- Up-to-date symlink: /home/kariya/Git/2023_off_team_b_controller/install/drobo_interfaces/local/lib/python3.10/dist-packages/drobo_interfaces-0.0.0-py3.10.egg-info/SOURCES.txt\n'}
[0.612374] (drobo_interfaces) StdoutLine: {'line': b'-- Up-to-date symlink: /home/kariya/Git/2023_off_team_b_controller/install/drobo_interfaces/local/lib/python3.10/dist-packages/drobo_interfaces-0.0.0-py3.10.egg-info/dependency_links.txt\n'}
[0.612516] (drobo_interfaces) StdoutLine: {'line': b'-- Up-to-date symlink: /home/kariya/Git/2023_off_team_b_controller/install/drobo_interfaces/local/lib/python3.10/dist-packages/drobo_interfaces-0.0.0-py3.10.egg-info/top_level.txt\n'}
[0.613378] (drobo_interfaces) StdoutLine: {'line': b'-- Up-to-date symlink: /home/kariya/Git/2023_off_team_b_controller/install/drobo_interfaces/local/lib/python3.10/dist-packages/drobo_interfaces/__init__.py\n'}
[0.613556] (drobo_interfaces) StdoutLine: {'line': b'-- Up-to-date symlink: /home/kariya/Git/2023_off_team_b_controller/install/drobo_interfaces/local/lib/python3.10/dist-packages/drobo_interfaces/_drobo_interfaces_s.ep.rosidl_typesupport_c.c\n'}
[0.613701] (drobo_interfaces) StdoutLine: {'line': b'-- Up-to-date symlink: /home/kariya/Git/2023_off_team_b_controller/install/drobo_interfaces/local/lib/python3.10/dist-packages/drobo_interfaces/_drobo_interfaces_s.ep.rosidl_typesupport_fastrtps_c.c\n'}
[0.613824] (drobo_interfaces) StdoutLine: {'line': b'-- Up-to-date symlink: /home/kariya/Git/2023_off_team_b_controller/install/drobo_interfaces/local/lib/python3.10/dist-packages/drobo_interfaces/_drobo_interfaces_s.ep.rosidl_typesupport_introspection_c.c\n'}
[0.613936] (drobo_interfaces) StdoutLine: {'line': b'-- Up-to-date symlink: /home/kariya/Git/2023_off_team_b_controller/install/drobo_interfaces/local/lib/python3.10/dist-packages/drobo_interfaces/drobo_interfaces_s__rosidl_typesupport_c.cpython-310-x86_64-linux-gnu.so\n'}
[0.614074] (drobo_interfaces) StdoutLine: {'line': b'-- Up-to-date symlink: /home/kariya/Git/2023_off_team_b_controller/install/drobo_interfaces/local/lib/python3.10/dist-packages/drobo_interfaces/drobo_interfaces_s__rosidl_typesupport_fastrtps_c.cpython-310-x86_64-linux-gnu.so\n'}
[0.614211] (drobo_interfaces) StdoutLine: {'line': b'-- Up-to-date symlink: /home/kariya/Git/2023_off_team_b_controller/install/drobo_interfaces/local/lib/python3.10/dist-packages/drobo_interfaces/drobo_interfaces_s__rosidl_typesupport_introspection_c.cpython-310-x86_64-linux-gnu.so\n'}
[0.614398] (drobo_interfaces) StdoutLine: {'line': b'-- Up-to-date symlink: /home/kariya/Git/2023_off_team_b_controller/install/drobo_interfaces/local/lib/python3.10/dist-packages/drobo_interfaces/libdrobo_interfaces__rosidl_generator_py.so\n'}
[0.614552] (drobo_interfaces) StdoutLine: {'line': b'-- Up-to-date symlink: /home/kariya/Git/2023_off_team_b_controller/install/drobo_interfaces/local/lib/python3.10/dist-packages/drobo_interfaces/msg/__init__.py\n'}
[0.614703] (drobo_interfaces) StdoutLine: {'line': b'-- Up-to-date symlink: /home/kariya/Git/2023_off_team_b_controller/install/drobo_interfaces/local/lib/python3.10/dist-packages/drobo_interfaces/msg/_md_lib_msg.py\n'}
[0.614855] (drobo_interfaces) StdoutLine: {'line': b'-- Up-to-date symlink: /home/kariya/Git/2023_off_team_b_controller/install/drobo_interfaces/local/lib/python3.10/dist-packages/drobo_interfaces/msg/_md_lib_msg_s.c\n'}
[0.615005] (drobo_interfaces) StdoutLine: {'line': b'-- Up-to-date symlink: /home/kariya/Git/2023_off_team_b_controller/install/drobo_interfaces/local/lib/python3.10/dist-packages/drobo_interfaces/msg/_sd_lib_msg.py\n'}
[0.615192] (drobo_interfaces) StdoutLine: {'line': b'-- Up-to-date symlink: /home/kariya/Git/2023_off_team_b_controller/install/drobo_interfaces/local/lib/python3.10/dist-packages/drobo_interfaces/msg/_sd_lib_msg_s.c\n'}
[0.615382] (drobo_interfaces) StdoutLine: {'line': b'-- Up-to-date symlink: /home/kariya/Git/2023_off_team_b_controller/install/drobo_interfaces/local/lib/python3.10/dist-packages/drobo_interfaces/srv/__init__.py\n'}
[0.615495] (drobo_interfaces) StdoutLine: {'line': b'-- Up-to-date symlink: /home/kariya/Git/2023_off_team_b_controller/install/drobo_interfaces/local/lib/python3.10/dist-packages/drobo_interfaces/srv/_solenoid_state_srv.py\n'}
[0.615627] (drobo_interfaces) StdoutLine: {'line': b'-- Up-to-date symlink: /home/kariya/Git/2023_off_team_b_controller/install/drobo_interfaces/local/lib/python3.10/dist-packages/drobo_interfaces/srv/_solenoid_state_srv_s.c\n'}
[0.615926] (drobo_interfaces) StdoutLine: {'line': b'-- Up-to-date symlink: /home/kariya/Git/2023_off_team_b_controller/install/drobo_interfaces/local/lib/python3.10/dist-packages/drobo_interfaces/drobo_interfaces_s__rosidl_typesupport_fastrtps_c.cpython-310-x86_64-linux-gnu.so\n'}
[0.616212] (drobo_interfaces) StdoutLine: {'line': b'-- Up-to-date symlink: /home/kariya/Git/2023_off_team_b_controller/install/drobo_interfaces/local/lib/python3.10/dist-packages/drobo_interfaces/drobo_interfaces_s__rosidl_typesupport_introspection_c.cpython-310-x86_64-linux-gnu.so\n'}
[0.616530] (drobo_interfaces) StdoutLine: {'line': b'-- Up-to-date symlink: /home/kariya/Git/2023_off_team_b_controller/install/drobo_interfaces/local/lib/python3.10/dist-packages/drobo_interfaces/drobo_interfaces_s__rosidl_typesupport_c.cpython-310-x86_64-linux-gnu.so\n'}
[0.616781] (drobo_interfaces) StdoutLine: {'line': b'-- Up-to-date symlink: /home/kariya/Git/2023_off_team_b_controller/install/drobo_interfaces/share/drobo_interfaces/msg/MdLibMsg.idl\n'}
[0.616957] (drobo_interfaces) StdoutLine: {'line': b'-- Up-to-date symlink: /home/kariya/Git/2023_off_team_b_controller/install/drobo_interfaces/share/drobo_interfaces/msg/SdLibMsg.idl\n'}
[0.617184] (drobo_interfaces) StdoutLine: {'line': b'-- Up-to-date symlink: /home/kariya/Git/2023_off_team_b_controller/install/drobo_interfaces/share/drobo_interfaces/srv/SolenoidStateSrv.idl\n'}
[0.617360] (drobo_interfaces) StdoutLine: {'line': b'-- Up-to-date symlink: /home/kariya/Git/2023_off_team_b_controller/install/drobo_interfaces/share/drobo_interfaces/msg/MdLibMsg.msg\n'}
[0.617572] (drobo_interfaces) StdoutLine: {'line': b'-- Up-to-date symlink: /home/kariya/Git/2023_off_team_b_controller/install/drobo_interfaces/share/drobo_interfaces/msg/SdLibMsg.msg\n'}
[0.617742] (drobo_interfaces) StdoutLine: {'line': b'-- Up-to-date symlink: /home/kariya/Git/2023_off_team_b_controller/install/drobo_interfaces/share/drobo_interfaces/srv/SolenoidStateSrv.srv\n'}
[0.617945] (drobo_interfaces) StdoutLine: {'line': b'-- Up-to-date symlink: /home/kariya/Git/2023_off_team_b_controller/install/drobo_interfaces/share/drobo_interfaces/srv/SolenoidStateSrv_Request.msg\n'}
[0.618107] (drobo_interfaces) StdoutLine: {'line': b'-- Up-to-date symlink: /home/kariya/Git/2023_off_team_b_controller/install/drobo_interfaces/share/drobo_interfaces/srv/SolenoidStateSrv_Response.msg\n'}
[0.618340] (drobo_interfaces) StdoutLine: {'line': b'-- Up-to-date symlink: /home/kariya/Git/2023_off_team_b_controller/install/drobo_interfaces/share/ament_index/resource_index/package_run_dependencies/drobo_interfaces\n'}
[0.618544] (drobo_interfaces) StdoutLine: {'line': b'-- Up-to-date symlink: /home/kariya/Git/2023_off_team_b_controller/install/drobo_interfaces/share/ament_index/resource_index/parent_prefix_path/drobo_interfaces\n'}
[0.618764] (drobo_interfaces) StdoutLine: {'line': b'-- Up-to-date symlink: /home/kariya/Git/2023_off_team_b_controller/install/drobo_interfaces/share/drobo_interfaces/environment/ament_prefix_path.sh\n'}
[0.618932] (drobo_interfaces) StdoutLine: {'line': b'-- Up-to-date symlink: /home/kariya/Git/2023_off_team_b_controller/install/drobo_interfaces/share/drobo_interfaces/environment/ament_prefix_path.dsv\n'}
[0.619147] (drobo_interfaces) StdoutLine: {'line': b'-- Up-to-date symlink: /home/kariya/Git/2023_off_team_b_controller/install/drobo_interfaces/share/drobo_interfaces/environment/path.sh\n'}
[0.619331] (drobo_interfaces) StdoutLine: {'line': b'-- Up-to-date symlink: /home/kariya/Git/2023_off_team_b_controller/install/drobo_interfaces/share/drobo_interfaces/environment/path.dsv\n'}
[0.619515] (drobo_interfaces) StdoutLine: {'line': b'-- Up-to-date symlink: /home/kariya/Git/2023_off_team_b_controller/install/drobo_interfaces/share/drobo_interfaces/local_setup.bash\n'}
[0.619698] (drobo_interfaces) StdoutLine: {'line': b'-- Up-to-date symlink: /home/kariya/Git/2023_off_team_b_controller/install/drobo_interfaces/share/drobo_interfaces/local_setup.sh\n'}
[0.619913] (drobo_interfaces) StdoutLine: {'line': b'-- Up-to-date symlink: /home/kariya/Git/2023_off_team_b_controller/install/drobo_interfaces/share/drobo_interfaces/local_setup.zsh\n'}
[0.620082] (drobo_interfaces) StdoutLine: {'line': b'-- Up-to-date symlink: /home/kariya/Git/2023_off_team_b_controller/install/drobo_interfaces/share/drobo_interfaces/local_setup.dsv\n'}
[0.620218] (drobo_interfaces) StdoutLine: {'line': b'-- Symlinking: /home/kariya/Git/2023_off_team_b_controller/install/drobo_interfaces/share/drobo_interfaces/package.dsv\n'}
[0.625164] (drobo_interfaces) StdoutLine: {'line': b'-- Up-to-date symlink: /home/kariya/Git/2023_off_team_b_controller/install/drobo_interfaces/share/ament_index/resource_index/packages/drobo_interfaces\n'}
[0.625333] (drobo_interfaces) StdoutLine: {'line': b'-- Up-to-date symlink: /home/kariya/Git/2023_off_team_b_controller/install/drobo_interfaces/share/drobo_interfaces/cmake/rosidl_cmake-extras.cmake\n'}
[0.625508] (drobo_interfaces) StdoutLine: {'line': b'-- Up-to-date symlink: /home/kariya/Git/2023_off_team_b_controller/install/drobo_interfaces/share/drobo_interfaces/cmake/ament_cmake_export_include_directories-extras.cmake\n'}
[0.625680] (drobo_interfaces) StdoutLine: {'line': b'-- Up-to-date symlink: /home/kariya/Git/2023_off_team_b_controller/install/drobo_interfaces/share/drobo_interfaces/cmake/ament_cmake_export_libraries-extras.cmake\n'}
[0.625932] (drobo_interfaces) StdoutLine: {'line': b'-- Up-to-date symlink: /home/kariya/Git/2023_off_team_b_controller/install/drobo_interfaces/share/drobo_interfaces/cmake/ament_cmake_export_targets-extras.cmake\n'}
[0.626150] (drobo_interfaces) StdoutLine: {'line': b'-- Up-to-date symlink: /home/kariya/Git/2023_off_team_b_controller/install/drobo_interfaces/share/drobo_interfaces/cmake/rosidl_cmake_export_typesupport_targets-extras.cmake\n'}
[0.626390] (drobo_interfaces) StdoutLine: {'line': b'-- Up-to-date symlink: /home/kariya/Git/2023_off_team_b_controller/install/drobo_interfaces/share/drobo_interfaces/cmake/ament_cmake_export_dependencies-extras.cmake\n'}
[0.626591] (drobo_interfaces) StdoutLine: {'line': b'-- Up-to-date symlink: /home/kariya/Git/2023_off_team_b_controller/install/drobo_interfaces/share/drobo_interfaces/cmake/rosidl_cmake_export_typesupport_libraries-extras.cmake\n'}
[0.626763] (drobo_interfaces) StdoutLine: {'line': b'-- Up-to-date symlink: /home/kariya/Git/2023_off_team_b_controller/install/drobo_interfaces/share/drobo_interfaces/cmake/drobo_interfacesConfig.cmake\n'}
[0.626956] (drobo_interfaces) StdoutLine: {'line': b'-- Up-to-date symlink: /home/kariya/Git/2023_off_team_b_controller/install/drobo_interfaces/share/drobo_interfaces/cmake/drobo_interfacesConfig-version.cmake\n'}
[0.627083] (drobo_interfaces) StdoutLine: {'line': b'-- Up-to-date symlink: /home/kariya/Git/2023_off_team_b_controller/install/drobo_interfaces/share/drobo_interfaces/package.xml\n'}
[0.627346] (drobo_interfaces) StdoutLine: {'line': b'-- Up-to-date: /home/kariya/Git/2023_off_team_b_controller/install/drobo_interfaces/lib/libdrobo_interfaces__rosidl_generator_c.so\n'}
[0.627710] (drobo_interfaces) StdoutLine: {'line': b'-- Up-to-date: /home/kariya/Git/2023_off_team_b_controller/install/drobo_interfaces/lib/libdrobo_interfaces__rosidl_typesupport_fastrtps_c.so\n'}
[0.628029] (drobo_interfaces) StdoutLine: {'line': b'-- Up-to-date: /home/kariya/Git/2023_off_team_b_controller/install/drobo_interfaces/lib/libdrobo_interfaces__rosidl_typesupport_introspection_c.so\n'}
[0.628348] (drobo_interfaces) StdoutLine: {'line': b'-- Up-to-date: /home/kariya/Git/2023_off_team_b_controller/install/drobo_interfaces/lib/libdrobo_interfaces__rosidl_typesupport_c.so\n'}
[0.628662] (drobo_interfaces) StdoutLine: {'line': b'-- Up-to-date: /home/kariya/Git/2023_off_team_b_controller/install/drobo_interfaces/lib/libdrobo_interfaces__rosidl_typesupport_fastrtps_cpp.so\n'}
[0.628997] (drobo_interfaces) StdoutLine: {'line': b'-- Up-to-date: /home/kariya/Git/2023_off_team_b_controller/install/drobo_interfaces/lib/libdrobo_interfaces__rosidl_typesupport_introspection_cpp.so\n'}
[0.629396] (drobo_interfaces) StdoutLine: {'line': b'-- Up-to-date: /home/kariya/Git/2023_off_team_b_controller/install/drobo_interfaces/lib/libdrobo_interfaces__rosidl_typesupport_cpp.so\n'}
[0.662518] (drobo_interfaces) StdoutLine: {'line': b"Listing '/home/kariya/Git/2023_off_team_b_controller/install/drobo_interfaces/local/lib/python3.10/dist-packages/drobo_interfaces'...\n"}
[0.662706] (drobo_interfaces) StdoutLine: {'line': b"Listing '/home/kariya/Git/2023_off_team_b_controller/install/drobo_interfaces/local/lib/python3.10/dist-packages/drobo_interfaces/msg'...\n"}
[0.662803] (drobo_interfaces) StdoutLine: {'line': b"Listing '/home/kariya/Git/2023_off_team_b_controller/install/drobo_interfaces/local/lib/python3.10/dist-packages/drobo_interfaces/srv'...\n"}
[0.666831] (drobo_interfaces) StdoutLine: {'line': b'-- Up-to-date: /home/kariya/Git/2023_off_team_b_controller/install/drobo_interfaces/lib/libdrobo_interfaces__rosidl_generator_py.so\n'}
[0.667048] (drobo_interfaces) StdoutLine: {'line': b'-- Up-to-date: /home/kariya/Git/2023_off_team_b_controller/install/drobo_interfaces/share/drobo_interfaces/cmake/export_drobo_interfaces__rosidl_generator_cExport.cmake\n'}
[0.667198] (drobo_interfaces) StdoutLine: {'line': b'-- Up-to-date: /home/kariya/Git/2023_off_team_b_controller/install/drobo_interfaces/share/drobo_interfaces/cmake/export_drobo_interfaces__rosidl_generator_cExport-noconfig.cmake\n'}
[0.667370] (drobo_interfaces) StdoutLine: {'line': b'-- Up-to-date: /home/kariya/Git/2023_off_team_b_controller/install/drobo_interfaces/share/drobo_interfaces/cmake/export_drobo_interfaces__rosidl_typesupport_fastrtps_cExport.cmake\n'}
[0.667457] (drobo_interfaces) StdoutLine: {'line': b'-- Up-to-date: /home/kariya/Git/2023_off_team_b_controller/install/drobo_interfaces/share/drobo_interfaces/cmake/export_drobo_interfaces__rosidl_typesupport_fastrtps_cExport-noconfig.cmake\n'}
[0.667623] (drobo_interfaces) StdoutLine: {'line': b'-- Up-to-date: /home/kariya/Git/2023_off_team_b_controller/install/drobo_interfaces/share/drobo_interfaces/cmake/drobo_interfaces__rosidl_typesupport_introspection_cExport.cmake\n'}
[0.667706] (drobo_interfaces) StdoutLine: {'line': b'-- Up-to-date: /home/kariya/Git/2023_off_team_b_controller/install/drobo_interfaces/share/drobo_interfaces/cmake/drobo_interfaces__rosidl_typesupport_introspection_cExport-noconfig.cmake\n'}
[0.667871] (drobo_interfaces) StdoutLine: {'line': b'-- Up-to-date: /home/kariya/Git/2023_off_team_b_controller/install/drobo_interfaces/share/drobo_interfaces/cmake/drobo_interfaces__rosidl_typesupport_cExport.cmake\n'}
[0.668014] (drobo_interfaces) StdoutLine: {'line': b'-- Up-to-date: /home/kariya/Git/2023_off_team_b_controller/install/drobo_interfaces/share/drobo_interfaces/cmake/drobo_interfaces__rosidl_typesupport_cExport-noconfig.cmake\n'}
[0.668158] (drobo_interfaces) StdoutLine: {'line': b'-- Up-to-date: /home/kariya/Git/2023_off_team_b_controller/install/drobo_interfaces/share/drobo_interfaces/cmake/export_drobo_interfaces__rosidl_generator_cppExport.cmake\n'}
[0.668225] (drobo_interfaces) StdoutLine: {'line': b'-- Up-to-date: /home/kariya/Git/2023_off_team_b_controller/install/drobo_interfaces/share/drobo_interfaces/cmake/export_drobo_interfaces__rosidl_typesupport_fastrtps_cppExport.cmake\n'}
[0.668300] (drobo_interfaces) StdoutLine: {'line': b'-- Up-to-date: /home/kariya/Git/2023_off_team_b_controller/install/drobo_interfaces/share/drobo_interfaces/cmake/export_drobo_interfaces__rosidl_typesupport_fastrtps_cppExport-noconfig.cmake\n'}
[0.668408] (drobo_interfaces) StdoutLine: {'line': b'-- Up-to-date: /home/kariya/Git/2023_off_team_b_controller/install/drobo_interfaces/share/drobo_interfaces/cmake/drobo_interfaces__rosidl_typesupport_introspection_cppExport.cmake\n'}
[0.668546] (drobo_interfaces) StdoutLine: {'line': b'-- Up-to-date: /home/kariya/Git/2023_off_team_b_controller/install/drobo_interfaces/share/drobo_interfaces/cmake/drobo_interfaces__rosidl_typesupport_introspection_cppExport-noconfig.cmake\n'}
[0.668625] (drobo_interfaces) StdoutLine: {'line': b'-- Up-to-date: /home/kariya/Git/2023_off_team_b_controller/install/drobo_interfaces/share/drobo_interfaces/cmake/drobo_interfaces__rosidl_typesupport_cppExport.cmake\n'}
[0.668690] (drobo_interfaces) StdoutLine: {'line': b'-- Up-to-date: /home/kariya/Git/2023_off_team_b_controller/install/drobo_interfaces/share/drobo_interfaces/cmake/drobo_interfaces__rosidl_typesupport_cppExport-noconfig.cmake\n'}
[0.668782] (drobo_interfaces) StdoutLine: {'line': b'-- Up-to-date: /home/kariya/Git/2023_off_team_b_controller/install/drobo_interfaces/share/drobo_interfaces/cmake/export_drobo_interfaces__rosidl_generator_pyExport.cmake\n'}
[0.668870] (drobo_interfaces) StdoutLine: {'line': b'-- Up-to-date: /home/kariya/Git/2023_off_team_b_controller/install/drobo_interfaces/share/drobo_interfaces/cmake/export_drobo_interfaces__rosidl_generator_pyExport-noconfig.cmake\n'}
[0.670731] (drobo_interfaces) CommandEnded: {'returncode': 0}
[0.700604] (-) TimerEvent: {}
[0.801164] (-) TimerEvent: {}
[0.901672] (-) TimerEvent: {}
[0.962283] (drobo_interfaces) JobEnded: {'identifier': 'drobo_interfaces', 'rc': 0}
[0.963246] (swerve_drive_control) JobStarted: {'identifier': 'swerve_drive_control'}
[1.002028] (-) TimerEvent: {}
[1.016908] (swerve_drive_control) JobProgress: {'identifier': 'swerve_drive_control', 'progress': 'prepare'}
[1.034829] (swerve_drive_control) JobProgress: {'identifier': 'swerve_drive_control', 'progress': 'build'}
[1.035108] (swerve_drive_control) Command: {'cmd': ['/home/kariya/.cargo/bin/cargo', 'ament-build', '--install-base', '/home/kariya/Git/2023_off_team_b_controller/install/swerve_drive_control', '--', '--manifest-path', '/home/kariya/Git/2023_off_team_b_controller/src/swerve_drive_control/Cargo.toml', '--target-dir', '/home/kariya/Git/2023_off_team_b_controller/build/swerve_drive_control', '--quiet', '--release'], 'cwd': PosixPath('src/swerve_drive_control'), 'env': OrderedDict([('USER', 'kariya'), ('XDG_SESSION_TYPE', 'wayland'), ('SHLVL', '1'), ('LD_LIBRARY_PATH', '/home/kariya/Git/2023_off_team_b_controller/install/drobo_interfaces/lib:/opt/ros/humble/opt/rviz_ogre_vendor/lib:/opt/ros/humble/lib/x86_64-linux-gnu:/opt/ros/humble/lib'), ('OLDPWD', '/home/kariya/Git/2023_off_team_b_controller/src'), ('HOME', '/home/kariya'), ('DESKTOP_SESSION', 'ubuntu'), ('GTK_MODULES', 'gail:atk-bridge'), ('GNOME_SHELL_SESSION_MODE', 'ubuntu'), ('ROS_PYTHON_VERSION', '3'), ('SYSTEMD_EXEC_PID', '1673'), ('DBUS_SESSION_BUS_ADDRESS', 'unix:path=/run/user/1000/bus'), ('USER_3DMOD', '/home/kariya/Git/d_robo_lib/3D_object'), ('COLORTERM', 'truecolor'), ('ZPFX', '/home/kariya/.local/share/zinit/polaris'), ('WAYLAND_DISPLAY', 'wayland-0'), ('ROS_DISTRO', 'humble'), ('LOGNAME', 'kariya'), ('_', '/usr/bin/colcon'), ('XDG_SESSION_CLASS', 'user'), ('ROS_VERSION', '2'), ('USERNAME', 'kariya'), ('TERM', 'xterm-256color'), ('GNOME_DESKTOP_SESSION_ID', 'this-is-deprecated'), ('ROS_LOCALHOST_ONLY', '0'), ('ZSH_CACHE_DIR', '/home/kariya/.cache/zinit'), ('PMSPEC', '0uUpiPsf'), ('PATH', '/home/kariya/.local/share/zinit/plugins/paulirish---git-open:/opt/ros/humble/bin:/home/kariya/.local/share/zinit/polaris/bin:/home/kariya/.cargo/bin:/usr/local/sbin:/usr/local/bin:/usr/sbin:/usr/bin:/sbin:/bin:/usr/games:/usr/local/games:/snap/bin:/snap/bin'), ('SESSION_MANAGER', 'local/kariya-Inspiron-14-5425:@/tmp/.ICE-unix/1643,unix/kariya-Inspiron-14-5425:/tmp/.ICE-unix/1643'), ('GNOME_TERMINAL_SCREEN', '/org/gnome/Terminal/screen/a74d911f_b61b_4810_906d_07496ab927b6'), ('XDG_MENU_PREFIX', 'gnome-'), ('GNOME_SETUP_DISPLAY', ':1'), ('XDG_RUNTIME_DIR', '/run/user/1000'), ('DISPLAY', ':0'), ('LANG', 'ja_JP.UTF-8'), ('XDG_CURRENT_DESKTOP', 'ubuntu:GNOME'), ('XDG_SESSION_DESKTOP', 'ubuntu'), ('GNOME_TERMINAL_SERVICE', ':1.105'), ('XMODIFIERS', '@im=ibus'), ('XAUTHORITY', '/run/user/1000/.mutter-Xwaylandauth.0BI8I2'), ('SSH_AUTH_SOCK', '/run/user/1000/keyring/ssh'), ('SSH_AGENT_LAUNCHER', 'gnome-keyring'), ('AMENT_PREFIX_PATH', '/home/kariya/Git/2023_off_team_b_controller/install/drobo_interfaces:/opt/ros/humble'), ('SHELL', '/bin/zsh'), ('QT_ACCESSIBILITY', '1'), ('GDMSESSION', 'ubuntu'), ('QT_IM_MODULE', 'ibus'), ('PWD', '/home/kariya/Git/2023_off_team_b_controller/build/swerve_drive_control'), ('XDG_DATA_DIRS', '/usr/local/share/:/usr/share/:/var/lib/snapd/desktop'), ('PYTHONPATH', '/home/kariya/Git/2023_off_team_b_controller/install/drobo_interfaces/local/lib/python3.10/dist-packages:/opt/ros/humble/lib/python3.10/site-packages:/opt/ros/humble/local/lib/python3.10/dist-packages'), ('COLCON', '1'), ('VTE_VERSION', '6800'), ('CMAKE_PREFIX_PATH', '/home/kariya/Git/2023_off_team_b_controller/install/drobo_interfaces')]), 'shell': False}
[1.102163] (-) TimerEvent: {}
[1.171216] (swerve_drive_control) StderrLine: {'line': b'\x1b[0m\x1b[1m\x1b[33mwarning\x1b[0m\x1b[0m\x1b[1m: unused import: `pr_info`\x1b[0m\n'}
[1.171482] (swerve_drive_control) StderrLine: {'line': b'\x1b[0m \x1b[0m\x1b[0m\x1b[1m\x1b[38;5;12m--> \x1b[0m\x1b[0msrc/main.rs:2:56\x1b[0m\n'}
[1.171578] (swerve_drive_control) StderrLine: {'line': b'\x1b[0m  \x1b[0m\x1b[0m\x1b[1m\x1b[38;5;12m|\x1b[0m\n'}
[1.171661] (swerve_drive_control) StderrLine: {'line': b'\x1b[0m\x1b[1m\x1b[38;5;12m2\x1b[0m\x1b[0m \x1b[0m\x1b[0m\x1b[1m\x1b[38;5;12m|\x1b[0m\x1b[0m \x1b[0m\x1b[0m    context::Context, error::DynError, logger::Logger, pr_info\x1b[0m\n'}
[1.171741] (swerve_drive_control) StderrLine: {'line': b'\x1b[0m  \x1b[0m\x1b[0m\x1b[1m\x1b[38;5;12m| \x1b[0m\x1b[0m                                                       \x1b[0m\x1b[0m\x1b[1m\x1b[33m^^^^^^^\x1b[0m\n'}
[1.171819] (swerve_drive_control) StderrLine: {'line': b'\x1b[0m  \x1b[0m\x1b[0m\x1b[1m\x1b[38;5;12m|\x1b[0m\n'}
[1.171893] (swerve_drive_control) StderrLine: {'line': b'\x1b[0m  \x1b[0m\x1b[0m\x1b[1m\x1b[38;5;12m= \x1b[0m\x1b[0m\x1b[1mnote\x1b[0m\x1b[0m: `#[warn(unused_imports)]` on by default\x1b[0m\n'}
[1.171965] (swerve_drive_control) StderrLine: {'line': b'\n'}
[1.172036] (swerve_drive_control) StderrLine: {'line': b'\x1b[0m\x1b[1m\x1b[33mwarning\x1b[0m\x1b[0m\x1b[1m: unused import: `num_traits::pow::Pow`\x1b[0m\n'}
[1.172105] (swerve_drive_control) StderrLine: {'line': b'\x1b[0m \x1b[0m\x1b[0m\x1b[1m\x1b[38;5;12m--> \x1b[0m\x1b[0msrc/main.rs:5:5\x1b[0m\n'}
[1.172162] (swerve_drive_control) StderrLine: {'line': b'\x1b[0m  \x1b[0m\x1b[0m\x1b[1m\x1b[38;5;12m|\x1b[0m\n'}
[1.172218] (swerve_drive_control) StderrLine: {'line': b'\x1b[0m\x1b[1m\x1b[38;5;12m5\x1b[0m\x1b[0m \x1b[0m\x1b[0m\x1b[1m\x1b[38;5;12m|\x1b[0m\x1b[0m \x1b[0m\x1b[0muse num_traits::pow::Pow;\x1b[0m\n'}
[1.172273] (swerve_drive_control) StderrLine: {'line': b'\x1b[0m  \x1b[0m\x1b[0m\x1b[1m\x1b[38;5;12m| \x1b[0m\x1b[0m    \x1b[0m\x1b[0m\x1b[1m\x1b[33m^^^^^^^^^^^^^^^^^^^^\x1b[0m\n'}
[1.172338] (swerve_drive_control) StderrLine: {'line': b'\n'}
[1.183095] (swerve_drive_control) StderrLine: {'line': b'\x1b[0m\x1b[1m\x1b[33mwarning\x1b[0m\x1b[0m\x1b[1m: unused variable: `publisher`\x1b[0m\n'}
[1.183285] (swerve_drive_control) StderrLine: {'line': b'\x1b[0m  \x1b[0m\x1b[0m\x1b[1m\x1b[38;5;12m--> \x1b[0m\x1b[0msrc/main.rs:28:9\x1b[0m\n'}
[1.183426] (swerve_drive_control) StderrLine: {'line': b'\x1b[0m   \x1b[0m\x1b[0m\x1b[1m\x1b[38;5;12m|\x1b[0m\n'}
[1.183521] (swerve_drive_control) StderrLine: {'line': b'\x1b[0m\x1b[1m\x1b[38;5;12m28\x1b[0m\x1b[0m \x1b[0m\x1b[0m\x1b[1m\x1b[38;5;12m|\x1b[0m\x1b[0m \x1b[0m\x1b[0m    let publisher = node.create_publisher::<drobo_interfaces::msg::MdLibMsg>("md_driver_topic", None)?;\x1b[0m\n'}
[1.183614] (swerve_drive_control) StderrLine: {'line': b'\x1b[0m   \x1b[0m\x1b[0m\x1b[1m\x1b[38;5;12m| \x1b[0m\x1b[0m        \x1b[0m\x1b[0m\x1b[1m\x1b[33m^^^^^^^^^\x1b[0m\x1b[0m \x1b[0m\x1b[0m\x1b[1m\x1b[33mhelp: if this is intentional, prefix it with an underscore: `_publisher`\x1b[0m\n'}
[1.183756] (swerve_drive_control) StderrLine: {'line': b'\x1b[0m   \x1b[0m\x1b[0m\x1b[1m\x1b[38;5;12m|\x1b[0m\n'}
[1.183834] (swerve_drive_control) StderrLine: {'line': b'\x1b[0m   \x1b[0m\x1b[0m\x1b[1m\x1b[38;5;12m= \x1b[0m\x1b[0m\x1b[1mnote\x1b[0m\x1b[0m: `#[warn(unused_variables)]` on by default\x1b[0m\n'}
[1.183908] (swerve_drive_control) StderrLine: {'line': b'\n'}
[1.183979] (swerve_drive_control) StderrLine: {'line': b'\x1b[0m\x1b[1m\x1b[33mwarning\x1b[0m\x1b[0m\x1b[1m: unused variable: `logger`\x1b[0m\n'}
[1.184049] (swerve_drive_control) StderrLine: {'line': b'\x1b[0m  \x1b[0m\x1b[0m\x1b[1m\x1b[38;5;12m--> \x1b[0m\x1b[0msrc/main.rs:31:9\x1b[0m\n'}
[1.184118] (swerve_drive_control) StderrLine: {'line': b'\x1b[0m   \x1b[0m\x1b[0m\x1b[1m\x1b[38;5;12m|\x1b[0m\n'}
[1.184173] (swerve_drive_control) StderrLine: {'line': b'\x1b[0m\x1b[1m\x1b[38;5;12m31\x1b[0m\x1b[0m \x1b[0m\x1b[0m\x1b[1m\x1b[38;5;12m|\x1b[0m\x1b[0m \x1b[0m\x1b[0m    let logger = Logger::new("swere_drive_control");\x1b[0m\n'}
[1.184230] (swerve_drive_control) StderrLine: {'line': b'\x1b[0m   \x1b[0m\x1b[0m\x1b[1m\x1b[38;5;12m| \x1b[0m\x1b[0m        \x1b[0m\x1b[0m\x1b[1m\x1b[33m^^^^^^\x1b[0m\x1b[0m \x1b[0m\x1b[0m\x1b[1m\x1b[33mhelp: if this is intentional, prefix it with an underscore: `_logger`\x1b[0m\n'}
[1.184288] (swerve_drive_control) StderrLine: {'line': b'\n'}
[1.184342] (swerve_drive_control) StderrLine: {'line': b'\x1b[0m\x1b[1m\x1b[33mwarning\x1b[0m\x1b[0m\x1b[1m: unused variable: `msg`\x1b[0m\n'}
[1.184397] (swerve_drive_control) StderrLine: {'line': b'\x1b[0m  \x1b[0m\x1b[0m\x1b[1m\x1b[38;5;12m--> \x1b[0m\x1b[0msrc/main.rs:33:13\x1b[0m\n'}
[1.184452] (swerve_drive_control) StderrLine: {'line': b'\x1b[0m   \x1b[0m\x1b[0m\x1b[1m\x1b[38;5;12m|\x1b[0m\n'}
[1.184506] (swerve_drive_control) StderrLine: {'line': b'\x1b[0m\x1b[1m\x1b[38;5;12m33\x1b[0m\x1b[0m \x1b[0m\x1b[0m\x1b[1m\x1b[38;5;12m|\x1b[0m\x1b[0m \x1b[0m\x1b[0m    let mut msg = drobo_interfaces::msg::MdLibMsg::new().unwrap();\x1b[0m\n'}
[1.184562] (swerve_drive_control) StderrLine: {'line': b'\x1b[0m   \x1b[0m\x1b[0m\x1b[1m\x1b[38;5;12m| \x1b[0m\x1b[0m            \x1b[0m\x1b[0m\x1b[1m\x1b[33m^^^\x1b[0m\x1b[0m \x1b[0m\x1b[0m\x1b[1m\x1b[33mhelp: if this is intentional, prefix it with an underscore: `_msg`\x1b[0m\n'}
[1.184617] (swerve_drive_control) StderrLine: {'line': b'\n'}
[1.184671] (swerve_drive_control) StderrLine: {'line': b'\x1b[0m\x1b[1m\x1b[33mwarning\x1b[0m\x1b[0m\x1b[1m: unused variable: `msg`\x1b[0m\n'}
[1.184724] (swerve_drive_control) StderrLine: {'line': b'\x1b[0m  \x1b[0m\x1b[0m\x1b[1m\x1b[38;5;12m--> \x1b[0m\x1b[0msrc/main.rs:39:24\x1b[0m\n'}
[1.184805] (swerve_drive_control) StderrLine: {'line': b'\x1b[0m   \x1b[0m\x1b[0m\x1b[1m\x1b[38;5;12m|\x1b[0m\n'}
[1.184879] (swerve_drive_control) StderrLine: {'line': b'\x1b[0m\x1b[1m\x1b[38;5;12m39\x1b[0m\x1b[0m \x1b[0m\x1b[0m\x1b[1m\x1b[38;5;12m|\x1b[0m\x1b[0m \x1b[0m\x1b[0m        Box::new(move |msg| {\x1b[0m\n'}
[1.184951] (swerve_drive_control) StderrLine: {'line': b'\x1b[0m   \x1b[0m\x1b[0m\x1b[1m\x1b[38;5;12m| \x1b[0m\x1b[0m                       \x1b[0m\x1b[0m\x1b[1m\x1b[33m^^^\x1b[0m\x1b[0m \x1b[0m\x1b[0m\x1b[1m\x1b[33mhelp: if this is intentional, prefix it with an underscore: `_msg`\x1b[0m\n'}
[1.185012] (swerve_drive_control) StderrLine: {'line': b'\n'}
[1.185977] (swerve_drive_control) StderrLine: {'line': b'\x1b[0m\x1b[1m\x1b[33mwarning\x1b[0m\x1b[0m\x1b[1m: variable does not need to be mutable\x1b[0m\n'}
[1.186111] (swerve_drive_control) StderrLine: {'line': b'\x1b[0m  \x1b[0m\x1b[0m\x1b[1m\x1b[38;5;12m--> \x1b[0m\x1b[0msrc/main.rs:33:9\x1b[0m\n'}
[1.186341] (swerve_drive_control) StderrLine: {'line': b'\x1b[0m   \x1b[0m\x1b[0m\x1b[1m\x1b[38;5;12m|\x1b[0m\n'}
[1.186463] (swerve_drive_control) StderrLine: {'line': b'\x1b[0m\x1b[1m\x1b[38;5;12m33\x1b[0m\x1b[0m \x1b[0m\x1b[0m\x1b[1m\x1b[38;5;12m|\x1b[0m\x1b[0m \x1b[0m\x1b[0m    let mut msg = drobo_interfaces::msg::MdLibMsg::new().unwrap();\x1b[0m\n'}
[1.186537] (swerve_drive_control) StderrLine: {'line': b'\x1b[0m   \x1b[0m\x1b[0m\x1b[1m\x1b[38;5;12m| \x1b[0m\x1b[0m        \x1b[0m\x1b[0m\x1b[1m\x1b[38;5;12m----\x1b[0m\x1b[0m\x1b[1m\x1b[33m^^^\x1b[0m\n'}
[1.186606] (swerve_drive_control) StderrLine: {'line': b'\x1b[0m   \x1b[0m\x1b[0m\x1b[1m\x1b[38;5;12m| \x1b[0m\x1b[0m        \x1b[0m\x1b[0m\x1b[1m\x1b[38;5;12m|\x1b[0m\n'}
[1.186672] (swerve_drive_control) StderrLine: {'line': b'\x1b[0m   \x1b[0m\x1b[0m\x1b[1m\x1b[38;5;12m| \x1b[0m\x1b[0m        \x1b[0m\x1b[0m\x1b[1m\x1b[38;5;12mhelp: remove this `mut`\x1b[0m\n'}
[1.186737] (swerve_drive_control) StderrLine: {'line': b'\x1b[0m   \x1b[0m\x1b[0m\x1b[1m\x1b[38;5;12m|\x1b[0m\n'}
[1.186796] (swerve_drive_control) StderrLine: {'line': b'\x1b[0m   \x1b[0m\x1b[0m\x1b[1m\x1b[38;5;12m= \x1b[0m\x1b[0m\x1b[1mnote\x1b[0m\x1b[0m: `#[warn(unused_mut)]` on by default\x1b[0m\n'}
[1.186855] (swerve_drive_control) StderrLine: {'line': b'\n'}
[1.186914] (swerve_drive_control) StderrLine: {'line': b'\x1b[0m\x1b[1m\x1b[33mwarning\x1b[0m\x1b[0m\x1b[1m: unused variable: `speed_abs`\x1b[0m\n'}
[1.186970] (swerve_drive_control) StderrLine: {'line': b'\x1b[0m  \x1b[0m\x1b[0m\x1b[1m\x1b[38;5;12m--> \x1b[0m\x1b[0msrc/main.rs:50:9\x1b[0m\n'}
[1.187026] (swerve_drive_control) StderrLine: {'line': b'\x1b[0m   \x1b[0m\x1b[0m\x1b[1m\x1b[38;5;12m|\x1b[0m\n'}
[1.187082] (swerve_drive_control) StderrLine: {'line': b'\x1b[0m\x1b[1m\x1b[38;5;12m50\x1b[0m\x1b[0m \x1b[0m\x1b[0m\x1b[1m\x1b[38;5;12m|\x1b[0m\x1b[0m \x1b[0m\x1b[0m    let speed_abs: f64 = (_xrpm*_xrpm +_yrpm*_yrpm).sqrt();\x1b[0m\n'}
[1.187141] (swerve_drive_control) StderrLine: {'line': b'\x1b[0m   \x1b[0m\x1b[0m\x1b[1m\x1b[38;5;12m| \x1b[0m\x1b[0m        \x1b[0m\x1b[0m\x1b[1m\x1b[33m^^^^^^^^^\x1b[0m\x1b[0m \x1b[0m\x1b[0m\x1b[1m\x1b[33mhelp: if this is intentional, prefix it with an underscore: `_speed_abs`\x1b[0m\n'}
[1.187219] (swerve_drive_control) StderrLine: {'line': b'\n'}
[1.187277] (swerve_drive_control) StderrLine: {'line': b'\x1b[0m\x1b[1m\x1b[33mwarning\x1b[0m\x1b[0m\x1b[1m: unused variable: `rad`\x1b[0m\n'}
[1.187333] (swerve_drive_control) StderrLine: {'line': b'\x1b[0m  \x1b[0m\x1b[0m\x1b[1m\x1b[38;5;12m--> \x1b[0m\x1b[0msrc/main.rs:51:9\x1b[0m\n'}
[1.187391] (swerve_drive_control) StderrLine: {'line': b'\x1b[0m   \x1b[0m\x1b[0m\x1b[1m\x1b[38;5;12m|\x1b[0m\n'}
[1.187447] (swerve_drive_control) StderrLine: {'line': b'\x1b[0m\x1b[1m\x1b[38;5;12m51\x1b[0m\x1b[0m \x1b[0m\x1b[0m\x1b[1m\x1b[38;5;12m|\x1b[0m\x1b[0m \x1b[0m\x1b[0m    let rad: f64 = _yrpm.atan2(_xrpm);\x1b[0m\n'}
[1.187504] (swerve_drive_control) StderrLine: {'line': b'\x1b[0m   \x1b[0m\x1b[0m\x1b[1m\x1b[38;5;12m| \x1b[0m\x1b[0m        \x1b[0m\x1b[0m\x1b[1m\x1b[33m^^^\x1b[0m\x1b[0m \x1b[0m\x1b[0m\x1b[1m\x1b[33mhelp: if this is intentional, prefix it with an underscore: `_rad`\x1b[0m\n'}
[1.187568] (swerve_drive_control) StderrLine: {'line': b'\n'}
[1.188949] (swerve_drive_control) StderrLine: {'line': b'\x1b[0m\x1b[1m\x1b[33mwarning\x1b[0m\x1b[0m\x1b[1m: constant `WHEEL_DIA` is never used\x1b[0m\n'}
[1.189073] (swerve_drive_control) StderrLine: {'line': b'\x1b[0m \x1b[0m\x1b[0m\x1b[1m\x1b[38;5;12m--> \x1b[0m\x1b[0msrc/main.rs:9:8\x1b[0m\n'}
[1.189164] (swerve_drive_control) StderrLine: {'line': b'\x1b[0m  \x1b[0m\x1b[0m\x1b[1m\x1b[38;5;12m|\x1b[0m\n'}
[1.189246] (swerve_drive_control) StderrLine: {'line': b'\x1b[0m\x1b[1m\x1b[38;5;12m9\x1b[0m\x1b[0m \x1b[0m\x1b[0m\x1b[1m\x1b[38;5;12m|\x1b[0m\x1b[0m \x1b[0m\x1b[0mconst  WHEEL_DIA: f64 = 0.100;      //\xe3\x83\x9b\xe3\x82\xa4\xe3\x83\xbc\xe3\x83\xab\xe3\x81\xae\xe7\x9b\xb4\xe5\xbe\x84\xef\xbc\xbbm\xef\xbc\xbd\x1b[0m\n'}
[1.189325] (swerve_drive_control) StderrLine: {'line': b'\x1b[0m  \x1b[0m\x1b[0m\x1b[1m\x1b[38;5;12m| \x1b[0m\x1b[0m       \x1b[0m\x1b[0m\x1b[1m\x1b[33m^^^^^^^^^\x1b[0m\n'}
[1.189399] (swerve_drive_control) StderrLine: {'line': b'\x1b[0m  \x1b[0m\x1b[0m\x1b[1m\x1b[38;5;12m|\x1b[0m\n'}
[1.189471] (swerve_drive_control) StderrLine: {'line': b'\x1b[0m  \x1b[0m\x1b[0m\x1b[1m\x1b[38;5;12m= \x1b[0m\x1b[0m\x1b[1mnote\x1b[0m\x1b[0m: `#[warn(dead_code)]` on by default\x1b[0m\n'}
[1.189544] (swerve_drive_control) StderrLine: {'line': b'\n'}
[1.189618] (swerve_drive_control) StderrLine: {'line': b'\x1b[0m\x1b[1m\x1b[33mwarning\x1b[0m\x1b[0m\x1b[1m: constant `ROBOT_CENTER_TO_WHEEL_DISTANCE` is never used\x1b[0m\n'}
[1.189692] (swerve_drive_control) StderrLine: {'line': b'\x1b[0m  \x1b[0m\x1b[0m\x1b[1m\x1b[38;5;12m--> \x1b[0m\x1b[0msrc/main.rs:10:8\x1b[0m\n'}
[1.189765] (swerve_drive_control) StderrLine: {'line': b'\x1b[0m   \x1b[0m\x1b[0m\x1b[1m\x1b[38;5;12m|\x1b[0m\n'}
[1.189836] (swerve_drive_control) StderrLine: {'line': b'\x1b[0m\x1b[1m\x1b[38;5;12m10\x1b[0m\x1b[0m \x1b[0m\x1b[0m\x1b[1m\x1b[38;5;12m|\x1b[0m\x1b[0m \x1b[0m\x1b[0mconst  ROBOT_CENTER_TO_WHEEL_DISTANCE: f64 = 0.37;  //\xe3\x83\xad\xe3\x83\x9c\xe3\x83\x83\xe3\x83\x88\xe3\x81\xae\xe4\xb8\xad\xe5\xbf\x83\xe3\x81\x8b\xe3\x82\x89\xe3\x83\x9b\xe3\x82\xa4\xe3\x83\xbc\xe3\x83\xab\xe3\x81\xbe\xe3\x81\xa7\xe3\x81\xae\xe8\xb7\x9d\xe9\x9b\xa2[m]\x1b[0m\n'}
[1.189913] (swerve_drive_control) StderrLine: {'line': b'\x1b[0m   \x1b[0m\x1b[0m\x1b[1m\x1b[38;5;12m| \x1b[0m\x1b[0m       \x1b[0m\x1b[0m\x1b[1m\x1b[33m^^^^^^^^^^^^^^^^^^^^^^^^^^^^^^\x1b[0m\n'}
[1.189986] (swerve_drive_control) StderrLine: {'line': b'\n'}
[1.190055] (swerve_drive_control) StderrLine: {'line': b'\x1b[0m\x1b[1m\x1b[33mwarning\x1b[0m\x1b[0m\x1b[1m: struct `Component` is never constructed\x1b[0m\n'}
[1.190125] (swerve_drive_control) StderrLine: {'line': b'\x1b[0m  \x1b[0m\x1b[0m\x1b[1m\x1b[38;5;12m--> \x1b[0m\x1b[0msrc/main.rs:12:8\x1b[0m\n'}
[1.190183] (swerve_drive_control) StderrLine: {'line': b'\x1b[0m   \x1b[0m\x1b[0m\x1b[1m\x1b[38;5;12m|\x1b[0m\n'}
[1.190238] (swerve_drive_control) StderrLine: {'line': b'\x1b[0m\x1b[1m\x1b[38;5;12m12\x1b[0m\x1b[0m \x1b[0m\x1b[0m\x1b[1m\x1b[38;5;12m|\x1b[0m\x1b[0m \x1b[0m\x1b[0mstruct Component {\x1b[0m\n'}
[1.190293] (swerve_drive_control) StderrLine: {'line': b'\x1b[0m   \x1b[0m\x1b[0m\x1b[1m\x1b[38;5;12m| \x1b[0m\x1b[0m       \x1b[0m\x1b[0m\x1b[1m\x1b[33m^^^^^^^^^\x1b[0m\n'}
[1.190349] (swerve_drive_control) StderrLine: {'line': b'\n'}
[1.190404] (swerve_drive_control) StderrLine: {'line': b'\x1b[0m\x1b[1m\x1b[33mwarning\x1b[0m\x1b[0m\x1b[1m: function `move_chassis` is never used\x1b[0m\n'}
[1.190461] (swerve_drive_control) StderrLine: {'line': b'\x1b[0m  \x1b[0m\x1b[0m\x1b[1m\x1b[38;5;12m--> \x1b[0m\x1b[0msrc/main.rs:49:4\x1b[0m\n'}
[1.190516] (swerve_drive_control) StderrLine: {'line': b'\x1b[0m   \x1b[0m\x1b[0m\x1b[1m\x1b[38;5;12m|\x1b[0m\n'}
[1.190572] (swerve_drive_control) StderrLine: {'line': b'\x1b[0m\x1b[1m\x1b[38;5;12m49\x1b[0m\x1b[0m \x1b[0m\x1b[0m\x1b[1m\x1b[38;5;12m|\x1b[0m\x1b[0m \x1b[0m\x1b[0mfn move_chassis(_xrpm: f64, _yrpm: f64, _yaw: f64) {\x1b[0m\n'}
[1.190628] (swerve_drive_control) StderrLine: {'line': b'\x1b[0m   \x1b[0m\x1b[0m\x1b[1m\x1b[38;5;12m| \x1b[0m\x1b[0m   \x1b[0m\x1b[0m\x1b[1m\x1b[33m^^^^^^^^^^^^\x1b[0m\n'}
[1.190682] (swerve_drive_control) StderrLine: {'line': b'\n'}
[1.190737] (swerve_drive_control) StderrLine: {'line': b'\x1b[0m\x1b[1m\x1b[33mwarning\x1b[0m\x1b[0m\x1b[1m: function `move_wheel` is never used\x1b[0m\n'}
[1.190804] (swerve_drive_control) StderrLine: {'line': b'\x1b[0m  \x1b[0m\x1b[0m\x1b[1m\x1b[38;5;12m--> \x1b[0m\x1b[0msrc/main.rs:92:4\x1b[0m\n'}
[1.190860] (swerve_drive_control) StderrLine: {'line': b'\x1b[0m   \x1b[0m\x1b[0m\x1b[1m\x1b[38;5;12m|\x1b[0m\n'}
[1.190916] (swerve_drive_control) StderrLine: {'line': b'\x1b[0m\x1b[1m\x1b[38;5;12m92\x1b[0m\x1b[0m \x1b[0m\x1b[0m\x1b[1m\x1b[38;5;12m|\x1b[0m\x1b[0m \x1b[0m\x1b[0mfn move_wheel(_wheel_yaw: f64, _power: i64){\x1b[0m\n'}
[1.190971] (swerve_drive_control) StderrLine: {'line': b'\x1b[0m   \x1b[0m\x1b[0m\x1b[1m\x1b[38;5;12m| \x1b[0m\x1b[0m   \x1b[0m\x1b[0m\x1b[1m\x1b[33m^^^^^^^^^^\x1b[0m\n'}
[1.191034] (swerve_drive_control) StderrLine: {'line': b'\n'}
[1.191093] (swerve_drive_control) StderrLine: {'line': b'\x1b[0m\x1b[1m\x1b[33mwarning\x1b[0m\x1b[0m\x1b[1m: function `send_pwm` is never used\x1b[0m\n'}
[1.191150] (swerve_drive_control) StderrLine: {'line': b'\x1b[0m  \x1b[0m\x1b[0m\x1b[1m\x1b[38;5;12m--> \x1b[0m\x1b[0msrc/main.rs:97:4\x1b[0m\n'}
[1.191206] (swerve_drive_control) StderrLine: {'line': b'\x1b[0m   \x1b[0m\x1b[0m\x1b[1m\x1b[38;5;12m|\x1b[0m\n'}
[1.191261] (swerve_drive_control) StderrLine: {'line': b'\x1b[0m\x1b[1m\x1b[38;5;12m97\x1b[0m\x1b[0m \x1b[0m\x1b[0m\x1b[1m\x1b[38;5;12m|\x1b[0m\x1b[0m \x1b[0m\x1b[0mfn send_pwm(_adress: u8, _semi_id: u8, _phase: bool, _power: u16){\x1b[0m\n'}
[1.191317] (swerve_drive_control) StderrLine: {'line': b'\x1b[0m   \x1b[0m\x1b[0m\x1b[1m\x1b[38;5;12m| \x1b[0m\x1b[0m   \x1b[0m\x1b[0m\x1b[1m\x1b[33m^^^^^^^^\x1b[0m\n'}
[1.191373] (swerve_drive_control) StderrLine: {'line': b'\n'}
[1.202250] (-) TimerEvent: {}
[1.302547] (-) TimerEvent: {}
[1.402937] (-) TimerEvent: {}
[1.503271] (-) TimerEvent: {}
[1.603610] (-) TimerEvent: {}
[1.703949] (-) TimerEvent: {}
[1.707062] (swerve_drive_control) CommandEnded: {'returncode': 0}
[1.741125] (swerve_drive_control) JobEnded: {'identifier': 'swerve_drive_control', 'rc': 0}
[1.742289] (-) EventReactorShutdown: {}
