[1.082s] DEBUG:colcon:Command line arguments: ['/usr/bin/colcon', 'build', '--symlink-install', '--cargo-args', '--release']
[1.082s] DEBUG:colcon:Parsed command line arguments: Namespace(log_base=None, log_level=None, verb_name='build', build_base='build', install_base='install', merge_install=False, symlink_install=True, test_result_base=None, continue_on_error=False, executor='parallel', parallel_workers=16, event_handlers=None, ignore_user_meta=False, metas=['./colcon.meta'], base_paths=['.'], packages_ignore=None, packages_ignore_regex=None, paths=None, packages_up_to=None, packages_up_to_regex=None, packages_above=None, packages_above_and_dependencies=None, packages_above_depth=None, packages_select_by_dep=None, packages_skip_by_dep=None, packages_skip_up_to=None, packages_select_build_failed=False, packages_skip_build_finished=False, packages_select_test_failures=False, packages_skip_test_passed=False, packages_select=None, packages_skip=None, packages_select_regex=None, packages_skip_regex=None, packages_start=None, packages_end=None, allow_overriding=[], lookup_in_workspace=False, cargo_args=['--release'], clean_build=False, cmake_args=None, cmake_target=None, cmake_target_skip_unavailable=False, cmake_clean_cache=False, cmake_clean_first=False, cmake_force_configure=False, ament_cmake_args=None, catkin_cmake_args=None, catkin_skip_building_tests=False, verb_parser=<colcon_defaults.argument_parser.defaults.DefaultArgumentsDecorator object at 0x7fbfb3663ee0>, verb_extension=<colcon_core.verb.build.BuildVerb object at 0x7fbfb36a57b0>, main=<bound method BuildVerb.main of <colcon_core.verb.build.BuildVerb object at 0x7fbfb36a57b0>>)
[1.132s] Level 1:colcon.colcon_core.package_discovery:discover_packages(colcon_meta) check parameters
[1.132s] Level 1:colcon.colcon_core.package_discovery:discover_packages(recursive) check parameters
[1.132s] Level 1:colcon.colcon_core.package_discovery:discover_packages(ignore) check parameters
[1.132s] Level 1:colcon.colcon_core.package_discovery:discover_packages(path) check parameters
[1.132s] Level 1:colcon.colcon_core.package_discovery:discover_packages(colcon_meta) discover
[1.132s] Level 1:colcon.colcon_core.package_discovery:discover_packages(recursive) discover
[1.132s] INFO:colcon.colcon_core.package_discovery:Crawling recursively for packages in '/home/kariya/Git/2023_off_team_b_controller'
[1.132s] Level 1:colcon.colcon_core.package_identification:_identify(.) by extensions ['ignore', 'ignore_ament_install']
[1.133s] Level 1:colcon.colcon_core.package_identification:_identify(.) by extension 'ignore'
[1.133s] Level 1:colcon.colcon_core.package_identification:_identify(.) by extension 'ignore_ament_install'
[1.133s] Level 1:colcon.colcon_core.package_identification:_identify(.) by extensions ['colcon_pkg']
[1.133s] Level 1:colcon.colcon_core.package_identification:_identify(.) by extension 'colcon_pkg'
[1.133s] Level 1:colcon.colcon_core.package_identification:_identify(.) by extensions ['colcon_meta']
[1.133s] Level 1:colcon.colcon_core.package_identification:_identify(.) by extension 'colcon_meta'
[1.133s] Level 1:colcon.colcon_core.package_identification:_identify(.) by extensions ['ament_cargo']
[1.133s] Level 1:colcon.colcon_core.package_identification:_identify(.) by extension 'ament_cargo'
[1.133s] Level 1:colcon.colcon_core.package_identification:_identify(.) by extensions ['ros']
[1.133s] Level 1:colcon.colcon_core.package_identification:_identify(.) by extension 'ros'
[1.145s] Level 1:colcon.colcon_core.package_identification:_identify(.) by extensions ['cargo', 'cmake', 'python']
[1.145s] Level 1:colcon.colcon_core.package_identification:_identify(.) by extension 'cargo'
[1.145s] Level 1:colcon.colcon_core.package_identification:_identify(.) by extension 'cmake'
[1.145s] Level 1:colcon.colcon_core.package_identification:_identify(.) by extension 'python'
[1.145s] Level 1:colcon.colcon_core.package_identification:_identify(.) by extensions ['python_setup_py']
[1.145s] Level 1:colcon.colcon_core.package_identification:_identify(.) by extension 'python_setup_py'
[1.146s] Level 1:colcon.colcon_core.package_identification:_identify(build) by extensions ['ignore', 'ignore_ament_install']
[1.146s] Level 1:colcon.colcon_core.package_identification:_identify(build) by extension 'ignore'
[1.146s] Level 1:colcon.colcon_core.package_identification:_identify(build) ignored
[1.146s] Level 1:colcon.colcon_core.package_identification:_identify(install) by extensions ['ignore', 'ignore_ament_install']
[1.146s] Level 1:colcon.colcon_core.package_identification:_identify(install) by extension 'ignore'
[1.146s] Level 1:colcon.colcon_core.package_identification:_identify(install) ignored
[1.146s] Level 1:colcon.colcon_core.package_identification:_identify(log) by extensions ['ignore', 'ignore_ament_install']
[1.146s] Level 1:colcon.colcon_core.package_identification:_identify(log) by extension 'ignore'
[1.146s] Level 1:colcon.colcon_core.package_identification:_identify(log) ignored
[1.146s] Level 1:colcon.colcon_core.package_identification:_identify(src) by extensions ['ignore', 'ignore_ament_install']
[1.146s] Level 1:colcon.colcon_core.package_identification:_identify(src) by extension 'ignore'
[1.146s] Level 1:colcon.colcon_core.package_identification:_identify(src) by extension 'ignore_ament_install'
[1.146s] Level 1:colcon.colcon_core.package_identification:_identify(src) by extensions ['colcon_pkg']
[1.147s] Level 1:colcon.colcon_core.package_identification:_identify(src) by extension 'colcon_pkg'
[1.147s] Level 1:colcon.colcon_core.package_identification:_identify(src) by extensions ['colcon_meta']
[1.147s] Level 1:colcon.colcon_core.package_identification:_identify(src) by extension 'colcon_meta'
[1.147s] Level 1:colcon.colcon_core.package_identification:_identify(src) by extensions ['ament_cargo']
[1.147s] Level 1:colcon.colcon_core.package_identification:_identify(src) by extension 'ament_cargo'
[1.147s] Level 1:colcon.colcon_core.package_identification:_identify(src) by extensions ['ros']
[1.147s] Level 1:colcon.colcon_core.package_identification:_identify(src) by extension 'ros'
[1.147s] Level 1:colcon.colcon_core.package_identification:_identify(src) by extensions ['cargo', 'cmake', 'python']
[1.147s] Level 1:colcon.colcon_core.package_identification:_identify(src) by extension 'cargo'
[1.147s] Level 1:colcon.colcon_core.package_identification:_identify(src) by extension 'cmake'
[1.147s] Level 1:colcon.colcon_core.package_identification:_identify(src) by extension 'python'
[1.147s] Level 1:colcon.colcon_core.package_identification:_identify(src) by extensions ['python_setup_py']
[1.147s] Level 1:colcon.colcon_core.package_identification:_identify(src) by extension 'python_setup_py'
[1.147s] Level 1:colcon.colcon_core.package_identification:_identify(src/controller_2023_b_launch) by extensions ['ignore', 'ignore_ament_install']
[1.147s] Level 1:colcon.colcon_core.package_identification:_identify(src/controller_2023_b_launch) by extension 'ignore'
[1.147s] Level 1:colcon.colcon_core.package_identification:_identify(src/controller_2023_b_launch) by extension 'ignore_ament_install'
[1.147s] Level 1:colcon.colcon_core.package_identification:_identify(src/controller_2023_b_launch) by extensions ['colcon_pkg']
[1.147s] Level 1:colcon.colcon_core.package_identification:_identify(src/controller_2023_b_launch) by extension 'colcon_pkg'
[1.147s] Level 1:colcon.colcon_core.package_identification:_identify(src/controller_2023_b_launch) by extensions ['colcon_meta']
[1.147s] Level 1:colcon.colcon_core.package_identification:_identify(src/controller_2023_b_launch) by extension 'colcon_meta'
[1.148s] Level 1:colcon.colcon_core.package_identification:_identify(src/controller_2023_b_launch) by extensions ['ament_cargo']
[1.148s] Level 1:colcon.colcon_core.package_identification:_identify(src/controller_2023_b_launch) by extension 'ament_cargo'
[1.148s] Level 1:colcon.colcon_core.package_identification:_identify(src/controller_2023_b_launch) by extensions ['ros']
[1.148s] Level 1:colcon.colcon_core.package_identification:_identify(src/controller_2023_b_launch) by extension 'ros'
[1.150s] DEBUG:colcon.colcon_core.package_identification:Package 'src/controller_2023_b_launch' with type 'ros.ament_cmake' and name 'controller_2023_b_launch'
[1.150s] Level 1:colcon.colcon_core.package_identification:_identify(src/drobo_interfaces) by extensions ['ignore', 'ignore_ament_install']
[1.150s] Level 1:colcon.colcon_core.package_identification:_identify(src/drobo_interfaces) by extension 'ignore'
[1.150s] Level 1:colcon.colcon_core.package_identification:_identify(src/drobo_interfaces) by extension 'ignore_ament_install'
[1.150s] Level 1:colcon.colcon_core.package_identification:_identify(src/drobo_interfaces) by extensions ['colcon_pkg']
[1.150s] Level 1:colcon.colcon_core.package_identification:_identify(src/drobo_interfaces) by extension 'colcon_pkg'
[1.150s] Level 1:colcon.colcon_core.package_identification:_identify(src/drobo_interfaces) by extensions ['colcon_meta']
[1.150s] Level 1:colcon.colcon_core.package_identification:_identify(src/drobo_interfaces) by extension 'colcon_meta'
[1.151s] Level 1:colcon.colcon_core.package_identification:_identify(src/drobo_interfaces) by extensions ['ament_cargo']
[1.151s] Level 1:colcon.colcon_core.package_identification:_identify(src/drobo_interfaces) by extension 'ament_cargo'
[1.151s] Level 1:colcon.colcon_core.package_identification:_identify(src/drobo_interfaces) by extensions ['ros']
[1.151s] Level 1:colcon.colcon_core.package_identification:_identify(src/drobo_interfaces) by extension 'ros'
[1.151s] DEBUG:colcon.colcon_core.package_identification:Package 'src/drobo_interfaces' with type 'ros.ament_cmake' and name 'drobo_interfaces'
[1.151s] Level 1:colcon.colcon_core.package_identification:_identify(src/swerve_drive_control) by extensions ['ignore', 'ignore_ament_install']
[1.151s] Level 1:colcon.colcon_core.package_identification:_identify(src/swerve_drive_control) by extension 'ignore'
[1.151s] Level 1:colcon.colcon_core.package_identification:_identify(src/swerve_drive_control) by extension 'ignore_ament_install'
[1.152s] Level 1:colcon.colcon_core.package_identification:_identify(src/swerve_drive_control) by extensions ['colcon_pkg']
[1.152s] Level 1:colcon.colcon_core.package_identification:_identify(src/swerve_drive_control) by extension 'colcon_pkg'
[1.152s] Level 1:colcon.colcon_core.package_identification:_identify(src/swerve_drive_control) by extensions ['colcon_meta']
[1.152s] Level 1:colcon.colcon_core.package_identification:_identify(src/swerve_drive_control) by extension 'colcon_meta'
[1.152s] Level 1:colcon.colcon_core.package_identification:_identify(src/swerve_drive_control) by extensions ['ament_cargo']
[1.152s] Level 1:colcon.colcon_core.package_identification:_identify(src/swerve_drive_control) by extension 'ament_cargo'
[1.152s] DEBUG:colcon.colcon_core.package_identification:Package 'src/swerve_drive_control' with type 'ament_cargo' and name 'swerve_drive_control'
[1.152s] Level 1:colcon.colcon_core.package_discovery:discover_packages(recursive) using defaults
[1.152s] Level 1:colcon.colcon_core.package_discovery:discover_packages(ignore) discover
[1.153s] Level 1:colcon.colcon_core.package_discovery:discover_packages(ignore) using defaults
[1.153s] Level 1:colcon.colcon_core.package_discovery:discover_packages(path) discover
[1.153s] Level 1:colcon.colcon_core.package_discovery:discover_packages(path) using defaults
[1.247s] Level 1:colcon.colcon_core.package_discovery:discover_packages(prefix_path) check parameters
[1.247s] Level 1:colcon.colcon_core.package_discovery:discover_packages(prefix_path) discover
[1.279s] DEBUG:colcon.colcon_installed_package_information.package_discovery:Found 270 installed packages in /opt/ros/humble
[1.281s] Level 1:colcon.colcon_core.package_discovery:discover_packages(prefix_path) using defaults
[1.373s] Level 5:colcon.colcon_core.verb:set package 'controller_2023_b_launch' build argument 'lookup_in_workspace' from command line to 'False'
[1.373s] Level 5:colcon.colcon_core.verb:set package 'controller_2023_b_launch' build argument 'cargo_args' from command line to '['--release']'
[1.373s] Level 5:colcon.colcon_core.verb:set package 'controller_2023_b_launch' build argument 'clean_build' from command line to 'False'
[1.374s] Level 5:colcon.colcon_core.verb:set package 'controller_2023_b_launch' build argument 'cmake_args' from command line to 'None'
[1.374s] Level 5:colcon.colcon_core.verb:set package 'controller_2023_b_launch' build argument 'cmake_target' from command line to 'None'
[1.374s] Level 5:colcon.colcon_core.verb:set package 'controller_2023_b_launch' build argument 'cmake_target_skip_unavailable' from command line to 'False'
[1.374s] Level 5:colcon.colcon_core.verb:set package 'controller_2023_b_launch' build argument 'cmake_clean_cache' from command line to 'False'
[1.374s] Level 5:colcon.colcon_core.verb:set package 'controller_2023_b_launch' build argument 'cmake_clean_first' from command line to 'False'
[1.374s] Level 5:colcon.colcon_core.verb:set package 'controller_2023_b_launch' build argument 'cmake_force_configure' from command line to 'False'
[1.374s] Level 5:colcon.colcon_core.verb:set package 'controller_2023_b_launch' build argument 'ament_cmake_args' from command line to 'None'
[1.374s] Level 5:colcon.colcon_core.verb:set package 'controller_2023_b_launch' build argument 'catkin_cmake_args' from command line to 'None'
[1.374s] Level 5:colcon.colcon_core.verb:set package 'controller_2023_b_launch' build argument 'catkin_skip_building_tests' from command line to 'False'
[1.374s] DEBUG:colcon.colcon_core.verb:Building package 'controller_2023_b_launch' with the following arguments: {'ament_cmake_args': None, 'build_base': '/home/kariya/Git/2023_off_team_b_controller/build/controller_2023_b_launch', 'cargo_args': ['--release'], 'catkin_cmake_args': None, 'catkin_skip_building_tests': False, 'clean_build': False, 'cmake_args': None, 'cmake_clean_cache': False, 'cmake_clean_first': False, 'cmake_force_configure': False, 'cmake_target': None, 'cmake_target_skip_unavailable': False, 'install_base': '/home/kariya/Git/2023_off_team_b_controller/install/controller_2023_b_launch', 'lookup_in_workspace': False, 'merge_install': False, 'path': '/home/kariya/Git/2023_off_team_b_controller/src/controller_2023_b_launch', 'symlink_install': True, 'test_result_base': None}
[1.389s] Level 5:colcon.colcon_core.verb:set package 'drobo_interfaces' build argument 'lookup_in_workspace' from command line to 'False'
[1.389s] Level 5:colcon.colcon_core.verb:set package 'drobo_interfaces' build argument 'cargo_args' from command line to '['--release']'
[1.389s] Level 5:colcon.colcon_core.verb:set package 'drobo_interfaces' build argument 'clean_build' from command line to 'False'
[1.389s] Level 5:colcon.colcon_core.verb:set package 'drobo_interfaces' build argument 'cmake_args' from command line to 'None'
[1.389s] Level 5:colcon.colcon_core.verb:set package 'drobo_interfaces' build argument 'cmake_target' from command line to 'None'
[1.389s] Level 5:colcon.colcon_core.verb:set package 'drobo_interfaces' build argument 'cmake_target_skip_unavailable' from command line to 'False'
[1.389s] Level 5:colcon.colcon_core.verb:set package 'drobo_interfaces' build argument 'cmake_clean_cache' from command line to 'False'
[1.389s] Level 5:colcon.colcon_core.verb:set package 'drobo_interfaces' build argument 'cmake_clean_first' from command line to 'False'
[1.389s] Level 5:colcon.colcon_core.verb:set package 'drobo_interfaces' build argument 'cmake_force_configure' from command line to 'False'
[1.389s] Level 5:colcon.colcon_core.verb:set package 'drobo_interfaces' build argument 'ament_cmake_args' from command line to 'None'
[1.389s] Level 5:colcon.colcon_core.verb:set package 'drobo_interfaces' build argument 'catkin_cmake_args' from command line to 'None'
[1.389s] Level 5:colcon.colcon_core.verb:set package 'drobo_interfaces' build argument 'catkin_skip_building_tests' from command line to 'False'
[1.389s] DEBUG:colcon.colcon_core.verb:Building package 'drobo_interfaces' with the following arguments: {'ament_cmake_args': None, 'build_base': '/home/kariya/Git/2023_off_team_b_controller/build/drobo_interfaces', 'cargo_args': ['--release'], 'catkin_cmake_args': None, 'catkin_skip_building_tests': False, 'clean_build': False, 'cmake_args': None, 'cmake_clean_cache': False, 'cmake_clean_first': False, 'cmake_force_configure': False, 'cmake_target': None, 'cmake_target_skip_unavailable': False, 'install_base': '/home/kariya/Git/2023_off_team_b_controller/install/drobo_interfaces', 'lookup_in_workspace': False, 'merge_install': False, 'path': '/home/kariya/Git/2023_off_team_b_controller/src/drobo_interfaces', 'symlink_install': True, 'test_result_base': None}
[1.404s] Level 5:colcon.colcon_core.verb:set package 'swerve_drive_control' build argument 'lookup_in_workspace' from command line to 'False'
[1.404s] Level 5:colcon.colcon_core.verb:set package 'swerve_drive_control' build argument 'cargo_args' from command line to '['--release']'
[1.404s] Level 5:colcon.colcon_core.verb:set package 'swerve_drive_control' build argument 'clean_build' from command line to 'False'
[1.404s] Level 5:colcon.colcon_core.verb:set package 'swerve_drive_control' build argument 'cmake_args' from command line to 'None'
[1.404s] Level 5:colcon.colcon_core.verb:set package 'swerve_drive_control' build argument 'cmake_target' from command line to 'None'
[1.404s] Level 5:colcon.colcon_core.verb:set package 'swerve_drive_control' build argument 'cmake_target_skip_unavailable' from command line to 'False'
[1.405s] Level 5:colcon.colcon_core.verb:set package 'swerve_drive_control' build argument 'cmake_clean_cache' from command line to 'False'
[1.405s] Level 5:colcon.colcon_core.verb:set package 'swerve_drive_control' build argument 'cmake_clean_first' from command line to 'False'
[1.405s] Level 5:colcon.colcon_core.verb:set package 'swerve_drive_control' build argument 'cmake_force_configure' from command line to 'False'
[1.405s] Level 5:colcon.colcon_core.verb:set package 'swerve_drive_control' build argument 'ament_cmake_args' from command line to 'None'
[1.405s] Level 5:colcon.colcon_core.verb:set package 'swerve_drive_control' build argument 'catkin_cmake_args' from command line to 'None'
[1.405s] Level 5:colcon.colcon_core.verb:set package 'swerve_drive_control' build argument 'catkin_skip_building_tests' from command line to 'False'
[1.405s] DEBUG:colcon.colcon_core.verb:Building package 'swerve_drive_control' with the following arguments: {'ament_cmake_args': None, 'build_base': '/home/kariya/Git/2023_off_team_b_controller/build/swerve_drive_control', 'cargo_args': ['--release'], 'catkin_cmake_args': None, 'catkin_skip_building_tests': False, 'clean_build': False, 'cmake_args': None, 'cmake_clean_cache': False, 'cmake_clean_first': False, 'cmake_force_configure': False, 'cmake_target': None, 'cmake_target_skip_unavailable': False, 'install_base': '/home/kariya/Git/2023_off_team_b_controller/install/swerve_drive_control', 'lookup_in_workspace': False, 'merge_install': False, 'path': '/home/kariya/Git/2023_off_team_b_controller/src/swerve_drive_control', 'symlink_install': True, 'test_result_base': None}
[1.419s] INFO:colcon.colcon_core.executor:Executing jobs using 'parallel' executor
[1.435s] DEBUG:colcon.colcon_parallel_executor.executor.parallel:run_until_complete
[1.435s] INFO:colcon.colcon_ros.task.ament_cmake.build:Building ROS package in '/home/kariya/Git/2023_off_team_b_controller/src/drobo_interfaces' with build type 'ament_cmake'
[1.435s] INFO:colcon.colcon_cmake.task.cmake.build:Building CMake package in '/home/kariya/Git/2023_off_team_b_controller/src/drobo_interfaces'
[1.452s] INFO:colcon.colcon_core.plugin_system:Skipping extension 'colcon_core.shell.bat': Not used on non-Windows systems
[1.452s] INFO:colcon.colcon_core.shell:Skip shell extension 'powershell' for command environment: Not usable outside of PowerShell
[1.452s] DEBUG:colcon.colcon_core.shell:Skip shell extension 'dsv' for command environment
[1.485s] INFO:colcon.colcon_ros.task.ament_cmake.build:Building ROS package in '/home/kariya/Git/2023_off_team_b_controller/src/controller_2023_b_launch' with build type 'ament_cmake'
[1.485s] INFO:colcon.colcon_cmake.task.cmake.build:Building CMake package in '/home/kariya/Git/2023_off_team_b_controller/src/controller_2023_b_launch'
[1.501s] INFO:colcon.colcon_core.shell:Skip shell extension 'powershell' for command environment: Not usable outside of PowerShell
[1.501s] DEBUG:colcon.colcon_core.shell:Skip shell extension 'dsv' for command environment
[1.538s] DEBUG:colcon.colcon_core.event_handler.log_command:Invoking command in '/home/kariya/Git/2023_off_team_b_controller/build/drobo_interfaces': CMAKE_PREFIX_PATH=/opt/ros/humble /usr/bin/cmake --build /home/kariya/Git/2023_off_team_b_controller/build/drobo_interfaces -- -j16 -l16
[1.542s] DEBUG:colcon.colcon_core.event_handler.log_command:Invoking command in '/home/kariya/Git/2023_off_team_b_controller/build/controller_2023_b_launch': CMAKE_PREFIX_PATH=/opt/ros/humble /usr/bin/cmake --build /home/kariya/Git/2023_off_team_b_controller/build/controller_2023_b_launch -- -j16 -l16
[1.565s] DEBUG:colcon.colcon_core.event_handler.log_command:Invoked command in '/home/kariya/Git/2023_off_team_b_controller/build/controller_2023_b_launch' returned '0': CMAKE_PREFIX_PATH=/opt/ros/humble /usr/bin/cmake --build /home/kariya/Git/2023_off_team_b_controller/build/controller_2023_b_launch -- -j16 -l16
[1.592s] DEBUG:colcon.colcon_core.event_handler.log_command:Invoking command in '/home/kariya/Git/2023_off_team_b_controller/build/controller_2023_b_launch': CMAKE_PREFIX_PATH=/opt/ros/humble /usr/bin/cmake --install /home/kariya/Git/2023_off_team_b_controller/build/controller_2023_b_launch
[1.606s] Level 1:colcon.colcon_core.environment:create_environment_scripts_only(controller_2023_b_launch)
[1.607s] DEBUG:colcon.colcon_core.event_handler.log_command:Invoked command in '/home/kariya/Git/2023_off_team_b_controller/build/controller_2023_b_launch' returned '0': CMAKE_PREFIX_PATH=/opt/ros/humble /usr/bin/cmake --install /home/kariya/Git/2023_off_team_b_controller/build/controller_2023_b_launch
[1.625s] Level 1:colcon.colcon_core.environment:checking '/home/kariya/Git/2023_off_team_b_controller/install/controller_2023_b_launch' for CMake module files
[1.626s] Level 1:colcon.colcon_core.environment:checking '/home/kariya/Git/2023_off_team_b_controller/install/controller_2023_b_launch' for CMake config files
[1.626s] Level 1:colcon.colcon_core.shell:create_environment_hook('controller_2023_b_launch', 'cmake_prefix_path')
[1.642s] INFO:colcon.colcon_core.shell:Creating environment hook '/home/kariya/Git/2023_off_team_b_controller/install/controller_2023_b_launch/share/controller_2023_b_launch/hook/cmake_prefix_path.ps1'
[1.643s] INFO:colcon.colcon_core.shell:Creating environment descriptor '/home/kariya/Git/2023_off_team_b_controller/install/controller_2023_b_launch/share/controller_2023_b_launch/hook/cmake_prefix_path.dsv'
[1.644s] INFO:colcon.colcon_core.shell:Creating environment hook '/home/kariya/Git/2023_off_team_b_controller/install/controller_2023_b_launch/share/controller_2023_b_launch/hook/cmake_prefix_path.sh'
[1.645s] Level 1:colcon.colcon_core.environment:checking '/home/kariya/Git/2023_off_team_b_controller/install/controller_2023_b_launch/bin'
[1.645s] Level 1:colcon.colcon_core.environment:checking '/home/kariya/Git/2023_off_team_b_controller/install/controller_2023_b_launch/lib/pkgconfig/controller_2023_b_launch.pc'
[1.645s] Level 1:colcon.colcon_core.environment:checking '/home/kariya/Git/2023_off_team_b_controller/install/controller_2023_b_launch/lib/python3.10/site-packages'
[1.645s] Level 1:colcon.colcon_core.environment:checking '/home/kariya/Git/2023_off_team_b_controller/install/controller_2023_b_launch/bin'
[1.662s] INFO:colcon.colcon_core.shell:Creating package script '/home/kariya/Git/2023_off_team_b_controller/install/controller_2023_b_launch/share/controller_2023_b_launch/package.ps1'
[1.664s] INFO:colcon.colcon_core.shell:Creating package descriptor '/home/kariya/Git/2023_off_team_b_controller/install/controller_2023_b_launch/share/controller_2023_b_launch/package.dsv'
[1.665s] INFO:colcon.colcon_core.shell:Creating package script '/home/kariya/Git/2023_off_team_b_controller/install/controller_2023_b_launch/share/controller_2023_b_launch/package.sh'
[1.666s] INFO:colcon.colcon_core.shell:Creating package script '/home/kariya/Git/2023_off_team_b_controller/install/controller_2023_b_launch/share/controller_2023_b_launch/package.bash'
[1.667s] INFO:colcon.colcon_core.shell:Creating package script '/home/kariya/Git/2023_off_team_b_controller/install/controller_2023_b_launch/share/controller_2023_b_launch/package.zsh'
[1.667s] Level 1:colcon.colcon_core.environment:create_file_with_runtime_dependencies(/home/kariya/Git/2023_off_team_b_controller/install/controller_2023_b_launch/share/colcon-core/packages/controller_2023_b_launch)
[1.707s] Level 1:colcon.colcon_core.environment:create_environment_scripts_only(controller_2023_b_launch)
[1.737s] Level 1:colcon.colcon_core.environment:checking '/home/kariya/Git/2023_off_team_b_controller/install/controller_2023_b_launch' for CMake module files
[1.738s] Level 1:colcon.colcon_core.environment:checking '/home/kariya/Git/2023_off_team_b_controller/install/controller_2023_b_launch' for CMake config files
[1.738s] Level 1:colcon.colcon_core.shell:create_environment_hook('controller_2023_b_launch', 'cmake_prefix_path')
[1.753s] INFO:colcon.colcon_core.shell:Creating environment hook '/home/kariya/Git/2023_off_team_b_controller/install/controller_2023_b_launch/share/controller_2023_b_launch/hook/cmake_prefix_path.ps1'
[1.753s] INFO:colcon.colcon_core.shell:Creating environment descriptor '/home/kariya/Git/2023_off_team_b_controller/install/controller_2023_b_launch/share/controller_2023_b_launch/hook/cmake_prefix_path.dsv'
[1.753s] INFO:colcon.colcon_core.shell:Creating environment hook '/home/kariya/Git/2023_off_team_b_controller/install/controller_2023_b_launch/share/controller_2023_b_launch/hook/cmake_prefix_path.sh'
[1.754s] Level 1:colcon.colcon_core.environment:checking '/home/kariya/Git/2023_off_team_b_controller/install/controller_2023_b_launch/bin'
[1.754s] Level 1:colcon.colcon_core.environment:checking '/home/kariya/Git/2023_off_team_b_controller/install/controller_2023_b_launch/lib/pkgconfig/controller_2023_b_launch.pc'
[1.754s] Level 1:colcon.colcon_core.environment:checking '/home/kariya/Git/2023_off_team_b_controller/install/controller_2023_b_launch/lib/python3.10/site-packages'
[1.755s] Level 1:colcon.colcon_core.environment:checking '/home/kariya/Git/2023_off_team_b_controller/install/controller_2023_b_launch/bin'
[1.770s] INFO:colcon.colcon_core.shell:Creating package script '/home/kariya/Git/2023_off_team_b_controller/install/controller_2023_b_launch/share/controller_2023_b_launch/package.ps1'
[1.771s] INFO:colcon.colcon_core.shell:Creating package descriptor '/home/kariya/Git/2023_off_team_b_controller/install/controller_2023_b_launch/share/controller_2023_b_launch/package.dsv'
[1.771s] INFO:colcon.colcon_core.shell:Creating package script '/home/kariya/Git/2023_off_team_b_controller/install/controller_2023_b_launch/share/controller_2023_b_launch/package.sh'
[1.772s] INFO:colcon.colcon_core.shell:Creating package script '/home/kariya/Git/2023_off_team_b_controller/install/controller_2023_b_launch/share/controller_2023_b_launch/package.bash'
[1.772s] INFO:colcon.colcon_core.shell:Creating package script '/home/kariya/Git/2023_off_team_b_controller/install/controller_2023_b_launch/share/controller_2023_b_launch/package.zsh'
[1.772s] Level 1:colcon.colcon_core.environment:create_file_with_runtime_dependencies(/home/kariya/Git/2023_off_team_b_controller/install/controller_2023_b_launch/share/colcon-core/packages/controller_2023_b_launch)
[1.886s] DEBUG:colcon.colcon_core.event_handler.log_command:Invoked command in '/home/kariya/Git/2023_off_team_b_controller/build/drobo_interfaces' returned '0': CMAKE_PREFIX_PATH=/opt/ros/humble /usr/bin/cmake --build /home/kariya/Git/2023_off_team_b_controller/build/drobo_interfaces -- -j16 -l16
[2.032s] DEBUG:colcon.colcon_core.event_handler.log_command:Invoking command in '/home/kariya/Git/2023_off_team_b_controller/build/drobo_interfaces': CMAKE_PREFIX_PATH=/opt/ros/humble /usr/bin/cmake --install /home/kariya/Git/2023_off_team_b_controller/build/drobo_interfaces
[2.105s] Level 1:colcon.colcon_core.environment:create_environment_scripts_only(drobo_interfaces)
[2.106s] DEBUG:colcon.colcon_core.event_handler.log_command:Invoked command in '/home/kariya/Git/2023_off_team_b_controller/build/drobo_interfaces' returned '0': CMAKE_PREFIX_PATH=/opt/ros/humble /usr/bin/cmake --install /home/kariya/Git/2023_off_team_b_controller/build/drobo_interfaces
[2.121s] Level 1:colcon.colcon_core.environment:checking '/home/kariya/Git/2023_off_team_b_controller/install/drobo_interfaces' for CMake module files
[2.122s] Level 1:colcon.colcon_core.environment:checking '/home/kariya/Git/2023_off_team_b_controller/install/drobo_interfaces' for CMake config files
[2.124s] Level 1:colcon.colcon_core.shell:create_environment_hook('drobo_interfaces', 'cmake_prefix_path')
[2.138s] INFO:colcon.colcon_core.shell:Creating environment hook '/home/kariya/Git/2023_off_team_b_controller/install/drobo_interfaces/share/drobo_interfaces/hook/cmake_prefix_path.ps1'
[2.139s] INFO:colcon.colcon_core.shell:Creating environment descriptor '/home/kariya/Git/2023_off_team_b_controller/install/drobo_interfaces/share/drobo_interfaces/hook/cmake_prefix_path.dsv'
[2.139s] INFO:colcon.colcon_core.shell:Creating environment hook '/home/kariya/Git/2023_off_team_b_controller/install/drobo_interfaces/share/drobo_interfaces/hook/cmake_prefix_path.sh'
[2.140s] Level 1:colcon.colcon_core.environment:checking '/home/kariya/Git/2023_off_team_b_controller/install/drobo_interfaces/lib'
[2.140s] Level 1:colcon.colcon_core.shell:create_environment_hook('drobo_interfaces', 'ld_library_path_lib')
[2.155s] INFO:colcon.colcon_core.shell:Creating environment hook '/home/kariya/Git/2023_off_team_b_controller/install/drobo_interfaces/share/drobo_interfaces/hook/ld_library_path_lib.ps1'
[2.155s] INFO:colcon.colcon_core.shell:Creating environment descriptor '/home/kariya/Git/2023_off_team_b_controller/install/drobo_interfaces/share/drobo_interfaces/hook/ld_library_path_lib.dsv'
[2.156s] INFO:colcon.colcon_core.shell:Creating environment hook '/home/kariya/Git/2023_off_team_b_controller/install/drobo_interfaces/share/drobo_interfaces/hook/ld_library_path_lib.sh'
[2.156s] Level 1:colcon.colcon_core.environment:checking '/home/kariya/Git/2023_off_team_b_controller/install/drobo_interfaces/bin'
[2.156s] Level 1:colcon.colcon_core.environment:checking '/home/kariya/Git/2023_off_team_b_controller/install/drobo_interfaces/lib/pkgconfig/drobo_interfaces.pc'
[2.156s] Level 1:colcon.colcon_core.environment:checking '/home/kariya/Git/2023_off_team_b_controller/install/drobo_interfaces/lib/python3.10/site-packages'
[2.157s] Level 1:colcon.colcon_core.environment:checking '/home/kariya/Git/2023_off_team_b_controller/install/drobo_interfaces/bin'
[2.172s] INFO:colcon.colcon_core.shell:Creating package script '/home/kariya/Git/2023_off_team_b_controller/install/drobo_interfaces/share/drobo_interfaces/package.ps1'
[2.172s] INFO:colcon.colcon_core.shell:Creating package descriptor '/home/kariya/Git/2023_off_team_b_controller/install/drobo_interfaces/share/drobo_interfaces/package.dsv'
[2.173s] INFO:colcon.colcon_core.shell:Creating package script '/home/kariya/Git/2023_off_team_b_controller/install/drobo_interfaces/share/drobo_interfaces/package.sh'
[2.173s] INFO:colcon.colcon_core.shell:Creating package script '/home/kariya/Git/2023_off_team_b_controller/install/drobo_interfaces/share/drobo_interfaces/package.bash'
[2.174s] INFO:colcon.colcon_core.shell:Creating package script '/home/kariya/Git/2023_off_team_b_controller/install/drobo_interfaces/share/drobo_interfaces/package.zsh'
[2.174s] Level 1:colcon.colcon_core.environment:create_file_with_runtime_dependencies(/home/kariya/Git/2023_off_team_b_controller/install/drobo_interfaces/share/colcon-core/packages/drobo_interfaces)
[2.329s] Level 1:colcon.colcon_core.environment:create_environment_scripts_only(drobo_interfaces)
[2.344s] Level 1:colcon.colcon_core.environment:checking '/home/kariya/Git/2023_off_team_b_controller/install/drobo_interfaces' for CMake module files
[2.345s] Level 1:colcon.colcon_core.environment:checking '/home/kariya/Git/2023_off_team_b_controller/install/drobo_interfaces' for CMake config files
[2.346s] Level 1:colcon.colcon_core.shell:create_environment_hook('drobo_interfaces', 'cmake_prefix_path')
[2.361s] INFO:colcon.colcon_core.shell:Creating environment hook '/home/kariya/Git/2023_off_team_b_controller/install/drobo_interfaces/share/drobo_interfaces/hook/cmake_prefix_path.ps1'
[2.362s] INFO:colcon.colcon_core.shell:Creating environment descriptor '/home/kariya/Git/2023_off_team_b_controller/install/drobo_interfaces/share/drobo_interfaces/hook/cmake_prefix_path.dsv'
[2.362s] INFO:colcon.colcon_core.shell:Creating environment hook '/home/kariya/Git/2023_off_team_b_controller/install/drobo_interfaces/share/drobo_interfaces/hook/cmake_prefix_path.sh'
[2.363s] Level 1:colcon.colcon_core.environment:checking '/home/kariya/Git/2023_off_team_b_controller/install/drobo_interfaces/lib'
[2.363s] Level 1:colcon.colcon_core.shell:create_environment_hook('drobo_interfaces', 'ld_library_path_lib')
[2.378s] INFO:colcon.colcon_core.shell:Creating environment hook '/home/kariya/Git/2023_off_team_b_controller/install/drobo_interfaces/share/drobo_interfaces/hook/ld_library_path_lib.ps1'
[2.378s] INFO:colcon.colcon_core.shell:Creating environment descriptor '/home/kariya/Git/2023_off_team_b_controller/install/drobo_interfaces/share/drobo_interfaces/hook/ld_library_path_lib.dsv'
[2.378s] INFO:colcon.colcon_core.shell:Creating environment hook '/home/kariya/Git/2023_off_team_b_controller/install/drobo_interfaces/share/drobo_interfaces/hook/ld_library_path_lib.sh'
[2.379s] Level 1:colcon.colcon_core.environment:checking '/home/kariya/Git/2023_off_team_b_controller/install/drobo_interfaces/bin'
[2.379s] Level 1:colcon.colcon_core.environment:checking '/home/kariya/Git/2023_off_team_b_controller/install/drobo_interfaces/lib/pkgconfig/drobo_interfaces.pc'
[2.379s] Level 1:colcon.colcon_core.environment:checking '/home/kariya/Git/2023_off_team_b_controller/install/drobo_interfaces/lib/python3.10/site-packages'
[2.379s] Level 1:colcon.colcon_core.environment:checking '/home/kariya/Git/2023_off_team_b_controller/install/drobo_interfaces/bin'
[2.394s] INFO:colcon.colcon_core.shell:Creating package script '/home/kariya/Git/2023_off_team_b_controller/install/drobo_interfaces/share/drobo_interfaces/package.ps1'
[2.395s] INFO:colcon.colcon_core.shell:Creating package descriptor '/home/kariya/Git/2023_off_team_b_controller/install/drobo_interfaces/share/drobo_interfaces/package.dsv'
[2.395s] INFO:colcon.colcon_core.shell:Creating package script '/home/kariya/Git/2023_off_team_b_controller/install/drobo_interfaces/share/drobo_interfaces/package.sh'
[2.396s] INFO:colcon.colcon_core.shell:Creating package script '/home/kariya/Git/2023_off_team_b_controller/install/drobo_interfaces/share/drobo_interfaces/package.bash'
[2.396s] INFO:colcon.colcon_core.shell:Creating package script '/home/kariya/Git/2023_off_team_b_controller/install/drobo_interfaces/share/drobo_interfaces/package.zsh'
[2.397s] Level 1:colcon.colcon_core.environment:create_file_with_runtime_dependencies(/home/kariya/Git/2023_off_team_b_controller/install/drobo_interfaces/share/colcon-core/packages/drobo_interfaces)
[2.397s] INFO:colcon.colcon_cargo.task.cargo.build:Building Cargo package in '/home/kariya/Git/2023_off_team_b_controller/src/swerve_drive_control'
[2.412s] INFO:colcon.colcon_core.shell:Skip shell extension 'powershell' for command environment: Not usable outside of PowerShell
[2.413s] DEBUG:colcon.colcon_core.shell:Skip shell extension 'dsv' for command environment
[2.452s] Level 1:colcon.colcon_core.shell:create_environment_hook('swerve_drive_control', 'ament_prefix_path')
[2.468s] INFO:colcon.colcon_core.shell:Creating environment hook '/home/kariya/Git/2023_off_team_b_controller/install/swerve_drive_control/share/swerve_drive_control/hook/ament_prefix_path.ps1'
[2.468s] INFO:colcon.colcon_core.shell:Creating environment descriptor '/home/kariya/Git/2023_off_team_b_controller/install/swerve_drive_control/share/swerve_drive_control/hook/ament_prefix_path.dsv'
[2.468s] INFO:colcon.colcon_core.shell:Creating environment hook '/home/kariya/Git/2023_off_team_b_controller/install/swerve_drive_control/share/swerve_drive_control/hook/ament_prefix_path.sh'
[2.471s] DEBUG:colcon.colcon_core.event_handler.log_command:Invoking command in 'src/swerve_drive_control': AMENT_PREFIX_PATH=/home/kariya/Git/2023_off_team_b_controller/install/drobo_interfaces:${AMENT_PREFIX_PATH} CMAKE_PREFIX_PATH=/home/kariya/Git/2023_off_team_b_controller/install/drobo_interfaces LD_LIBRARY_PATH=/home/kariya/Git/2023_off_team_b_controller/install/drobo_interfaces/lib:${LD_LIBRARY_PATH} PYTHONPATH=/home/kariya/Git/2023_off_team_b_controller/install/drobo_interfaces/local/lib/python3.10/dist-packages:${PYTHONPATH} /home/kariya/.cargo/bin/cargo ament-build --install-base /home/kariya/Git/2023_off_team_b_controller/install/swerve_drive_control -- --manifest-path /home/kariya/Git/2023_off_team_b_controller/src/swerve_drive_control/Cargo.toml --target-dir /home/kariya/Git/2023_off_team_b_controller/build/swerve_drive_control --quiet --release
[3.142s] Level 1:colcon.colcon_core.environment:create_environment_scripts_only(swerve_drive_control)
[3.142s] DEBUG:colcon.colcon_core.event_handler.log_command:Invoked command in 'src/swerve_drive_control' returned '0': AMENT_PREFIX_PATH=/home/kariya/Git/2023_off_team_b_controller/install/drobo_interfaces:${AMENT_PREFIX_PATH} CMAKE_PREFIX_PATH=/home/kariya/Git/2023_off_team_b_controller/install/drobo_interfaces LD_LIBRARY_PATH=/home/kariya/Git/2023_off_team_b_controller/install/drobo_interfaces/lib:${LD_LIBRARY_PATH} PYTHONPATH=/home/kariya/Git/2023_off_team_b_controller/install/drobo_interfaces/local/lib/python3.10/dist-packages:${PYTHONPATH} /home/kariya/.cargo/bin/cargo ament-build --install-base /home/kariya/Git/2023_off_team_b_controller/install/swerve_drive_control -- --manifest-path /home/kariya/Git/2023_off_team_b_controller/src/swerve_drive_control/Cargo.toml --target-dir /home/kariya/Git/2023_off_team_b_controller/build/swerve_drive_control --quiet --release
[3.157s] Level 1:colcon.colcon_core.environment:checking '/home/kariya/Git/2023_off_team_b_controller/install/swerve_drive_control' for CMake module files
[3.158s] Level 1:colcon.colcon_core.environment:checking '/home/kariya/Git/2023_off_team_b_controller/install/swerve_drive_control' for CMake config files
[3.158s] Level 1:colcon.colcon_core.environment:checking '/home/kariya/Git/2023_off_team_b_controller/install/swerve_drive_control/lib'
[3.158s] Level 1:colcon.colcon_core.environment:checking '/home/kariya/Git/2023_off_team_b_controller/install/swerve_drive_control/bin'
[3.158s] Level 1:colcon.colcon_core.environment:checking '/home/kariya/Git/2023_off_team_b_controller/install/swerve_drive_control/lib/pkgconfig/swerve_drive_control.pc'
[3.159s] Level 1:colcon.colcon_core.environment:checking '/home/kariya/Git/2023_off_team_b_controller/install/swerve_drive_control/lib/python3.10/site-packages'
[3.159s] Level 1:colcon.colcon_core.environment:checking '/home/kariya/Git/2023_off_team_b_controller/install/swerve_drive_control/bin'
[3.174s] INFO:colcon.colcon_core.shell:Creating package script '/home/kariya/Git/2023_off_team_b_controller/install/swerve_drive_control/share/swerve_drive_control/package.ps1'
[3.174s] INFO:colcon.colcon_core.shell:Creating package descriptor '/home/kariya/Git/2023_off_team_b_controller/install/swerve_drive_control/share/swerve_drive_control/package.dsv'
[3.175s] INFO:colcon.colcon_core.shell:Creating package script '/home/kariya/Git/2023_off_team_b_controller/install/swerve_drive_control/share/swerve_drive_control/package.sh'
[3.175s] INFO:colcon.colcon_core.shell:Creating package script '/home/kariya/Git/2023_off_team_b_controller/install/swerve_drive_control/share/swerve_drive_control/package.bash'
[3.175s] INFO:colcon.colcon_core.shell:Creating package script '/home/kariya/Git/2023_off_team_b_controller/install/swerve_drive_control/share/swerve_drive_control/package.zsh'
[3.175s] Level 1:colcon.colcon_core.environment:create_file_with_runtime_dependencies(/home/kariya/Git/2023_off_team_b_controller/install/swerve_drive_control/share/colcon-core/packages/swerve_drive_control)
[3.176s] DEBUG:colcon.colcon_parallel_executor.executor.parallel:closing loop
[3.176s] DEBUG:colcon.colcon_parallel_executor.executor.parallel:loop closed
[3.176s] DEBUG:colcon.colcon_parallel_executor.executor.parallel:run_until_complete finished with '0'
[3.176s] DEBUG:colcon.colcon_core.event_reactor:joining thread
[3.198s] INFO:colcon.colcon_core.plugin_system:Skipping extension 'colcon_notification.desktop_notification.terminal_notifier': Not used on non-Darwin systems
[3.198s] INFO:colcon.colcon_core.plugin_system:Skipping extension 'colcon_notification.desktop_notification.win32': Not used on non-Windows systems
[3.198s] INFO:colcon.colcon_notification.desktop_notification:Sending desktop notification using 'notify2'
[3.211s] DEBUG:colcon.colcon_core.event_reactor:joined thread
[3.226s] INFO:colcon.colcon_core.shell:Creating prefix script '/home/kariya/Git/2023_off_team_b_controller/install/local_setup.ps1'
[3.227s] INFO:colcon.colcon_core.shell:Creating prefix util module '/home/kariya/Git/2023_off_team_b_controller/install/_local_setup_util_ps1.py'
[3.229s] INFO:colcon.colcon_core.shell:Creating prefix chain script '/home/kariya/Git/2023_off_team_b_controller/install/setup.ps1'
[3.244s] INFO:colcon.colcon_core.shell:Creating prefix script '/home/kariya/Git/2023_off_team_b_controller/install/local_setup.sh'
[3.245s] INFO:colcon.colcon_core.shell:Creating prefix util module '/home/kariya/Git/2023_off_team_b_controller/install/_local_setup_util_sh.py'
[3.245s] INFO:colcon.colcon_core.shell:Creating prefix chain script '/home/kariya/Git/2023_off_team_b_controller/install/setup.sh'
[3.261s] INFO:colcon.colcon_core.shell:Creating prefix script '/home/kariya/Git/2023_off_team_b_controller/install/local_setup.bash'
[3.261s] INFO:colcon.colcon_core.shell:Creating prefix chain script '/home/kariya/Git/2023_off_team_b_controller/install/setup.bash'
[3.277s] INFO:colcon.colcon_core.shell:Creating prefix script '/home/kariya/Git/2023_off_team_b_controller/install/local_setup.zsh'
[3.277s] INFO:colcon.colcon_core.shell:Creating prefix chain script '/home/kariya/Git/2023_off_team_b_controller/install/setup.zsh'
