[0.036s] Invoking command in '/home/kariya/Git/2023_off_team_b_controller/build/controller_2023_b_launch': CMAKE_PREFIX_PATH=/opt/ros/humble /usr/bin/cmake /home/kariya/Git/2023_off_team_b_controller/src/controller_2023_b_launch -DAMENT_CMAKE_SYMLINK_INSTALL=1 -DCMAKE_INSTALL_PREFIX=/home/kariya/Git/2023_off_team_b_controller/install/controller_2023_b_launch
[0.109s] -- The C compiler identification is GNU 11.4.0
[0.176s] -- The CXX compiler identification is GNU 11.4.0
[0.188s] -- Detecting C compiler ABI info
[0.245s] -- Detecting C compiler ABI info - done
[0.250s] -- Check for working C compiler: /usr/bin/cc - skipped
[0.250s] -- Detecting C compile features
[0.251s] -- Detecting C compile features - done
[0.254s] -- Detecting CXX compiler ABI info
[0.315s] -- Detecting CXX compiler ABI info - done
[0.324s] -- Check for working CXX compiler: /usr/bin/c++ - skipped
[0.325s] -- Detecting CXX compile features
[0.325s] -- Detecting CXX compile features - done
[0.328s] -- Found ament_cmake: 1.3.6 (/opt/ros/humble/share/ament_cmake/cmake)
[0.591s] -- Found Python3: /usr/bin/python3.10 (found version "3.10.12") found components: Interpreter 
[0.641s] -- Override CMake install command with custom implementation using symlinks instead of copying resources
[0.690s] -- Found ament_lint_auto: 0.12.9 (/opt/ros/humble/share/ament_lint_auto/cmake)
[0.753s] -- Added test 'lint_cmake' to check CMake code style
[0.754s] -- Added test 'xmllint' to check XML markup files
[0.756s] -- Configuring done
[0.759s] -- Generating done
[0.759s] -- Build files have been written to: /home/kariya/Git/2023_off_team_b_controller/build/controller_2023_b_launch
[0.764s] Invoked command in '/home/kariya/Git/2023_off_team_b_controller/build/controller_2023_b_launch' returned '0': CMAKE_PREFIX_PATH=/opt/ros/humble /usr/bin/cmake /home/kariya/Git/2023_off_team_b_controller/src/controller_2023_b_launch -DAMENT_CMAKE_SYMLINK_INSTALL=1 -DCMAKE_INSTALL_PREFIX=/home/kariya/Git/2023_off_team_b_controller/install/controller_2023_b_launch
[0.766s] Invoking command in '/home/kariya/Git/2023_off_team_b_controller/build/controller_2023_b_launch': CMAKE_PREFIX_PATH=/opt/ros/humble /usr/bin/cmake --build /home/kariya/Git/2023_off_team_b_controller/build/controller_2023_b_launch -- -j16 -l16
[0.784s] Invoked command in '/home/kariya/Git/2023_off_team_b_controller/build/controller_2023_b_launch' returned '0': CMAKE_PREFIX_PATH=/opt/ros/humble /usr/bin/cmake --build /home/kariya/Git/2023_off_team_b_controller/build/controller_2023_b_launch -- -j16 -l16
[0.805s] Invoking command in '/home/kariya/Git/2023_off_team_b_controller/build/controller_2023_b_launch': CMAKE_PREFIX_PATH=/opt/ros/humble /usr/bin/cmake --install /home/kariya/Git/2023_off_team_b_controller/build/controller_2023_b_launch
[0.807s] -- Install configuration: ""
[0.807s] -- Execute custom install script
[0.808s] -- Symlinking: /home/kariya/Git/2023_off_team_b_controller/install/controller_2023_b_launch/share/controller_2023_b_launch//launch/controller_2023_b.launch.xml
[0.812s] -- Symlinking: /home/kariya/Git/2023_off_team_b_controller/install/controller_2023_b_launch/share/ament_index/resource_index/package_run_dependencies/controller_2023_b_launch
[0.815s] -- Symlinking: /home/kariya/Git/2023_off_team_b_controller/install/controller_2023_b_launch/share/ament_index/resource_index/parent_prefix_path/controller_2023_b_launch
[0.818s] -- Symlinking: /home/kariya/Git/2023_off_team_b_controller/install/controller_2023_b_launch/share/controller_2023_b_launch/environment/ament_prefix_path.sh
[0.823s] -- Symlinking: /home/kariya/Git/2023_off_team_b_controller/install/controller_2023_b_launch/share/controller_2023_b_launch/environment/ament_prefix_path.dsv
[0.827s] -- Symlinking: /home/kariya/Git/2023_off_team_b_controller/install/controller_2023_b_launch/share/controller_2023_b_launch/environment/path.sh
[0.831s] -- Symlinking: /home/kariya/Git/2023_off_team_b_controller/install/controller_2023_b_launch/share/controller_2023_b_launch/environment/path.dsv
[0.835s] -- Symlinking: /home/kariya/Git/2023_off_team_b_controller/install/controller_2023_b_launch/share/controller_2023_b_launch/local_setup.bash
[0.839s] -- Symlinking: /home/kariya/Git/2023_off_team_b_controller/install/controller_2023_b_launch/share/controller_2023_b_launch/local_setup.sh
[0.842s] -- Symlinking: /home/kariya/Git/2023_off_team_b_controller/install/controller_2023_b_launch/share/controller_2023_b_launch/local_setup.zsh
[0.845s] -- Symlinking: /home/kariya/Git/2023_off_team_b_controller/install/controller_2023_b_launch/share/controller_2023_b_launch/local_setup.dsv
[0.848s] -- Symlinking: /home/kariya/Git/2023_off_team_b_controller/install/controller_2023_b_launch/share/controller_2023_b_launch/package.dsv
[0.852s] -- Symlinking: /home/kariya/Git/2023_off_team_b_controller/install/controller_2023_b_launch/share/ament_index/resource_index/packages/controller_2023_b_launch
[0.855s] -- Symlinking: /home/kariya/Git/2023_off_team_b_controller/install/controller_2023_b_launch/share/controller_2023_b_launch/cmake/controller_2023_b_launchConfig.cmake
[0.859s] -- Symlinking: /home/kariya/Git/2023_off_team_b_controller/install/controller_2023_b_launch/share/controller_2023_b_launch/cmake/controller_2023_b_launchConfig-version.cmake
[0.863s] -- Symlinking: /home/kariya/Git/2023_off_team_b_controller/install/controller_2023_b_launch/share/controller_2023_b_launch/package.xml
[0.868s] Invoked command in '/home/kariya/Git/2023_off_team_b_controller/build/controller_2023_b_launch' returned '0': CMAKE_PREFIX_PATH=/opt/ros/humble /usr/bin/cmake --install /home/kariya/Git/2023_off_team_b_controller/build/controller_2023_b_launch
