[0.109s] Invoking command in '/home/kariya/Git/2023_off_team_b_controller/build/drobo_interfaces': CMAKE_PREFIX_PATH=/opt/ros/humble /usr/bin/cmake /home/kariya/Git/2023_off_team_b_controller/src/drobo_interfaces -DAMENT_CMAKE_SYMLINK_INSTALL=1 -DCMAKE_INSTALL_PREFIX=/home/kariya/Git/2023_off_team_b_controller/install/drobo_interfaces
[0.221s] -- The C compiler identification is GNU 11.4.0
[0.321s] -- The CXX compiler identification is GNU 11.4.0
[0.336s] -- Detecting C compiler ABI info
[0.410s] -- Detecting C compiler ABI info - done
[0.418s] -- Check for working C compiler: /usr/bin/cc - skipped
[0.418s] -- Detecting C compile features
[0.419s] -- Detecting C compile features - done
[0.423s] -- Detecting CXX compiler ABI info
[0.505s] -- Detecting CXX compiler ABI info - done
[0.513s] -- Check for working CXX compiler: /usr/bin/c++ - skipped
[0.513s] -- Detecting CXX compile features
[0.514s] -- Detecting CXX compile features - done
[0.523s] -- Found ament_cmake: 1.3.6 (/opt/ros/humble/share/ament_cmake/cmake)
[0.888s] -- Found Python3: /usr/bin/python3.10 (found version "3.10.12") found components: Interpreter 
[0.961s] -- Override CMake install command with custom implementation using symlinks instead of copying resources
[1.019s] -- Found rosidl_default_generators: 1.2.0 (/opt/ros/humble/share/rosidl_default_generators/cmake)
[1.024s] -- Using all available rosidl_typesupport_c: rosidl_typesupport_fastrtps_c;rosidl_typesupport_introspection_c
[1.033s] -- Found rosidl_adapter: 3.1.5 (/opt/ros/humble/share/rosidl_adapter/cmake)
[1.091s] -- Using all available rosidl_typesupport_cpp: rosidl_typesupport_fastrtps_cpp;rosidl_typesupport_introspection_cpp
[1.365s] -- Found ament_cmake_ros: 0.10.0 (/opt/ros/humble/share/ament_cmake_ros/cmake)
[1.464s] -- Using all available rosidl_typesupport_c: rosidl_typesupport_fastrtps_c;rosidl_typesupport_introspection_c
[1.581s] -- Using all available rosidl_typesupport_cpp: rosidl_typesupport_fastrtps_cpp;rosidl_typesupport_introspection_cpp
[1.605s] -- Found PythonInterp: /usr/bin/python3 (found suitable version "3.10.12", minimum required is "3.6") 
[1.607s] -- Found python_cmake_module: 0.10.0 (/opt/ros/humble/share/python_cmake_module/cmake)
[1.636s] -- Found PythonLibs: /usr/lib/x86_64-linux-gnu/libpython3.10.so (found suitable version "3.10.12", minimum required is "3.5") 
[1.636s] -- Using PYTHON_EXECUTABLE: /usr/bin/python3
[1.637s] -- Using PYTHON_INCLUDE_DIRS: /usr/include/python3.10
[1.637s] -- Using PYTHON_LIBRARIES: /usr/lib/x86_64-linux-gnu/libpython3.10.so
[1.658s] -- Found PythonExtra: .so  
[1.696s] -- Found ament_lint_auto: 0.12.9 (/opt/ros/humble/share/ament_lint_auto/cmake)
[1.723s] -- Added test 'copyright' to check source files copyright and LICENSE
[1.726s] -- Added test 'lint_cmake' to check CMake code style
[1.728s] -- Added test 'xmllint' to check XML markup files
[1.732s] -- Configuring done
[1.774s] -- Generating done
[1.778s] -- Build files have been written to: /home/kariya/Git/2023_off_team_b_controller/build/drobo_interfaces
[1.784s] Invoked command in '/home/kariya/Git/2023_off_team_b_controller/build/drobo_interfaces' returned '0': CMAKE_PREFIX_PATH=/opt/ros/humble /usr/bin/cmake /home/kariya/Git/2023_off_team_b_controller/src/drobo_interfaces -DAMENT_CMAKE_SYMLINK_INSTALL=1 -DCMAKE_INSTALL_PREFIX=/home/kariya/Git/2023_off_team_b_controller/install/drobo_interfaces
[1.787s] Invoking command in '/home/kariya/Git/2023_off_team_b_controller/build/drobo_interfaces': CMAKE_PREFIX_PATH=/opt/ros/humble /usr/bin/cmake --build /home/kariya/Git/2023_off_team_b_controller/build/drobo_interfaces -- -j16 -l16
[1.813s] [  2%] [34m[1mGenerating C code for ROS interfaces[0m
[1.819s] [  4%] [34m[1mGenerating C++ code for ROS interfaces[0m
[1.822s] [  4%] Built target ament_cmake_python_symlink_drobo_interfaces
[2.072s] running egg_info
[2.073s] creating drobo_interfaces.egg-info
[2.073s] writing drobo_interfaces.egg-info/PKG-INFO
[2.073s] writing dependency_links to drobo_interfaces.egg-info/dependency_links.txt
[2.073s] writing top-level names to drobo_interfaces.egg-info/top_level.txt
[2.073s] writing manifest file 'drobo_interfaces.egg-info/SOURCES.txt'
[2.076s] reading manifest file 'drobo_interfaces.egg-info/SOURCES.txt'
[2.076s] writing manifest file 'drobo_interfaces.egg-info/SOURCES.txt'
[2.098s] [  4%] Built target ament_cmake_python_build_drobo_interfaces_egg
[2.248s] [  4%] Built target drobo_interfaces__cpp
[2.254s] [  6%] [34m[1mGenerating C++ type support dispatch for ROS interfaces[0m
[2.255s] [  8%] [34m[1mGenerating C++ type support for eProsima Fast-RTPS[0m
[2.255s] [ 10%] [34m[1mGenerating C++ introspection for ROS interfaces[0m
[2.268s] [ 17%] [32mBuilding C object CMakeFiles/drobo_interfaces__rosidl_generator_c.dir/rosidl_generator_c/drobo_interfaces/msg/detail/sd_lib_msg__functions.c.o[0m
[2.268s] [ 17%] [32mBuilding C object CMakeFiles/drobo_interfaces__rosidl_generator_c.dir/rosidl_generator_c/drobo_interfaces/msg/detail/md_lib_msg__functions.c.o[0m
[2.268s] [ 17%] [32mBuilding C object CMakeFiles/drobo_interfaces__rosidl_generator_c.dir/rosidl_generator_c/drobo_interfaces/srv/detail/solenoid_state_srv__functions.c.o[0m
[2.338s] [ 19%] [32m[1mLinking C shared library libdrobo_interfaces__rosidl_generator_c.so[0m
[2.370s] [ 19%] Built target drobo_interfaces__rosidl_generator_c
[2.377s] [ 25%] [34m[1mGenerating C type support for eProsima Fast-RTPS[0m
[2.377s] [ 25%] [34m[1mGenerating C introspection for ROS interfaces[0m
[2.377s] [ 25%] [34m[1mGenerating C type support dispatch for ROS interfaces[0m
[2.612s] [ 29%] [32mBuilding CXX object CMakeFiles/drobo_interfaces__rosidl_typesupport_cpp.dir/rosidl_typesupport_cpp/drobo_interfaces/msg/md_lib_msg__type_support.cpp.o[0m
[2.612s] [ 31%] [32mBuilding CXX object CMakeFiles/drobo_interfaces__rosidl_typesupport_cpp.dir/rosidl_typesupport_cpp/drobo_interfaces/msg/sd_lib_msg__type_support.cpp.o[0m
[2.612s] [ 31%] [32mBuilding CXX object CMakeFiles/drobo_interfaces__rosidl_typesupport_cpp.dir/rosidl_typesupport_cpp/drobo_interfaces/srv/solenoid_state_srv__type_support.cpp.o[0m
[2.648s] [ 34%] [32mBuilding CXX object CMakeFiles/drobo_interfaces__rosidl_typesupport_introspection_cpp.dir/rosidl_typesupport_introspection_cpp/drobo_interfaces/msg/detail/md_lib_msg__type_support.cpp.o[0m
[2.649s] [ 36%] [32mBuilding CXX object CMakeFiles/drobo_interfaces__rosidl_typesupport_introspection_cpp.dir/rosidl_typesupport_introspection_cpp/drobo_interfaces/srv/detail/solenoid_state_srv__type_support.cpp.o[0m
[2.649s] [ 38%] [32mBuilding CXX object CMakeFiles/drobo_interfaces__rosidl_typesupport_introspection_cpp.dir/rosidl_typesupport_introspection_cpp/drobo_interfaces/msg/detail/sd_lib_msg__type_support.cpp.o[0m
[2.681s] [ 40%] [32mBuilding CXX object CMakeFiles/drobo_interfaces__rosidl_typesupport_fastrtps_cpp.dir/rosidl_typesupport_fastrtps_cpp/drobo_interfaces/msg/detail/dds_fastrtps/md_lib_msg__type_support.cpp.o[0m
[2.682s] [ 42%] [32mBuilding CXX object CMakeFiles/drobo_interfaces__rosidl_typesupport_fastrtps_cpp.dir/rosidl_typesupport_fastrtps_cpp/drobo_interfaces/srv/detail/dds_fastrtps/solenoid_state_srv__type_support.cpp.o[0m
[2.682s] [ 44%] [32mBuilding CXX object CMakeFiles/drobo_interfaces__rosidl_typesupport_fastrtps_cpp.dir/rosidl_typesupport_fastrtps_cpp/drobo_interfaces/msg/detail/dds_fastrtps/sd_lib_msg__type_support.cpp.o[0m
[2.730s] [ 46%] [32mBuilding CXX object CMakeFiles/drobo_interfaces__rosidl_typesupport_c.dir/rosidl_typesupport_c/drobo_interfaces/msg/md_lib_msg__type_support.cpp.o[0m
[2.730s] [ 48%] [32mBuilding CXX object CMakeFiles/drobo_interfaces__rosidl_typesupport_c.dir/rosidl_typesupport_c/drobo_interfaces/srv/solenoid_state_srv__type_support.cpp.o[0m
[2.731s] [ 51%] [32mBuilding CXX object CMakeFiles/drobo_interfaces__rosidl_typesupport_c.dir/rosidl_typesupport_c/drobo_interfaces/msg/sd_lib_msg__type_support.cpp.o[0m
[2.768s] [ 53%] [32m[1mLinking CXX shared library libdrobo_interfaces__rosidl_typesupport_c.so[0m
[2.808s] [ 53%] Built target drobo_interfaces__rosidl_typesupport_c
[2.816s] [ 57%] [32mBuilding C object CMakeFiles/drobo_interfaces__rosidl_typesupport_introspection_c.dir/rosidl_typesupport_introspection_c/drobo_interfaces/msg/detail/sd_lib_msg__type_support.c.o[0m
[2.816s] [ 57%] [32mBuilding C object CMakeFiles/drobo_interfaces__rosidl_typesupport_introspection_c.dir/rosidl_typesupport_introspection_c/drobo_interfaces/srv/detail/solenoid_state_srv__type_support.c.o[0m
[2.816s] [ 59%] [32mBuilding C object CMakeFiles/drobo_interfaces__rosidl_typesupport_introspection_c.dir/rosidl_typesupport_introspection_c/drobo_interfaces/msg/detail/md_lib_msg__type_support.c.o[0m
[2.862s] [ 61%] [32m[1mLinking C shared library libdrobo_interfaces__rosidl_typesupport_introspection_c.so[0m
[2.891s] [ 61%] Built target drobo_interfaces__rosidl_typesupport_introspection_c
[2.897s] [ 63%] [32mBuilding CXX object CMakeFiles/drobo_interfaces__rosidl_typesupport_fastrtps_c.dir/rosidl_typesupport_fastrtps_c/drobo_interfaces/msg/detail/md_lib_msg__type_support_c.cpp.o[0m
[2.897s] [ 65%] [32mBuilding CXX object CMakeFiles/drobo_interfaces__rosidl_typesupport_fastrtps_c.dir/rosidl_typesupport_fastrtps_c/drobo_interfaces/srv/detail/solenoid_state_srv__type_support_c.cpp.o[0m
[2.897s] [ 68%] [32mBuilding CXX object CMakeFiles/drobo_interfaces__rosidl_typesupport_fastrtps_c.dir/rosidl_typesupport_fastrtps_c/drobo_interfaces/msg/detail/sd_lib_msg__type_support_c.cpp.o[0m
[3.039s] [ 70%] [32m[1mLinking CXX shared library libdrobo_interfaces__rosidl_typesupport_cpp.so[0m
[3.075s] [ 70%] Built target drobo_interfaces__rosidl_typesupport_cpp
[3.180s] [ 72%] [32m[1mLinking CXX shared library libdrobo_interfaces__rosidl_typesupport_introspection_cpp.so[0m
[3.253s] [ 72%] Built target drobo_interfaces__rosidl_typesupport_introspection_cpp
[3.258s] [ 74%] [32m[1mLinking CXX shared library libdrobo_interfaces__rosidl_typesupport_fastrtps_cpp.so[0m
[3.330s] [ 74%] Built target drobo_interfaces__rosidl_typesupport_fastrtps_cpp
[3.355s] [ 76%] [32m[1mLinking CXX shared library libdrobo_interfaces__rosidl_typesupport_fastrtps_c.so[0m
[3.423s] [ 76%] Built target drobo_interfaces__rosidl_typesupport_fastrtps_c
[3.436s] [ 76%] Built target drobo_interfaces
[3.450s] [ 78%] [34m[1mGenerating Python code for ROS interfaces[0m
[4.138s] [ 78%] Built target drobo_interfaces__py
[4.151s] [ 80%] [32mBuilding C object CMakeFiles/drobo_interfaces__rosidl_generator_py.dir/rosidl_generator_py/drobo_interfaces/msg/_md_lib_msg_s.c.o[0m
[4.151s] [ 82%] [32mBuilding C object CMakeFiles/drobo_interfaces__rosidl_generator_py.dir/rosidl_generator_py/drobo_interfaces/msg/_sd_lib_msg_s.c.o[0m
[4.151s] [ 85%] [32mBuilding C object CMakeFiles/drobo_interfaces__rosidl_generator_py.dir/rosidl_generator_py/drobo_interfaces/srv/_solenoid_state_srv_s.c.o[0m
[4.283s] [ 87%] [32m[1mLinking C shared library rosidl_generator_py/drobo_interfaces/libdrobo_interfaces__rosidl_generator_py.so[0m
[4.318s] [ 87%] Built target drobo_interfaces__rosidl_generator_py
[4.331s] [ 93%] [32mBuilding C object CMakeFiles/drobo_interfaces__rosidl_typesupport_introspection_c__pyext.dir/rosidl_generator_py/drobo_interfaces/_drobo_interfaces_s.ep.rosidl_typesupport_introspection_c.c.o[0m
[4.332s] [ 93%] [32mBuilding C object CMakeFiles/drobo_interfaces__rosidl_typesupport_fastrtps_c__pyext.dir/rosidl_generator_py/drobo_interfaces/_drobo_interfaces_s.ep.rosidl_typesupport_fastrtps_c.c.o[0m
[4.332s] [ 93%] [32mBuilding C object CMakeFiles/drobo_interfaces__rosidl_typesupport_c__pyext.dir/rosidl_generator_py/drobo_interfaces/_drobo_interfaces_s.ep.rosidl_typesupport_c.c.o[0m
[4.431s] [ 95%] [32m[1mLinking C shared library rosidl_generator_py/drobo_interfaces/drobo_interfaces_s__rosidl_typesupport_c.cpython-310-x86_64-linux-gnu.so[0m
[4.432s] [ 97%] [32m[1mLinking C shared library rosidl_generator_py/drobo_interfaces/drobo_interfaces_s__rosidl_typesupport_introspection_c.cpython-310-x86_64-linux-gnu.so[0m
[4.437s] [100%] [32m[1mLinking C shared library rosidl_generator_py/drobo_interfaces/drobo_interfaces_s__rosidl_typesupport_fastrtps_c.cpython-310-x86_64-linux-gnu.so[0m
[4.458s] [100%] Built target drobo_interfaces__rosidl_typesupport_c__pyext
[4.459s] [100%] Built target drobo_interfaces__rosidl_typesupport_introspection_c__pyext
[4.466s] [100%] Built target drobo_interfaces__rosidl_typesupport_fastrtps_c__pyext
[4.475s] Invoked command in '/home/kariya/Git/2023_off_team_b_controller/build/drobo_interfaces' returned '0': CMAKE_PREFIX_PATH=/opt/ros/humble /usr/bin/cmake --build /home/kariya/Git/2023_off_team_b_controller/build/drobo_interfaces -- -j16 -l16
[4.618s] Invoking command in '/home/kariya/Git/2023_off_team_b_controller/build/drobo_interfaces': CMAKE_PREFIX_PATH=/opt/ros/humble /usr/bin/cmake --install /home/kariya/Git/2023_off_team_b_controller/build/drobo_interfaces
[4.622s] -- Install configuration: ""
[4.623s] -- Execute custom install script
[4.623s] -- Symlinking: /home/kariya/Git/2023_off_team_b_controller/install/drobo_interfaces/share/ament_index/resource_index/rosidl_interfaces/drobo_interfaces
[4.628s] -- Symlinking: /home/kariya/Git/2023_off_team_b_controller/install/drobo_interfaces/include/drobo_interfaces/drobo_interfaces/msg/detail/md_lib_msg__functions.h
[4.632s] -- Symlinking: /home/kariya/Git/2023_off_team_b_controller/install/drobo_interfaces/include/drobo_interfaces/drobo_interfaces/msg/detail/md_lib_msg__struct.h
[4.636s] -- Symlinking: /home/kariya/Git/2023_off_team_b_controller/install/drobo_interfaces/include/drobo_interfaces/drobo_interfaces/msg/detail/md_lib_msg__type_support.h
[4.641s] -- Symlinking: /home/kariya/Git/2023_off_team_b_controller/install/drobo_interfaces/include/drobo_interfaces/drobo_interfaces/msg/detail/sd_lib_msg__functions.h
[4.645s] -- Symlinking: /home/kariya/Git/2023_off_team_b_controller/install/drobo_interfaces/include/drobo_interfaces/drobo_interfaces/msg/detail/sd_lib_msg__struct.h
[4.649s] -- Symlinking: /home/kariya/Git/2023_off_team_b_controller/install/drobo_interfaces/include/drobo_interfaces/drobo_interfaces/msg/detail/sd_lib_msg__type_support.h
[4.653s] -- Symlinking: /home/kariya/Git/2023_off_team_b_controller/install/drobo_interfaces/include/drobo_interfaces/drobo_interfaces/msg/md_lib_msg.h
[4.657s] -- Symlinking: /home/kariya/Git/2023_off_team_b_controller/install/drobo_interfaces/include/drobo_interfaces/drobo_interfaces/msg/rosidl_generator_c__visibility_control.h
[4.661s] -- Symlinking: /home/kariya/Git/2023_off_team_b_controller/install/drobo_interfaces/include/drobo_interfaces/drobo_interfaces/msg/sd_lib_msg.h
[4.666s] -- Symlinking: /home/kariya/Git/2023_off_team_b_controller/install/drobo_interfaces/include/drobo_interfaces/drobo_interfaces/srv/detail/solenoid_state_srv__functions.h
[4.670s] -- Symlinking: /home/kariya/Git/2023_off_team_b_controller/install/drobo_interfaces/include/drobo_interfaces/drobo_interfaces/srv/detail/solenoid_state_srv__struct.h
[4.675s] -- Symlinking: /home/kariya/Git/2023_off_team_b_controller/install/drobo_interfaces/include/drobo_interfaces/drobo_interfaces/srv/detail/solenoid_state_srv__type_support.h
[4.680s] -- Symlinking: /home/kariya/Git/2023_off_team_b_controller/install/drobo_interfaces/include/drobo_interfaces/drobo_interfaces/srv/solenoid_state_srv.h
[4.685s] -- Symlinking: /home/kariya/Git/2023_off_team_b_controller/install/drobo_interfaces/share/drobo_interfaces/environment/library_path.sh
[4.689s] -- Symlinking: /home/kariya/Git/2023_off_team_b_controller/install/drobo_interfaces/share/drobo_interfaces/environment/library_path.dsv
[4.694s] -- Symlinking: /home/kariya/Git/2023_off_team_b_controller/install/drobo_interfaces/include/drobo_interfaces/drobo_interfaces/msg/detail/md_lib_msg__rosidl_typesupport_fastrtps_c.h
[4.698s] -- Symlinking: /home/kariya/Git/2023_off_team_b_controller/install/drobo_interfaces/include/drobo_interfaces/drobo_interfaces/msg/detail/sd_lib_msg__rosidl_typesupport_fastrtps_c.h
[4.704s] -- Symlinking: /home/kariya/Git/2023_off_team_b_controller/install/drobo_interfaces/include/drobo_interfaces/drobo_interfaces/msg/rosidl_typesupport_fastrtps_c__visibility_control.h
[4.708s] -- Symlinking: /home/kariya/Git/2023_off_team_b_controller/install/drobo_interfaces/include/drobo_interfaces/drobo_interfaces/srv/detail/solenoid_state_srv__rosidl_typesupport_fastrtps_c.h
[4.713s] -- Symlinking: /home/kariya/Git/2023_off_team_b_controller/install/drobo_interfaces/include/drobo_interfaces/drobo_interfaces/msg/detail/md_lib_msg__rosidl_typesupport_introspection_c.h
[4.717s] -- Symlinking: /home/kariya/Git/2023_off_team_b_controller/install/drobo_interfaces/include/drobo_interfaces/drobo_interfaces/msg/detail/sd_lib_msg__rosidl_typesupport_introspection_c.h
[4.721s] -- Symlinking: /home/kariya/Git/2023_off_team_b_controller/install/drobo_interfaces/include/drobo_interfaces/drobo_interfaces/msg/rosidl_typesupport_introspection_c__visibility_control.h
[4.725s] -- Symlinking: /home/kariya/Git/2023_off_team_b_controller/install/drobo_interfaces/include/drobo_interfaces/drobo_interfaces/srv/detail/solenoid_state_srv__rosidl_typesupport_introspection_c.h
[4.730s] -- Symlinking: /home/kariya/Git/2023_off_team_b_controller/install/drobo_interfaces/include/drobo_interfaces/drobo_interfaces/msg/detail/md_lib_msg__builder.hpp
[4.734s] -- Symlinking: /home/kariya/Git/2023_off_team_b_controller/install/drobo_interfaces/include/drobo_interfaces/drobo_interfaces/msg/detail/md_lib_msg__struct.hpp
[4.739s] -- Symlinking: /home/kariya/Git/2023_off_team_b_controller/install/drobo_interfaces/include/drobo_interfaces/drobo_interfaces/msg/detail/md_lib_msg__traits.hpp
[4.743s] -- Symlinking: /home/kariya/Git/2023_off_team_b_controller/install/drobo_interfaces/include/drobo_interfaces/drobo_interfaces/msg/detail/sd_lib_msg__builder.hpp
[4.748s] -- Symlinking: /home/kariya/Git/2023_off_team_b_controller/install/drobo_interfaces/include/drobo_interfaces/drobo_interfaces/msg/detail/sd_lib_msg__struct.hpp
[4.752s] -- Symlinking: /home/kariya/Git/2023_off_team_b_controller/install/drobo_interfaces/include/drobo_interfaces/drobo_interfaces/msg/detail/sd_lib_msg__traits.hpp
[4.757s] -- Symlinking: /home/kariya/Git/2023_off_team_b_controller/install/drobo_interfaces/include/drobo_interfaces/drobo_interfaces/msg/md_lib_msg.hpp
[4.761s] -- Symlinking: /home/kariya/Git/2023_off_team_b_controller/install/drobo_interfaces/include/drobo_interfaces/drobo_interfaces/msg/sd_lib_msg.hpp
[4.766s] -- Symlinking: /home/kariya/Git/2023_off_team_b_controller/install/drobo_interfaces/include/drobo_interfaces/drobo_interfaces/srv/detail/solenoid_state_srv__builder.hpp
[4.770s] -- Symlinking: /home/kariya/Git/2023_off_team_b_controller/install/drobo_interfaces/include/drobo_interfaces/drobo_interfaces/srv/detail/solenoid_state_srv__struct.hpp
[4.774s] -- Symlinking: /home/kariya/Git/2023_off_team_b_controller/install/drobo_interfaces/include/drobo_interfaces/drobo_interfaces/srv/detail/solenoid_state_srv__traits.hpp
[4.778s] -- Symlinking: /home/kariya/Git/2023_off_team_b_controller/install/drobo_interfaces/include/drobo_interfaces/drobo_interfaces/srv/solenoid_state_srv.hpp
[4.784s] -- Symlinking: /home/kariya/Git/2023_off_team_b_controller/install/drobo_interfaces/include/drobo_interfaces/drobo_interfaces/msg/detail/md_lib_msg__rosidl_typesupport_fastrtps_cpp.hpp
[4.788s] -- Symlinking: /home/kariya/Git/2023_off_team_b_controller/install/drobo_interfaces/include/drobo_interfaces/drobo_interfaces/msg/detail/sd_lib_msg__rosidl_typesupport_fastrtps_cpp.hpp
[4.792s] -- Symlinking: /home/kariya/Git/2023_off_team_b_controller/install/drobo_interfaces/include/drobo_interfaces/drobo_interfaces/msg/rosidl_typesupport_fastrtps_cpp__visibility_control.h
[4.797s] -- Symlinking: /home/kariya/Git/2023_off_team_b_controller/install/drobo_interfaces/include/drobo_interfaces/drobo_interfaces/srv/detail/solenoid_state_srv__rosidl_typesupport_fastrtps_cpp.hpp
[4.802s] -- Symlinking: /home/kariya/Git/2023_off_team_b_controller/install/drobo_interfaces/include/drobo_interfaces/drobo_interfaces/msg/detail/md_lib_msg__rosidl_typesupport_introspection_cpp.hpp
[4.806s] -- Symlinking: /home/kariya/Git/2023_off_team_b_controller/install/drobo_interfaces/include/drobo_interfaces/drobo_interfaces/msg/detail/sd_lib_msg__rosidl_typesupport_introspection_cpp.hpp
[4.810s] -- Symlinking: /home/kariya/Git/2023_off_team_b_controller/install/drobo_interfaces/include/drobo_interfaces/drobo_interfaces/srv/detail/solenoid_state_srv__rosidl_typesupport_introspection_cpp.hpp
[4.815s] -- Symlinking: /home/kariya/Git/2023_off_team_b_controller/install/drobo_interfaces/share/drobo_interfaces/environment/pythonpath.sh
[4.819s] -- Symlinking: /home/kariya/Git/2023_off_team_b_controller/install/drobo_interfaces/share/drobo_interfaces/environment/pythonpath.dsv
[4.824s] -- Symlinking: /home/kariya/Git/2023_off_team_b_controller/install/drobo_interfaces/local/lib/python3.10/dist-packages/drobo_interfaces-0.0.0-py3.10.egg-info/PKG-INFO
[4.828s] -- Symlinking: /home/kariya/Git/2023_off_team_b_controller/install/drobo_interfaces/local/lib/python3.10/dist-packages/drobo_interfaces-0.0.0-py3.10.egg-info/SOURCES.txt
[4.832s] -- Symlinking: /home/kariya/Git/2023_off_team_b_controller/install/drobo_interfaces/local/lib/python3.10/dist-packages/drobo_interfaces-0.0.0-py3.10.egg-info/dependency_links.txt
[4.836s] -- Symlinking: /home/kariya/Git/2023_off_team_b_controller/install/drobo_interfaces/local/lib/python3.10/dist-packages/drobo_interfaces-0.0.0-py3.10.egg-info/top_level.txt
[4.842s] -- Symlinking: /home/kariya/Git/2023_off_team_b_controller/install/drobo_interfaces/local/lib/python3.10/dist-packages/drobo_interfaces/__init__.py
[4.848s] -- Symlinking: /home/kariya/Git/2023_off_team_b_controller/install/drobo_interfaces/local/lib/python3.10/dist-packages/drobo_interfaces/_drobo_interfaces_s.ep.rosidl_typesupport_c.c
[4.852s] -- Symlinking: /home/kariya/Git/2023_off_team_b_controller/install/drobo_interfaces/local/lib/python3.10/dist-packages/drobo_interfaces/_drobo_interfaces_s.ep.rosidl_typesupport_fastrtps_c.c
[4.856s] -- Symlinking: /home/kariya/Git/2023_off_team_b_controller/install/drobo_interfaces/local/lib/python3.10/dist-packages/drobo_interfaces/_drobo_interfaces_s.ep.rosidl_typesupport_introspection_c.c
[4.861s] -- Symlinking: /home/kariya/Git/2023_off_team_b_controller/install/drobo_interfaces/local/lib/python3.10/dist-packages/drobo_interfaces/drobo_interfaces_s__rosidl_typesupport_c.cpython-310-x86_64-linux-gnu.so
[4.865s] -- Symlinking: /home/kariya/Git/2023_off_team_b_controller/install/drobo_interfaces/local/lib/python3.10/dist-packages/drobo_interfaces/drobo_interfaces_s__rosidl_typesupport_fastrtps_c.cpython-310-x86_64-linux-gnu.so
[4.870s] -- Symlinking: /home/kariya/Git/2023_off_team_b_controller/install/drobo_interfaces/local/lib/python3.10/dist-packages/drobo_interfaces/drobo_interfaces_s__rosidl_typesupport_introspection_c.cpython-310-x86_64-linux-gnu.so
[4.874s] -- Symlinking: /home/kariya/Git/2023_off_team_b_controller/install/drobo_interfaces/local/lib/python3.10/dist-packages/drobo_interfaces/libdrobo_interfaces__rosidl_generator_py.so
[4.878s] -- Symlinking: /home/kariya/Git/2023_off_team_b_controller/install/drobo_interfaces/local/lib/python3.10/dist-packages/drobo_interfaces/msg/__init__.py
[4.882s] -- Symlinking: /home/kariya/Git/2023_off_team_b_controller/install/drobo_interfaces/local/lib/python3.10/dist-packages/drobo_interfaces/msg/_md_lib_msg.py
[4.886s] -- Symlinking: /home/kariya/Git/2023_off_team_b_controller/install/drobo_interfaces/local/lib/python3.10/dist-packages/drobo_interfaces/msg/_md_lib_msg_s.c
[4.891s] -- Symlinking: /home/kariya/Git/2023_off_team_b_controller/install/drobo_interfaces/local/lib/python3.10/dist-packages/drobo_interfaces/msg/_sd_lib_msg.py
[4.895s] -- Symlinking: /home/kariya/Git/2023_off_team_b_controller/install/drobo_interfaces/local/lib/python3.10/dist-packages/drobo_interfaces/msg/_sd_lib_msg_s.c
[4.900s] -- Symlinking: /home/kariya/Git/2023_off_team_b_controller/install/drobo_interfaces/local/lib/python3.10/dist-packages/drobo_interfaces/srv/__init__.py
[4.903s] -- Symlinking: /home/kariya/Git/2023_off_team_b_controller/install/drobo_interfaces/local/lib/python3.10/dist-packages/drobo_interfaces/srv/_solenoid_state_srv.py
[4.907s] -- Symlinking: /home/kariya/Git/2023_off_team_b_controller/install/drobo_interfaces/local/lib/python3.10/dist-packages/drobo_interfaces/srv/_solenoid_state_srv_s.c
[4.912s] -- Up-to-date symlink: /home/kariya/Git/2023_off_team_b_controller/install/drobo_interfaces/local/lib/python3.10/dist-packages/drobo_interfaces/drobo_interfaces_s__rosidl_typesupport_fastrtps_c.cpython-310-x86_64-linux-gnu.so
[4.912s] -- Up-to-date symlink: /home/kariya/Git/2023_off_team_b_controller/install/drobo_interfaces/local/lib/python3.10/dist-packages/drobo_interfaces/drobo_interfaces_s__rosidl_typesupport_introspection_c.cpython-310-x86_64-linux-gnu.so
[4.912s] -- Up-to-date symlink: /home/kariya/Git/2023_off_team_b_controller/install/drobo_interfaces/local/lib/python3.10/dist-packages/drobo_interfaces/drobo_interfaces_s__rosidl_typesupport_c.cpython-310-x86_64-linux-gnu.so
[4.913s] -- Symlinking: /home/kariya/Git/2023_off_team_b_controller/install/drobo_interfaces/share/drobo_interfaces/msg/MdLibMsg.idl
[4.917s] -- Symlinking: /home/kariya/Git/2023_off_team_b_controller/install/drobo_interfaces/share/drobo_interfaces/msg/SdLibMsg.idl
[4.921s] -- Symlinking: /home/kariya/Git/2023_off_team_b_controller/install/drobo_interfaces/share/drobo_interfaces/srv/SolenoidStateSrv.idl
[4.926s] -- Symlinking: /home/kariya/Git/2023_off_team_b_controller/install/drobo_interfaces/share/drobo_interfaces/msg/MdLibMsg.msg
[4.930s] -- Symlinking: /home/kariya/Git/2023_off_team_b_controller/install/drobo_interfaces/share/drobo_interfaces/msg/SdLibMsg.msg
[4.934s] -- Symlinking: /home/kariya/Git/2023_off_team_b_controller/install/drobo_interfaces/share/drobo_interfaces/srv/SolenoidStateSrv.srv
[4.939s] -- Symlinking: /home/kariya/Git/2023_off_team_b_controller/install/drobo_interfaces/share/drobo_interfaces/srv/SolenoidStateSrv_Request.msg
[4.943s] -- Symlinking: /home/kariya/Git/2023_off_team_b_controller/install/drobo_interfaces/share/drobo_interfaces/srv/SolenoidStateSrv_Response.msg
[4.948s] -- Symlinking: /home/kariya/Git/2023_off_team_b_controller/install/drobo_interfaces/share/ament_index/resource_index/package_run_dependencies/drobo_interfaces
[4.952s] -- Symlinking: /home/kariya/Git/2023_off_team_b_controller/install/drobo_interfaces/share/ament_index/resource_index/parent_prefix_path/drobo_interfaces
[4.957s] -- Symlinking: /home/kariya/Git/2023_off_team_b_controller/install/drobo_interfaces/share/drobo_interfaces/environment/ament_prefix_path.sh
[4.962s] -- Symlinking: /home/kariya/Git/2023_off_team_b_controller/install/drobo_interfaces/share/drobo_interfaces/environment/ament_prefix_path.dsv
[4.966s] -- Symlinking: /home/kariya/Git/2023_off_team_b_controller/install/drobo_interfaces/share/drobo_interfaces/environment/path.sh
[4.971s] -- Symlinking: /home/kariya/Git/2023_off_team_b_controller/install/drobo_interfaces/share/drobo_interfaces/environment/path.dsv
[4.975s] -- Symlinking: /home/kariya/Git/2023_off_team_b_controller/install/drobo_interfaces/share/drobo_interfaces/local_setup.bash
[4.979s] -- Symlinking: /home/kariya/Git/2023_off_team_b_controller/install/drobo_interfaces/share/drobo_interfaces/local_setup.sh
[4.984s] -- Symlinking: /home/kariya/Git/2023_off_team_b_controller/install/drobo_interfaces/share/drobo_interfaces/local_setup.zsh
[4.988s] -- Symlinking: /home/kariya/Git/2023_off_team_b_controller/install/drobo_interfaces/share/drobo_interfaces/local_setup.dsv
[4.992s] -- Symlinking: /home/kariya/Git/2023_off_team_b_controller/install/drobo_interfaces/share/drobo_interfaces/package.dsv
[4.997s] -- Symlinking: /home/kariya/Git/2023_off_team_b_controller/install/drobo_interfaces/share/ament_index/resource_index/packages/drobo_interfaces
[5.001s] -- Symlinking: /home/kariya/Git/2023_off_team_b_controller/install/drobo_interfaces/share/drobo_interfaces/cmake/rosidl_cmake-extras.cmake
[5.005s] -- Symlinking: /home/kariya/Git/2023_off_team_b_controller/install/drobo_interfaces/share/drobo_interfaces/cmake/ament_cmake_export_include_directories-extras.cmake
[5.010s] -- Symlinking: /home/kariya/Git/2023_off_team_b_controller/install/drobo_interfaces/share/drobo_interfaces/cmake/ament_cmake_export_libraries-extras.cmake
[5.014s] -- Symlinking: /home/kariya/Git/2023_off_team_b_controller/install/drobo_interfaces/share/drobo_interfaces/cmake/ament_cmake_export_targets-extras.cmake
[5.018s] -- Symlinking: /home/kariya/Git/2023_off_team_b_controller/install/drobo_interfaces/share/drobo_interfaces/cmake/rosidl_cmake_export_typesupport_targets-extras.cmake
[5.022s] -- Symlinking: /home/kariya/Git/2023_off_team_b_controller/install/drobo_interfaces/share/drobo_interfaces/cmake/ament_cmake_export_dependencies-extras.cmake
[5.026s] -- Symlinking: /home/kariya/Git/2023_off_team_b_controller/install/drobo_interfaces/share/drobo_interfaces/cmake/rosidl_cmake_export_typesupport_libraries-extras.cmake
[5.030s] -- Symlinking: /home/kariya/Git/2023_off_team_b_controller/install/drobo_interfaces/share/drobo_interfaces/cmake/drobo_interfacesConfig.cmake
[5.034s] -- Symlinking: /home/kariya/Git/2023_off_team_b_controller/install/drobo_interfaces/share/drobo_interfaces/cmake/drobo_interfacesConfig-version.cmake
[5.039s] -- Symlinking: /home/kariya/Git/2023_off_team_b_controller/install/drobo_interfaces/share/drobo_interfaces/package.xml
[5.043s] -- Installing: /home/kariya/Git/2023_off_team_b_controller/install/drobo_interfaces/lib/libdrobo_interfaces__rosidl_generator_c.so
[5.043s] -- Set runtime path of "/home/kariya/Git/2023_off_team_b_controller/install/drobo_interfaces/lib/libdrobo_interfaces__rosidl_generator_c.so" to ""
[5.044s] -- Installing: /home/kariya/Git/2023_off_team_b_controller/install/drobo_interfaces/lib/libdrobo_interfaces__rosidl_typesupport_fastrtps_c.so
[5.044s] -- Set runtime path of "/home/kariya/Git/2023_off_team_b_controller/install/drobo_interfaces/lib/libdrobo_interfaces__rosidl_typesupport_fastrtps_c.so" to ""
[5.044s] -- Installing: /home/kariya/Git/2023_off_team_b_controller/install/drobo_interfaces/lib/libdrobo_interfaces__rosidl_typesupport_introspection_c.so
[5.045s] -- Set runtime path of "/home/kariya/Git/2023_off_team_b_controller/install/drobo_interfaces/lib/libdrobo_interfaces__rosidl_typesupport_introspection_c.so" to ""
[5.045s] -- Installing: /home/kariya/Git/2023_off_team_b_controller/install/drobo_interfaces/lib/libdrobo_interfaces__rosidl_typesupport_c.so
[5.045s] -- Set runtime path of "/home/kariya/Git/2023_off_team_b_controller/install/drobo_interfaces/lib/libdrobo_interfaces__rosidl_typesupport_c.so" to ""
[5.045s] -- Installing: /home/kariya/Git/2023_off_team_b_controller/install/drobo_interfaces/lib/libdrobo_interfaces__rosidl_typesupport_fastrtps_cpp.so
[5.046s] -- Set runtime path of "/home/kariya/Git/2023_off_team_b_controller/install/drobo_interfaces/lib/libdrobo_interfaces__rosidl_typesupport_fastrtps_cpp.so" to ""
[5.046s] -- Installing: /home/kariya/Git/2023_off_team_b_controller/install/drobo_interfaces/lib/libdrobo_interfaces__rosidl_typesupport_introspection_cpp.so
[5.046s] -- Set runtime path of "/home/kariya/Git/2023_off_team_b_controller/install/drobo_interfaces/lib/libdrobo_interfaces__rosidl_typesupport_introspection_cpp.so" to ""
[5.046s] -- Installing: /home/kariya/Git/2023_off_team_b_controller/install/drobo_interfaces/lib/libdrobo_interfaces__rosidl_typesupport_cpp.so
[5.047s] -- Set runtime path of "/home/kariya/Git/2023_off_team_b_controller/install/drobo_interfaces/lib/libdrobo_interfaces__rosidl_typesupport_cpp.so" to ""
[5.092s] Listing '/home/kariya/Git/2023_off_team_b_controller/install/drobo_interfaces/local/lib/python3.10/dist-packages/drobo_interfaces'...
[5.092s] Compiling '/home/kariya/Git/2023_off_team_b_controller/install/drobo_interfaces/local/lib/python3.10/dist-packages/drobo_interfaces/__init__.py'...
[5.092s] Listing '/home/kariya/Git/2023_off_team_b_controller/install/drobo_interfaces/local/lib/python3.10/dist-packages/drobo_interfaces/msg'...
[5.092s] Compiling '/home/kariya/Git/2023_off_team_b_controller/install/drobo_interfaces/local/lib/python3.10/dist-packages/drobo_interfaces/msg/__init__.py'...
[5.093s] Compiling '/home/kariya/Git/2023_off_team_b_controller/install/drobo_interfaces/local/lib/python3.10/dist-packages/drobo_interfaces/msg/_md_lib_msg.py'...
[5.093s] Compiling '/home/kariya/Git/2023_off_team_b_controller/install/drobo_interfaces/local/lib/python3.10/dist-packages/drobo_interfaces/msg/_sd_lib_msg.py'...
[5.093s] Listing '/home/kariya/Git/2023_off_team_b_controller/install/drobo_interfaces/local/lib/python3.10/dist-packages/drobo_interfaces/srv'...
[5.093s] Compiling '/home/kariya/Git/2023_off_team_b_controller/install/drobo_interfaces/local/lib/python3.10/dist-packages/drobo_interfaces/srv/__init__.py'...
[5.093s] Compiling '/home/kariya/Git/2023_off_team_b_controller/install/drobo_interfaces/local/lib/python3.10/dist-packages/drobo_interfaces/srv/_solenoid_state_srv.py'...
[5.096s] -- Installing: /home/kariya/Git/2023_off_team_b_controller/install/drobo_interfaces/lib/libdrobo_interfaces__rosidl_generator_py.so
[5.097s] -- Set runtime path of "/home/kariya/Git/2023_off_team_b_controller/install/drobo_interfaces/lib/libdrobo_interfaces__rosidl_generator_py.so" to ""
[5.097s] -- Installing: /home/kariya/Git/2023_off_team_b_controller/install/drobo_interfaces/share/drobo_interfaces/cmake/export_drobo_interfaces__rosidl_generator_cExport.cmake
[5.097s] -- Installing: /home/kariya/Git/2023_off_team_b_controller/install/drobo_interfaces/share/drobo_interfaces/cmake/export_drobo_interfaces__rosidl_generator_cExport-noconfig.cmake
[5.097s] -- Installing: /home/kariya/Git/2023_off_team_b_controller/install/drobo_interfaces/share/drobo_interfaces/cmake/export_drobo_interfaces__rosidl_typesupport_fastrtps_cExport.cmake
[5.098s] -- Installing: /home/kariya/Git/2023_off_team_b_controller/install/drobo_interfaces/share/drobo_interfaces/cmake/export_drobo_interfaces__rosidl_typesupport_fastrtps_cExport-noconfig.cmake
[5.098s] -- Installing: /home/kariya/Git/2023_off_team_b_controller/install/drobo_interfaces/share/drobo_interfaces/cmake/drobo_interfaces__rosidl_typesupport_introspection_cExport.cmake
[5.098s] -- Installing: /home/kariya/Git/2023_off_team_b_controller/install/drobo_interfaces/share/drobo_interfaces/cmake/drobo_interfaces__rosidl_typesupport_introspection_cExport-noconfig.cmake
[5.098s] -- Installing: /home/kariya/Git/2023_off_team_b_controller/install/drobo_interfaces/share/drobo_interfaces/cmake/drobo_interfaces__rosidl_typesupport_cExport.cmake
[5.099s] -- Installing: /home/kariya/Git/2023_off_team_b_controller/install/drobo_interfaces/share/drobo_interfaces/cmake/drobo_interfaces__rosidl_typesupport_cExport-noconfig.cmake
[5.099s] -- Installing: /home/kariya/Git/2023_off_team_b_controller/install/drobo_interfaces/share/drobo_interfaces/cmake/export_drobo_interfaces__rosidl_generator_cppExport.cmake
[5.099s] -- Installing: /home/kariya/Git/2023_off_team_b_controller/install/drobo_interfaces/share/drobo_interfaces/cmake/export_drobo_interfaces__rosidl_typesupport_fastrtps_cppExport.cmake
[5.099s] -- Installing: /home/kariya/Git/2023_off_team_b_controller/install/drobo_interfaces/share/drobo_interfaces/cmake/export_drobo_interfaces__rosidl_typesupport_fastrtps_cppExport-noconfig.cmake
[5.100s] -- Installing: /home/kariya/Git/2023_off_team_b_controller/install/drobo_interfaces/share/drobo_interfaces/cmake/drobo_interfaces__rosidl_typesupport_introspection_cppExport.cmake
[5.100s] -- Installing: /home/kariya/Git/2023_off_team_b_controller/install/drobo_interfaces/share/drobo_interfaces/cmake/drobo_interfaces__rosidl_typesupport_introspection_cppExport-noconfig.cmake
[5.100s] -- Installing: /home/kariya/Git/2023_off_team_b_controller/install/drobo_interfaces/share/drobo_interfaces/cmake/drobo_interfaces__rosidl_typesupport_cppExport.cmake
[5.100s] -- Installing: /home/kariya/Git/2023_off_team_b_controller/install/drobo_interfaces/share/drobo_interfaces/cmake/drobo_interfaces__rosidl_typesupport_cppExport-noconfig.cmake
[5.101s] -- Installing: /home/kariya/Git/2023_off_team_b_controller/install/drobo_interfaces/share/drobo_interfaces/cmake/export_drobo_interfaces__rosidl_generator_pyExport.cmake
[5.101s] -- Installing: /home/kariya/Git/2023_off_team_b_controller/install/drobo_interfaces/share/drobo_interfaces/cmake/export_drobo_interfaces__rosidl_generator_pyExport-noconfig.cmake
[5.104s] Invoked command in '/home/kariya/Git/2023_off_team_b_controller/build/drobo_interfaces' returned '0': CMAKE_PREFIX_PATH=/opt/ros/humble /usr/bin/cmake --install /home/kariya/Git/2023_off_team_b_controller/build/drobo_interfaces
