[0.071s] Invoking command in '/home/kariya/Git/2023_off_team_b_controller/build/dmotor_ros': AMENT_PREFIX_PATH=/home/kariya/Git/2023_off_team_b_controller/install/drobo_interfaces:${AMENT_PREFIX_PATH} CMAKE_PREFIX_PATH=/home/kariya/Git/2023_off_team_b_controller/install/drobo_interfaces:/opt/ros/humble LD_LIBRARY_PATH=/home/kariya/Git/2023_off_team_b_controller/install/drobo_interfaces/lib:${LD_LIBRARY_PATH} PYTHONPATH=/home/kariya/Git/2023_off_team_b_controller/install/drobo_interfaces/local/lib/python3.10/dist-packages:${PYTHONPATH} /usr/bin/cmake --build /home/kariya/Git/2023_off_team_b_controller/build/dmotor_ros -- -j16 -l16
[0.102s] [100%] Built target dmotor_ros
[0.107s] Invoked command in '/home/kariya/Git/2023_off_team_b_controller/build/dmotor_ros' returned '0': AMENT_PREFIX_PATH=/home/kariya/Git/2023_off_team_b_controller/install/drobo_interfaces:${AMENT_PREFIX_PATH} CMAKE_PREFIX_PATH=/home/kariya/Git/2023_off_team_b_controller/install/drobo_interfaces:/opt/ros/humble LD_LIBRARY_PATH=/home/kariya/Git/2023_off_team_b_controller/install/drobo_interfaces/lib:${LD_LIBRARY_PATH} PYTHONPATH=/home/kariya/Git/2023_off_team_b_controller/install/drobo_interfaces/local/lib/python3.10/dist-packages:${PYTHONPATH} /usr/bin/cmake --build /home/kariya/Git/2023_off_team_b_controller/build/dmotor_ros -- -j16 -l16
[0.127s] Invoking command in '/home/kariya/Git/2023_off_team_b_controller/build/dmotor_ros': AMENT_PREFIX_PATH=/home/kariya/Git/2023_off_team_b_controller/install/drobo_interfaces:${AMENT_PREFIX_PATH} CMAKE_PREFIX_PATH=/home/kariya/Git/2023_off_team_b_controller/install/drobo_interfaces:/opt/ros/humble LD_LIBRARY_PATH=/home/kariya/Git/2023_off_team_b_controller/install/drobo_interfaces/lib:${LD_LIBRARY_PATH} PYTHONPATH=/home/kariya/Git/2023_off_team_b_controller/install/drobo_interfaces/local/lib/python3.10/dist-packages:${PYTHONPATH} /usr/bin/cmake --install /home/kariya/Git/2023_off_team_b_controller/build/dmotor_ros
[0.129s] -- Install configuration: ""
[0.129s] -- Execute custom install script
[0.130s] -- Up-to-date symlink: /home/kariya/Git/2023_off_team_b_controller/install/dmotor_ros/lib/dmotor_ros/dmotor_ros
[0.130s] -- Up-to-date symlink: /home/kariya/Git/2023_off_team_b_controller/install/dmotor_ros/share/ament_index/resource_index/package_run_dependencies/dmotor_ros
[0.130s] -- Up-to-date symlink: /home/kariya/Git/2023_off_team_b_controller/install/dmotor_ros/share/ament_index/resource_index/parent_prefix_path/dmotor_ros
[0.130s] -- Up-to-date symlink: /home/kariya/Git/2023_off_team_b_controller/install/dmotor_ros/share/dmotor_ros/environment/ament_prefix_path.sh
[0.130s] -- Up-to-date symlink: /home/kariya/Git/2023_off_team_b_controller/install/dmotor_ros/share/dmotor_ros/environment/ament_prefix_path.dsv
[0.130s] -- Up-to-date symlink: /home/kariya/Git/2023_off_team_b_controller/install/dmotor_ros/share/dmotor_ros/environment/path.sh
[0.130s] -- Up-to-date symlink: /home/kariya/Git/2023_off_team_b_controller/install/dmotor_ros/share/dmotor_ros/environment/path.dsv
[0.131s] -- Up-to-date symlink: /home/kariya/Git/2023_off_team_b_controller/install/dmotor_ros/share/dmotor_ros/local_setup.bash
[0.131s] -- Up-to-date symlink: /home/kariya/Git/2023_off_team_b_controller/install/dmotor_ros/share/dmotor_ros/local_setup.sh
[0.131s] -- Up-to-date symlink: /home/kariya/Git/2023_off_team_b_controller/install/dmotor_ros/share/dmotor_ros/local_setup.zsh
[0.131s] -- Up-to-date symlink: /home/kariya/Git/2023_off_team_b_controller/install/dmotor_ros/share/dmotor_ros/local_setup.dsv
[0.131s] -- Symlinking: /home/kariya/Git/2023_off_team_b_controller/install/dmotor_ros/share/dmotor_ros/package.dsv
[0.134s] -- Up-to-date symlink: /home/kariya/Git/2023_off_team_b_controller/install/dmotor_ros/share/ament_index/resource_index/packages/dmotor_ros
[0.134s] -- Up-to-date symlink: /home/kariya/Git/2023_off_team_b_controller/install/dmotor_ros/share/dmotor_ros/cmake/dmotor_rosConfig.cmake
[0.135s] -- Up-to-date symlink: /home/kariya/Git/2023_off_team_b_controller/install/dmotor_ros/share/dmotor_ros/cmake/dmotor_rosConfig-version.cmake
[0.135s] -- Up-to-date symlink: /home/kariya/Git/2023_off_team_b_controller/install/dmotor_ros/share/dmotor_ros/package.xml
[0.136s] Invoked command in '/home/kariya/Git/2023_off_team_b_controller/build/dmotor_ros' returned '0': AMENT_PREFIX_PATH=/home/kariya/Git/2023_off_team_b_controller/install/drobo_interfaces:${AMENT_PREFIX_PATH} CMAKE_PREFIX_PATH=/home/kariya/Git/2023_off_team_b_controller/install/drobo_interfaces:/opt/ros/humble LD_LIBRARY_PATH=/home/kariya/Git/2023_off_team_b_controller/install/drobo_interfaces/lib:${LD_LIBRARY_PATH} PYTHONPATH=/home/kariya/Git/2023_off_team_b_controller/install/drobo_interfaces/local/lib/python3.10/dist-packages:${PYTHONPATH} /usr/bin/cmake --install /home/kariya/Git/2023_off_team_b_controller/build/dmotor_ros
