[0.035s] Invoking command in '/home/kariya/Git/2023_off_team_b_controller/build/drobo_interfaces': CMAKE_PREFIX_PATH=/opt/ros/humble /usr/bin/cmake --build /home/kariya/Git/2023_off_team_b_controller/build/drobo_interfaces -- -j16 -l16
[0.057s] [  2%] Built target drobo_interfaces__cpp
[0.059s] [ 12%] Built target drobo_interfaces__rosidl_generator_c
[0.059s] [ 12%] Built target ament_cmake_python_symlink_drobo_interfaces
[0.071s] [ 36%] Built target drobo_interfaces__rosidl_typesupport_c
[0.071s] [ 36%] Built target drobo_interfaces__rosidl_typesupport_introspection_c
[0.071s] [ 44%] Built target drobo_interfaces__rosidl_typesupport_cpp
[0.071s] [ 55%] Built target drobo_interfaces__rosidl_typesupport_introspection_cpp
[0.072s] [ 65%] Built target drobo_interfaces__rosidl_typesupport_fastrtps_cpp
[0.074s] [ 76%] Built target drobo_interfaces__rosidl_typesupport_fastrtps_c
[0.083s] [ 76%] Built target drobo_interfaces
[0.092s] [ 78%] Built target drobo_interfaces__py
[0.107s] [ 87%] Built target drobo_interfaces__rosidl_generator_py
[0.120s] [ 93%] Built target drobo_interfaces__rosidl_typesupport_fastrtps_c__pyext
[0.120s] [ 95%] Built target drobo_interfaces__rosidl_typesupport_introspection_c__pyext
[0.120s] [100%] Built target drobo_interfaces__rosidl_typesupport_c__pyext
[0.220s] running egg_info
[0.220s] writing drobo_interfaces.egg-info/PKG-INFO
[0.221s] writing dependency_links to drobo_interfaces.egg-info/dependency_links.txt
[0.221s] writing top-level names to drobo_interfaces.egg-info/top_level.txt
[0.222s] reading manifest file 'drobo_interfaces.egg-info/SOURCES.txt'
[0.223s] writing manifest file 'drobo_interfaces.egg-info/SOURCES.txt'
[0.241s] [100%] Built target ament_cmake_python_build_drobo_interfaces_egg
[0.246s] Invoked command in '/home/kariya/Git/2023_off_team_b_controller/build/drobo_interfaces' returned '0': CMAKE_PREFIX_PATH=/opt/ros/humble /usr/bin/cmake --build /home/kariya/Git/2023_off_team_b_controller/build/drobo_interfaces -- -j16 -l16
[0.335s] Invoking command in '/home/kariya/Git/2023_off_team_b_controller/build/drobo_interfaces': CMAKE_PREFIX_PATH=/opt/ros/humble /usr/bin/cmake --install /home/kariya/Git/2023_off_team_b_controller/build/drobo_interfaces
[0.338s] -- Install configuration: ""
[0.338s] -- Execute custom install script
[0.338s] -- Up-to-date symlink: /home/kariya/Git/2023_off_team_b_controller/install/drobo_interfaces/share/ament_index/resource_index/rosidl_interfaces/drobo_interfaces
[0.339s] -- Up-to-date symlink: /home/kariya/Git/2023_off_team_b_controller/install/drobo_interfaces/include/drobo_interfaces/drobo_interfaces/msg/detail/md_lib_msg__functions.h
[0.339s] -- Up-to-date symlink: /home/kariya/Git/2023_off_team_b_controller/install/drobo_interfaces/include/drobo_interfaces/drobo_interfaces/msg/detail/md_lib_msg__struct.h
[0.339s] -- Up-to-date symlink: /home/kariya/Git/2023_off_team_b_controller/install/drobo_interfaces/include/drobo_interfaces/drobo_interfaces/msg/detail/md_lib_msg__type_support.h
[0.339s] -- Up-to-date symlink: /home/kariya/Git/2023_off_team_b_controller/install/drobo_interfaces/include/drobo_interfaces/drobo_interfaces/msg/detail/sd_lib_msg__functions.h
[0.339s] -- Up-to-date symlink: /home/kariya/Git/2023_off_team_b_controller/install/drobo_interfaces/include/drobo_interfaces/drobo_interfaces/msg/detail/sd_lib_msg__struct.h
[0.339s] -- Up-to-date symlink: /home/kariya/Git/2023_off_team_b_controller/install/drobo_interfaces/include/drobo_interfaces/drobo_interfaces/msg/detail/sd_lib_msg__type_support.h
[0.339s] -- Up-to-date symlink: /home/kariya/Git/2023_off_team_b_controller/install/drobo_interfaces/include/drobo_interfaces/drobo_interfaces/msg/md_lib_msg.h
[0.339s] -- Up-to-date symlink: /home/kariya/Git/2023_off_team_b_controller/install/drobo_interfaces/include/drobo_interfaces/drobo_interfaces/msg/rosidl_generator_c__visibility_control.h
[0.339s] -- Up-to-date symlink: /home/kariya/Git/2023_off_team_b_controller/install/drobo_interfaces/include/drobo_interfaces/drobo_interfaces/msg/sd_lib_msg.h
[0.339s] -- Up-to-date symlink: /home/kariya/Git/2023_off_team_b_controller/install/drobo_interfaces/include/drobo_interfaces/drobo_interfaces/srv/detail/solenoid_state_srv__functions.h
[0.340s] -- Up-to-date symlink: /home/kariya/Git/2023_off_team_b_controller/install/drobo_interfaces/include/drobo_interfaces/drobo_interfaces/srv/detail/solenoid_state_srv__struct.h
[0.340s] -- Up-to-date symlink: /home/kariya/Git/2023_off_team_b_controller/install/drobo_interfaces/include/drobo_interfaces/drobo_interfaces/srv/detail/solenoid_state_srv__type_support.h
[0.340s] -- Up-to-date symlink: /home/kariya/Git/2023_off_team_b_controller/install/drobo_interfaces/include/drobo_interfaces/drobo_interfaces/srv/solenoid_state_srv.h
[0.340s] -- Up-to-date symlink: /home/kariya/Git/2023_off_team_b_controller/install/drobo_interfaces/share/drobo_interfaces/environment/library_path.sh
[0.340s] -- Up-to-date symlink: /home/kariya/Git/2023_off_team_b_controller/install/drobo_interfaces/share/drobo_interfaces/environment/library_path.dsv
[0.340s] -- Up-to-date symlink: /home/kariya/Git/2023_off_team_b_controller/install/drobo_interfaces/include/drobo_interfaces/drobo_interfaces/msg/detail/md_lib_msg__rosidl_typesupport_fastrtps_c.h
[0.341s] -- Up-to-date symlink: /home/kariya/Git/2023_off_team_b_controller/install/drobo_interfaces/include/drobo_interfaces/drobo_interfaces/msg/detail/sd_lib_msg__rosidl_typesupport_fastrtps_c.h
[0.341s] -- Up-to-date symlink: /home/kariya/Git/2023_off_team_b_controller/install/drobo_interfaces/include/drobo_interfaces/drobo_interfaces/msg/rosidl_typesupport_fastrtps_c__visibility_control.h
[0.341s] -- Up-to-date symlink: /home/kariya/Git/2023_off_team_b_controller/install/drobo_interfaces/include/drobo_interfaces/drobo_interfaces/srv/detail/solenoid_state_srv__rosidl_typesupport_fastrtps_c.h
[0.341s] -- Up-to-date symlink: /home/kariya/Git/2023_off_team_b_controller/install/drobo_interfaces/include/drobo_interfaces/drobo_interfaces/msg/detail/md_lib_msg__rosidl_typesupport_introspection_c.h
[0.341s] -- Up-to-date symlink: /home/kariya/Git/2023_off_team_b_controller/install/drobo_interfaces/include/drobo_interfaces/drobo_interfaces/msg/detail/sd_lib_msg__rosidl_typesupport_introspection_c.h
[0.341s] -- Up-to-date symlink: /home/kariya/Git/2023_off_team_b_controller/install/drobo_interfaces/include/drobo_interfaces/drobo_interfaces/msg/rosidl_typesupport_introspection_c__visibility_control.h
[0.341s] -- Up-to-date symlink: /home/kariya/Git/2023_off_team_b_controller/install/drobo_interfaces/include/drobo_interfaces/drobo_interfaces/srv/detail/solenoid_state_srv__rosidl_typesupport_introspection_c.h
[0.342s] -- Up-to-date symlink: /home/kariya/Git/2023_off_team_b_controller/install/drobo_interfaces/include/drobo_interfaces/drobo_interfaces/msg/detail/md_lib_msg__builder.hpp
[0.342s] -- Up-to-date symlink: /home/kariya/Git/2023_off_team_b_controller/install/drobo_interfaces/include/drobo_interfaces/drobo_interfaces/msg/detail/md_lib_msg__struct.hpp
[0.342s] -- Up-to-date symlink: /home/kariya/Git/2023_off_team_b_controller/install/drobo_interfaces/include/drobo_interfaces/drobo_interfaces/msg/detail/md_lib_msg__traits.hpp
[0.342s] -- Up-to-date symlink: /home/kariya/Git/2023_off_team_b_controller/install/drobo_interfaces/include/drobo_interfaces/drobo_interfaces/msg/detail/sd_lib_msg__builder.hpp
[0.342s] -- Up-to-date symlink: /home/kariya/Git/2023_off_team_b_controller/install/drobo_interfaces/include/drobo_interfaces/drobo_interfaces/msg/detail/sd_lib_msg__struct.hpp
[0.342s] -- Up-to-date symlink: /home/kariya/Git/2023_off_team_b_controller/install/drobo_interfaces/include/drobo_interfaces/drobo_interfaces/msg/detail/sd_lib_msg__traits.hpp
[0.342s] -- Up-to-date symlink: /home/kariya/Git/2023_off_team_b_controller/install/drobo_interfaces/include/drobo_interfaces/drobo_interfaces/msg/md_lib_msg.hpp
[0.342s] -- Up-to-date symlink: /home/kariya/Git/2023_off_team_b_controller/install/drobo_interfaces/include/drobo_interfaces/drobo_interfaces/msg/sd_lib_msg.hpp
[0.342s] -- Up-to-date symlink: /home/kariya/Git/2023_off_team_b_controller/install/drobo_interfaces/include/drobo_interfaces/drobo_interfaces/srv/detail/solenoid_state_srv__builder.hpp
[0.342s] -- Up-to-date symlink: /home/kariya/Git/2023_off_team_b_controller/install/drobo_interfaces/include/drobo_interfaces/drobo_interfaces/srv/detail/solenoid_state_srv__struct.hpp
[0.343s] -- Up-to-date symlink: /home/kariya/Git/2023_off_team_b_controller/install/drobo_interfaces/include/drobo_interfaces/drobo_interfaces/srv/detail/solenoid_state_srv__traits.hpp
[0.343s] -- Up-to-date symlink: /home/kariya/Git/2023_off_team_b_controller/install/drobo_interfaces/include/drobo_interfaces/drobo_interfaces/srv/solenoid_state_srv.hpp
[0.343s] -- Up-to-date symlink: /home/kariya/Git/2023_off_team_b_controller/install/drobo_interfaces/include/drobo_interfaces/drobo_interfaces/msg/detail/md_lib_msg__rosidl_typesupport_fastrtps_cpp.hpp
[0.343s] -- Up-to-date symlink: /home/kariya/Git/2023_off_team_b_controller/install/drobo_interfaces/include/drobo_interfaces/drobo_interfaces/msg/detail/sd_lib_msg__rosidl_typesupport_fastrtps_cpp.hpp
[0.343s] -- Up-to-date symlink: /home/kariya/Git/2023_off_team_b_controller/install/drobo_interfaces/include/drobo_interfaces/drobo_interfaces/msg/rosidl_typesupport_fastrtps_cpp__visibility_control.h
[0.343s] -- Up-to-date symlink: /home/kariya/Git/2023_off_team_b_controller/install/drobo_interfaces/include/drobo_interfaces/drobo_interfaces/srv/detail/solenoid_state_srv__rosidl_typesupport_fastrtps_cpp.hpp
[0.344s] -- Up-to-date symlink: /home/kariya/Git/2023_off_team_b_controller/install/drobo_interfaces/include/drobo_interfaces/drobo_interfaces/msg/detail/md_lib_msg__rosidl_typesupport_introspection_cpp.hpp
[0.344s] -- Up-to-date symlink: /home/kariya/Git/2023_off_team_b_controller/install/drobo_interfaces/include/drobo_interfaces/drobo_interfaces/msg/detail/sd_lib_msg__rosidl_typesupport_introspection_cpp.hpp
[0.344s] -- Up-to-date symlink: /home/kariya/Git/2023_off_team_b_controller/install/drobo_interfaces/include/drobo_interfaces/drobo_interfaces/srv/detail/solenoid_state_srv__rosidl_typesupport_introspection_cpp.hpp
[0.344s] -- Up-to-date symlink: /home/kariya/Git/2023_off_team_b_controller/install/drobo_interfaces/share/drobo_interfaces/environment/pythonpath.sh
[0.344s] -- Up-to-date symlink: /home/kariya/Git/2023_off_team_b_controller/install/drobo_interfaces/share/drobo_interfaces/environment/pythonpath.dsv
[0.344s] -- Up-to-date symlink: /home/kariya/Git/2023_off_team_b_controller/install/drobo_interfaces/local/lib/python3.10/dist-packages/drobo_interfaces-0.0.0-py3.10.egg-info/PKG-INFO
[0.344s] -- Up-to-date symlink: /home/kariya/Git/2023_off_team_b_controller/install/drobo_interfaces/local/lib/python3.10/dist-packages/drobo_interfaces-0.0.0-py3.10.egg-info/SOURCES.txt
[0.345s] -- Up-to-date symlink: /home/kariya/Git/2023_off_team_b_controller/install/drobo_interfaces/local/lib/python3.10/dist-packages/drobo_interfaces-0.0.0-py3.10.egg-info/dependency_links.txt
[0.345s] -- Up-to-date symlink: /home/kariya/Git/2023_off_team_b_controller/install/drobo_interfaces/local/lib/python3.10/dist-packages/drobo_interfaces-0.0.0-py3.10.egg-info/top_level.txt
[0.345s] -- Up-to-date symlink: /home/kariya/Git/2023_off_team_b_controller/install/drobo_interfaces/local/lib/python3.10/dist-packages/drobo_interfaces/__init__.py
[0.345s] -- Up-to-date symlink: /home/kariya/Git/2023_off_team_b_controller/install/drobo_interfaces/local/lib/python3.10/dist-packages/drobo_interfaces/_drobo_interfaces_s.ep.rosidl_typesupport_c.c
[0.345s] -- Up-to-date symlink: /home/kariya/Git/2023_off_team_b_controller/install/drobo_interfaces/local/lib/python3.10/dist-packages/drobo_interfaces/_drobo_interfaces_s.ep.rosidl_typesupport_fastrtps_c.c
[0.345s] -- Up-to-date symlink: /home/kariya/Git/2023_off_team_b_controller/install/drobo_interfaces/local/lib/python3.10/dist-packages/drobo_interfaces/_drobo_interfaces_s.ep.rosidl_typesupport_introspection_c.c
[0.346s] -- Up-to-date symlink: /home/kariya/Git/2023_off_team_b_controller/install/drobo_interfaces/local/lib/python3.10/dist-packages/drobo_interfaces/drobo_interfaces_s__rosidl_typesupport_c.cpython-310-x86_64-linux-gnu.so
[0.346s] -- Up-to-date symlink: /home/kariya/Git/2023_off_team_b_controller/install/drobo_interfaces/local/lib/python3.10/dist-packages/drobo_interfaces/drobo_interfaces_s__rosidl_typesupport_fastrtps_c.cpython-310-x86_64-linux-gnu.so
[0.346s] -- Up-to-date symlink: /home/kariya/Git/2023_off_team_b_controller/install/drobo_interfaces/local/lib/python3.10/dist-packages/drobo_interfaces/drobo_interfaces_s__rosidl_typesupport_introspection_c.cpython-310-x86_64-linux-gnu.so
[0.346s] -- Up-to-date symlink: /home/kariya/Git/2023_off_team_b_controller/install/drobo_interfaces/local/lib/python3.10/dist-packages/drobo_interfaces/libdrobo_interfaces__rosidl_generator_py.so
[0.346s] -- Up-to-date symlink: /home/kariya/Git/2023_off_team_b_controller/install/drobo_interfaces/local/lib/python3.10/dist-packages/drobo_interfaces/msg/__init__.py
[0.346s] -- Up-to-date symlink: /home/kariya/Git/2023_off_team_b_controller/install/drobo_interfaces/local/lib/python3.10/dist-packages/drobo_interfaces/msg/_md_lib_msg.py
[0.346s] -- Up-to-date symlink: /home/kariya/Git/2023_off_team_b_controller/install/drobo_interfaces/local/lib/python3.10/dist-packages/drobo_interfaces/msg/_md_lib_msg_s.c
[0.346s] -- Up-to-date symlink: /home/kariya/Git/2023_off_team_b_controller/install/drobo_interfaces/local/lib/python3.10/dist-packages/drobo_interfaces/msg/_sd_lib_msg.py
[0.346s] -- Up-to-date symlink: /home/kariya/Git/2023_off_team_b_controller/install/drobo_interfaces/local/lib/python3.10/dist-packages/drobo_interfaces/msg/_sd_lib_msg_s.c
[0.346s] -- Up-to-date symlink: /home/kariya/Git/2023_off_team_b_controller/install/drobo_interfaces/local/lib/python3.10/dist-packages/drobo_interfaces/srv/__init__.py
[0.346s] -- Up-to-date symlink: /home/kariya/Git/2023_off_team_b_controller/install/drobo_interfaces/local/lib/python3.10/dist-packages/drobo_interfaces/srv/_solenoid_state_srv.py
[0.347s] -- Up-to-date symlink: /home/kariya/Git/2023_off_team_b_controller/install/drobo_interfaces/local/lib/python3.10/dist-packages/drobo_interfaces/srv/_solenoid_state_srv_s.c
[0.347s] -- Up-to-date symlink: /home/kariya/Git/2023_off_team_b_controller/install/drobo_interfaces/local/lib/python3.10/dist-packages/drobo_interfaces/drobo_interfaces_s__rosidl_typesupport_fastrtps_c.cpython-310-x86_64-linux-gnu.so
[0.347s] -- Up-to-date symlink: /home/kariya/Git/2023_off_team_b_controller/install/drobo_interfaces/local/lib/python3.10/dist-packages/drobo_interfaces/drobo_interfaces_s__rosidl_typesupport_introspection_c.cpython-310-x86_64-linux-gnu.so
[0.347s] -- Up-to-date symlink: /home/kariya/Git/2023_off_team_b_controller/install/drobo_interfaces/local/lib/python3.10/dist-packages/drobo_interfaces/drobo_interfaces_s__rosidl_typesupport_c.cpython-310-x86_64-linux-gnu.so
[0.347s] -- Up-to-date symlink: /home/kariya/Git/2023_off_team_b_controller/install/drobo_interfaces/share/drobo_interfaces/msg/MdLibMsg.idl
[0.347s] -- Up-to-date symlink: /home/kariya/Git/2023_off_team_b_controller/install/drobo_interfaces/share/drobo_interfaces/msg/SdLibMsg.idl
[0.347s] -- Up-to-date symlink: /home/kariya/Git/2023_off_team_b_controller/install/drobo_interfaces/share/drobo_interfaces/srv/SolenoidStateSrv.idl
[0.348s] -- Up-to-date symlink: /home/kariya/Git/2023_off_team_b_controller/install/drobo_interfaces/share/drobo_interfaces/msg/MdLibMsg.msg
[0.348s] -- Up-to-date symlink: /home/kariya/Git/2023_off_team_b_controller/install/drobo_interfaces/share/drobo_interfaces/msg/SdLibMsg.msg
[0.348s] -- Up-to-date symlink: /home/kariya/Git/2023_off_team_b_controller/install/drobo_interfaces/share/drobo_interfaces/srv/SolenoidStateSrv.srv
[0.348s] -- Up-to-date symlink: /home/kariya/Git/2023_off_team_b_controller/install/drobo_interfaces/share/drobo_interfaces/srv/SolenoidStateSrv_Request.msg
[0.348s] -- Up-to-date symlink: /home/kariya/Git/2023_off_team_b_controller/install/drobo_interfaces/share/drobo_interfaces/srv/SolenoidStateSrv_Response.msg
[0.348s] -- Up-to-date symlink: /home/kariya/Git/2023_off_team_b_controller/install/drobo_interfaces/share/ament_index/resource_index/package_run_dependencies/drobo_interfaces
[0.348s] -- Up-to-date symlink: /home/kariya/Git/2023_off_team_b_controller/install/drobo_interfaces/share/ament_index/resource_index/parent_prefix_path/drobo_interfaces
[0.348s] -- Up-to-date symlink: /home/kariya/Git/2023_off_team_b_controller/install/drobo_interfaces/share/drobo_interfaces/environment/ament_prefix_path.sh
[0.349s] -- Up-to-date symlink: /home/kariya/Git/2023_off_team_b_controller/install/drobo_interfaces/share/drobo_interfaces/environment/ament_prefix_path.dsv
[0.349s] -- Up-to-date symlink: /home/kariya/Git/2023_off_team_b_controller/install/drobo_interfaces/share/drobo_interfaces/environment/path.sh
[0.349s] -- Up-to-date symlink: /home/kariya/Git/2023_off_team_b_controller/install/drobo_interfaces/share/drobo_interfaces/environment/path.dsv
[0.349s] -- Up-to-date symlink: /home/kariya/Git/2023_off_team_b_controller/install/drobo_interfaces/share/drobo_interfaces/local_setup.bash
[0.349s] -- Up-to-date symlink: /home/kariya/Git/2023_off_team_b_controller/install/drobo_interfaces/share/drobo_interfaces/local_setup.sh
[0.349s] -- Up-to-date symlink: /home/kariya/Git/2023_off_team_b_controller/install/drobo_interfaces/share/drobo_interfaces/local_setup.zsh
[0.349s] -- Up-to-date symlink: /home/kariya/Git/2023_off_team_b_controller/install/drobo_interfaces/share/drobo_interfaces/local_setup.dsv
[0.349s] -- Symlinking: /home/kariya/Git/2023_off_team_b_controller/install/drobo_interfaces/share/drobo_interfaces/package.dsv
[0.352s] -- Up-to-date symlink: /home/kariya/Git/2023_off_team_b_controller/install/drobo_interfaces/share/ament_index/resource_index/packages/drobo_interfaces
[0.353s] -- Up-to-date symlink: /home/kariya/Git/2023_off_team_b_controller/install/drobo_interfaces/share/drobo_interfaces/cmake/rosidl_cmake-extras.cmake
[0.353s] -- Up-to-date symlink: /home/kariya/Git/2023_off_team_b_controller/install/drobo_interfaces/share/drobo_interfaces/cmake/ament_cmake_export_include_directories-extras.cmake
[0.353s] -- Up-to-date symlink: /home/kariya/Git/2023_off_team_b_controller/install/drobo_interfaces/share/drobo_interfaces/cmake/ament_cmake_export_libraries-extras.cmake
[0.353s] -- Up-to-date symlink: /home/kariya/Git/2023_off_team_b_controller/install/drobo_interfaces/share/drobo_interfaces/cmake/ament_cmake_export_targets-extras.cmake
[0.353s] -- Up-to-date symlink: /home/kariya/Git/2023_off_team_b_controller/install/drobo_interfaces/share/drobo_interfaces/cmake/rosidl_cmake_export_typesupport_targets-extras.cmake
[0.353s] -- Up-to-date symlink: /home/kariya/Git/2023_off_team_b_controller/install/drobo_interfaces/share/drobo_interfaces/cmake/ament_cmake_export_dependencies-extras.cmake
[0.353s] -- Up-to-date symlink: /home/kariya/Git/2023_off_team_b_controller/install/drobo_interfaces/share/drobo_interfaces/cmake/rosidl_cmake_export_typesupport_libraries-extras.cmake
[0.354s] -- Up-to-date symlink: /home/kariya/Git/2023_off_team_b_controller/install/drobo_interfaces/share/drobo_interfaces/cmake/drobo_interfacesConfig.cmake
[0.354s] -- Up-to-date symlink: /home/kariya/Git/2023_off_team_b_controller/install/drobo_interfaces/share/drobo_interfaces/cmake/drobo_interfacesConfig-version.cmake
[0.354s] -- Up-to-date symlink: /home/kariya/Git/2023_off_team_b_controller/install/drobo_interfaces/share/drobo_interfaces/package.xml
[0.354s] -- Up-to-date: /home/kariya/Git/2023_off_team_b_controller/install/drobo_interfaces/lib/libdrobo_interfaces__rosidl_generator_c.so
[0.354s] -- Up-to-date: /home/kariya/Git/2023_off_team_b_controller/install/drobo_interfaces/lib/libdrobo_interfaces__rosidl_typesupport_fastrtps_c.so
[0.354s] -- Up-to-date: /home/kariya/Git/2023_off_team_b_controller/install/drobo_interfaces/lib/libdrobo_interfaces__rosidl_typesupport_introspection_c.so
[0.355s] -- Up-to-date: /home/kariya/Git/2023_off_team_b_controller/install/drobo_interfaces/lib/libdrobo_interfaces__rosidl_typesupport_c.so
[0.355s] -- Up-to-date: /home/kariya/Git/2023_off_team_b_controller/install/drobo_interfaces/lib/libdrobo_interfaces__rosidl_typesupport_fastrtps_cpp.so
[0.355s] -- Up-to-date: /home/kariya/Git/2023_off_team_b_controller/install/drobo_interfaces/lib/libdrobo_interfaces__rosidl_typesupport_introspection_cpp.so
[0.355s] -- Up-to-date: /home/kariya/Git/2023_off_team_b_controller/install/drobo_interfaces/lib/libdrobo_interfaces__rosidl_typesupport_cpp.so
[0.376s] Listing '/home/kariya/Git/2023_off_team_b_controller/install/drobo_interfaces/local/lib/python3.10/dist-packages/drobo_interfaces'...
[0.376s] Listing '/home/kariya/Git/2023_off_team_b_controller/install/drobo_interfaces/local/lib/python3.10/dist-packages/drobo_interfaces/msg'...
[0.376s] Listing '/home/kariya/Git/2023_off_team_b_controller/install/drobo_interfaces/local/lib/python3.10/dist-packages/drobo_interfaces/srv'...
[0.379s] -- Up-to-date: /home/kariya/Git/2023_off_team_b_controller/install/drobo_interfaces/lib/libdrobo_interfaces__rosidl_generator_py.so
[0.379s] -- Up-to-date: /home/kariya/Git/2023_off_team_b_controller/install/drobo_interfaces/share/drobo_interfaces/cmake/export_drobo_interfaces__rosidl_generator_cExport.cmake
[0.379s] -- Up-to-date: /home/kariya/Git/2023_off_team_b_controller/install/drobo_interfaces/share/drobo_interfaces/cmake/export_drobo_interfaces__rosidl_generator_cExport-noconfig.cmake
[0.380s] -- Up-to-date: /home/kariya/Git/2023_off_team_b_controller/install/drobo_interfaces/share/drobo_interfaces/cmake/export_drobo_interfaces__rosidl_typesupport_fastrtps_cExport.cmake
[0.380s] -- Up-to-date: /home/kariya/Git/2023_off_team_b_controller/install/drobo_interfaces/share/drobo_interfaces/cmake/export_drobo_interfaces__rosidl_typesupport_fastrtps_cExport-noconfig.cmake
[0.380s] -- Up-to-date: /home/kariya/Git/2023_off_team_b_controller/install/drobo_interfaces/share/drobo_interfaces/cmake/drobo_interfaces__rosidl_typesupport_introspection_cExport.cmake
[0.380s] -- Up-to-date: /home/kariya/Git/2023_off_team_b_controller/install/drobo_interfaces/share/drobo_interfaces/cmake/drobo_interfaces__rosidl_typesupport_introspection_cExport-noconfig.cmake
[0.380s] -- Up-to-date: /home/kariya/Git/2023_off_team_b_controller/install/drobo_interfaces/share/drobo_interfaces/cmake/drobo_interfaces__rosidl_typesupport_cExport.cmake
[0.380s] -- Up-to-date: /home/kariya/Git/2023_off_team_b_controller/install/drobo_interfaces/share/drobo_interfaces/cmake/drobo_interfaces__rosidl_typesupport_cExport-noconfig.cmake
[0.380s] -- Up-to-date: /home/kariya/Git/2023_off_team_b_controller/install/drobo_interfaces/share/drobo_interfaces/cmake/export_drobo_interfaces__rosidl_generator_cppExport.cmake
[0.380s] -- Up-to-date: /home/kariya/Git/2023_off_team_b_controller/install/drobo_interfaces/share/drobo_interfaces/cmake/export_drobo_interfaces__rosidl_typesupport_fastrtps_cppExport.cmake
[0.380s] -- Up-to-date: /home/kariya/Git/2023_off_team_b_controller/install/drobo_interfaces/share/drobo_interfaces/cmake/export_drobo_interfaces__rosidl_typesupport_fastrtps_cppExport-noconfig.cmake
[0.380s] -- Up-to-date: /home/kariya/Git/2023_off_team_b_controller/install/drobo_interfaces/share/drobo_interfaces/cmake/drobo_interfaces__rosidl_typesupport_introspection_cppExport.cmake
[0.380s] -- Up-to-date: /home/kariya/Git/2023_off_team_b_controller/install/drobo_interfaces/share/drobo_interfaces/cmake/drobo_interfaces__rosidl_typesupport_introspection_cppExport-noconfig.cmake
[0.380s] -- Up-to-date: /home/kariya/Git/2023_off_team_b_controller/install/drobo_interfaces/share/drobo_interfaces/cmake/drobo_interfaces__rosidl_typesupport_cppExport.cmake
[0.380s] -- Up-to-date: /home/kariya/Git/2023_off_team_b_controller/install/drobo_interfaces/share/drobo_interfaces/cmake/drobo_interfaces__rosidl_typesupport_cppExport-noconfig.cmake
[0.380s] -- Up-to-date: /home/kariya/Git/2023_off_team_b_controller/install/drobo_interfaces/share/drobo_interfaces/cmake/export_drobo_interfaces__rosidl_generator_pyExport.cmake
[0.380s] -- Up-to-date: /home/kariya/Git/2023_off_team_b_controller/install/drobo_interfaces/share/drobo_interfaces/cmake/export_drobo_interfaces__rosidl_generator_pyExport-noconfig.cmake
[0.382s] Invoked command in '/home/kariya/Git/2023_off_team_b_controller/build/drobo_interfaces' returned '0': CMAKE_PREFIX_PATH=/opt/ros/humble /usr/bin/cmake --install /home/kariya/Git/2023_off_team_b_controller/build/drobo_interfaces
