[0.084s] Invoking command in '/home/kariya/Git/2023_off_team_b_controller/build/dmotor_ros': AMENT_PREFIX_PATH=/home/kariya/Git/2023_off_team_b_controller/install/drobo_interfaces:${AMENT_PREFIX_PATH} CMAKE_PREFIX_PATH=/home/kariya/Git/2023_off_team_b_controller/install/drobo_interfaces:/opt/ros/humble LD_LIBRARY_PATH=/home/kariya/Git/2023_off_team_b_controller/install/drobo_interfaces/lib:${LD_LIBRARY_PATH} PYTHONPATH=/home/kariya/Git/2023_off_team_b_controller/install/drobo_interfaces/local/lib/python3.10/dist-packages:${PYTHONPATH} /usr/bin/cmake /home/kariya/Git/2023_off_team_b_controller/src/dmotor_ros -DAMENT_CMAKE_SYMLINK_INSTALL=1 -DCMAKE_INSTALL_PREFIX=/home/kariya/Git/2023_off_team_b_controller/install/dmotor_ros
[0.129s] -- The C compiler identification is GNU 11.4.0
[0.176s] -- The CXX compiler identification is GNU 11.4.0
[0.185s] -- Detecting C compiler ABI info
[0.257s] -- Detecting C compiler ABI info - done
[0.270s] -- Check for working C compiler: /usr/bin/cc - skipped
[0.270s] -- Detecting C compile features
[0.270s] -- Detecting C compile features - done
[0.275s] -- Detecting CXX compiler ABI info
[0.438s] -- Detecting CXX compiler ABI info - done
[0.456s] -- Check for working CXX compiler: /usr/bin/c++ - skipped
[0.457s] -- Detecting CXX compile features
[0.459s] -- Detecting CXX compile features - done
[0.465s] -- Found ament_cmake: 1.3.6 (/opt/ros/humble/share/ament_cmake/cmake)
[0.931s] -- Found Python3: /usr/bin/python3.10 (found version "3.10.12") found components: Interpreter 
[1.016s] -- Override CMake install command with custom implementation using symlinks instead of copying resources
[1.066s] -- Found rclcpp: 16.0.7 (/opt/ros/humble/share/rclcpp/cmake)
[1.138s] -- Found rosidl_generator_c: 3.1.5 (/opt/ros/humble/share/rosidl_generator_c/cmake)
[1.146s] -- Found rosidl_adapter: 3.1.5 (/opt/ros/humble/share/rosidl_adapter/cmake)
[1.160s] -- Found rosidl_generator_cpp: 3.1.5 (/opt/ros/humble/share/rosidl_generator_cpp/cmake)
[1.175s] -- Using all available rosidl_typesupport_c: rosidl_typesupport_fastrtps_c;rosidl_typesupport_introspection_c
[1.198s] -- Using all available rosidl_typesupport_cpp: rosidl_typesupport_fastrtps_cpp;rosidl_typesupport_introspection_cpp
[1.274s] -- Found rmw_implementation_cmake: 6.1.1 (/opt/ros/humble/share/rmw_implementation_cmake/cmake)
[1.277s] -- Found rmw_fastrtps_cpp: 6.2.5 (/opt/ros/humble/share/rmw_fastrtps_cpp/cmake)
[1.409s] -- Found OpenSSL: /usr/lib/x86_64-linux-gnu/libcrypto.so (found version "3.0.2")  
[1.463s] -- Found FastRTPS: /opt/ros/humble/include  
[1.550s] -- Using RMW implementation 'rmw_fastrtps_cpp' as default
[1.565s] -- Performing Test CMAKE_HAVE_LIBC_PTHREAD
[1.721s] -- Performing Test CMAKE_HAVE_LIBC_PTHREAD - Success
[1.721s] -- Found Threads: TRUE  
[1.900s] -- Found drobo_interfaces: 0.0.0 (/home/kariya/Git/2023_off_team_b_controller/install/drobo_interfaces/share/drobo_interfaces/cmake)
[1.924s] -- Found ament_lint_auto: 0.12.9 (/opt/ros/humble/share/ament_lint_auto/cmake)
[2.038s] -- Added test 'copyright' to check source files copyright and LICENSE
[2.043s] -- Added test 'cppcheck' to perform static code analysis on C / C++ code
[2.043s] -- Configured cppcheck include dirs: /home/kariya/Git/2023_off_team_b_controller/src/dmotor_ros/include
[2.043s] -- Configured cppcheck exclude dirs and/or files: 
[2.048s] -- Added test 'cpplint' to check C / C++ code against the Google style
[2.048s] -- Configured cpplint exclude dirs and/or files: 
[2.050s] -- Added test 'lint_cmake' to check CMake code style
[2.056s] -- Added test 'uncrustify' to check C / C++ code style
[2.056s] -- Configured uncrustify additional arguments: 
[2.057s] -- Added test 'xmllint' to check XML markup files
[2.059s] -- Configuring done
[2.070s] -- Generating done
[2.072s] -- Build files have been written to: /home/kariya/Git/2023_off_team_b_controller/build/dmotor_ros
[2.082s] Invoked command in '/home/kariya/Git/2023_off_team_b_controller/build/dmotor_ros' returned '0': AMENT_PREFIX_PATH=/home/kariya/Git/2023_off_team_b_controller/install/drobo_interfaces:${AMENT_PREFIX_PATH} CMAKE_PREFIX_PATH=/home/kariya/Git/2023_off_team_b_controller/install/drobo_interfaces:/opt/ros/humble LD_LIBRARY_PATH=/home/kariya/Git/2023_off_team_b_controller/install/drobo_interfaces/lib:${LD_LIBRARY_PATH} PYTHONPATH=/home/kariya/Git/2023_off_team_b_controller/install/drobo_interfaces/local/lib/python3.10/dist-packages:${PYTHONPATH} /usr/bin/cmake /home/kariya/Git/2023_off_team_b_controller/src/dmotor_ros -DAMENT_CMAKE_SYMLINK_INSTALL=1 -DCMAKE_INSTALL_PREFIX=/home/kariya/Git/2023_off_team_b_controller/install/dmotor_ros
[2.084s] Invoking command in '/home/kariya/Git/2023_off_team_b_controller/build/dmotor_ros': AMENT_PREFIX_PATH=/home/kariya/Git/2023_off_team_b_controller/install/drobo_interfaces:${AMENT_PREFIX_PATH} CMAKE_PREFIX_PATH=/home/kariya/Git/2023_off_team_b_controller/install/drobo_interfaces:/opt/ros/humble LD_LIBRARY_PATH=/home/kariya/Git/2023_off_team_b_controller/install/drobo_interfaces/lib:${LD_LIBRARY_PATH} PYTHONPATH=/home/kariya/Git/2023_off_team_b_controller/install/drobo_interfaces/local/lib/python3.10/dist-packages:${PYTHONPATH} /usr/bin/cmake --build /home/kariya/Git/2023_off_team_b_controller/build/dmotor_ros -- -j16 -l16
[2.119s] [ 50%] [32mBuilding CXX object CMakeFiles/dmotor_ros.dir/src/main.cpp.o[0m
[10.908s] [100%] [32m[1mLinking CXX executable dmotor_ros[0m
[11.257s] [100%] Built target dmotor_ros
[11.263s] Invoked command in '/home/kariya/Git/2023_off_team_b_controller/build/dmotor_ros' returned '0': AMENT_PREFIX_PATH=/home/kariya/Git/2023_off_team_b_controller/install/drobo_interfaces:${AMENT_PREFIX_PATH} CMAKE_PREFIX_PATH=/home/kariya/Git/2023_off_team_b_controller/install/drobo_interfaces:/opt/ros/humble LD_LIBRARY_PATH=/home/kariya/Git/2023_off_team_b_controller/install/drobo_interfaces/lib:${LD_LIBRARY_PATH} PYTHONPATH=/home/kariya/Git/2023_off_team_b_controller/install/drobo_interfaces/local/lib/python3.10/dist-packages:${PYTHONPATH} /usr/bin/cmake --build /home/kariya/Git/2023_off_team_b_controller/build/dmotor_ros -- -j16 -l16
[11.283s] Invoking command in '/home/kariya/Git/2023_off_team_b_controller/build/dmotor_ros': AMENT_PREFIX_PATH=/home/kariya/Git/2023_off_team_b_controller/install/drobo_interfaces:${AMENT_PREFIX_PATH} CMAKE_PREFIX_PATH=/home/kariya/Git/2023_off_team_b_controller/install/drobo_interfaces:/opt/ros/humble LD_LIBRARY_PATH=/home/kariya/Git/2023_off_team_b_controller/install/drobo_interfaces/lib:${LD_LIBRARY_PATH} PYTHONPATH=/home/kariya/Git/2023_off_team_b_controller/install/drobo_interfaces/local/lib/python3.10/dist-packages:${PYTHONPATH} /usr/bin/cmake --install /home/kariya/Git/2023_off_team_b_controller/build/dmotor_ros
[11.286s] -- Install configuration: ""
[11.286s] -- Execute custom install script
[11.286s] -- Symlinking: /home/kariya/Git/2023_off_team_b_controller/install/dmotor_ros/lib/dmotor_ros/dmotor_ros
[11.290s] -- Symlinking: /home/kariya/Git/2023_off_team_b_controller/install/dmotor_ros/share/ament_index/resource_index/package_run_dependencies/dmotor_ros
[11.293s] -- Symlinking: /home/kariya/Git/2023_off_team_b_controller/install/dmotor_ros/share/ament_index/resource_index/parent_prefix_path/dmotor_ros
[11.297s] -- Symlinking: /home/kariya/Git/2023_off_team_b_controller/install/dmotor_ros/share/dmotor_ros/environment/ament_prefix_path.sh
[11.301s] -- Symlinking: /home/kariya/Git/2023_off_team_b_controller/install/dmotor_ros/share/dmotor_ros/environment/ament_prefix_path.dsv
[11.305s] -- Symlinking: /home/kariya/Git/2023_off_team_b_controller/install/dmotor_ros/share/dmotor_ros/environment/path.sh
[11.308s] -- Symlinking: /home/kariya/Git/2023_off_team_b_controller/install/dmotor_ros/share/dmotor_ros/environment/path.dsv
[11.311s] -- Symlinking: /home/kariya/Git/2023_off_team_b_controller/install/dmotor_ros/share/dmotor_ros/local_setup.bash
[11.315s] -- Symlinking: /home/kariya/Git/2023_off_team_b_controller/install/dmotor_ros/share/dmotor_ros/local_setup.sh
[11.319s] -- Symlinking: /home/kariya/Git/2023_off_team_b_controller/install/dmotor_ros/share/dmotor_ros/local_setup.zsh
[11.323s] -- Symlinking: /home/kariya/Git/2023_off_team_b_controller/install/dmotor_ros/share/dmotor_ros/local_setup.dsv
[11.327s] -- Symlinking: /home/kariya/Git/2023_off_team_b_controller/install/dmotor_ros/share/dmotor_ros/package.dsv
[11.331s] -- Symlinking: /home/kariya/Git/2023_off_team_b_controller/install/dmotor_ros/share/ament_index/resource_index/packages/dmotor_ros
[11.334s] -- Symlinking: /home/kariya/Git/2023_off_team_b_controller/install/dmotor_ros/share/dmotor_ros/cmake/dmotor_rosConfig.cmake
[11.338s] -- Symlinking: /home/kariya/Git/2023_off_team_b_controller/install/dmotor_ros/share/dmotor_ros/cmake/dmotor_rosConfig-version.cmake
[11.342s] -- Symlinking: /home/kariya/Git/2023_off_team_b_controller/install/dmotor_ros/share/dmotor_ros/package.xml
[11.346s] Invoked command in '/home/kariya/Git/2023_off_team_b_controller/build/dmotor_ros' returned '0': AMENT_PREFIX_PATH=/home/kariya/Git/2023_off_team_b_controller/install/drobo_interfaces:${AMENT_PREFIX_PATH} CMAKE_PREFIX_PATH=/home/kariya/Git/2023_off_team_b_controller/install/drobo_interfaces:/opt/ros/humble LD_LIBRARY_PATH=/home/kariya/Git/2023_off_team_b_controller/install/drobo_interfaces/lib:${LD_LIBRARY_PATH} PYTHONPATH=/home/kariya/Git/2023_off_team_b_controller/install/drobo_interfaces/local/lib/python3.10/dist-packages:${PYTHONPATH} /usr/bin/cmake --install /home/kariya/Git/2023_off_team_b_controller/build/dmotor_ros
