[0.696s] DEBUG:colcon:Command line arguments: ['/usr/bin/colcon', 'build', '--symlink-install', '--cargo-args', '--release']
[0.696s] DEBUG:colcon:Parsed command line arguments: Namespace(log_base=None, log_level=None, verb_name='build', build_base='build', install_base='install', merge_install=False, symlink_install=True, test_result_base=None, continue_on_error=False, executor='parallel', parallel_workers=16, event_handlers=None, ignore_user_meta=False, metas=['./colcon.meta'], base_paths=['.'], packages_ignore=None, packages_ignore_regex=None, paths=None, packages_up_to=None, packages_up_to_regex=None, packages_above=None, packages_above_and_dependencies=None, packages_above_depth=None, packages_select_by_dep=None, packages_skip_by_dep=None, packages_skip_up_to=None, packages_select_build_failed=False, packages_skip_build_finished=False, packages_select_test_failures=False, packages_skip_test_passed=False, packages_select=None, packages_skip=None, packages_select_regex=None, packages_skip_regex=None, packages_start=None, packages_end=None, allow_overriding=[], lookup_in_workspace=False, cargo_args=['--release'], clean_build=False, cmake_args=None, cmake_target=None, cmake_target_skip_unavailable=False, cmake_clean_cache=False, cmake_clean_first=False, cmake_force_configure=False, ament_cmake_args=None, catkin_cmake_args=None, catkin_skip_building_tests=False, verb_parser=<colcon_defaults.argument_parser.defaults.DefaultArgumentsDecorator object at 0x7fdebb06b0d0>, verb_extension=<colcon_core.verb.build.BuildVerb object at 0x7fdebb06a5c0>, main=<bound method BuildVerb.main of <colcon_core.verb.build.BuildVerb object at 0x7fdebb06a5c0>>)
[0.728s] Level 1:colcon.colcon_core.package_discovery:discover_packages(colcon_meta) check parameters
[0.728s] Level 1:colcon.colcon_core.package_discovery:discover_packages(recursive) check parameters
[0.728s] Level 1:colcon.colcon_core.package_discovery:discover_packages(ignore) check parameters
[0.728s] Level 1:colcon.colcon_core.package_discovery:discover_packages(path) check parameters
[0.728s] Level 1:colcon.colcon_core.package_discovery:discover_packages(colcon_meta) discover
[0.728s] Level 1:colcon.colcon_core.package_discovery:discover_packages(recursive) discover
[0.728s] INFO:colcon.colcon_core.package_discovery:Crawling recursively for packages in '/home/kariya/Git/2023_off_team_b_controller'
[0.728s] Level 1:colcon.colcon_core.package_identification:_identify(.) by extensions ['ignore', 'ignore_ament_install']
[0.728s] Level 1:colcon.colcon_core.package_identification:_identify(.) by extension 'ignore'
[0.729s] Level 1:colcon.colcon_core.package_identification:_identify(.) by extension 'ignore_ament_install'
[0.729s] Level 1:colcon.colcon_core.package_identification:_identify(.) by extensions ['colcon_pkg']
[0.729s] Level 1:colcon.colcon_core.package_identification:_identify(.) by extension 'colcon_pkg'
[0.729s] Level 1:colcon.colcon_core.package_identification:_identify(.) by extensions ['colcon_meta']
[0.729s] Level 1:colcon.colcon_core.package_identification:_identify(.) by extension 'colcon_meta'
[0.729s] Level 1:colcon.colcon_core.package_identification:_identify(.) by extensions ['ament_cargo']
[0.729s] Level 1:colcon.colcon_core.package_identification:_identify(.) by extension 'ament_cargo'
[0.729s] Level 1:colcon.colcon_core.package_identification:_identify(.) by extensions ['ros']
[0.729s] Level 1:colcon.colcon_core.package_identification:_identify(.) by extension 'ros'
[0.736s] Level 1:colcon.colcon_core.package_identification:_identify(.) by extensions ['cargo', 'cmake', 'python']
[0.736s] Level 1:colcon.colcon_core.package_identification:_identify(.) by extension 'cargo'
[0.736s] Level 1:colcon.colcon_core.package_identification:_identify(.) by extension 'cmake'
[0.736s] Level 1:colcon.colcon_core.package_identification:_identify(.) by extension 'python'
[0.736s] Level 1:colcon.colcon_core.package_identification:_identify(.) by extensions ['python_setup_py']
[0.737s] Level 1:colcon.colcon_core.package_identification:_identify(.) by extension 'python_setup_py'
[0.737s] Level 1:colcon.colcon_core.package_identification:_identify(build) by extensions ['ignore', 'ignore_ament_install']
[0.737s] Level 1:colcon.colcon_core.package_identification:_identify(build) by extension 'ignore'
[0.737s] Level 1:colcon.colcon_core.package_identification:_identify(build) ignored
[0.737s] Level 1:colcon.colcon_core.package_identification:_identify(install) by extensions ['ignore', 'ignore_ament_install']
[0.737s] Level 1:colcon.colcon_core.package_identification:_identify(install) by extension 'ignore'
[0.737s] Level 1:colcon.colcon_core.package_identification:_identify(install) ignored
[0.737s] Level 1:colcon.colcon_core.package_identification:_identify(log) by extensions ['ignore', 'ignore_ament_install']
[0.737s] Level 1:colcon.colcon_core.package_identification:_identify(log) by extension 'ignore'
[0.737s] Level 1:colcon.colcon_core.package_identification:_identify(log) ignored
[0.737s] Level 1:colcon.colcon_core.package_identification:_identify(src) by extensions ['ignore', 'ignore_ament_install']
[0.737s] Level 1:colcon.colcon_core.package_identification:_identify(src) by extension 'ignore'
[0.737s] Level 1:colcon.colcon_core.package_identification:_identify(src) by extension 'ignore_ament_install'
[0.737s] Level 1:colcon.colcon_core.package_identification:_identify(src) by extensions ['colcon_pkg']
[0.737s] Level 1:colcon.colcon_core.package_identification:_identify(src) by extension 'colcon_pkg'
[0.737s] Level 1:colcon.colcon_core.package_identification:_identify(src) by extensions ['colcon_meta']
[0.737s] Level 1:colcon.colcon_core.package_identification:_identify(src) by extension 'colcon_meta'
[0.737s] Level 1:colcon.colcon_core.package_identification:_identify(src) by extensions ['ament_cargo']
[0.737s] Level 1:colcon.colcon_core.package_identification:_identify(src) by extension 'ament_cargo'
[0.737s] Level 1:colcon.colcon_core.package_identification:_identify(src) by extensions ['ros']
[0.737s] Level 1:colcon.colcon_core.package_identification:_identify(src) by extension 'ros'
[0.738s] Level 1:colcon.colcon_core.package_identification:_identify(src) by extensions ['cargo', 'cmake', 'python']
[0.738s] Level 1:colcon.colcon_core.package_identification:_identify(src) by extension 'cargo'
[0.738s] Level 1:colcon.colcon_core.package_identification:_identify(src) by extension 'cmake'
[0.738s] Level 1:colcon.colcon_core.package_identification:_identify(src) by extension 'python'
[0.738s] Level 1:colcon.colcon_core.package_identification:_identify(src) by extensions ['python_setup_py']
[0.738s] Level 1:colcon.colcon_core.package_identification:_identify(src) by extension 'python_setup_py'
[0.738s] Level 1:colcon.colcon_core.package_identification:_identify(src/controller_2023_b_launch) by extensions ['ignore', 'ignore_ament_install']
[0.738s] Level 1:colcon.colcon_core.package_identification:_identify(src/controller_2023_b_launch) by extension 'ignore'
[0.738s] Level 1:colcon.colcon_core.package_identification:_identify(src/controller_2023_b_launch) by extension 'ignore_ament_install'
[0.738s] Level 1:colcon.colcon_core.package_identification:_identify(src/controller_2023_b_launch) by extensions ['colcon_pkg']
[0.738s] Level 1:colcon.colcon_core.package_identification:_identify(src/controller_2023_b_launch) by extension 'colcon_pkg'
[0.738s] Level 1:colcon.colcon_core.package_identification:_identify(src/controller_2023_b_launch) by extensions ['colcon_meta']
[0.738s] Level 1:colcon.colcon_core.package_identification:_identify(src/controller_2023_b_launch) by extension 'colcon_meta'
[0.738s] Level 1:colcon.colcon_core.package_identification:_identify(src/controller_2023_b_launch) by extensions ['ament_cargo']
[0.738s] Level 1:colcon.colcon_core.package_identification:_identify(src/controller_2023_b_launch) by extension 'ament_cargo'
[0.738s] Level 1:colcon.colcon_core.package_identification:_identify(src/controller_2023_b_launch) by extensions ['ros']
[0.738s] Level 1:colcon.colcon_core.package_identification:_identify(src/controller_2023_b_launch) by extension 'ros'
[0.740s] DEBUG:colcon.colcon_core.package_identification:Package 'src/controller_2023_b_launch' with type 'ros.ament_cmake' and name 'controller_2023_b_launch'
[0.740s] Level 1:colcon.colcon_core.package_identification:_identify(src/dmotor_ros) by extensions ['ignore', 'ignore_ament_install']
[0.740s] Level 1:colcon.colcon_core.package_identification:_identify(src/dmotor_ros) by extension 'ignore'
[0.740s] Level 1:colcon.colcon_core.package_identification:_identify(src/dmotor_ros) by extension 'ignore_ament_install'
[0.740s] Level 1:colcon.colcon_core.package_identification:_identify(src/dmotor_ros) by extensions ['colcon_pkg']
[0.740s] Level 1:colcon.colcon_core.package_identification:_identify(src/dmotor_ros) by extension 'colcon_pkg'
[0.740s] Level 1:colcon.colcon_core.package_identification:_identify(src/dmotor_ros) by extensions ['colcon_meta']
[0.740s] Level 1:colcon.colcon_core.package_identification:_identify(src/dmotor_ros) by extension 'colcon_meta'
[0.740s] Level 1:colcon.colcon_core.package_identification:_identify(src/dmotor_ros) by extensions ['ament_cargo']
[0.740s] Level 1:colcon.colcon_core.package_identification:_identify(src/dmotor_ros) by extension 'ament_cargo'
[0.740s] Level 1:colcon.colcon_core.package_identification:_identify(src/dmotor_ros) by extensions ['ros']
[0.740s] Level 1:colcon.colcon_core.package_identification:_identify(src/dmotor_ros) by extension 'ros'
[0.740s] DEBUG:colcon.colcon_core.package_identification:Package 'src/dmotor_ros' with type 'ros.ament_cmake' and name 'dmotor_ros'
[0.740s] Level 1:colcon.colcon_core.package_identification:_identify(src/drobo_interfaces) by extensions ['ignore', 'ignore_ament_install']
[0.740s] Level 1:colcon.colcon_core.package_identification:_identify(src/drobo_interfaces) by extension 'ignore'
[0.741s] Level 1:colcon.colcon_core.package_identification:_identify(src/drobo_interfaces) by extension 'ignore_ament_install'
[0.741s] Level 1:colcon.colcon_core.package_identification:_identify(src/drobo_interfaces) by extensions ['colcon_pkg']
[0.741s] Level 1:colcon.colcon_core.package_identification:_identify(src/drobo_interfaces) by extension 'colcon_pkg'
[0.741s] Level 1:colcon.colcon_core.package_identification:_identify(src/drobo_interfaces) by extensions ['colcon_meta']
[0.741s] Level 1:colcon.colcon_core.package_identification:_identify(src/drobo_interfaces) by extension 'colcon_meta'
[0.741s] Level 1:colcon.colcon_core.package_identification:_identify(src/drobo_interfaces) by extensions ['ament_cargo']
[0.741s] Level 1:colcon.colcon_core.package_identification:_identify(src/drobo_interfaces) by extension 'ament_cargo'
[0.741s] Level 1:colcon.colcon_core.package_identification:_identify(src/drobo_interfaces) by extensions ['ros']
[0.741s] Level 1:colcon.colcon_core.package_identification:_identify(src/drobo_interfaces) by extension 'ros'
[0.741s] DEBUG:colcon.colcon_core.package_identification:Package 'src/drobo_interfaces' with type 'ros.ament_cmake' and name 'drobo_interfaces'
[0.741s] Level 1:colcon.colcon_core.package_identification:_identify(src/swerve_drive_control) by extensions ['ignore', 'ignore_ament_install']
[0.741s] Level 1:colcon.colcon_core.package_identification:_identify(src/swerve_drive_control) by extension 'ignore'
[0.741s] Level 1:colcon.colcon_core.package_identification:_identify(src/swerve_drive_control) by extension 'ignore_ament_install'
[0.741s] Level 1:colcon.colcon_core.package_identification:_identify(src/swerve_drive_control) by extensions ['colcon_pkg']
[0.741s] Level 1:colcon.colcon_core.package_identification:_identify(src/swerve_drive_control) by extension 'colcon_pkg'
[0.741s] Level 1:colcon.colcon_core.package_identification:_identify(src/swerve_drive_control) by extensions ['colcon_meta']
[0.741s] Level 1:colcon.colcon_core.package_identification:_identify(src/swerve_drive_control) by extension 'colcon_meta'
[0.741s] Level 1:colcon.colcon_core.package_identification:_identify(src/swerve_drive_control) by extensions ['ament_cargo']
[0.741s] Level 1:colcon.colcon_core.package_identification:_identify(src/swerve_drive_control) by extension 'ament_cargo'
[0.742s] DEBUG:colcon.colcon_core.package_identification:Package 'src/swerve_drive_control' with type 'ament_cargo' and name 'swerve_drive_control'
[0.742s] Level 1:colcon.colcon_core.package_discovery:discover_packages(recursive) using defaults
[0.742s] Level 1:colcon.colcon_core.package_discovery:discover_packages(ignore) discover
[0.742s] Level 1:colcon.colcon_core.package_discovery:discover_packages(ignore) using defaults
[0.742s] Level 1:colcon.colcon_core.package_discovery:discover_packages(path) discover
[0.742s] Level 1:colcon.colcon_core.package_discovery:discover_packages(path) using defaults
[0.804s] Level 1:colcon.colcon_core.package_discovery:discover_packages(prefix_path) check parameters
[0.804s] Level 1:colcon.colcon_core.package_discovery:discover_packages(prefix_path) discover
[0.815s] WARNING:colcon.colcon_ros.prefix_path.ament:The path '/home/kariya/Git/2023_off_team_b_controller/install/swerve_drive_control' in the environment variable AMENT_PREFIX_PATH doesn't exist
[0.815s] WARNING:colcon.colcon_ros.prefix_path.ament:The path '/home/kariya/Git/2023_off_team_b_controller/install/dmotor_ros' in the environment variable AMENT_PREFIX_PATH doesn't exist
[0.815s] WARNING:colcon.colcon_ros.prefix_path.ament:The path '/home/kariya/Git/2023_off_team_b_controller/install/drobo_interfaces' in the environment variable AMENT_PREFIX_PATH doesn't exist
[0.815s] WARNING:colcon.colcon_ros.prefix_path.ament:The path '/home/kariya/Git/2023_off_team_b_controller/install/controller_2023_b_launch' in the environment variable AMENT_PREFIX_PATH doesn't exist
[0.815s] WARNING:colcon.colcon_ros.prefix_path.catkin:The path '/home/kariya/Git/2023_off_team_b_controller/install/dmotor_ros' in the environment variable CMAKE_PREFIX_PATH doesn't exist
[0.815s] WARNING:colcon.colcon_ros.prefix_path.catkin:The path '/home/kariya/Git/2023_off_team_b_controller/install/drobo_interfaces' in the environment variable CMAKE_PREFIX_PATH doesn't exist
[0.815s] WARNING:colcon.colcon_ros.prefix_path.catkin:The path '/home/kariya/Git/2023_off_team_b_controller/install/controller_2023_b_launch' in the environment variable CMAKE_PREFIX_PATH doesn't exist
[0.825s] DEBUG:colcon.colcon_installed_package_information.package_discovery:Found 0 installed packages in /home/kariya/Git/2023_off_team_b_controller/install
[0.836s] DEBUG:colcon.colcon_installed_package_information.package_discovery:Found 270 installed packages in /opt/ros/humble
[0.836s] Level 1:colcon.colcon_core.package_discovery:discover_packages(prefix_path) using defaults
[0.899s] Level 5:colcon.colcon_core.verb:set package 'controller_2023_b_launch' build argument 'lookup_in_workspace' from command line to 'False'
[0.899s] Level 5:colcon.colcon_core.verb:set package 'controller_2023_b_launch' build argument 'cargo_args' from command line to '['--release']'
[0.899s] Level 5:colcon.colcon_core.verb:set package 'controller_2023_b_launch' build argument 'clean_build' from command line to 'False'
[0.899s] Level 5:colcon.colcon_core.verb:set package 'controller_2023_b_launch' build argument 'cmake_args' from command line to 'None'
[0.899s] Level 5:colcon.colcon_core.verb:set package 'controller_2023_b_launch' build argument 'cmake_target' from command line to 'None'
[0.899s] Level 5:colcon.colcon_core.verb:set package 'controller_2023_b_launch' build argument 'cmake_target_skip_unavailable' from command line to 'False'
[0.899s] Level 5:colcon.colcon_core.verb:set package 'controller_2023_b_launch' build argument 'cmake_clean_cache' from command line to 'False'
[0.899s] Level 5:colcon.colcon_core.verb:set package 'controller_2023_b_launch' build argument 'cmake_clean_first' from command line to 'False'
[0.899s] Level 5:colcon.colcon_core.verb:set package 'controller_2023_b_launch' build argument 'cmake_force_configure' from command line to 'False'
[0.899s] Level 5:colcon.colcon_core.verb:set package 'controller_2023_b_launch' build argument 'ament_cmake_args' from command line to 'None'
[0.899s] Level 5:colcon.colcon_core.verb:set package 'controller_2023_b_launch' build argument 'catkin_cmake_args' from command line to 'None'
[0.899s] Level 5:colcon.colcon_core.verb:set package 'controller_2023_b_launch' build argument 'catkin_skip_building_tests' from command line to 'False'
[0.899s] DEBUG:colcon.colcon_core.verb:Building package 'controller_2023_b_launch' with the following arguments: {'ament_cmake_args': None, 'build_base': '/home/kariya/Git/2023_off_team_b_controller/build/controller_2023_b_launch', 'cargo_args': ['--release'], 'catkin_cmake_args': None, 'catkin_skip_building_tests': False, 'clean_build': False, 'cmake_args': None, 'cmake_clean_cache': False, 'cmake_clean_first': False, 'cmake_force_configure': False, 'cmake_target': None, 'cmake_target_skip_unavailable': False, 'install_base': '/home/kariya/Git/2023_off_team_b_controller/install/controller_2023_b_launch', 'lookup_in_workspace': False, 'merge_install': False, 'path': '/home/kariya/Git/2023_off_team_b_controller/src/controller_2023_b_launch', 'symlink_install': True, 'test_result_base': None}
[0.909s] Level 5:colcon.colcon_core.verb:set package 'drobo_interfaces' build argument 'lookup_in_workspace' from command line to 'False'
[0.909s] Level 5:colcon.colcon_core.verb:set package 'drobo_interfaces' build argument 'cargo_args' from command line to '['--release']'
[0.909s] Level 5:colcon.colcon_core.verb:set package 'drobo_interfaces' build argument 'clean_build' from command line to 'False'
[0.909s] Level 5:colcon.colcon_core.verb:set package 'drobo_interfaces' build argument 'cmake_args' from command line to 'None'
[0.909s] Level 5:colcon.colcon_core.verb:set package 'drobo_interfaces' build argument 'cmake_target' from command line to 'None'
[0.909s] Level 5:colcon.colcon_core.verb:set package 'drobo_interfaces' build argument 'cmake_target_skip_unavailable' from command line to 'False'
[0.909s] Level 5:colcon.colcon_core.verb:set package 'drobo_interfaces' build argument 'cmake_clean_cache' from command line to 'False'
[0.909s] Level 5:colcon.colcon_core.verb:set package 'drobo_interfaces' build argument 'cmake_clean_first' from command line to 'False'
[0.909s] Level 5:colcon.colcon_core.verb:set package 'drobo_interfaces' build argument 'cmake_force_configure' from command line to 'False'
[0.909s] Level 5:colcon.colcon_core.verb:set package 'drobo_interfaces' build argument 'ament_cmake_args' from command line to 'None'
[0.909s] Level 5:colcon.colcon_core.verb:set package 'drobo_interfaces' build argument 'catkin_cmake_args' from command line to 'None'
[0.909s] Level 5:colcon.colcon_core.verb:set package 'drobo_interfaces' build argument 'catkin_skip_building_tests' from command line to 'False'
[0.909s] DEBUG:colcon.colcon_core.verb:Building package 'drobo_interfaces' with the following arguments: {'ament_cmake_args': None, 'build_base': '/home/kariya/Git/2023_off_team_b_controller/build/drobo_interfaces', 'cargo_args': ['--release'], 'catkin_cmake_args': None, 'catkin_skip_building_tests': False, 'clean_build': False, 'cmake_args': None, 'cmake_clean_cache': False, 'cmake_clean_first': False, 'cmake_force_configure': False, 'cmake_target': None, 'cmake_target_skip_unavailable': False, 'install_base': '/home/kariya/Git/2023_off_team_b_controller/install/drobo_interfaces', 'lookup_in_workspace': False, 'merge_install': False, 'path': '/home/kariya/Git/2023_off_team_b_controller/src/drobo_interfaces', 'symlink_install': True, 'test_result_base': None}
[0.919s] Level 5:colcon.colcon_core.verb:set package 'dmotor_ros' build argument 'lookup_in_workspace' from command line to 'False'
[0.919s] Level 5:colcon.colcon_core.verb:set package 'dmotor_ros' build argument 'cargo_args' from command line to '['--release']'
[0.919s] Level 5:colcon.colcon_core.verb:set package 'dmotor_ros' build argument 'clean_build' from command line to 'False'
[0.919s] Level 5:colcon.colcon_core.verb:set package 'dmotor_ros' build argument 'cmake_args' from command line to 'None'
[0.919s] Level 5:colcon.colcon_core.verb:set package 'dmotor_ros' build argument 'cmake_target' from command line to 'None'
[0.919s] Level 5:colcon.colcon_core.verb:set package 'dmotor_ros' build argument 'cmake_target_skip_unavailable' from command line to 'False'
[0.919s] Level 5:colcon.colcon_core.verb:set package 'dmotor_ros' build argument 'cmake_clean_cache' from command line to 'False'
[0.919s] Level 5:colcon.colcon_core.verb:set package 'dmotor_ros' build argument 'cmake_clean_first' from command line to 'False'
[0.919s] Level 5:colcon.colcon_core.verb:set package 'dmotor_ros' build argument 'cmake_force_configure' from command line to 'False'
[0.919s] Level 5:colcon.colcon_core.verb:set package 'dmotor_ros' build argument 'ament_cmake_args' from command line to 'None'
[0.919s] Level 5:colcon.colcon_core.verb:set package 'dmotor_ros' build argument 'catkin_cmake_args' from command line to 'None'
[0.919s] Level 5:colcon.colcon_core.verb:set package 'dmotor_ros' build argument 'catkin_skip_building_tests' from command line to 'False'
[0.919s] DEBUG:colcon.colcon_core.verb:Building package 'dmotor_ros' with the following arguments: {'ament_cmake_args': None, 'build_base': '/home/kariya/Git/2023_off_team_b_controller/build/dmotor_ros', 'cargo_args': ['--release'], 'catkin_cmake_args': None, 'catkin_skip_building_tests': False, 'clean_build': False, 'cmake_args': None, 'cmake_clean_cache': False, 'cmake_clean_first': False, 'cmake_force_configure': False, 'cmake_target': None, 'cmake_target_skip_unavailable': False, 'install_base': '/home/kariya/Git/2023_off_team_b_controller/install/dmotor_ros', 'lookup_in_workspace': False, 'merge_install': False, 'path': '/home/kariya/Git/2023_off_team_b_controller/src/dmotor_ros', 'symlink_install': True, 'test_result_base': None}
[0.929s] Level 5:colcon.colcon_core.verb:set package 'swerve_drive_control' build argument 'lookup_in_workspace' from command line to 'False'
[0.929s] Level 5:colcon.colcon_core.verb:set package 'swerve_drive_control' build argument 'cargo_args' from command line to '['--release']'
[0.929s] Level 5:colcon.colcon_core.verb:set package 'swerve_drive_control' build argument 'clean_build' from command line to 'False'
[0.929s] Level 5:colcon.colcon_core.verb:set package 'swerve_drive_control' build argument 'cmake_args' from command line to 'None'
[0.929s] Level 5:colcon.colcon_core.verb:set package 'swerve_drive_control' build argument 'cmake_target' from command line to 'None'
[0.929s] Level 5:colcon.colcon_core.verb:set package 'swerve_drive_control' build argument 'cmake_target_skip_unavailable' from command line to 'False'
[0.929s] Level 5:colcon.colcon_core.verb:set package 'swerve_drive_control' build argument 'cmake_clean_cache' from command line to 'False'
[0.929s] Level 5:colcon.colcon_core.verb:set package 'swerve_drive_control' build argument 'cmake_clean_first' from command line to 'False'
[0.929s] Level 5:colcon.colcon_core.verb:set package 'swerve_drive_control' build argument 'cmake_force_configure' from command line to 'False'
[0.929s] Level 5:colcon.colcon_core.verb:set package 'swerve_drive_control' build argument 'ament_cmake_args' from command line to 'None'
[0.929s] Level 5:colcon.colcon_core.verb:set package 'swerve_drive_control' build argument 'catkin_cmake_args' from command line to 'None'
[0.929s] Level 5:colcon.colcon_core.verb:set package 'swerve_drive_control' build argument 'catkin_skip_building_tests' from command line to 'False'
[0.929s] DEBUG:colcon.colcon_core.verb:Building package 'swerve_drive_control' with the following arguments: {'ament_cmake_args': None, 'build_base': '/home/kariya/Git/2023_off_team_b_controller/build/swerve_drive_control', 'cargo_args': ['--release'], 'catkin_cmake_args': None, 'catkin_skip_building_tests': False, 'clean_build': False, 'cmake_args': None, 'cmake_clean_cache': False, 'cmake_clean_first': False, 'cmake_force_configure': False, 'cmake_target': None, 'cmake_target_skip_unavailable': False, 'install_base': '/home/kariya/Git/2023_off_team_b_controller/install/swerve_drive_control', 'lookup_in_workspace': False, 'merge_install': False, 'path': '/home/kariya/Git/2023_off_team_b_controller/src/swerve_drive_control', 'symlink_install': True, 'test_result_base': None}
[0.939s] INFO:colcon.colcon_core.executor:Executing jobs using 'parallel' executor
[0.949s] DEBUG:colcon.colcon_parallel_executor.executor.parallel:run_until_complete
[0.949s] INFO:colcon.colcon_ros.task.ament_cmake.build:Building ROS package in '/home/kariya/Git/2023_off_team_b_controller/src/drobo_interfaces' with build type 'ament_cmake'
[0.949s] INFO:colcon.colcon_cmake.task.cmake.build:Building CMake package in '/home/kariya/Git/2023_off_team_b_controller/src/drobo_interfaces'
[0.960s] INFO:colcon.colcon_core.plugin_system:Skipping extension 'colcon_core.shell.bat': Not used on non-Windows systems
[0.960s] INFO:colcon.colcon_core.shell:Skip shell extension 'powershell' for command environment: Not usable outside of PowerShell
[0.960s] DEBUG:colcon.colcon_core.shell:Skip shell extension 'dsv' for command environment
[0.991s] INFO:colcon.colcon_ros.task.ament_cmake.build:Building ROS package in '/home/kariya/Git/2023_off_team_b_controller/src/controller_2023_b_launch' with build type 'ament_cmake'
[0.991s] INFO:colcon.colcon_cmake.task.cmake.build:Building CMake package in '/home/kariya/Git/2023_off_team_b_controller/src/controller_2023_b_launch'
[1.002s] INFO:colcon.colcon_core.shell:Skip shell extension 'powershell' for command environment: Not usable outside of PowerShell
[1.002s] DEBUG:colcon.colcon_core.shell:Skip shell extension 'dsv' for command environment
[1.036s] DEBUG:colcon.colcon_core.event_handler.log_command:Invoking command in '/home/kariya/Git/2023_off_team_b_controller/build/drobo_interfaces': CMAKE_PREFIX_PATH=${CMAKE_PREFIX_PATH}:/home/kariya/Git/2023_off_team_b_controller/install/swerve_drive_control:/opt/ros/humble /usr/bin/cmake /home/kariya/Git/2023_off_team_b_controller/src/drobo_interfaces -DAMENT_CMAKE_SYMLINK_INSTALL=1 -DCMAKE_INSTALL_PREFIX=/home/kariya/Git/2023_off_team_b_controller/install/drobo_interfaces
[1.038s] DEBUG:colcon.colcon_core.event_handler.log_command:Invoking command in '/home/kariya/Git/2023_off_team_b_controller/build/controller_2023_b_launch': CMAKE_PREFIX_PATH=${CMAKE_PREFIX_PATH}:/home/kariya/Git/2023_off_team_b_controller/install/swerve_drive_control:/opt/ros/humble /usr/bin/cmake /home/kariya/Git/2023_off_team_b_controller/src/controller_2023_b_launch -DAMENT_CMAKE_SYMLINK_INSTALL=1 -DCMAKE_INSTALL_PREFIX=/home/kariya/Git/2023_off_team_b_controller/install/controller_2023_b_launch
[1.638s] DEBUG:colcon.colcon_core.event_handler.log_command:Invoked command in '/home/kariya/Git/2023_off_team_b_controller/build/controller_2023_b_launch' returned '0': CMAKE_PREFIX_PATH=${CMAKE_PREFIX_PATH}:/home/kariya/Git/2023_off_team_b_controller/install/swerve_drive_control:/opt/ros/humble /usr/bin/cmake /home/kariya/Git/2023_off_team_b_controller/src/controller_2023_b_launch -DAMENT_CMAKE_SYMLINK_INSTALL=1 -DCMAKE_INSTALL_PREFIX=/home/kariya/Git/2023_off_team_b_controller/install/controller_2023_b_launch
[1.640s] DEBUG:colcon.colcon_core.event_handler.log_command:Invoking command in '/home/kariya/Git/2023_off_team_b_controller/build/controller_2023_b_launch': CMAKE_PREFIX_PATH=${CMAKE_PREFIX_PATH}:/home/kariya/Git/2023_off_team_b_controller/install/swerve_drive_control:/opt/ros/humble /usr/bin/cmake --build /home/kariya/Git/2023_off_team_b_controller/build/controller_2023_b_launch -- -j16 -l16
[1.657s] DEBUG:colcon.colcon_core.event_handler.log_command:Invoked command in '/home/kariya/Git/2023_off_team_b_controller/build/controller_2023_b_launch' returned '0': CMAKE_PREFIX_PATH=${CMAKE_PREFIX_PATH}:/home/kariya/Git/2023_off_team_b_controller/install/swerve_drive_control:/opt/ros/humble /usr/bin/cmake --build /home/kariya/Git/2023_off_team_b_controller/build/controller_2023_b_launch -- -j16 -l16
[1.678s] DEBUG:colcon.colcon_core.event_handler.log_command:Invoking command in '/home/kariya/Git/2023_off_team_b_controller/build/controller_2023_b_launch': CMAKE_PREFIX_PATH=${CMAKE_PREFIX_PATH}:/home/kariya/Git/2023_off_team_b_controller/install/swerve_drive_control:/opt/ros/humble /usr/bin/cmake --install /home/kariya/Git/2023_off_team_b_controller/build/controller_2023_b_launch
[1.733s] Level 1:colcon.colcon_core.environment:create_environment_scripts_only(controller_2023_b_launch)
[1.734s] DEBUG:colcon.colcon_core.event_handler.log_command:Invoked command in '/home/kariya/Git/2023_off_team_b_controller/build/controller_2023_b_launch' returned '0': CMAKE_PREFIX_PATH=${CMAKE_PREFIX_PATH}:/home/kariya/Git/2023_off_team_b_controller/install/swerve_drive_control:/opt/ros/humble /usr/bin/cmake --install /home/kariya/Git/2023_off_team_b_controller/build/controller_2023_b_launch
[1.745s] Level 1:colcon.colcon_core.environment:checking '/home/kariya/Git/2023_off_team_b_controller/install/controller_2023_b_launch' for CMake module files
[1.746s] Level 1:colcon.colcon_core.environment:checking '/home/kariya/Git/2023_off_team_b_controller/install/controller_2023_b_launch' for CMake config files
[1.746s] Level 1:colcon.colcon_core.shell:create_environment_hook('controller_2023_b_launch', 'cmake_prefix_path')
[1.756s] INFO:colcon.colcon_core.shell:Creating environment hook '/home/kariya/Git/2023_off_team_b_controller/install/controller_2023_b_launch/share/controller_2023_b_launch/hook/cmake_prefix_path.ps1'
[1.757s] INFO:colcon.colcon_core.shell:Creating environment descriptor '/home/kariya/Git/2023_off_team_b_controller/install/controller_2023_b_launch/share/controller_2023_b_launch/hook/cmake_prefix_path.dsv'
[1.757s] INFO:colcon.colcon_core.shell:Creating environment hook '/home/kariya/Git/2023_off_team_b_controller/install/controller_2023_b_launch/share/controller_2023_b_launch/hook/cmake_prefix_path.sh'
[1.758s] Level 1:colcon.colcon_core.environment:checking '/home/kariya/Git/2023_off_team_b_controller/install/controller_2023_b_launch/bin'
[1.758s] Level 1:colcon.colcon_core.environment:checking '/home/kariya/Git/2023_off_team_b_controller/install/controller_2023_b_launch/lib/pkgconfig/controller_2023_b_launch.pc'
[1.758s] Level 1:colcon.colcon_core.environment:checking '/home/kariya/Git/2023_off_team_b_controller/install/controller_2023_b_launch/lib/python3.10/site-packages'
[1.758s] Level 1:colcon.colcon_core.environment:checking '/home/kariya/Git/2023_off_team_b_controller/install/controller_2023_b_launch/bin'
[1.769s] INFO:colcon.colcon_core.shell:Creating package script '/home/kariya/Git/2023_off_team_b_controller/install/controller_2023_b_launch/share/controller_2023_b_launch/package.ps1'
[1.769s] INFO:colcon.colcon_core.shell:Creating package descriptor '/home/kariya/Git/2023_off_team_b_controller/install/controller_2023_b_launch/share/controller_2023_b_launch/package.dsv'
[1.770s] INFO:colcon.colcon_core.shell:Creating package script '/home/kariya/Git/2023_off_team_b_controller/install/controller_2023_b_launch/share/controller_2023_b_launch/package.sh'
[1.770s] INFO:colcon.colcon_core.shell:Creating package script '/home/kariya/Git/2023_off_team_b_controller/install/controller_2023_b_launch/share/controller_2023_b_launch/package.bash'
[1.770s] INFO:colcon.colcon_core.shell:Creating package script '/home/kariya/Git/2023_off_team_b_controller/install/controller_2023_b_launch/share/controller_2023_b_launch/package.zsh'
[1.771s] Level 1:colcon.colcon_core.environment:create_file_with_runtime_dependencies(/home/kariya/Git/2023_off_team_b_controller/install/controller_2023_b_launch/share/colcon-core/packages/controller_2023_b_launch)
[1.798s] Level 1:colcon.colcon_core.environment:create_environment_scripts_only(controller_2023_b_launch)
[1.808s] Level 1:colcon.colcon_core.environment:checking '/home/kariya/Git/2023_off_team_b_controller/install/controller_2023_b_launch' for CMake module files
[1.808s] Level 1:colcon.colcon_core.environment:checking '/home/kariya/Git/2023_off_team_b_controller/install/controller_2023_b_launch' for CMake config files
[1.808s] Level 1:colcon.colcon_core.shell:create_environment_hook('controller_2023_b_launch', 'cmake_prefix_path')
[1.819s] INFO:colcon.colcon_core.shell:Creating environment hook '/home/kariya/Git/2023_off_team_b_controller/install/controller_2023_b_launch/share/controller_2023_b_launch/hook/cmake_prefix_path.ps1'
[1.819s] INFO:colcon.colcon_core.shell:Creating environment descriptor '/home/kariya/Git/2023_off_team_b_controller/install/controller_2023_b_launch/share/controller_2023_b_launch/hook/cmake_prefix_path.dsv'
[1.819s] INFO:colcon.colcon_core.shell:Creating environment hook '/home/kariya/Git/2023_off_team_b_controller/install/controller_2023_b_launch/share/controller_2023_b_launch/hook/cmake_prefix_path.sh'
[1.820s] Level 1:colcon.colcon_core.environment:checking '/home/kariya/Git/2023_off_team_b_controller/install/controller_2023_b_launch/bin'
[1.820s] Level 1:colcon.colcon_core.environment:checking '/home/kariya/Git/2023_off_team_b_controller/install/controller_2023_b_launch/lib/pkgconfig/controller_2023_b_launch.pc'
[1.820s] Level 1:colcon.colcon_core.environment:checking '/home/kariya/Git/2023_off_team_b_controller/install/controller_2023_b_launch/lib/python3.10/site-packages'
[1.820s] Level 1:colcon.colcon_core.environment:checking '/home/kariya/Git/2023_off_team_b_controller/install/controller_2023_b_launch/bin'
[1.852s] INFO:colcon.colcon_core.shell:Creating package script '/home/kariya/Git/2023_off_team_b_controller/install/controller_2023_b_launch/share/controller_2023_b_launch/package.ps1'
[1.853s] INFO:colcon.colcon_core.shell:Creating package descriptor '/home/kariya/Git/2023_off_team_b_controller/install/controller_2023_b_launch/share/controller_2023_b_launch/package.dsv'
[1.853s] INFO:colcon.colcon_core.shell:Creating package script '/home/kariya/Git/2023_off_team_b_controller/install/controller_2023_b_launch/share/controller_2023_b_launch/package.sh'
[1.853s] INFO:colcon.colcon_core.shell:Creating package script '/home/kariya/Git/2023_off_team_b_controller/install/controller_2023_b_launch/share/controller_2023_b_launch/package.bash'
[1.854s] INFO:colcon.colcon_core.shell:Creating package script '/home/kariya/Git/2023_off_team_b_controller/install/controller_2023_b_launch/share/controller_2023_b_launch/package.zsh'
[1.854s] Level 1:colcon.colcon_core.environment:create_file_with_runtime_dependencies(/home/kariya/Git/2023_off_team_b_controller/install/controller_2023_b_launch/share/colcon-core/packages/controller_2023_b_launch)
[2.086s] DEBUG:colcon.colcon_core.event_handler.log_command:Invoked command in '/home/kariya/Git/2023_off_team_b_controller/build/drobo_interfaces' returned '0': CMAKE_PREFIX_PATH=${CMAKE_PREFIX_PATH}:/home/kariya/Git/2023_off_team_b_controller/install/swerve_drive_control:/opt/ros/humble /usr/bin/cmake /home/kariya/Git/2023_off_team_b_controller/src/drobo_interfaces -DAMENT_CMAKE_SYMLINK_INSTALL=1 -DCMAKE_INSTALL_PREFIX=/home/kariya/Git/2023_off_team_b_controller/install/drobo_interfaces
[2.088s] DEBUG:colcon.colcon_core.event_handler.log_command:Invoking command in '/home/kariya/Git/2023_off_team_b_controller/build/drobo_interfaces': CMAKE_PREFIX_PATH=${CMAKE_PREFIX_PATH}:/home/kariya/Git/2023_off_team_b_controller/install/swerve_drive_control:/opt/ros/humble /usr/bin/cmake --build /home/kariya/Git/2023_off_team_b_controller/build/drobo_interfaces -- -j16 -l16
[4.133s] DEBUG:colcon.colcon_core.event_handler.log_command:Invoked command in '/home/kariya/Git/2023_off_team_b_controller/build/drobo_interfaces' returned '0': CMAKE_PREFIX_PATH=${CMAKE_PREFIX_PATH}:/home/kariya/Git/2023_off_team_b_controller/install/swerve_drive_control:/opt/ros/humble /usr/bin/cmake --build /home/kariya/Git/2023_off_team_b_controller/build/drobo_interfaces -- -j16 -l16
[4.221s] DEBUG:colcon.colcon_core.event_handler.log_command:Invoking command in '/home/kariya/Git/2023_off_team_b_controller/build/drobo_interfaces': CMAKE_PREFIX_PATH=${CMAKE_PREFIX_PATH}:/home/kariya/Git/2023_off_team_b_controller/install/swerve_drive_control:/opt/ros/humble /usr/bin/cmake --install /home/kariya/Git/2023_off_team_b_controller/build/drobo_interfaces
[4.559s] Level 1:colcon.colcon_core.environment:create_environment_scripts_only(drobo_interfaces)
[4.559s] DEBUG:colcon.colcon_core.event_handler.log_command:Invoked command in '/home/kariya/Git/2023_off_team_b_controller/build/drobo_interfaces' returned '0': CMAKE_PREFIX_PATH=${CMAKE_PREFIX_PATH}:/home/kariya/Git/2023_off_team_b_controller/install/swerve_drive_control:/opt/ros/humble /usr/bin/cmake --install /home/kariya/Git/2023_off_team_b_controller/build/drobo_interfaces
[4.584s] Level 1:colcon.colcon_core.environment:checking '/home/kariya/Git/2023_off_team_b_controller/install/drobo_interfaces' for CMake module files
[4.584s] Level 1:colcon.colcon_core.environment:checking '/home/kariya/Git/2023_off_team_b_controller/install/drobo_interfaces' for CMake config files
[4.587s] Level 1:colcon.colcon_core.shell:create_environment_hook('drobo_interfaces', 'cmake_prefix_path')
[4.601s] INFO:colcon.colcon_core.shell:Creating environment hook '/home/kariya/Git/2023_off_team_b_controller/install/drobo_interfaces/share/drobo_interfaces/hook/cmake_prefix_path.ps1'
[4.601s] INFO:colcon.colcon_core.shell:Creating environment descriptor '/home/kariya/Git/2023_off_team_b_controller/install/drobo_interfaces/share/drobo_interfaces/hook/cmake_prefix_path.dsv'
[4.601s] INFO:colcon.colcon_core.shell:Creating environment hook '/home/kariya/Git/2023_off_team_b_controller/install/drobo_interfaces/share/drobo_interfaces/hook/cmake_prefix_path.sh'
[4.602s] Level 1:colcon.colcon_core.environment:checking '/home/kariya/Git/2023_off_team_b_controller/install/drobo_interfaces/lib'
[4.602s] Level 1:colcon.colcon_core.shell:create_environment_hook('drobo_interfaces', 'ld_library_path_lib')
[4.612s] INFO:colcon.colcon_core.shell:Creating environment hook '/home/kariya/Git/2023_off_team_b_controller/install/drobo_interfaces/share/drobo_interfaces/hook/ld_library_path_lib.ps1'
[4.612s] INFO:colcon.colcon_core.shell:Creating environment descriptor '/home/kariya/Git/2023_off_team_b_controller/install/drobo_interfaces/share/drobo_interfaces/hook/ld_library_path_lib.dsv'
[4.612s] INFO:colcon.colcon_core.shell:Creating environment hook '/home/kariya/Git/2023_off_team_b_controller/install/drobo_interfaces/share/drobo_interfaces/hook/ld_library_path_lib.sh'
[4.612s] Level 1:colcon.colcon_core.environment:checking '/home/kariya/Git/2023_off_team_b_controller/install/drobo_interfaces/bin'
[4.612s] Level 1:colcon.colcon_core.environment:checking '/home/kariya/Git/2023_off_team_b_controller/install/drobo_interfaces/lib/pkgconfig/drobo_interfaces.pc'
[4.613s] Level 1:colcon.colcon_core.environment:checking '/home/kariya/Git/2023_off_team_b_controller/install/drobo_interfaces/lib/python3.10/site-packages'
[4.613s] Level 1:colcon.colcon_core.environment:checking '/home/kariya/Git/2023_off_team_b_controller/install/drobo_interfaces/bin'
[4.623s] INFO:colcon.colcon_core.shell:Creating package script '/home/kariya/Git/2023_off_team_b_controller/install/drobo_interfaces/share/drobo_interfaces/package.ps1'
[4.623s] INFO:colcon.colcon_core.shell:Creating package descriptor '/home/kariya/Git/2023_off_team_b_controller/install/drobo_interfaces/share/drobo_interfaces/package.dsv'
[4.623s] INFO:colcon.colcon_core.shell:Creating package script '/home/kariya/Git/2023_off_team_b_controller/install/drobo_interfaces/share/drobo_interfaces/package.sh'
[4.623s] INFO:colcon.colcon_core.shell:Creating package script '/home/kariya/Git/2023_off_team_b_controller/install/drobo_interfaces/share/drobo_interfaces/package.bash'
[4.624s] INFO:colcon.colcon_core.shell:Creating package script '/home/kariya/Git/2023_off_team_b_controller/install/drobo_interfaces/share/drobo_interfaces/package.zsh'
[4.624s] Level 1:colcon.colcon_core.environment:create_file_with_runtime_dependencies(/home/kariya/Git/2023_off_team_b_controller/install/drobo_interfaces/share/colcon-core/packages/drobo_interfaces)
[4.729s] Level 1:colcon.colcon_core.environment:create_environment_scripts_only(drobo_interfaces)
[4.739s] Level 1:colcon.colcon_core.environment:checking '/home/kariya/Git/2023_off_team_b_controller/install/drobo_interfaces' for CMake module files
[4.739s] Level 1:colcon.colcon_core.environment:checking '/home/kariya/Git/2023_off_team_b_controller/install/drobo_interfaces' for CMake config files
[4.740s] Level 1:colcon.colcon_core.shell:create_environment_hook('drobo_interfaces', 'cmake_prefix_path')
[4.750s] INFO:colcon.colcon_core.shell:Creating environment hook '/home/kariya/Git/2023_off_team_b_controller/install/drobo_interfaces/share/drobo_interfaces/hook/cmake_prefix_path.ps1'
[4.750s] INFO:colcon.colcon_core.shell:Creating environment descriptor '/home/kariya/Git/2023_off_team_b_controller/install/drobo_interfaces/share/drobo_interfaces/hook/cmake_prefix_path.dsv'
[4.750s] INFO:colcon.colcon_core.shell:Creating environment hook '/home/kariya/Git/2023_off_team_b_controller/install/drobo_interfaces/share/drobo_interfaces/hook/cmake_prefix_path.sh'
[4.751s] Level 1:colcon.colcon_core.environment:checking '/home/kariya/Git/2023_off_team_b_controller/install/drobo_interfaces/lib'
[4.751s] Level 1:colcon.colcon_core.shell:create_environment_hook('drobo_interfaces', 'ld_library_path_lib')
[4.761s] INFO:colcon.colcon_core.shell:Creating environment hook '/home/kariya/Git/2023_off_team_b_controller/install/drobo_interfaces/share/drobo_interfaces/hook/ld_library_path_lib.ps1'
[4.761s] INFO:colcon.colcon_core.shell:Creating environment descriptor '/home/kariya/Git/2023_off_team_b_controller/install/drobo_interfaces/share/drobo_interfaces/hook/ld_library_path_lib.dsv'
[4.762s] INFO:colcon.colcon_core.shell:Creating environment hook '/home/kariya/Git/2023_off_team_b_controller/install/drobo_interfaces/share/drobo_interfaces/hook/ld_library_path_lib.sh'
[4.762s] Level 1:colcon.colcon_core.environment:checking '/home/kariya/Git/2023_off_team_b_controller/install/drobo_interfaces/bin'
[4.762s] Level 1:colcon.colcon_core.environment:checking '/home/kariya/Git/2023_off_team_b_controller/install/drobo_interfaces/lib/pkgconfig/drobo_interfaces.pc'
[4.762s] Level 1:colcon.colcon_core.environment:checking '/home/kariya/Git/2023_off_team_b_controller/install/drobo_interfaces/lib/python3.10/site-packages'
[4.762s] Level 1:colcon.colcon_core.environment:checking '/home/kariya/Git/2023_off_team_b_controller/install/drobo_interfaces/bin'
[4.773s] INFO:colcon.colcon_core.shell:Creating package script '/home/kariya/Git/2023_off_team_b_controller/install/drobo_interfaces/share/drobo_interfaces/package.ps1'
[4.773s] INFO:colcon.colcon_core.shell:Creating package descriptor '/home/kariya/Git/2023_off_team_b_controller/install/drobo_interfaces/share/drobo_interfaces/package.dsv'
[4.774s] INFO:colcon.colcon_core.shell:Creating package script '/home/kariya/Git/2023_off_team_b_controller/install/drobo_interfaces/share/drobo_interfaces/package.sh'
[4.774s] INFO:colcon.colcon_core.shell:Creating package script '/home/kariya/Git/2023_off_team_b_controller/install/drobo_interfaces/share/drobo_interfaces/package.bash'
[4.774s] INFO:colcon.colcon_core.shell:Creating package script '/home/kariya/Git/2023_off_team_b_controller/install/drobo_interfaces/share/drobo_interfaces/package.zsh'
[4.775s] Level 1:colcon.colcon_core.environment:create_file_with_runtime_dependencies(/home/kariya/Git/2023_off_team_b_controller/install/drobo_interfaces/share/colcon-core/packages/drobo_interfaces)
[4.775s] INFO:colcon.colcon_ros.task.ament_cmake.build:Building ROS package in '/home/kariya/Git/2023_off_team_b_controller/src/dmotor_ros' with build type 'ament_cmake'
[4.775s] INFO:colcon.colcon_cmake.task.cmake.build:Building CMake package in '/home/kariya/Git/2023_off_team_b_controller/src/dmotor_ros'
[4.787s] INFO:colcon.colcon_core.shell:Skip shell extension 'powershell' for command environment: Not usable outside of PowerShell
[4.787s] DEBUG:colcon.colcon_core.shell:Skip shell extension 'dsv' for command environment
[4.819s] INFO:colcon.colcon_cargo.task.cargo.build:Building Cargo package in '/home/kariya/Git/2023_off_team_b_controller/src/swerve_drive_control'
[4.829s] INFO:colcon.colcon_core.shell:Skip shell extension 'powershell' for command environment: Not usable outside of PowerShell
[4.830s] DEBUG:colcon.colcon_core.shell:Skip shell extension 'dsv' for command environment
[4.864s] DEBUG:colcon.colcon_core.event_handler.log_command:Invoking command in '/home/kariya/Git/2023_off_team_b_controller/build/dmotor_ros': CMAKE_PREFIX_PATH=/home/kariya/Git/2023_off_team_b_controller/install/drobo_interfaces:/home/kariya/Git/2023_off_team_b_controller/install/dmotor_ros:/home/kariya/Git/2023_off_team_b_controller/install/controller_2023_b_launch:/home/kariya/Git/2023_off_team_b_controller/install/swerve_drive_control:/opt/ros/humble /usr/bin/cmake /home/kariya/Git/2023_off_team_b_controller/src/dmotor_ros -DAMENT_CMAKE_SYMLINK_INSTALL=1 -DCMAKE_INSTALL_PREFIX=/home/kariya/Git/2023_off_team_b_controller/install/dmotor_ros
[4.867s] Level 1:colcon.colcon_core.shell:create_environment_hook('swerve_drive_control', 'ament_prefix_path')
[4.877s] INFO:colcon.colcon_core.shell:Creating environment hook '/home/kariya/Git/2023_off_team_b_controller/install/swerve_drive_control/share/swerve_drive_control/hook/ament_prefix_path.ps1'
[4.878s] INFO:colcon.colcon_core.shell:Creating environment descriptor '/home/kariya/Git/2023_off_team_b_controller/install/swerve_drive_control/share/swerve_drive_control/hook/ament_prefix_path.dsv'
[4.878s] INFO:colcon.colcon_core.shell:Creating environment hook '/home/kariya/Git/2023_off_team_b_controller/install/swerve_drive_control/share/swerve_drive_control/hook/ament_prefix_path.sh'
[4.880s] DEBUG:colcon.colcon_core.event_handler.log_command:Invoking command in 'src/swerve_drive_control': CMAKE_PREFIX_PATH=/home/kariya/Git/2023_off_team_b_controller/install/drobo_interfaces:/home/kariya/Git/2023_off_team_b_controller/install/dmotor_ros:/home/kariya/Git/2023_off_team_b_controller/install/controller_2023_b_launch /home/kariya/.cargo/bin/cargo ament-build --install-base /home/kariya/Git/2023_off_team_b_controller/install/swerve_drive_control -- --manifest-path /home/kariya/Git/2023_off_team_b_controller/src/swerve_drive_control/Cargo.toml --target-dir /home/kariya/Git/2023_off_team_b_controller/build/swerve_drive_control --quiet --release
[6.815s] DEBUG:colcon.colcon_core.event_handler.log_command:Invoked command in '/home/kariya/Git/2023_off_team_b_controller/build/dmotor_ros' returned '0': CMAKE_PREFIX_PATH=/home/kariya/Git/2023_off_team_b_controller/install/drobo_interfaces:/home/kariya/Git/2023_off_team_b_controller/install/dmotor_ros:/home/kariya/Git/2023_off_team_b_controller/install/controller_2023_b_launch:/home/kariya/Git/2023_off_team_b_controller/install/swerve_drive_control:/opt/ros/humble /usr/bin/cmake /home/kariya/Git/2023_off_team_b_controller/src/dmotor_ros -DAMENT_CMAKE_SYMLINK_INSTALL=1 -DCMAKE_INSTALL_PREFIX=/home/kariya/Git/2023_off_team_b_controller/install/dmotor_ros
[6.817s] DEBUG:colcon.colcon_core.event_handler.log_command:Invoking command in '/home/kariya/Git/2023_off_team_b_controller/build/dmotor_ros': CMAKE_PREFIX_PATH=/home/kariya/Git/2023_off_team_b_controller/install/drobo_interfaces:/home/kariya/Git/2023_off_team_b_controller/install/dmotor_ros:/home/kariya/Git/2023_off_team_b_controller/install/controller_2023_b_launch:/home/kariya/Git/2023_off_team_b_controller/install/swerve_drive_control:/opt/ros/humble /usr/bin/cmake --build /home/kariya/Git/2023_off_team_b_controller/build/dmotor_ros -- -j16 -l16
[13.062s] Level 1:colcon.colcon_core.environment:create_environment_scripts_only(swerve_drive_control)
[13.063s] DEBUG:colcon.colcon_core.event_handler.log_command:Invoked command in 'src/swerve_drive_control' returned '0': CMAKE_PREFIX_PATH=/home/kariya/Git/2023_off_team_b_controller/install/drobo_interfaces:/home/kariya/Git/2023_off_team_b_controller/install/dmotor_ros:/home/kariya/Git/2023_off_team_b_controller/install/controller_2023_b_launch /home/kariya/.cargo/bin/cargo ament-build --install-base /home/kariya/Git/2023_off_team_b_controller/install/swerve_drive_control -- --manifest-path /home/kariya/Git/2023_off_team_b_controller/src/swerve_drive_control/Cargo.toml --target-dir /home/kariya/Git/2023_off_team_b_controller/build/swerve_drive_control --quiet --release
[13.073s] Level 1:colcon.colcon_core.environment:checking '/home/kariya/Git/2023_off_team_b_controller/install/swerve_drive_control' for CMake module files
[13.074s] Level 1:colcon.colcon_core.environment:checking '/home/kariya/Git/2023_off_team_b_controller/install/swerve_drive_control' for CMake config files
[13.074s] Level 1:colcon.colcon_core.environment:checking '/home/kariya/Git/2023_off_team_b_controller/install/swerve_drive_control/lib'
[13.074s] Level 1:colcon.colcon_core.environment:checking '/home/kariya/Git/2023_off_team_b_controller/install/swerve_drive_control/bin'
[13.074s] Level 1:colcon.colcon_core.environment:checking '/home/kariya/Git/2023_off_team_b_controller/install/swerve_drive_control/lib/pkgconfig/swerve_drive_control.pc'
[13.074s] Level 1:colcon.colcon_core.environment:checking '/home/kariya/Git/2023_off_team_b_controller/install/swerve_drive_control/lib/python3.10/site-packages'
[13.074s] Level 1:colcon.colcon_core.environment:checking '/home/kariya/Git/2023_off_team_b_controller/install/swerve_drive_control/bin'
[13.085s] INFO:colcon.colcon_core.shell:Creating package script '/home/kariya/Git/2023_off_team_b_controller/install/swerve_drive_control/share/swerve_drive_control/package.ps1'
[13.085s] INFO:colcon.colcon_core.shell:Creating package descriptor '/home/kariya/Git/2023_off_team_b_controller/install/swerve_drive_control/share/swerve_drive_control/package.dsv'
[13.085s] INFO:colcon.colcon_core.shell:Creating package script '/home/kariya/Git/2023_off_team_b_controller/install/swerve_drive_control/share/swerve_drive_control/package.sh'
[13.085s] INFO:colcon.colcon_core.shell:Creating package script '/home/kariya/Git/2023_off_team_b_controller/install/swerve_drive_control/share/swerve_drive_control/package.bash'
[13.086s] INFO:colcon.colcon_core.shell:Creating package script '/home/kariya/Git/2023_off_team_b_controller/install/swerve_drive_control/share/swerve_drive_control/package.zsh'
[13.086s] Level 1:colcon.colcon_core.environment:create_file_with_runtime_dependencies(/home/kariya/Git/2023_off_team_b_controller/install/swerve_drive_control/share/colcon-core/packages/swerve_drive_control)
[13.404s] DEBUG:colcon.colcon_parallel_executor.executor.parallel:run_until_complete was interrupted
[13.404s] DEBUG:colcon.colcon_parallel_executor.executor.parallel:run_until_complete again
[13.466s] DEBUG:colcon.colcon_core.event_handler.log_command:Invoked command in '/home/kariya/Git/2023_off_team_b_controller/build/dmotor_ros' returned '-2': CMAKE_PREFIX_PATH=/home/kariya/Git/2023_off_team_b_controller/install/drobo_interfaces:/home/kariya/Git/2023_off_team_b_controller/install/dmotor_ros:/home/kariya/Git/2023_off_team_b_controller/install/controller_2023_b_launch:/home/kariya/Git/2023_off_team_b_controller/install/swerve_drive_control:/opt/ros/humble /usr/bin/cmake --build /home/kariya/Git/2023_off_team_b_controller/build/dmotor_ros -- -j16 -l16
[13.496s] Level 1:colcon.colcon_core.environment:create_environment_scripts_only(dmotor_ros)
[13.506s] Level 1:colcon.colcon_core.environment:checking '/home/kariya/Git/2023_off_team_b_controller/install/dmotor_ros' for CMake module files
[13.506s] Level 1:colcon.colcon_core.environment:checking '/home/kariya/Git/2023_off_team_b_controller/install/dmotor_ros' for CMake config files
[13.506s] Level 1:colcon.colcon_core.environment:checking '/home/kariya/Git/2023_off_team_b_controller/install/dmotor_ros/bin'
[13.506s] Level 1:colcon.colcon_core.environment:checking '/home/kariya/Git/2023_off_team_b_controller/install/dmotor_ros/lib/pkgconfig/dmotor_ros.pc'
[13.506s] Level 1:colcon.colcon_core.environment:checking '/home/kariya/Git/2023_off_team_b_controller/install/dmotor_ros/lib/python3.10/site-packages'
[13.506s] Level 1:colcon.colcon_core.environment:checking '/home/kariya/Git/2023_off_team_b_controller/install/dmotor_ros/bin'
[13.517s] INFO:colcon.colcon_core.shell:Creating package script '/home/kariya/Git/2023_off_team_b_controller/install/dmotor_ros/share/dmotor_ros/package.ps1'
[13.517s] INFO:colcon.colcon_core.shell:Creating package descriptor '/home/kariya/Git/2023_off_team_b_controller/install/dmotor_ros/share/dmotor_ros/package.dsv'
[13.518s] INFO:colcon.colcon_core.shell:Creating package script '/home/kariya/Git/2023_off_team_b_controller/install/dmotor_ros/share/dmotor_ros/package.sh'
[13.518s] INFO:colcon.colcon_core.shell:Creating package script '/home/kariya/Git/2023_off_team_b_controller/install/dmotor_ros/share/dmotor_ros/package.bash'
[13.518s] INFO:colcon.colcon_core.shell:Creating package script '/home/kariya/Git/2023_off_team_b_controller/install/dmotor_ros/share/dmotor_ros/package.zsh'
[13.518s] Level 1:colcon.colcon_core.environment:create_file_with_runtime_dependencies(/home/kariya/Git/2023_off_team_b_controller/install/dmotor_ros/share/colcon-core/packages/dmotor_ros)
[13.529s] DEBUG:colcon.colcon_parallel_executor.executor.parallel:run_until_complete finished
[13.530s] DEBUG:colcon.colcon_parallel_executor.executor.parallel:closing loop
[13.530s] DEBUG:colcon.colcon_parallel_executor.executor.parallel:loop closed
[13.530s] DEBUG:colcon.colcon_core.event_reactor:joining thread
[13.545s] INFO:colcon.colcon_core.plugin_system:Skipping extension 'colcon_notification.desktop_notification.terminal_notifier': Not used on non-Darwin systems
[13.545s] INFO:colcon.colcon_core.plugin_system:Skipping extension 'colcon_notification.desktop_notification.win32': Not used on non-Windows systems
[13.545s] INFO:colcon.colcon_notification.desktop_notification:Sending desktop notification using 'notify2'
[13.554s] DEBUG:colcon.colcon_core.event_reactor:joined thread
[13.566s] INFO:colcon.colcon_core.shell:Creating prefix script '/home/kariya/Git/2023_off_team_b_controller/install/local_setup.ps1'
[13.566s] INFO:colcon.colcon_core.shell:Creating prefix util module '/home/kariya/Git/2023_off_team_b_controller/install/_local_setup_util_ps1.py'
[13.567s] INFO:colcon.colcon_core.shell:Creating prefix chain script '/home/kariya/Git/2023_off_team_b_controller/install/setup.ps1'
[13.578s] INFO:colcon.colcon_core.shell:Creating prefix script '/home/kariya/Git/2023_off_team_b_controller/install/local_setup.sh'
[13.578s] INFO:colcon.colcon_core.shell:Creating prefix util module '/home/kariya/Git/2023_off_team_b_controller/install/_local_setup_util_sh.py'
[13.578s] INFO:colcon.colcon_core.shell:Creating prefix chain script '/home/kariya/Git/2023_off_team_b_controller/install/setup.sh'
[13.589s] INFO:colcon.colcon_core.shell:Creating prefix script '/home/kariya/Git/2023_off_team_b_controller/install/local_setup.bash'
[13.589s] INFO:colcon.colcon_core.shell:Creating prefix chain script '/home/kariya/Git/2023_off_team_b_controller/install/setup.bash'
[13.600s] INFO:colcon.colcon_core.shell:Creating prefix script '/home/kariya/Git/2023_off_team_b_controller/install/local_setup.zsh'
[13.600s] INFO:colcon.colcon_core.shell:Creating prefix chain script '/home/kariya/Git/2023_off_team_b_controller/install/setup.zsh'
