[0.058s] Invoking command in 'src/swerve_drive_control': AMENT_PREFIX_PATH=/home/kariya/Git/2023_off_team_b_controller/install/drobo_interfaces:${AMENT_PREFIX_PATH} CMAKE_PREFIX_PATH=/home/kariya/Git/2023_off_team_b_controller/install/drobo_interfaces LD_LIBRARY_PATH=/home/kariya/Git/2023_off_team_b_controller/install/drobo_interfaces/lib:${LD_LIBRARY_PATH} PYTHONPATH=/home/kariya/Git/2023_off_team_b_controller/install/drobo_interfaces/local/lib/python3.10/dist-packages:${PYTHONPATH} /home/kariya/.cargo/bin/cargo ament-build --install-base /home/kariya/Git/2023_off_team_b_controller/install/swerve_drive_control -- --manifest-path /home/kariya/Git/2023_off_team_b_controller/src/swerve_drive_control/Cargo.toml --target-dir /home/kariya/Git/2023_off_team_b_controller/build/swerve_drive_control --quiet --release
[0.692s] [0m[1m[33mwarning[0m[0m[1m: unused import: `pr_info`[0m
[0.692s] [0m [0m[0m[1m[38;5;12m--> [0m[0msrc/main.rs:2:56[0m
[0.692s] [0m  [0m[0m[1m[38;5;12m|[0m
[0.692s] [0m[1m[38;5;12m2[0m[0m [0m[0m[1m[38;5;12m|[0m[0m [0m[0m    context::Context, error::DynError, logger::Logger, pr_info[0m
[0.692s] [0m  [0m[0m[1m[38;5;12m| [0m[0m                                                       [0m[0m[1m[33m^^^^^^^[0m
[0.693s] [0m  [0m[0m[1m[38;5;12m|[0m
[0.693s] [0m  [0m[0m[1m[38;5;12m= [0m[0m[1mnote[0m[0m: `#[warn(unused_imports)]` on by default[0m
[0.693s] 
[0.693s] [0m[1m[33mwarning[0m[0m[1m: unused import: `num_traits::pow::Pow`[0m
[0.693s] [0m [0m[0m[1m[38;5;12m--> [0m[0msrc/main.rs:6:5[0m
[0.693s] [0m  [0m[0m[1m[38;5;12m|[0m
[0.693s] [0m[1m[38;5;12m6[0m[0m [0m[0m[1m[38;5;12m|[0m[0m [0m[0muse num_traits::pow::Pow;[0m
[0.693s] [0m  [0m[0m[1m[38;5;12m| [0m[0m    [0m[0m[1m[33m^^^^^^^^^^^^^^^^^^^^[0m
[0.693s] 
[0.693s] [0m[1m[33mwarning[0m[0m[1m: unused import: `core::f64::consts::PI`[0m
[0.693s] [0m [0m[0m[1m[38;5;12m--> [0m[0msrc/main.rs:8:5[0m
[0.693s] [0m  [0m[0m[1m[38;5;12m|[0m
[0.693s] [0m[1m[38;5;12m8[0m[0m [0m[0m[1m[38;5;12m|[0m[0m [0m[0muse core::f64::consts::PI;[0m
[0.693s] [0m  [0m[0m[1m[38;5;12m| [0m[0m    [0m[0m[1m[33m^^^^^^^^^^^^^^^^^^^^^[0m
[0.693s] 
[0.706s] [0m[1m[33mwarning[0m[0m[1m: unused variable: `publisher`[0m
[0.706s] [0m  [0m[0m[1m[38;5;12m--> [0m[0msrc/main.rs:26:9[0m
[0.706s] [0m   [0m[0m[1m[38;5;12m|[0m
[0.706s] [0m[1m[38;5;12m26[0m[0m [0m[0m[1m[38;5;12m|[0m[0m [0m[0m    let publisher = node.create_publisher::<drobo_interfaces::msg::MdLibMsg>("md_driver_topic", None)?;[0m
[0.706s] [0m   [0m[0m[1m[38;5;12m| [0m[0m        [0m[0m[1m[33m^^^^^^^^^[0m[0m [0m[0m[1m[33mhelp: if this is intentional, prefix it with an underscore: `_publisher`[0m
[0.706s] [0m   [0m[0m[1m[38;5;12m|[0m
[0.706s] [0m   [0m[0m[1m[38;5;12m= [0m[0m[1mnote[0m[0m: `#[warn(unused_variables)]` on by default[0m
[0.706s] 
[0.706s] [0m[1m[33mwarning[0m[0m[1m: unused variable: `logger`[0m
[0.707s] [0m  [0m[0m[1m[38;5;12m--> [0m[0msrc/main.rs:29:9[0m
[0.707s] [0m   [0m[0m[1m[38;5;12m|[0m
[0.707s] [0m[1m[38;5;12m29[0m[0m [0m[0m[1m[38;5;12m|[0m[0m [0m[0m    let logger = Logger::new("swere_drive_control");[0m
[0.707s] [0m   [0m[0m[1m[38;5;12m| [0m[0m        [0m[0m[1m[33m^^^^^^[0m[0m [0m[0m[1m[33mhelp: if this is intentional, prefix it with an underscore: `_logger`[0m
[0.707s] 
[0.707s] [0m[1m[33mwarning[0m[0m[1m: unused variable: `msg`[0m
[0.707s] [0m  [0m[0m[1m[38;5;12m--> [0m[0msrc/main.rs:31:13[0m
[0.707s] [0m   [0m[0m[1m[38;5;12m|[0m
[0.707s] [0m[1m[38;5;12m31[0m[0m [0m[0m[1m[38;5;12m|[0m[0m [0m[0m    let mut msg = drobo_interfaces::msg::MdLibMsg::new().unwrap();[0m
[0.707s] [0m   [0m[0m[1m[38;5;12m| [0m[0m            [0m[0m[1m[33m^^^[0m[0m [0m[0m[1m[33mhelp: if this is intentional, prefix it with an underscore: `_msg`[0m
[0.707s] 
[0.711s] [0m[1m[33mwarning[0m[0m[1m: variable does not need to be mutable[0m
[0.711s] [0m  [0m[0m[1m[38;5;12m--> [0m[0msrc/main.rs:31:9[0m
[0.711s] [0m   [0m[0m[1m[38;5;12m|[0m
[0.711s] [0m[1m[38;5;12m31[0m[0m [0m[0m[1m[38;5;12m|[0m[0m [0m[0m    let mut msg = drobo_interfaces::msg::MdLibMsg::new().unwrap();[0m
[0.711s] [0m   [0m[0m[1m[38;5;12m| [0m[0m        [0m[0m[1m[38;5;12m----[0m[0m[1m[33m^^^[0m
[0.711s] [0m   [0m[0m[1m[38;5;12m| [0m[0m        [0m[0m[1m[38;5;12m|[0m
[0.711s] [0m   [0m[0m[1m[38;5;12m| [0m[0m        [0m[0m[1m[38;5;12mhelp: remove this `mut`[0m
[0.711s] [0m   [0m[0m[1m[38;5;12m|[0m
[0.711s] [0m   [0m[0m[1m[38;5;12m= [0m[0m[1mnote[0m[0m: `#[warn(unused_mut)]` on by default[0m
[0.711s] 
[0.711s] [0m[1m[33mwarning[0m[0m[1m: unused variable: `speed_abs`[0m
[0.712s] [0m  [0m[0m[1m[38;5;12m--> [0m[0msrc/main.rs:41:9[0m
[0.712s] [0m   [0m[0m[1m[38;5;12m|[0m
[0.712s] [0m[1m[38;5;12m41[0m[0m [0m[0m[1m[38;5;12m|[0m[0m [0m[0m    let speed_abs: f64 = (_xrpm*_xrpm +_yrpm*_yrpm).sqrt();[0m
[0.712s] [0m   [0m[0m[1m[38;5;12m| [0m[0m        [0m[0m[1m[33m^^^^^^^^^[0m[0m [0m[0m[1m[33mhelp: if this is intentional, prefix it with an underscore: `_speed_abs`[0m
[0.712s] 
[0.712s] [0m[1m[33mwarning[0m[0m[1m: unused variable: `rad`[0m
[0.712s] [0m  [0m[0m[1m[38;5;12m--> [0m[0msrc/main.rs:42:9[0m
[0.712s] [0m   [0m[0m[1m[38;5;12m|[0m
[0.712s] [0m[1m[38;5;12m42[0m[0m [0m[0m[1m[38;5;12m|[0m[0m [0m[0m    let rad: f64 = _yrpm.atan2(_xrpm);[0m
[0.712s] [0m   [0m[0m[1m[38;5;12m| [0m[0m        [0m[0m[1m[33m^^^[0m[0m [0m[0m[1m[33mhelp: if this is intentional, prefix it with an underscore: `_rad`[0m
[0.712s] 
[0.715s] [0m[1m[33mwarning[0m[0m[1m: constant `WHEEL_DIA` is never used[0m
[0.715s] [0m  [0m[0m[1m[38;5;12m--> [0m[0msrc/main.rs:10:8[0m
[0.715s] [0m   [0m[0m[1m[38;5;12m|[0m
[0.715s] [0m[1m[38;5;12m10[0m[0m [0m[0m[1m[38;5;12m|[0m[0m [0m[0mconst  WHEEL_DIA: f64 = 0.100;      //ãƒ›ã‚¤ãƒ¼ãƒ«ã®ç›´å¾„ï¼»mï¼½[0m
[0.715s] [0m   [0m[0m[1m[38;5;12m| [0m[0m       [0m[0m[1m[33m^^^^^^^^^[0m
[0.715s] [0m   [0m[0m[1m[38;5;12m|[0m
[0.715s] [0m   [0m[0m[1m[38;5;12m= [0m[0m[1mnote[0m[0m: `#[warn(dead_code)]` on by default[0m
[0.715s] 
[0.715s] [0m[1m[33mwarning[0m[0m[1m: constant `ROBOT_CENTER_TO_WHEEL_DISTANCE` is never used[0m
[0.715s] [0m  [0m[0m[1m[38;5;12m--> [0m[0msrc/main.rs:11:8[0m
[0.715s] [0m   [0m[0m[1m[38;5;12m|[0m
[0.716s] [0m[1m[38;5;12m11[0m[0m [0m[0m[1m[38;5;12m|[0m[0m [0m[0mconst  ROBOT_CENTER_TO_WHEEL_DISTANCE: f64 = 0.37;  //ãƒ­ãƒœãƒƒãƒˆã®ä¸­å¿ƒã‹ã‚‰ãƒ›ã‚¤ãƒ¼ãƒ«ã¾ã§ã®è·é›¢[m][0m
[0.716s] [0m   [0m[0m[1m[38;5;12m| [0m[0m       [0m[0m[1m[33m^^^^^^^^^^^^^^^^^^^^^^^^^^^^^^[0m
[0.716s] 
[0.716s] [0m[1m[33mwarning[0m[0m[1m: struct `Component` is never constructed[0m
[0.716s] [0m  [0m[0m[1m[38;5;12m--> [0m[0msrc/main.rs:13:8[0m
[0.716s] [0m   [0m[0m[1m[38;5;12m|[0m
[0.716s] [0m[1m[38;5;12m13[0m[0m [0m[0m[1m[38;5;12m|[0m[0m [0m[0mstruct Component {[0m
[0.716s] [0m   [0m[0m[1m[38;5;12m| [0m[0m       [0m[0m[1m[33m^^^^^^^^^[0m
[0.716s] 
[0.716s] [0m[1m[33mwarning[0m[0m[1m: function `move_chassis` is never used[0m
[0.716s] [0m  [0m[0m[1m[38;5;12m--> [0m[0msrc/main.rs:40:4[0m
[0.716s] [0m   [0m[0m[1m[38;5;12m|[0m
[0.716s] [0m[1m[38;5;12m40[0m[0m [0m[0m[1m[38;5;12m|[0m[0m [0m[0mfn move_chassis(_xrpm: f64, _yrpm: f64, _yaw: f64) {[0m
[0.716s] [0m   [0m[0m[1m[38;5;12m| [0m[0m   [0m[0m[1m[33m^^^^^^^^^^^^[0m
[0.716s] 
[0.716s] [0m[1m[33mwarning[0m[0m[1m: function `move_wheel` is never used[0m
[0.716s] [0m  [0m[0m[1m[38;5;12m--> [0m[0msrc/main.rs:83:4[0m
[0.716s] [0m   [0m[0m[1m[38;5;12m|[0m
[0.716s] [0m[1m[38;5;12m83[0m[0m [0m[0m[1m[38;5;12m|[0m[0m [0m[0mfn move_wheel(_wheel_direction: f64, _power: i64){[0m
[0.716s] [0m   [0m[0m[1m[38;5;12m| [0m[0m   [0m[0m[1m[33m^^^^^^^^^^[0m
[0.717s] 
[0.717s] [0m[1m[33mwarning[0m[0m[1m: function `send_pwm` is never used[0m
[0.717s] [0m  [0m[0m[1m[38;5;12m--> [0m[0msrc/main.rs:88:4[0m
[0.717s] [0m   [0m[0m[1m[38;5;12m|[0m
[0.717s] [0m[1m[38;5;12m88[0m[0m [0m[0m[1m[38;5;12m|[0m[0m [0m[0mfn send_pwm(_adress: u8, _semi_id: u8, _phase: bool, _power: u16){[0m
[0.717s] [0m   [0m[0m[1m[38;5;12m| [0m[0m   [0m[0m[1m[33m^^^^^^^^[0m
[0.717s] 
[1.123s] Invoked command in 'src/swerve_drive_control' returned '0': AMENT_PREFIX_PATH=/home/kariya/Git/2023_off_team_b_controller/install/drobo_interfaces:${AMENT_PREFIX_PATH} CMAKE_PREFIX_PATH=/home/kariya/Git/2023_off_team_b_controller/install/drobo_interfaces LD_LIBRARY_PATH=/home/kariya/Git/2023_off_team_b_controller/install/drobo_interfaces/lib:${LD_LIBRARY_PATH} PYTHONPATH=/home/kariya/Git/2023_off_team_b_controller/install/drobo_interfaces/local/lib/python3.10/dist-packages:${PYTHONPATH} /home/kariya/.cargo/bin/cargo ament-build --install-base /home/kariya/Git/2023_off_team_b_controller/install/swerve_drive_control -- --manifest-path /home/kariya/Git/2023_off_team_b_controller/src/swerve_drive_control/Cargo.toml --target-dir /home/kariya/Git/2023_off_team_b_controller/build/swerve_drive_control --quiet --release
